#
# A fatal error has been detected by the Java Runtime Environment:
#
#  SIGSEGV (0xb) at pc=0x00007f093a825080, pid=3383, tid=3408
#
# JRE version: OpenJDK Runtime Environment (11.0.21+9) (build 11.0.21+9-post-Ubuntu-0ubuntu122.04)
# Java VM: OpenJDK 64-Bit Server VM (11.0.21+9-post-Ubuntu-0ubuntu122.04, mixed mode, sharing, tiered, compressed oops, g1 gc, linux-amd64)
# Problematic frame:
# C  [libc.so.6+0xc5080]
#
# Core dump will be written. Default location: core.3383 (may not exist)
#
# If you would like to submit a bug report, please visit:
#   https://bugs.launchpad.net/ubuntu/+source/openjdk-lts
#

---------------  S U M M A R Y ------------

Command Line: --add-opens=java.base/java.util=ALL-UNNAMED --add-opens=java.base/java.lang=ALL-UNNAMED --add-opens=java.base/java.lang.invoke=ALL-UNNAMED --add-opens=java.prefs/java.util.prefs=ALL-UNNAMED -XX:MaxMetaspaceSize=256m -XX:+HeapDumpOnOutOfMemoryError -Xmx512m -Dfile.encoding=UTF-8 -Duser.country -Duser.language=en -Duser.variant org.gradle.launcher.daemon.bootstrap.GradleDaemon 5.1.1

Host: Intel(R) Core(TM) i3-2350M CPU @ 2.30GHz, 4 cores, 3G, Ubuntu 22.04.3 LTS
Time: Thu Jan 25 22:53:01 2024 +05 elapsed time: 11.081124 seconds (0d 0h 0m 11s)

---------------  T H R E A D  ---------------

Current thread (0x00007f08c400a000):  JavaThread "Daemon worker" [_thread_in_vm, id=3408, stack(0x00007f08df600000,0x00007f08df700000)]

Stack: [0x00007f08df600000,0x00007f08df700000],  sp=0x00007f08df6f2b58,  free space=970k
Native frames: (J=compiled Java code, A=aot compiled Java code, j=interpreted, Vv=VM code, C=native code)
C  [libc.so.6+0xc5080]
V  [libjvm.so+0xb4f138]
V  [libjvm.so+0x5f5128]
V  [libjvm.so+0x539e50]
v  ~RuntimeStub::new_type_array Runtime1 stub
J 878 c1 java.util.zip.ZipFile$Source.initCEN(ILjava/util/zip/ZipCoder;)V java.base@11.0.21 (745 bytes) @ 0x00007f091ceeb65c [0x00007f091cee8620+0x000000000000303c]
J 991 c1 java.util.zip.ZipFile$Source.<init>(Ljava/util/zip/ZipFile$Source$Key;ZLjava/util/zip/ZipCoder;)V java.base@11.0.21 (158 bytes) @ 0x00007f091cf3d974 [0x00007f091cf3cb60+0x0000000000000e14]
j  java.util.zip.ZipFile$Source.get(Ljava/io/File;ZLjava/util/zip/ZipCoder;)Ljava/util/zip/ZipFile$Source;+99 java.base@11.0.21
J 910 c1 java.util.zip.ZipFile$CleanableResource.<init>(Ljava/util/zip/ZipFile;Ljava/io/File;I)V java.base@11.0.21 (65 bytes) @ 0x00007f091cf00104 [0x00007f091ceff940+0x00000000000007c4]
J 973 c1 java.util.zip.ZipFile$CleanableResource.get(Ljava/util/zip/ZipFile;Ljava/io/File;I)Ljava/util/zip/ZipFile$CleanableResource; java.base@11.0.21 (70 bytes) @ 0x00007f091cf292cc [0x00007f091cf28ec0+0x000000000000040c]
J 901 c1 java.util.zip.ZipFile.<init>(Ljava/io/File;ILjava/nio/charset/Charset;)V java.base@11.0.21 (144 bytes) @ 0x00007f091cefc994 [0x00007f091cefbd00+0x0000000000000c94]
J 968 c1 java.util.jar.JarFile.<init>(Ljava/io/File;ZILjava/lang/Runtime$Version;)V java.base@11.0.21 (95 bytes) @ 0x00007f091cf231ec [0x00007f091cf23100+0x00000000000000ec]
j  jdk.internal.loader.URLClassPath$JarLoader.getJarFile(Ljava/net/URL;)Ljava/util/jar/JarFile;+56 java.base@11.0.21
j  jdk.internal.loader.URLClassPath$JarLoader$1.run()Ljava/lang/Void;+55 java.base@11.0.21
j  jdk.internal.loader.URLClassPath$JarLoader$1.run()Ljava/lang/Object;+1 java.base@11.0.21
v  ~StubRoutines::call_stub
V  [libjvm.so+0x8776e3]
V  [libjvm.so+0x93489a]  JVM_DoPrivileged+0x56a
J 459  java.security.AccessController.doPrivileged(Ljava/security/PrivilegedExceptionAction;Ljava/security/AccessControlContext;)Ljava/lang/Object; java.base@11.0.21 (0 bytes) @ 0x00007f09242b68a8 [0x00007f09242b67c0+0x00000000000000e8]
J 1051 c2 jdk.internal.loader.URLClassPath$JarLoader.ensureOpen()V java.base@11.0.21 (36 bytes) @ 0x00007f09242ef9f8 [0x00007f09242ef940+0x00000000000000b8]
J 2080 c1 jdk.internal.loader.URLClassPath$JarLoader.<init>(Ljava/net/URL;Ljava/net/URLStreamHandler;Ljava/util/HashMap;Ljava/security/AccessControlContext;)V java.base@11.0.21 (67 bytes) @ 0x00007f091d17a69c [0x00007f091d179ce0+0x00000000000009bc]
J 3723 c1 jdk.internal.loader.URLClassPath$3.run()Ljdk/internal/loader/URLClassPath$Loader; java.base@11.0.21 (172 bytes) @ 0x00007f091d430af4 [0x00007f091d42fdc0+0x0000000000000d34]
J 3722 c1 jdk.internal.loader.URLClassPath$3.run()Ljava/lang/Object; java.base@11.0.21 (5 bytes) @ 0x00007f091d42f8e4 [0x00007f091d42f840+0x00000000000000a4]
v  ~StubRoutines::call_stub
V  [libjvm.so+0x8776e3]
V  [libjvm.so+0x93489a]  JVM_DoPrivileged+0x56a
J 459  java.security.AccessController.doPrivileged(Ljava/security/PrivilegedExceptionAction;Ljava/security/AccessControlContext;)Ljava/lang/Object; java.base@11.0.21 (0 bytes) @ 0x00007f09242b68a8 [0x00007f09242b67c0+0x00000000000000e8]
J 2433 c2 jdk.internal.loader.URLClassPath.getLoader(I)Ljdk/internal/loader/URLClassPath$Loader; java.base@11.0.21 (194 bytes) @ 0x00007f09243813e0 [0x00007f0924380f80+0x0000000000000460]
J 2632 c2 java.net.URLClassLoader$1.run()Ljava/lang/Object; java.base@11.0.21 (5 bytes) @ 0x00007f09243a4964 [0x00007f09243a4260+0x0000000000000704]
v  ~StubRoutines::call_stub
V  [libjvm.so+0x8776e3]
V  [libjvm.so+0x93489a]  JVM_DoPrivileged+0x56a
J 459  java.security.AccessController.doPrivileged(Ljava/security/PrivilegedExceptionAction;Ljava/security/AccessControlContext;)Ljava/lang/Object; java.base@11.0.21 (0 bytes) @ 0x00007f09242b68a8 [0x00007f09242b67c0+0x00000000000000e8]
J 554 c1 java.net.URLClassLoader.findClass(Ljava/lang/String;)Ljava/lang/Class; java.base@11.0.21 (47 bytes) @ 0x00007f091ce40564 [0x00007f091ce403a0+0x00000000000001c4]
J 2275 c1 java.lang.ClassLoader.loadClass(Ljava/lang/String;Z)Ljava/lang/Class; java.base@11.0.21 (122 bytes) @ 0x00007f091d1e74ac [0x00007f091d1e6b60+0x000000000000094c]J 3206 c2 java.lang.ClassLoader.loadClass(Ljava/lang/String;)Ljava/lang/Class; java.base@11.0.21 (7 bytes) @ 0x00007f09243ed170 [0x00007f09243ed120+0x0000000000000050]
v  ~StubRoutines::call_stub
V  [libjvm.so+0x8776e3]
V  [libjvm.so+0x875ece]
V  [libjvm.so+0xe095f9]
V  [libjvm.so+0xe0843a]
V  [libjvm.so+0xe0ab8b]
V  [libjvm.so+0x93308b]  JVM_FindClassFromCaller+0x1db
C  [libjava.so+0xfd6c]  Java_java_lang_Class_forName0+0xcc
J 1659  java.lang.Class.forName0(Ljava/lang/String;ZLjava/lang/ClassLoader;Ljava/lang/Class;)Ljava/lang/Class; java.base@11.0.21 (0 bytes) @ 0x00007f092432d147 [0x00007f092432d040+0x0000000000000107]
J 1774 c1 java.lang.Class.forName(Ljava/lang/String;ZLjava/lang/ClassLoader;)Ljava/lang/Class; java.base@11.0.21 (47 bytes) @ 0x00007f091d0db22c [0x00007f091d0daf00+0x000000000000032c]
j  com.sun.beans.finder.ClassFinder.findClass(Ljava/lang/String;)Ljava/lang/Class;+26 java.desktop@11.0.21
j  com.sun.beans.finder.ClassFinder.findClass(Ljava/lang/String;Ljava/lang/ClassLoader;)Ljava/lang/Class;+21 java.desktop@11.0.21
j  com.sun.beans.finder.InstanceFinder.instantiate(Ljava/lang/Class;Ljava/lang/String;)Ljava/lang/Object;+13 java.desktop@11.0.21
j  com.sun.beans.finder.InstanceFinder.find(Ljava/lang/Class;)Ljava/lang/Object;+23 java.desktop@11.0.21
j  com.sun.beans.finder.BeanInfoFinder.find(Ljava/lang/Class;)Ljava/lang/Object;+2 java.desktop@11.0.21
j  java.beans.Introspector.findExplicitBeanInfo(Ljava/lang/Class;)Ljava/beans/BeanInfo;+7 java.desktop@11.0.21
j  java.beans.Introspector.<init>(Ljava/lang/Class;Ljava/lang/Class;I)V+105 java.desktop@11.0.21
j  java.beans.Introspector.getBeanInfo(Ljava/lang/Class;)Ljava/beans/BeanInfo;+42 java.desktop@11.0.21
j  groovy.lang.MetaClassImpl$15.run()Ljava/lang/Object;+7
v  ~StubRoutines::call_stub
V  [libjvm.so+0x8776e3]
V  [libjvm.so+0x93489a]  JVM_DoPrivileged+0x56a
j  java.security.AccessController.doPrivileged(Ljava/security/PrivilegedExceptionAction;)Ljava/lang/Object;+0 java.base@11.0.21
j  groovy.lang.MetaClassImpl.addProperties()V+36
j  groovy.lang.MetaClassImpl.initialize()V+12
j  org.codehaus.groovy.reflection.ClassInfo.getMetaClassUnderLock()Lgroovy/lang/MetaClass;+54
j  org.codehaus.groovy.reflection.ClassInfo.getMetaClass()Lgroovy/lang/MetaClass;+16
j  org.codehaus.groovy.runtime.metaclass.MetaClassRegistryImpl.getMetaClass(Ljava/lang/Class;)Lgroovy/lang/MetaClass;+4
j  org.gradle.internal.metaobject.BeanDynamicObject.getMetaClass()Lgroovy/lang/MetaClass;+33
j  org.gradle.internal.metaobject.BeanDynamicObject.access$400(Lorg/gradle/internal/metaobject/BeanDynamicObject;)Lgroovy/lang/MetaClass;+1
j  org.gradle.internal.metaobject.BeanDynamicObject$MetaClassAdapter.setProperty(Ljava/lang/String;Ljava/lang/Object;)Lorg/gradle/internal/metaobject/DynamicInvokeResult;+18
j  org.gradle.internal.metaobject.BeanDynamicObject.trySetProperty(Ljava/lang/String;Ljava/lang/Object;)Lorg/gradle/internal/metaobject/DynamicInvokeResult;+6
j  org.gradle.util.ConfigureUtil.configureByMap(Ljava/util/Map;Ljava/lang/Object;)Ljava/lang/Object;+74
j  org.gradle.api.internal.project.AbstractPluginAware.apply(Ljava/util/Map;)V+7
j  org.gradle.api.internal.project.ProjectScript.apply(Ljava/util/Map;)V+5
j  org.gradle.api.Script$apply$0.callCurrent(Lgroovy/lang/GroovyObject;[Ljava/lang/Object;)Ljava/lang/Object;+19
j  org.codehaus.groovy.runtime.callsite.CallSiteArray.defaultCallCurrent(Lorg/codehaus/groovy/runtime/callsite/CallSite;Lgroovy/lang/GroovyObject;[Ljava/lang/Object;)Ljava/lang/Object;+17
j  org.codehaus.groovy.runtime.callsite.AbstractCallSite.callCurrent(Lgroovy/lang/GroovyObject;[Ljava/lang/Object;)Ljava/lang/Object;+3
j  org.codehaus.groovy.runtime.callsite.AbstractCallSite.callCurrent(Lgroovy/lang/GroovyObject;Ljava/lang/Object;)Ljava/lang/Object;+33
j  build_327lm3hy9pkgqpu0qxvgfesvk.run()Ljava/lang/Object;+52
j  org.gradle.groovy.scripts.internal.DefaultScriptRunnerFactory$ScriptRunnerImpl.run(Ljava/lang/Object;Lorg/gradle/internal/service/ServiceRegistry;)V+57
j  org.gradle.configuration.DefaultScriptPluginFactory$ScriptPluginImpl$2.run()V+12
j  org.gradle.configuration.ProjectScriptTarget.addConfiguration(Ljava/lang/Runnable;Z)V+18
j  org.gradle.configuration.DefaultScriptPluginFactory$ScriptPluginImpl.apply(Ljava/lang/Object;)V+607
j  org.gradle.configuration.BuildOperationScriptPlugin$1$1.run(Lorg/gradle/internal/operations/BuildOperationContext;)V+17
j  org.gradle.internal.operations.DefaultBuildOperationExecutor$RunnableBuildOperationWorker.execute(Lorg/gradle/internal/operations/RunnableBuildOperation;Lorg/gradle/internal/operations/BuildOperationContext;)V+2
j  org.gradle.internal.operations.DefaultBuildOperationExecutor$RunnableBuildOperationWorker.execute(Lorg/gradle/internal/operations/BuildOperation;Lorg/gradle/internal/operations/BuildOperationContext;)V+6
j  org.gradle.internal.operations.DefaultBuildOperationExecutor.execute(Lorg/gradle/internal/operations/BuildOperation;Lorg/gradle/internal/operations/BuildOperationWorker;Lorg/gradle/internal/operations/DefaultBuildOperationExecutor$BuildOperationState;)V+148
j  org.gradle.internal.operations.DefaultBuildOperationExecutor.run(Lorg/gradle/internal/operations/RunnableBuildOperation;)V+10
j  org.gradle.internal.operations.DelegatingBuildOperationExecutor.run(Lorg/gradle/internal/operations/RunnableBuildOperation;)V+5
j  org.gradle.configuration.BuildOperationScriptPlugin$1.execute(Lorg/gradle/configuration/internal/UserCodeApplicationId;)V+16
j  org.gradle.configuration.BuildOperationScriptPlugin$1.execute(Ljava/lang/Object;)V+5
j  org.gradle.configuration.internal.DefaultUserCodeApplicationContext.apply(Lorg/gradle/api/Action;)V+19
j  org.gradle.configuration.BuildOperationScriptPlugin.apply(Ljava/lang/Object;)V+54
j  org.gradle.configuration.project.BuildScriptProcessor$1.run()V+8
j  org.gradle.internal.Factories$1.create()Ljava/lang/Object;+4
j  org.gradle.api.internal.project.DefaultProjectStateRegistry$ProjectStateImpl.withMutableState(Lorg/gradle/internal/Factory;)Ljava/lang/Object;+59
j  org.gradle.api.internal.project.DefaultProjectStateRegistry$ProjectStateImpl.withMutableState(Ljava/lang/Runnable;)V+5
j  org.gradle.configuration.project.BuildScriptProcessor.execute(Lorg/gradle/api/internal/project/ProjectInternal;)V+88
j  org.gradle.configuration.project.BuildScriptProcessor.execute(Ljava/lang/Object;)V+5
j  org.gradle.configuration.project.ConfigureActionsProjectEvaluator.evaluate(Lorg/gradle/api/internal/project/ProjectInternal;Lorg/gradle/api/internal/project/ProjectStateInternal;)V+33
j  org.gradle.configuration.project.LifecycleProjectEvaluator$EvaluateProject$1.run()V+94
j  org.gradle.internal.Factories$1.create()Ljava/lang/Object;+4
j  org.gradle.internal.work.DefaultWorkerLeaseService.withLocks(Ljava/lang/Iterable;Lorg/gradle/internal/Factory;)Ljava/lang/Object;+26
...<more frames>...

Java frames: (J=compiled Java code, j=interpreted, Vv=VM code)
v  ~RuntimeStub::new_type_array Runtime1 stub
J 878 c1 java.util.zip.ZipFile$Source.initCEN(ILjava/util/zip/ZipCoder;)V java.base@11.0.21 (745 bytes) @ 0x00007f091ceeb65c [0x00007f091cee8620+0x000000000000303c]
J 991 c1 java.util.zip.ZipFile$Source.<init>(Ljava/util/zip/ZipFile$Source$Key;ZLjava/util/zip/ZipCoder;)V java.base@11.0.21 (158 bytes) @ 0x00007f091cf3d974 [0x00007f091cf3cb60+0x0000000000000e14]
j  java.util.zip.ZipFile$Source.get(Ljava/io/File;ZLjava/util/zip/ZipCoder;)Ljava/util/zip/ZipFile$Source;+99 java.base@11.0.21
J 910 c1 java.util.zip.ZipFile$CleanableResource.<init>(Ljava/util/zip/ZipFile;Ljava/io/File;I)V java.base@11.0.21 (65 bytes) @ 0x00007f091cf00104 [0x00007f091ceff940+0x00000000000007c4]
J 973 c1 java.util.zip.ZipFile$CleanableResource.get(Ljava/util/zip/ZipFile;Ljava/io/File;I)Ljava/util/zip/ZipFile$CleanableResource; java.base@11.0.21 (70 bytes) @ 0x00007f091cf292cc [0x00007f091cf28ec0+0x000000000000040c]
J 901 c1 java.util.zip.ZipFile.<init>(Ljava/io/File;ILjava/nio/charset/Charset;)V java.base@11.0.21 (144 bytes) @ 0x00007f091cefc994 [0x00007f091cefbd00+0x0000000000000c94]
J 968 c1 java.util.jar.JarFile.<init>(Ljava/io/File;ZILjava/lang/Runtime$Version;)V java.base@11.0.21 (95 bytes) @ 0x00007f091cf231ec [0x00007f091cf23100+0x00000000000000ec]
j  jdk.internal.loader.URLClassPath$JarLoader.getJarFile(Ljava/net/URL;)Ljava/util/jar/JarFile;+56 java.base@11.0.21
j  jdk.internal.loader.URLClassPath$JarLoader$1.run()Ljava/lang/Void;+55 java.base@11.0.21
j  jdk.internal.loader.URLClassPath$JarLoader$1.run()Ljava/lang/Object;+1 java.base@11.0.21
v  ~StubRoutines::call_stub
J 459  java.security.AccessController.doPrivileged(Ljava/security/PrivilegedExceptionAction;Ljava/security/AccessControlContext;)Ljava/lang/Object; java.base@11.0.21 (0 bytes) @ 0x00007f09242b6833 [0x00007f09242b67c0+0x0000000000000073]
J 1051 c2 jdk.internal.loader.URLClassPath$JarLoader.ensureOpen()V java.base@11.0.21 (36 bytes) @ 0x00007f09242ef9f8 [0x00007f09242ef940+0x00000000000000b8]
J 2080 c1 jdk.internal.loader.URLClassPath$JarLoader.<init>(Ljava/net/URL;Ljava/net/URLStreamHandler;Ljava/util/HashMap;Ljava/security/AccessControlContext;)V java.base@11.0.21 (67 bytes) @ 0x00007f091d17a69c [0x00007f091d179ce0+0x00000000000009bc]
J 3723 c1 jdk.internal.loader.URLClassPath$3.run()Ljdk/internal/loader/URLClassPath$Loader; java.base@11.0.21 (172 bytes) @ 0x00007f091d430af4 [0x00007f091d42fdc0+0x0000000000000d34]
J 3722 c1 jdk.internal.loader.URLClassPath$3.run()Ljava/lang/Object; java.base@11.0.21 (5 bytes) @ 0x00007f091d42f8e4 [0x00007f091d42f840+0x00000000000000a4]
v  ~StubRoutines::call_stub
J 459  java.security.AccessController.doPrivileged(Ljava/security/PrivilegedExceptionAction;Ljava/security/AccessControlContext;)Ljava/lang/Object; java.base@11.0.21 (0 bytes) @ 0x00007f09242b6833 [0x00007f09242b67c0+0x0000000000000073]
J 2433 c2 jdk.internal.loader.URLClassPath.getLoader(I)Ljdk/internal/loader/URLClassPath$Loader; java.base@11.0.21 (194 bytes) @ 0x00007f09243813e0 [0x00007f0924380f80+0x0000000000000460]
J 2632 c2 java.net.URLClassLoader$1.run()Ljava/lang/Object; java.base@11.0.21 (5 bytes) @ 0x00007f09243a4964 [0x00007f09243a4260+0x0000000000000704]
v  ~StubRoutines::call_stub
J 459  java.security.AccessController.doPrivileged(Ljava/security/PrivilegedExceptionAction;Ljava/security/AccessControlContext;)Ljava/lang/Object; java.base@11.0.21 (0 bytes) @ 0x00007f09242b6833 [0x00007f09242b67c0+0x0000000000000073]
J 554 c1 java.net.URLClassLoader.findClass(Ljava/lang/String;)Ljava/lang/Class; java.base@11.0.21 (47 bytes) @ 0x00007f091ce40564 [0x00007f091ce403a0+0x00000000000001c4]
J 2275 c1 java.lang.ClassLoader.loadClass(Ljava/lang/String;Z)Ljava/lang/Class; java.base@11.0.21 (122 bytes) @ 0x00007f091d1e74ac [0x00007f091d1e6b60+0x000000000000094c]
J 3206 c2 java.lang.ClassLoader.loadClass(Ljava/lang/String;)Ljava/lang/Class; java.base@11.0.21 (7 bytes) @ 0x00007f09243ed170 [0x00007f09243ed120+0x0000000000000050]
v  ~StubRoutines::call_stub
J 1659  java.lang.Class.forName0(Ljava/lang/String;ZLjava/lang/ClassLoader;Ljava/lang/Class;)Ljava/lang/Class; java.base@11.0.21 (0 bytes) @ 0x00007f092432d0ca [0x00007f092432d040+0x000000000000008a]
J 1774 c1 java.lang.Class.forName(Ljava/lang/String;ZLjava/lang/ClassLoader;)Ljava/lang/Class; java.base@11.0.21 (47 bytes) @ 0x00007f091d0db22c [0x00007f091d0daf00+0x000000000000032c]
j  com.sun.beans.finder.ClassFinder.findClass(Ljava/lang/String;)Ljava/lang/Class;+26 java.desktop@11.0.21
j  com.sun.beans.finder.ClassFinder.findClass(Ljava/lang/String;Ljava/lang/ClassLoader;)Ljava/lang/Class;+21 java.desktop@11.0.21
j  com.sun.beans.finder.InstanceFinder.instantiate(Ljava/lang/Class;Ljava/lang/String;)Ljava/lang/Object;+13 java.desktop@11.0.21
j  com.sun.beans.finder.InstanceFinder.find(Ljava/lang/Class;)Ljava/lang/Object;+23 java.desktop@11.0.21
j  com.sun.beans.finder.BeanInfoFinder.find(Ljava/lang/Class;)Ljava/lang/Object;+2 java.desktop@11.0.21
j  java.beans.Introspector.findExplicitBeanInfo(Ljava/lang/Class;)Ljava/beans/BeanInfo;+7 java.desktop@11.0.21
j  java.beans.Introspector.<init>(Ljava/lang/Class;Ljava/lang/Class;I)V+105 java.desktop@11.0.21
j  java.beans.Introspector.getBeanInfo(Ljava/lang/Class;)Ljava/beans/BeanInfo;+42 java.desktop@11.0.21
j  groovy.lang.MetaClassImpl$15.run()Ljava/lang/Object;+7
v  ~StubRoutines::call_stub
j  java.security.AccessController.doPrivileged(Ljava/security/PrivilegedExceptionAction;)Ljava/lang/Object;+0 java.base@11.0.21
j  groovy.lang.MetaClassImpl.addProperties()V+36
j  groovy.lang.MetaClassImpl.initialize()V+12
j  org.codehaus.groovy.reflection.ClassInfo.getMetaClassUnderLock()Lgroovy/lang/MetaClass;+54
j  org.codehaus.groovy.reflection.ClassInfo.getMetaClass()Lgroovy/lang/MetaClass;+16
j  org.codehaus.groovy.runtime.metaclass.MetaClassRegistryImpl.getMetaClass(Ljava/lang/Class;)Lgroovy/lang/MetaClass;+4
j  org.gradle.internal.metaobject.BeanDynamicObject.getMetaClass()Lgroovy/lang/MetaClass;+33
j  org.gradle.internal.metaobject.BeanDynamicObject.access$400(Lorg/gradle/internal/metaobject/BeanDynamicObject;)Lgroovy/lang/MetaClass;+1
j  org.gradle.internal.metaobject.BeanDynamicObject$MetaClassAdapter.setProperty(Ljava/lang/String;Ljava/lang/Object;)Lorg/gradle/internal/metaobject/DynamicInvokeResult;+18
j  org.gradle.internal.metaobject.BeanDynamicObject.trySetProperty(Ljava/lang/String;Ljava/lang/Object;)Lorg/gradle/internal/metaobject/DynamicInvokeResult;+6
j  org.gradle.util.ConfigureUtil.configureByMap(Ljava/util/Map;Ljava/lang/Object;)Ljava/lang/Object;+74
j  org.gradle.api.internal.project.AbstractPluginAware.apply(Ljava/util/Map;)V+7
j  org.gradle.api.internal.project.ProjectScript.apply(Ljava/util/Map;)V+5
j  org.gradle.api.Script$apply$0.callCurrent(Lgroovy/lang/GroovyObject;[Ljava/lang/Object;)Ljava/lang/Object;+19
j  org.codehaus.groovy.runtime.callsite.CallSiteArray.defaultCallCurrent(Lorg/codehaus/groovy/runtime/callsite/CallSite;Lgroovy/lang/GroovyObject;[Ljava/lang/Object;)Ljava/lang/Object;+17
j  org.codehaus.groovy.runtime.callsite.AbstractCallSite.callCurrent(Lgroovy/lang/GroovyObject;[Ljava/lang/Object;)Ljava/lang/Object;+3
j  org.codehaus.groovy.runtime.callsite.AbstractCallSite.callCurrent(Lgroovy/lang/GroovyObject;Ljava/lang/Object;)Ljava/lang/Object;+33
j  build_327lm3hy9pkgqpu0qxvgfesvk.run()Ljava/lang/Object;+52
j  org.gradle.groovy.scripts.internal.DefaultScriptRunnerFactory$ScriptRunnerImpl.run(Ljava/lang/Object;Lorg/gradle/internal/service/ServiceRegistry;)V+57
j  org.gradle.configuration.DefaultScriptPluginFactory$ScriptPluginImpl$2.run()V+12
j  org.gradle.configuration.ProjectScriptTarget.addConfiguration(Ljava/lang/Runnable;Z)V+18
j  org.gradle.configuration.DefaultScriptPluginFactory$ScriptPluginImpl.apply(Ljava/lang/Object;)V+607
j  org.gradle.configuration.BuildOperationScriptPlugin$1$1.run(Lorg/gradle/internal/operations/BuildOperationContext;)V+17
j  org.gradle.internal.operations.DefaultBuildOperationExecutor$RunnableBuildOperationWorker.execute(Lorg/gradle/internal/operations/RunnableBuildOperation;Lorg/gradle/internal/operations/BuildOperationContext;)V+2
j  org.gradle.internal.operations.DefaultBuildOperationExecutor$RunnableBuildOperationWorker.execute(Lorg/gradle/internal/operations/BuildOperation;Lorg/gradle/internal/operations/BuildOperationContext;)V+6
j  org.gradle.internal.operations.DefaultBuildOperationExecutor.execute(Lorg/gradle/internal/operations/BuildOperation;Lorg/gradle/internal/operations/BuildOperationWorker;Lorg/gradle/internal/operations/DefaultBuildOperationExecutor$BuildOperationState;)V+148
j  org.gradle.internal.operations.DefaultBuildOperationExecutor.run(Lorg/gradle/internal/operations/RunnableBuildOperation;)V+10
j  org.gradle.internal.operations.DelegatingBuildOperationExecutor.run(Lorg/gradle/internal/operations/RunnableBuildOperation;)V+5
j  org.gradle.configuration.BuildOperationScriptPlugin$1.execute(Lorg/gradle/configuration/internal/UserCodeApplicationId;)V+16
j  org.gradle.configuration.BuildOperationScriptPlugin$1.execute(Ljava/lang/Object;)V+5
j  org.gradle.configuration.internal.DefaultUserCodeApplicationContext.apply(Lorg/gradle/api/Action;)V+19
j  org.gradle.configuration.BuildOperationScriptPlugin.apply(Ljava/lang/Object;)V+54
j  org.gradle.configuration.project.BuildScriptProcessor$1.run()V+8
j  org.gradle.internal.Factories$1.create()Ljava/lang/Object;+4
j  org.gradle.api.internal.project.DefaultProjectStateRegistry$ProjectStateImpl.withMutableState(Lorg/gradle/internal/Factory;)Ljava/lang/Object;+59
j  org.gradle.api.internal.project.DefaultProjectStateRegistry$ProjectStateImpl.withMutableState(Ljava/lang/Runnable;)V+5
j  org.gradle.configuration.project.BuildScriptProcessor.execute(Lorg/gradle/api/internal/project/ProjectInternal;)V+88
j  org.gradle.configuration.project.BuildScriptProcessor.execute(Ljava/lang/Object;)V+5
j  org.gradle.configuration.project.ConfigureActionsProjectEvaluator.evaluate(Lorg/gradle/api/internal/project/ProjectInternal;Lorg/gradle/api/internal/project/ProjectStateInternal;)V+33
j  org.gradle.configuration.project.LifecycleProjectEvaluator$EvaluateProject$1.run()V+94
j  org.gradle.internal.Factories$1.create()Ljava/lang/Object;+4
j  org.gradle.internal.work.DefaultWorkerLeaseService.withLocks(Ljava/lang/Iterable;Lorg/gradle/internal/Factory;)Ljava/lang/Object;+26
j  org.gradle.internal.work.StopShieldingWorkerLeaseService.withLocks(Ljava/lang/Iterable;Lorg/gradle/internal/Factory;)Ljava/lang/Object;+6
j  org.gradle.api.internal.project.DefaultProjectStateRegistry$ProjectStateImpl.withProjectLock(Lorg/gradle/internal/resources/ResourceLock;Lorg/gradle/internal/Factory;)Ljava/lang/Object;+12
j  org.gradle.api.internal.project.DefaultProjectStateRegistry$ProjectStateImpl.withMutableState(Lorg/gradle/internal/Factory;)Ljava/lang/Object;+134
j  org.gradle.api.internal.project.DefaultProjectStateRegistry$ProjectStateImpl.withMutableState(Ljava/lang/Runnable;)V+5
j  org.gradle.configuration.project.LifecycleProjectEvaluator$EvaluateProject.run(Lorg/gradle/internal/operations/BuildOperationContext;)V+18
j  org.gradle.internal.operations.DefaultBuildOperationExecutor$RunnableBuildOperationWorker.execute(Lorg/gradle/internal/operations/RunnableBuildOperation;Lorg/gradle/internal/operations/BuildOperationContext;)V+2
j  org.gradle.internal.operations.DefaultBuildOperationExecutor$RunnableBuildOperationWorker.execute(Lorg/gradle/internal/operations/BuildOperation;Lorg/gradle/internal/operations/BuildOperationContext;)V+6
j  org.gradle.internal.operations.DefaultBuildOperationExecutor.execute(Lorg/gradle/internal/operations/BuildOperation;Lorg/gradle/internal/operations/BuildOperationWorker;Lorg/gradle/internal/operations/DefaultBuildOperationExecutor$BuildOperationState;)V+148
j  org.gradle.internal.operations.DefaultBuildOperationExecutor.run(Lorg/gradle/internal/operations/RunnableBuildOperation;)V+10j  org.gradle.internal.operations.DelegatingBuildOperationExecutor.run(Lorg/gradle/internal/operations/RunnableBuildOperation;)V+5j  org.gradle.configuration.project.LifecycleProjectEvaluator.evaluate(Lorg/gradle/api/internal/project/ProjectInternal;Lorg/gradle/api/internal/project/ProjectStateInternal;)V+22j  org.gradle.api.internal.project.DefaultProject.evaluate()Lorg/gradle/api/internal/project/DefaultProject;+9j  org.gradle.api.internal.project.DefaultProject.evaluate()Lorg/gradle/api/Project;+1j  org.gradle.execution.TaskPathProjectEvaluator.configure(Lorg/gradle/api/internal/project/ProjectInternal;)V+21j  org.gradle.execution.TaskPathProjectEvaluator.configureHierarchy(Lorg/gradle/api/internal/project/ProjectInternal;)V+2j  org.gradle.configuration.DefaultBuildConfigurer.configure(Lorg/gradle/api/internal/GradleInternal;)V+63j  org.gradle.initialization.DefaultGradleLauncher$ConfigureBuild.run(Lorg/gradle/internal/operations/BuildOperationContext;)V+40j  org.gradle.internal.operations.DefaultBuildOperationExecutor$RunnableBuildOperationWorker.execute(Lorg/gradle/internal/operations/RunnableBuildOperation;Lorg/gradle/internal/operations/BuildOperationContext;)V+2j  org.gradle.internal.operations.DefaultBuildOperationExecutor$RunnableBuildOperationWorker.execute(Lorg/gradle/internal/operations/BuildOperation;Lorg/gradle/internal/operations/BuildOperationContext;)V+6j  org.gradle.internal.operations.DefaultBuildOperationExecutor.execute(Lorg/gradle/internal/operations/BuildOperation;Lorg/gradle/internal/operations/BuildOperationWorker;Lorg/gradle/internal/operations/DefaultBuildOperationExecutor$BuildOperationState;)V+148j  org.gradle.internal.operations.DefaultBuildOperationExecutor.run(Lorg/gradle/internal/operations/RunnableBuildOperation;)V+10j  org.gradle.internal.operations.DelegatingBuildOperationExecutor.run(Lorg/gradle/internal/operations/RunnableBuildOperation;)V+5j  org.gradle.initialization.DefaultGradleLauncher.configureBuild()V+23j  org.gradle.initialization.DefaultGradleLauncher.doBuildStages(Lorg/gradle/initialization/DefaultGradleLauncher$Stage;)V+13j  org.gradle.initialization.DefaultGradleLauncher.executeTasks()Lorg/gradle/api/internal/GradleInternal;+4j  org.gradle.internal.invocation.GradleBuildController$1.execute(Lorg/gradle/initialization/GradleLauncher;)V+1j  org.gradle.internal.invocation.GradleBuildController$1.execute(Ljava/lang/Object;)V+5j  org.gradle.internal.invocation.GradleBuildController$3.create()Lorg/gradle/api/internal/GradleInternal;+31j  org.gradle.internal.invocation.GradleBuildController$3.create()Ljava/lang/Object;+1j  org.gradle.internal.work.DefaultWorkerLeaseService.withLocks(Ljava/lang/Iterable;Lorg/gradle/internal/Factory;)Ljava/lang/Object;+26j  org.gradle.internal.work.StopShieldingWorkerLeaseService.withLocks(Ljava/lang/Iterable;Lorg/gradle/internal/Factory;)Ljava/lang/Object;+6j  org.gradle.internal.invocation.GradleBuildController.doBuild(Lorg/gradle/api/internal/GradleInternal$BuildType;Lorg/gradle/api/Action;)Lorg/gradle/api/internal/GradleInternal;+26j  org.gradle.internal.invocation.GradleBuildController.run()Lorg/gradle/api/internal/GradleInternal;+12j  org.gradle.tooling.internal.provider.runner.BuildModelActionRunner.run(Lorg/gradle/internal/invocation/BuildAction;Lorg/gradle/internal/invocation/BuildController;)Lorg/gradle/internal/invocation/BuildActionRunner$Result;+78j  org.gradle.launcher.exec.ChainingBuildActionRunner.run(Lorg/gradle/internal/invocation/BuildAction;Lorg/gradle/internal/invocation/BuildController;)Lorg/gradle/internal/invocation/BuildActionRunner$Result;+34j  org.gradle.launcher.exec.ChainingBuildActionRunner.run(Lorg/gradle/internal/invocation/BuildAction;Lorg/gradle/internal/invocation/BuildController;)Lorg/gradle/internal/invocation/BuildActionRunner$Result;+34j  org.gradle.launcher.exec.BuildOutcomeReportingBuildActionRunner.run(Lorg/gradle/internal/invocation/BuildAction;Lorg/gradle/internal/invocation/BuildController;)Lorg/gradle/internal/invocation/BuildActionRunner$Result;+143j  org.gradle.tooling.internal.provider.ValidatingBuildActionRunner.run(Lorg/gradle/internal/invocation/BuildAction;Lorg/gradle/internal/invocation/BuildController;)Lorg/gradle/internal/invocation/BuildActionRunner$Result;+6j  org.gradle.launcher.exec.BuildCompletionNotifyingBuildActionRunner.run(Lorg/gradle/internal/invocation/BuildAction;Lorg/gradle/internal/invocation/BuildController;)Lorg/gradle/internal/invocation/BuildActionRunner$Result;+28j  org.gradle.launcher.exec.RunAsBuildOperationBuildActionRunner$3.call(Lorg/gradle/internal/operations/BuildOperationContext;)Lorg/gradle/internal/invocation/BuildActionRunner$Result;+68j  org.gradle.launcher.exec.RunAsBuildOperationBuildActionRunner$3.call(Lorg/gradle/internal/operations/BuildOperationContext;)Ljava/lang/Object;+2j  org.gradle.internal.operations.DefaultBuildOperationExecutor$CallableBuildOperationWorker.execute(Lorg/gradle/internal/operations/CallableBuildOperation;Lorg/gradle/internal/operations/BuildOperationContext;)V+3j  org.gradle.internal.operations.DefaultBuildOperationExecutor$CallableBuildOperationWorker.execute(Lorg/gradle/internal/operations/BuildOperation;Lorg/gradle/internal/operations/BuildOperationContext;)V+6j  org.gradle.internal.operations.DefaultBuildOperationExecutor.execute(Lorg/gradle/internal/operations/BuildOperation;Lorg/gradle/internal/operations/BuildOperationWorker;Lorg/gradle/internal/operations/DefaultBuildOperationExecutor$BuildOperationState;)V+148
j  org.gradle.internal.operations.DefaultBuildOperationExecutor.call(Lorg/gradle/internal/operations/CallableBuildOperation;)Ljava/lang/Object;+16
j  org.gradle.internal.operations.DelegatingBuildOperationExecutor.call(Lorg/gradle/internal/operations/CallableBuildOperation;)Ljava/lang/Object;+5j  org.gradle.launcher.exec.RunAsBuildOperationBuildActionRunner.run(Lorg/gradle/internal/invocation/BuildAction;Lorg/gradle/internal/invocation/BuildController;)Lorg/gradle/internal/invocation/BuildActionRunner$Result;+33j  org.gradle.launcher.exec.InProcessBuildActionExecuter$1.transform(Lorg/gradle/internal/invocation/BuildController;)Lorg/gradle/launcher/exec/BuildActionResult;+12j  org.gradle.launcher.exec.InProcessBuildActionExecuter$1.transform(Ljava/lang/Object;)Ljava/lang/Object;+5j  org.gradle.composite.internal.DefaultRootBuildState.run(Lorg/gradle/api/Transformer;)Ljava/lang/Object;+35j  org.gradle.launcher.exec.InProcessBuildActionExecuter.execute(Lorg/gradle/internal/invocation/BuildAction;Lorg/gradle/initialization/BuildRequestContext;Lorg/gradle/launcher/exec/BuildActionParameters;Lorg/gradle/internal/service/ServiceRegistry;)Lorg/gradle/launcher/exec/BuildActionResult;+82j  org.gradle.launcher.exec.InProcessBuildActionExecuter.execute(Lorg/gradle/internal/invocation/BuildAction;Lorg/gradle/initialization/BuildRequestContext;Ljava/lang/Object;Lorg/gradle/internal/service/ServiceRegistry;)Lorg/gradle/launcher/exec/BuildActionResult;+9j  org.gradle.launcher.exec.BuildTreeScopeBuildActionExecuter.execute(Lorg/gradle/internal/invocation/BuildAction;Lorg/gradle/initialization/BuildRequestContext;Lorg/gradle/launcher/exec/BuildActionParameters;Lorg/gradle/internal/service/ServiceRegistry;)Lorg/gradle/launcher/exec/BuildActionResult;+38j  org.gradle.launcher.exec.BuildTreeScopeBuildActionExecuter.execute(Lorg/gradle/internal/invocation/BuildAction;Lorg/gradle/initialization/BuildRequestContext;Ljava/lang/Object;Lorg/gradle/internal/service/ServiceRegistry;)Lorg/gradle/launcher/exec/BuildActionResult;+9j  org.gradle.tooling.internal.provider.ContinuousBuildActionExecuter.execute(Lorg/gradle/internal/invocation/BuildAction;Lorg/gradle/initialization/BuildRequestContext;Lorg/gradle/launcher/exec/BuildActionParameters;Lorg/gradle/internal/service/ServiceRegistry;)Lorg/gradle/launcher/exec/BuildActionResult;+58j  org.gradle.tooling.internal.provider.ContinuousBuildActionExecuter.execute(Lorg/gradle/internal/invocation/BuildAction;Lorg/gradle/initialization/BuildRequestContext;Ljava/lang/Object;Lorg/gradle/internal/service/ServiceRegistry;)Lorg/gradle/launcher/exec/BuildActionResult;+9j  org.gradle.tooling.internal.provider.SubscribableBuildActionExecuter.execute(Lorg/gradle/internal/invocation/BuildAction;Lorg/gradle/initialization/BuildRequestContext;Lorg/gradle/launcher/exec/BuildActionParameters;Lorg/gradle/internal/service/ServiceRegistry;)Lorg/gradle/launcher/exec/BuildActionResult;+45j  org.gradle.tooling.internal.provider.SubscribableBuildActionExecuter.execute(Lorg/gradle/internal/invocation/BuildAction;Lorg/gradle/initialization/BuildRequestContext;Ljava/lang/Object;Lorg/gradle/internal/service/ServiceRegistry;)Lorg/gradle/launcher/exec/BuildActionResult;+9j  org.gradle.tooling.internal.provider.SessionScopeBuildActionExecuter.execute(Lorg/gradle/internal/invocation/BuildAction;Lorg/gradle/initialization/BuildRequestContext;Lorg/gradle/launcher/exec/BuildActionParameters;Lorg/gradle/internal/service/ServiceRegistry;)Lorg/gradle/launcher/exec/BuildActionResult;+117j  org.gradle.tooling.internal.provider.SessionScopeBuildActionExecuter.execute(Lorg/gradle/internal/invocation/BuildAction;Lorg/gradle/initialization/BuildRequestContext;Ljava/lang/Object;Lorg/gradle/internal/service/ServiceRegistry;)Lorg/gradle/launcher/exec/BuildActionResult;+9j  org.gradle.tooling.internal.provider.GradleThreadBuildActionExecuter.execute(Lorg/gradle/internal/invocation/BuildAction;Lorg/gradle/initialization/BuildRequestContext;Lorg/gradle/launcher/exec/BuildActionParameters;Lorg/gradle/internal/service/ServiceRegistry;)Lorg/gradle/launcher/exec/BuildActionResult;+12j  org.gradle.tooling.internal.provider.GradleThreadBuildActionExecuter.execute(Lorg/gradle/internal/invocation/BuildAction;Lorg/gradle/initialization/BuildRequestContext;Ljava/lang/Object;Lorg/gradle/internal/service/ServiceRegistry;)Lorg/gradle/launcher/exec/BuildActionResult;+9j  org.gradle.tooling.internal.provider.ParallelismConfigurationBuildActionExecuter.execute(Lorg/gradle/internal/invocation/BuildAction;Lorg/gradle/initialization/BuildRequestContext;Lorg/gradle/launcher/exec/BuildActionParameters;Lorg/gradle/internal/service/ServiceRegistry;)Lorg/gradle/launcher/exec/BuildActionResult;+43j  org.gradle.tooling.internal.provider.ParallelismConfigurationBuildActionExecuter.execute(Lorg/gradle/internal/invocation/BuildAction;Lorg/gradle/initialization/BuildRequestContext;Ljava/lang/Object;Lorg/gradle/internal/service/ServiceRegistry;)Lorg/gradle/launcher/exec/BuildActionResult;+9j  org.gradle.tooling.internal.provider.StartParamsValidatingActionExecuter.execute(Lorg/gradle/internal/invocation/BuildAction;Lorg/gradle/initialization/BuildRequestContext;Lorg/gradle/launcher/exec/BuildActionParameters;Lorg/gradle/internal/service/ServiceRegistry;)Lorg/gradle/launcher/exec/BuildActionResult;+177j  org.gradle.tooling.internal.provider.StartParamsValidatingActionExecuter.execute(Lorg/gradle/internal/invocation/BuildAction;Lorg/gradle/initialization/BuildRequestContext;Ljava/lang/Object;Lorg/gradle/internal/service/ServiceRegistry;)Lorg/gradle/launcher/exec/BuildActionResult;+9j  org.gradle.tooling.internal.provider.SessionFailureReportingActionExecuter.execute(Lorg/gradle/internal/invocation/BuildAction;Lorg/gradle/initialization/BuildRequestContext;Lorg/gradle/launcher/exec/BuildActionParameters;Lorg/gradle/internal/service/ServiceRegistry;)Lorg/gradle/launcher/exec/BuildActionResult;+9j  org.gradle.tooling.internal.provider.SessionFailureReportingActionExecuter.execute(Lorg/gradle/internal/invocation/BuildAction;Lorg/gradle/initialization/BuildRequestContext;Ljava/lang/Object;Lorg/gradle/internal/service/ServiceRegistry;)Lorg/gradle/launcher/exec/BuildActionResult;+9j  org.gradle.tooling.internal.provider.SetupLoggingActionExecuter.execute(Lorg/gradle/internal/invocation/BuildAction;Lorg/gradle/initialization/BuildRequestContext;Lorg/gradle/launcher/exec/BuildActionParameters;Lorg/gradle/internal/service/ServiceRegistry;)Lorg/gradle/launcher/exec/BuildActionResult;+52j  org.gradle.tooling.internal.provider.SetupLoggingActionExecuter.execute(Lorg/gradle/internal/invocation/BuildAction;Lorg/gradle/initialization/BuildRequestContext;Ljava/lang/Object;Lorg/gradle/internal/service/ServiceRegistry;)Lorg/gradle/launcher/exec/BuildActionResult;+9j  org.gradle.launcher.daemon.server.exec.ExecuteBuild.doBuild(Lorg/gradle/launcher/daemon/server/api/DaemonCommandExecution;Lorg/gradle/launcher/daemon/protocol/Build;)V+118j  org.gradle.launcher.daemon.server.exec.BuildCommandOnly.execute(Lorg/gradle/launcher/daemon/server/api/DaemonCommandExecution;)V+49j  org.gradle.launcher.daemon.server.api.DaemonCommandExecution.proceed()Z+28j  org.gradle.launcher.daemon.server.exec.WatchForDisconnection.execute(Lorg/gradle/launcher/daemon/server/api/DaemonCommandExecution;)V+19j  org.gradle.launcher.daemon.server.api.DaemonCommandExecution.proceed()Z+28j  org.gradle.launcher.daemon.server.exec.ResetDeprecationLogger.execute(Lorg/gradle/launcher/daemon/server/api/DaemonCommandExecution;)V+4j  org.gradle.launcher.daemon.server.api.DaemonCommandExecution.proceed()Z+28j  org.gradle.launcher.daemon.server.exec.RequestStopIfSingleUsedDaemon.execute(Lorg/gradle/launcher/daemon/server/api/DaemonCommandExecution;)V+33j  org.gradle.launcher.daemon.server.api.DaemonCommandExecution.proceed()Z+28j  org.gradle.launcher.daemon.server.exec.ForwardClientInput$2.call()Ljava/lang/Void;+4j  org.gradle.launcher.daemon.server.exec.ForwardClientInput$2.call()Ljava/lang/Object;+1j  org.gradle.util.Swapper.swap(Ljava/lang/Object;Ljava/util/concurrent/Callable;)Ljava/lang/Object;+21j  org.gradle.launcher.daemon.server.exec.ForwardClientInput.execute(Lorg/gradle/launcher/daemon/server/api/DaemonCommandExecution;)V+63j  org.gradle.launcher.daemon.server.api.DaemonCommandExecution.proceed()Z+28j  org.gradle.launcher.daemon.server.exec.LogAndCheckHealth.execute(Lorg/gradle/launcher/daemon/server/api/DaemonCommandExecution;)V+28j  org.gradle.launcher.daemon.server.api.DaemonCommandExecution.proceed()Z+28j  org.gradle.launcher.daemon.server.exec.LogToClient.doBuild(Lorg/gradle/launcher/daemon/server/api/DaemonCommandExecution;Lorg/gradle/launcher/daemon/protocol/Build;)V+87j  org.gradle.launcher.daemon.server.exec.BuildCommandOnly.execute(Lorg/gradle/launcher/daemon/server/api/DaemonCommandExecution;)V+49j  org.gradle.launcher.daemon.server.api.DaemonCommandExecution.proceed()Z+28j  org.gradle.launcher.daemon.server.exec.EstablishBuildEnvironment.doBuild(Lorg/gradle/launcher/daemon/server/api/DaemonCommandExecution;Lorg/gradle/launcher/daemon/protocol/Build;)V+355j  org.gradle.launcher.daemon.server.exec.BuildCommandOnly.execute(Lorg/gradle/launcher/daemon/server/api/DaemonCommandExecution;)V+49j  org.gradle.launcher.daemon.server.api.DaemonCommandExecution.proceed()Z+28j  org.gradle.launcher.daemon.server.exec.StartBuildOrRespondWithBusy$1.run()V+44j  org.gradle.launcher.daemon.server.DaemonStateCoordinator$1.run()V+4j  org.gradle.internal.concurrent.ExecutorPolicy$CatchAndRecordFailures.onExecute(Ljava/lang/Runnable;)V+1j  org.gradle.internal.concurrent.ManagedExecutorImpl$1.run()V+25j  java.util.concurrent.ThreadPoolExecutor.runWorker(Ljava/util/concurrent/ThreadPoolExecutor$Worker;)V+92 java.base@11.0.21j  java.util.concurrent.ThreadPoolExecutor$Worker.run()V+5 java.base@11.0.21j  org.gradle.internal.concurrent.ThreadFactoryImpl$ManagedThreadRunnable.run()V+7j  java.lang.Thread.run()V+11 java.base@11.0.21v  ~StubRoutines::call_stub si_signo: 11 (SIGSEGV), si_code: 2 (SEGV_ACCERR), si_addr: 0x00000000e1532000Register to memory mapping:
0x00000000e1500010 points into unknown readable memory: 0x0000000000000000 | 00 00 00 00 00 00 00 000x00007f08df6f2c10 is pointing into the stack for thread: 0x00007f08c400a000
0x00007f08c400a000 is a thread
0x00000000e1532000 points into unknown readable memory: 0x0000000000000000 | 00 00 00 00 00 00 00 00
RSP=0x00007f08df6f2b58 is pointing into the stack for thread: 0x00007f08c400a000
RBP=0x00007f08df6f2b80 is pointing into the stack for thread: 0x00007f08c400a000
RSI=0x0 is NULL
RDI=0x00000000e1583bf8 points into unknown readable memory: 0x0000000000000000 | 00 00 00 00 00 00 00 000x00000000e1500000 points into unknown readable memory: 0x0000000000000000 | 00 00 00 00 00 00 00 00
R9 =0x00000000e1583c38 points into unknown readable memory: 0x0000000000000001 | 01 00 00 00 00 00 00 000x0000000000083c26 is an unknown value
0x00007f09387aad1f points into unknown readable memory: 420x00000000e1500000 points into unknown readable memory: 0x0000000000000000 | 00 00 00 00 00 00 00 000x00007f093a70caac: <offset 0x000000000128daac> in /usr/lib/jvm/java-11-openjdk-amd64/lib/server/libjvm.so at 0x00007f093947f0000x0000000000000001 is an unknown value
0x00007f08c400a000 is a thread
Registers:
RAX=0x00000000e1500010, RBX=0x00007f08df6f2c10, RCX=0x00007f08c400a000, RDX=0x00000000e1532000RSP=0x00007f08df6f2b58, RBP=0x00007f08df6f2b80, RSI=0x0000000000000000, RDI=0x00000000e1583bf8R8 =0x00000000e1500000, R9 =0x00000000e1583c38, R10=0x0000000000083c26, R11=0x00007f09387aad1fR12=0x00000000e1500000, R13=0x00007f093a70caac, R14=0x0000000000000001, R15=0x00007f08c400a000RIP=0x00007f093a825080, EFLAGS=0x0000000000010293, CSGSFS=0x00000053002b0033, ERR=0x0000000000000000  TRAPNO=0x0000000000000000Top of Stack: (sp=0x00007f08df6f2b58)
0x00007f08df6f2b58:   00007f0939fcd8350000000000083c260x00007f08df6f2b68:   00007f08df6f2c1000007f08df6f2ba00x00007f08df6f2b78:   00000000e050f7a000007f08df6f2c000x00007f08df6f2b88:   00007f0939fce138736553247463656cInstructions: (pc=0x00007f093a825080)
0x00007f093a824f80:   00004883fa200f87bd0000000f1144170x00007f093a824f90:   f0 0f 11 07 c3 66 66 2e 0f 1f 84 00 00 00 00 00
0x00007f093a824fa0:   f3 0f 1e fa 48 39 d1 0f 82 43 01 07 00 0f 1f 00
0x00007f093a824fb0:   f3 0f 1e fa 48 85 d2 75 04 48 89 f8 c3 48 89 d1
0x00007f093a824fc0:   40 0f b6 c6 48 89 fa f3 aa 48 89 d0 c3 0f 1f 00
0x00007f093a824fd0:   f3 0f 1e fa 48 39 d1 0f 82 13 01 07 00 66 66 2e
0x00007f093a824fe0:   0f 1f 84 00 00 00 00 00 66 66 2e 0f 1f 84 00 00
0x00007f093a824ff0:   00 00 00 66 66 2e 0f 1f 84 00 00 00 00 00 66 90
0x00007f093a825000:   f3 0f 1e fa 66 0f 6e c6 48 89 f8 66 0f 60 c0 66
0x00007f093a825010:   0f 61 c0 66 0f 70 c0 00 48 83 fa 10 0f 82 9e 00
0x00007f093a825020:   00 00 48 83 fa 20 77 18 0f 11 00 0f 11 44 10 f0
0x00007f093a825030:   c3 0f 11 47 e0 0f 11 47 f0 c3 66 0f 1f 44 00 00
0x00007f093a825040:   48 3b 15 a9 43 15 00 77 67 0f 11 00 0f 11 40 10
0x00007f093a825050:   48 01 d7 48 83 fa 40 76 d8 0f 11 40 20 0f 11 40
0x00007f093a825060:   30 48 83 c7 c0 48 81 fa 80 00 00 00 76 2a 48 8d
0x00007f093a825070:   50 40 48 83 e2 e0 66 2e 0f 1f 84 00 00 00 00 00
0x00007f093a825080:   0f 29 02 0f 29 42 10 0f 29 42 20 0f 29 42 30 48
0x00007f093a825090:   83 ea c0 48 39 fa 72 e8 0f 11 07 0f 11 47 10 0f
0x00007f093a8250a0:   11 47 20 0f 11 47 30 c3 0f 1f 84 00 00 00 00 00
0x00007f093a8250b0:   40 0f b6 c6 48 89 d1 48 89 fa f3 aa 48 89 d0 c3
0x00007f093a8250c0:   66 48 0f 7e c7 83 fa 08 73 16 83 fa 04 73 1a 83
0x00007f093a8250d0:   fa 01 77 1c 72 d1 40 88 30 c3 66 0f 1f 44 00 00
0x00007f093a8250e0:   48 89 38 48 89 7c 10 f8 c3 89 38 89 7c 10 fc c3
0x00007f093a8250f0:   66 89 38 40 88 7c 10 ff c3 0f 1f 80 00 00 00 00
0x00007f093a825100:   f3 0f 1e fa 48 39 f7 74 37 48 8b 4a 70 31 d2 eb
0x00007f093a825110:   10 0f 1f 80 00 00 00 00 48 83 c2 01 45 84 c9 74
0x00007f093a825120:   21 0f b6 04 17 44 0f b6 04 16 49 89 c1 8b 04 81
0x00007f093a825130:   42 2b 04 81 74 e2 c3 66 0f 1f 84 00 00 00 00 00
0x00007f093a825140:   31 c0 c3 66 2e 0f 1f 84 00 00 00 00 00 0f 1f 00
0x00007f093a825150:   f3 0f 1e fa 49 89 fa 48 39 f7 74 3c 48 85 d2 74
0x00007f093a825160:   37 48 8b 79 70 31 c9 eb 15 0f 1f 80 00 00 00 00
0x00007f093a825170:   45 84 c9 74 25 48 83 c1 01 48 39 ca 74 1c 41 0f 


Stack slot to memory mapping:
stack at sp + 0 slots: 0x00007f0939fcd835: <offset 0x0000000000b4e835> in /usr/lib/jvm/java-11-openjdk-amd64/lib/server/libjvm.so at 0x00007f093947f000
stack at sp + 1 slots: 0x0000000000083c26 is an unknown value
stack at sp + 2 slots: 0x00007f08df6f2c10 is pointing into the stack for thread: 0x00007f08c400a000
stack at sp + 3 slots: 0x00007f08df6f2ba0 is pointing into the stack for thread: 0x00007f08c400a000
stack at sp + 4 slots: 0x00000000e050f7a0 points into unknown readable memory: 0x0000000000000009 | 09 00 00 00 00 00 00 00
stack at sp + 5 slots: 0x00007f08df6f2c00 is pointing into the stack for thread: 0x00007f08c400a000
stack at sp + 6 slots: 0x00007f0939fce138: <offset 0x0000000000b4f138> in /usr/lib/jvm/java-11-openjdk-amd64/lib/server/libjvm.so at 0x00007f093947f000
stack at sp + 7 slots: 0x736553247463656c is an unknown value
---------------  P R O C E S S  ---------------
Threads class SMR info:
_java_thread_list=0x00007f08c0cf3c00, length=29, elements={
0x00007f09340168000x00007f09340c38000x00007f09340c58000x00007f09340cd800,
0x00007f09340cf8000x00007f09340d20000x00007f09340d40000x00007f09340d6000,
0x00007f093411c0000x00007f09350ac0000x00007f09350e18000x00007f08cc019000,
0x00007f08c4003800, 0x00007f08c4008000, 0x00007f08c400a000, 0x00007f08c000a800,
0x00007f08c0011000, 0x00007f08c0019800, 0x00007f08c00db000, 0x00007f08c00e5000,
0x00007f08c00e7800, 0x00007f08c0211800, 0x00007f08c0b1e8000x00007f08c0b31800,
0x00007f08c0b4e8000x00007f08c0d110000x00007f08c0d130000x00007f08c0d15000,
0x00007f08c0d16800}
Java Threads: ( => current thread )
0x00007f0934016800JavaThread "main", id=3386, stack(0x00007f0939040000,0x00007f0939140000)]
  0x00007f09340c3800 JavaThread "Reference Handler" daemon [_thread_blocked, id=3393, stack(0x00007f091c1a0000,0x00007f091c2a0000)]
  0x00007f09340c5800 JavaThread "Finalizer" daemon [_thread_blocked, id=3394, stack(0x00007f091c0a0000,0x00007f091c1a0000)]
  0x00007f09340cd800 JavaThread "Signal Dispatcher", id=3395, stack(0x00007f0914700000,0x00007f0914800000)0x00007f09340cf800JavaThread "Service Thread", id=3396, stack(0x00007f0914600000,0x00007f0914700000)0x00007f09340d2000JavaThread "C2 CompilerThread0", id=3397, stack(0x00007f0914500000,0x00007f0914600000)0x00007f09340d4000JavaThread "C1 CompilerThread0", id=3398, stack(0x00007f0914400000,0x00007f0914500000)0x00007f09340d6000JavaThread "Sweeper thread", id=3399, stack(0x00007f0914300000,0x00007f0914400000)0x00007f093411c000JavaThread "Common-Cleaner", id=3400, stack(0x00007f0914200000,0x00007f0914300000)0x00007f09350ac000JavaThread "Incoming local TCP Connector on port 54429", id=3403, stack(0x00007f08dfb00000,0x00007f08dfc00000)0x00007f09350e1800JavaThread "Daemon periodic checks", id=3404, stack(0x00007f08dfa00000,0x00007f08dfb00000)0x00007f08cc019000JavaThread "Daemon", id=3405, stack(0x00007f08df900000,0x00007f08dfa00000)0x00007f08c4003800JavaThread "Handler for socket connection from /127.0.0.1:54429 to /127.0.0.1:54431", id=3406, stack(0x00007f08df800000,0x00007f08df900000)0x00007f08c4008000JavaThread "Cancel handler", id=3407, stack(0x00007f08df700000,0x00007f08df800000)0x00007f08c400a000JavaThread "Daemon worker", id=3408, stack(0x00007f08df600000,0x00007f08df700000)0x00007f08c000a800JavaThread "Asynchronous log dispatcher for DefaultDaemonConnection: socket connection from /127.0.0.1:54429 to /127.0.0.1:54431", id=3411, stack(0x00007f08df500000,0x00007f08df600000)0x00007f08c0011000JavaThread "Stdin handler", id=3412, stack(0x00007f08df400000,0x00007f08df500000)0x00007f08c0019800JavaThread "Thread-7", id=3413, stack(0x00007f08df300000,0x00007f08df400000)0x00007f08c00db000JavaThread "Cache worker for file hash cache (/home/anastasia/.gradle/caches/5.1.1/fileHashes)", id=3414, stack(0x00007f08df000000,0x00007f08df100000)0x00007f08c00e5000JavaThread "File lock request listener", id=3415, stack(0x00007f08def00000,0x00007f08df000000)0x00007f08c00e7800JavaThread "Cache worker for journal cache (/home/anastasia/.gradle/caches/journal-1)", id=3416, stack(0x00007f08dee00000,0x00007f08def00000)0x00007f08c0211800JavaThread "Cache worker for file hash cache (/mnt/d/myApp/.gradle/5.1.1/fileHashes)", id=3419, stack(0x00007f08de8e0000,0x00007f08de9e0000)0x00007f08c0b1e800JavaThread "Cache worker for cache directory md-supplier (/home/anastasia/.gradle/caches/5.1.1/md-supplier)", id=3420, stack(0x00007f08ddbe0000,0x00007f08ddce0000)0x00007f08c0b31800JavaThread "Cache worker for cache directory md-rule (/home/anastasia/.gradle/caches/5.1.1/md-rule)", id=3421, stack(0x00007f08ddae0000,0x00007f08ddbe0000)0x00007f08c0b4e800JavaThread "Cache worker for execution history cache (/home/anastasia/.gradle/caches/5.1.1/executionHistory)", id=3422, stack(0x00007f08dd9e0000,0x00007f08ddae0000)0x00007f08c0d11000JavaThread "Build operations", id=3423, stack(0x00007f08dd4e0000,0x00007f08dd5e0000)0x00007f08c0d13000JavaThread "Build operations Thread 2", id=3424, stack(0x00007f08dd3e0000,0x00007f08dd4e0000)0x00007f08c0d15000JavaThread "Build operations Thread 3", id=3425, stack(0x00007f08dd2e0000,0x00007f08dd3e0000)0x00007f08c0d16800JavaThread "Build operations Thread 4", id=3426, stack(0x00007f08dd1e0000,0x00007f08dd2e0000)Other Threads:
0x00007f09340c0800 "VM Thread" [stack: 0x00007f091c2a1000,0x00007f091c3a1000] [id=3392]0x00007f093411f800 [stack: 0x00007f09140f1000,0x00007f09141f1000] [id=3401]0x00007f093402e800 "GC Thread#0" [stack: 0x00007f0938ce1000,0x00007f0938de1000] [id=3387]0x00007f0904001000 "GC Thread#1" [stack: 0x00007f08dfef1000,0x00007f08dfff1000] [id=3402]0x00007f0904004800 "GC Thread#2" [stack: 0x00007f08decf1000,0x00007f08dedf1000] [id=3417]0x00007f0904006000 "GC Thread#3" [stack: 0x00007f08debe1000,0x00007f08dece1000] [id=3418]0x00007f093403f800 "G1 Main Marker" [stack: 0x00007f0938471000,0x00007f0938571000] [id=3388]0x00007f0934041000 "G1 Conc#0" [stack: 0x00007f0938361000,0x00007f0938461000] [id=3389]0x00007f0934085800 "G1 Refine#0" [stack: 0x00007f091c5b1000,0x00007f091c6b1000] [id=3390]0x00007f0934087000 "G1 Young RemSet Sampling" [stack: 0x00007f091c4a1000,0x00007f091c5a1000] [id=3391]Threads with active compile tasks:
C2 CompilerThread0  11142 3715       4  org.codehaus.groovy.runtime.metaclass.MetaMethodIndex::addMethodToList (298 bytes)None
Heap address: 0x00000000e0000000, size: 512 MB, Compressed Oops mode: 32-bitNarrow klass base: 0x0000000800000000, Narrow klass shift: 3
Compressed class space size: 260046848 Address: 0x0000000840000000Heap:
 garbage-first heap   total 67584K, used 43642K [0x00000000e0000000, 0x0000000100000000)  region size 1024K, 23 young (23552K), 4 survivors (4096K) Metaspace       used 31666K, capacity 32368K, committed 32508K, reserved 282624K
  class space    used 4289K, capacity 4534K, committed 4608K, reserved 253952K
Heap Regions: E=young(eden), S=young(survivor), O=old, HS=humongous(starts), HC=humongous(continues), CS=collection set, F=free, A=archive, TAMS=top-at-mark-start (previous, next)
|   0|0x00000000e0000000, 0x00000000e0100000, 0x00000000e0100000|100%|HS|  |TAMS 0x00000000e0100000, 0x00000000e0000000| Complete 
|   1|0x00000000e0100000, 0x00000000e0200000, 0x00000000e0200000|100%|HS|  |TAMS 0x00000000e0200000, 0x00000000e0100000| Complete 
|   2|0x00000000e0200000, 0x00000000e0300000, 0x00000000e0300000|100%|HC|  |TAMS 0x00000000e0300000, 0x00000000e0200000| Complete 
|   3|0x00000000e0300000, 0x00000000e0400000, 0x00000000e0400000|100%| O|  |TAMS 0x00000000e0400000, 0x00000000e0300000| Untracked 
|   4|0x00000000e0400000, 0x00000000e0500000, 0x00000000e0500000|100%| O|  |TAMS 0x00000000e0500000, 0x00000000e0400000| Untracked 
|   5|0x00000000e0500000, 0x00000000e0600000, 0x00000000e0600000|100%| O|  |TAMS 0x00000000e0600000, 0x00000000e0500000| Untracked 
|   6|0x00000000e0600000, 0x00000000e0700000, 0x00000000e0700000|100%| O|  |TAMS 0x00000000e0700000, 0x00000000e0600000| Untracked 
|   7|0x00000000e0700000, 0x00000000e0800000, 0x00000000e0800000|100%| O|  |TAMS 0x00000000e0800000, 0x00000000e0700000| Untracked 
|   8|0x00000000e0800000, 0x00000000e0900000, 0x00000000e0900000|100%| O|  |TAMS 0x00000000e0900000, 0x00000000e0800000| Untracked 
|   9|0x00000000e0900000, 0x00000000e0a00000, 0x00000000e0a00000|100%| O|  |TAMS 0x00000000e0a00000, 0x00000000e0900000| Untracked 
|  10|0x00000000e0a00000, 0x00000000e0b00000, 0x00000000e0b00000|100%| O|  |TAMS 0x00000000e0b00000, 0x00000000e0a00000| Untracked 
|  11|0x00000000e0b00000, 0x00000000e0c00000, 0x00000000e0c00000|100%| O|  |TAMS 0x00000000e0c00000, 0x00000000e0b00000| Untracked 
|  12|0x00000000e0c00000, 0x00000000e0d00000, 0x00000000e0d00000|100%| O|  |TAMS 0x00000000e0d00000, 0x00000000e0c00000| Untracked 
|  13|0x00000000e0d00000, 0x00000000e0e00000, 0x00000000e0e00000|100%| O|  |TAMS 0x00000000e0e00000, 0x00000000e0d00000| Untracked 
|  14|0x00000000e0e00000, 0x00000000e0f00000, 0x00000000e0f00000|100%| O|  |TAMS 0x00000000e0f00000, 0x00000000e0e00000| Untracked 
|  15|0x00000000e0f00000, 0x00000000e1000000, 0x00000000e1000000|100%| O|  |TAMS 0x00000000e0f00000, 0x00000000e0f00000| Untracked 
|  16|0x00000000e1000000, 0x00000000e1100000, 0x00000000e1100000|100%| O|  |TAMS 0x00000000e1000000, 0x00000000e1000000| Untracked 
|  17|0x00000000e1100000, 0x00000000e1200000, 0x00000000e1200000|100%| O|  |TAMS 0x00000000e1100000, 0x00000000e1100000| Untracked 
|  18|0x00000000e1200000, 0x00000000e1300000, 0x00000000e1300000|100%| O|  |TAMS 0x00000000e1200000, 0x00000000e1200000| Untracked 
|  19|0x00000000e1300000, 0x00000000e1400000, 0x00000000e1400000|100%| O|  |TAMS 0x00000000e1300000, 0x00000000e1300000| Untracked 
|  20|0x00000000e1400000, 0x00000000e1432200, 0x00000000e1500000| 19%| O|  |TAMS 0x00000000e1400000, 0x00000000e1400000| Untracked 
|  21|0x00000000e1500000, 0x00000000e1600000, 0x00000000e1600000|100%|HS|  |TAMS 0x00000000e1500000, 0x00000000e1500000| Complete 
|  22|0x00000000e1600000, 0x00000000e1600000, 0x00000000e1700000|  0%| F|  |TAMS 0x00000000e1600000, 0x00000000e1600000| Untracked 
|  23|0x00000000e1700000, 0x00000000e1700000, 0x00000000e1800000|  0%| F|  |TAMS 0x00000000e1700000, 0x00000000e1700000| Untracked 
|  24|0x00000000e1800000, 0x00000000e1800000, 0x00000000e1900000|  0%| F|  |TAMS 0x00000000e1800000, 0x00000000e1800000| Untracked 
|  25|0x00000000e1900000, 0x00000000e1900000, 0x00000000e1a00000|  0%| F|  |TAMS 0x00000000e1900000, 0x00000000e1900000| Untracked 
|  26|0x00000000e1a00000, 0x00000000e1a00000, 0x00000000e1b00000|  0%| F|  |TAMS 0x00000000e1a00000, 0x00000000e1a00000| Untracked 
|  27|0x00000000e1b00000, 0x00000000e1b00000, 0x00000000e1c00000|  0%| F|  |TAMS 0x00000000e1b00000, 0x00000000e1b00000| Untracked 
|  28|0x00000000e1c00000, 0x00000000e1c00000, 0x00000000e1d00000|  0%| F|  |TAMS 0x00000000e1c00000, 0x00000000e1c00000| Untracked 
|  29|0x00000000e1d00000, 0x00000000e1d00000, 0x00000000e1e00000|  0%| F|  |TAMS 0x00000000e1d00000, 0x00000000e1d00000| Untracked 
|  30|0x00000000e1e00000, 0x00000000e1e00000, 0x00000000e1f00000|  0%| F|  |TAMS 0x00000000e1e00000, 0x00000000e1e00000| Untracked 
|  31|0x00000000e1f00000, 0x00000000e1f00000, 0x00000000e2000000|  0%| F|  |TAMS 0x00000000e1f00000, 0x00000000e1f00000| Untracked 
|  32|0x00000000e2000000, 0x00000000e20b8920, 0x00000000e2100000| 72%| S|CS|TAMS 0x00000000e2000000, 0x00000000e2000000| Complete 
|  33|0x00000000e2100000, 0x00000000e2100000, 0x00000000e2200000|  0%| F|  |TAMS 0x00000000e2100000, 0x00000000e2100000| Untracked 
|  34|0x00000000e2200000, 0x00000000e2200000, 0x00000000e2300000|  0%| F|  |TAMS 0x00000000e2200000, 0x00000000e2200000| Untracked 
|  35|0x00000000e2300000, 0x00000000e2400000, 0x00000000e2400000|100%| S|CS|TAMS 0x00000000e2300000, 0x00000000e2300000| Complete 
|  36|0x00000000e2400000, 0x00000000e2500000, 0x00000000e2500000|100%| S|TAMS 0x00000000e2400000, 0x00000000e2400000| Complete 
|  37|0x00000000e2500000, 0x00000000e2600000, 0x00000000e2600000|100%| S|TAMS 0x00000000e2500000, 0x00000000e2500000| Complete 
|  38|0x00000000e2600000, 0x00000000e2600000, 0x00000000e2700000|  0%| F|TAMS 0x00000000e2600000, 0x00000000e2600000| Untracked 
|  39|0x00000000e2700000, 0x00000000e2700000, 0x00000000e2800000|  0%| F|TAMS 0x00000000e2700000, 0x00000000e2700000| Untracked 
|  40|0x00000000e2800000, 0x00000000e2800000, 0x00000000e2900000|  0%| F|TAMS 0x00000000e2800000, 0x00000000e2800000| Untracked 
|  41|0x00000000e2900000, 0x00000000e2900000, 0x00000000e2a00000|  0%| F|TAMS 0x00000000e2900000, 0x00000000e2900000| Untracked 
|  42|0x00000000e2a00000, 0x00000000e2a00000, 0x00000000e2b00000|  0%| F|TAMS 0x00000000e2a00000, 0x00000000e2a00000| Untracked 
|  43|0x00000000e2b00000, 0x00000000e2b00000, 0x00000000e2c00000|  0%| F|TAMS 0x00000000e2b00000, 0x00000000e2b00000| Untracked 
|  44|0x00000000e2c00000, 0x00000000e2c00000, 0x00000000e2d00000|  0%| F|TAMS 0x00000000e2c00000, 0x00000000e2c00000| Untracked 
|  45|0x00000000e2d00000, 0x00000000e2d14390, 0x00000000e2e00000|  7%| E|TAMS 0x00000000e2d00000, 0x00000000e2d00000| Complete 
|  46|0x00000000e2e00000, 0x00000000e2f00000, 0x00000000e2f00000|100%| E|TAMS 0x00000000e2e00000, 0x00000000e2e00000| Complete 
|  47|0x00000000e2f00000, 0x00000000e3000000, 0x00000000e3000000|100%| E|TAMS 0x00000000e2f00000, 0x00000000e2f00000| Complete 
|  48|0x00000000e3000000, 0x00000000e3100000, 0x00000000e3100000|100%| E|TAMS 0x00000000e3000000, 0x00000000e3000000| Complete 
|  49|0x00000000e3100000, 0x00000000e3200000, 0x00000000e3200000|100%| E|TAMS 0x00000000e3100000, 0x00000000e3100000| Complete 
|  50|0x00000000e3200000, 0x00000000e3300000, 0x00000000e3300000|100%| E|TAMS 0x00000000e3200000, 0x00000000e3200000| Complete 
|  51|0x00000000e3300000, 0x00000000e3400000, 0x00000000e3400000|100%| E|TAMS 0x00000000e3300000, 0x00000000e3300000| Complete 
|  52|0x00000000e3400000, 0x00000000e3500000, 0x00000000e3500000|100%| E|TAMS 0x00000000e3400000, 0x00000000e3400000| Complete 
|  53|0x00000000e3500000, 0x00000000e3600000, 0x00000000e3600000|100%| E|TAMS 0x00000000e3500000, 0x00000000e3500000| Complete 
|  54|0x00000000e3600000, 0x00000000e3700000, 0x00000000e3700000|100%| E|TAMS 0x00000000e3600000, 0x00000000e3600000| Complete 
|  55|0x00000000e3700000, 0x00000000e3800000, 0x00000000e3800000|100%| E|TAMS 0x00000000e3700000, 0x00000000e3700000| Complete 
|  56|0x00000000e3800000, 0x00000000e3900000, 0x00000000e3900000|100%| E|TAMS 0x00000000e3800000, 0x00000000e3800000| Complete 
|  57|0x00000000e3900000, 0x00000000e3a00000, 0x00000000e3a00000|100%| E|TAMS 0x00000000e3900000, 0x00000000e3900000| Complete 
|  58|0x00000000e3a00000, 0x00000000e3b00000, 0x00000000e3b00000|100%| E|TAMS 0x00000000e3a00000, 0x00000000e3a00000| Complete 
|  59|0x00000000e3b00000, 0x00000000e3c00000, 0x00000000e3c00000|100%| E|TAMS 0x00000000e3b00000, 0x00000000e3b00000| Complete 
|  60|0x00000000e3c00000, 0x00000000e3d00000, 0x00000000e3d00000|100%| E|TAMS 0x00000000e3c00000, 0x00000000e3c00000| Complete 
|  61|0x00000000e3d00000, 0x00000000e3e00000, 0x00000000e3e00000|100%| E|TAMS 0x00000000e3d00000, 0x00000000e3d00000| Complete 
|  62|0x00000000e3e00000, 0x00000000e3f00000, 0x00000000e3f00000|100%| E|TAMS 0x00000000e3e00000, 0x00000000e3e00000| Complete 
|  63|0x00000000e3f00000, 0x00000000e4000000, 0x00000000e4000000|100%| E|TAMS 0x00000000e3f00000, 0x00000000e3f00000| Complete 
| 510|0x00000000ffe00000, 0x00000000ffe48000, 0x00000000fff00000| 28%|OA|TAMS 0x00000000ffe48000, 0x00000000ffe00000| Untracked 
| 511|0x00000000fff00000, 0x00000000fff6c000, 0x0000000100000000| 42%|CA|TAMS 0x00000000fff6c000, 0x00000000fff00000| Untracked 
Card table byte_map: [0x00007f09386a0000,0x00007f09387a0000] _byte_map_base: 0x00007f0937fa0000
Marking Bits (Prev, Next): (CMBitMap*) 0x00007f093403c620, (CMBitMap*) 0x00007f093403c5e8
 Prev Bits: [0x00007f0917000000, 0x00007f0917800000)
 Next Bits: [0x00007f0917800000, 0x00007f0918000000)
Polling page: 0x00007f0938fe0000
Metaspace:
Usage:
   27.18 MB   26.74 MB 98%  408.05 KB  1%   48.75 KB <1%    4.43 MB    4.19 MB 95%  221.13 KB  5%   23.12 KB <1%   31.61 MB   30.92 MB 98%  629.18 KB  2%   71.88 KB <1%Virtual space:
     28.00 MB     27.25 MB 97% committed 
    248.00 MB      4.50 MB  2% committed 
    276.00 MB     31.75 MB 12% committed 
Chunk freelists:
2.00 KB10.00 KB12.00 KB256.00 MB248.00 MB20.80 MB35.20 MBCDS: on
CodeHeap 'non-profiled nmethods': size=120032Kb used=1532Kb max_used=1532Kb free=118499Kb
 bounds [0x00007f0924298000, 0x00007f0924508000, 0x00007f092b7d0000]
CodeHeap 'profiled nmethods': size=120032Kb used=7038Kb max_used=7038Kb free=112993Kb
 bounds [0x00007f091cd60000, 0x00007f091d440000, 0x00007f0924298000]
CodeHeap 'non-nmethods': size=5696Kb used=2271Kb max_used=2307Kb free=3425Kb
 bounds [0x00007f091c7d0000, 0x00007f091ca40000, 0x00007f091cd60000]
 total_blobs=4472 nmethods=3709 adapters=675
 compilation: enabled
              stopped_count=0, restarted_count=0
 full_count=0
Compilation events (20 events):
Event: 10.990 Thread 0x00007f09340d4000 3732       3       sun.nio.fs.UnixPath::getByteArrayForSysCalls (48 bytes)Event: 10.991 Thread 0x00007f09340d4000 nmethod 3732 0x00007f091d437a90 code [0x00007f091d437c60, 0x00007f091d438140]Event: 10.991 Thread 0x00007f09340d4000 3733       3       sun.nio.fs.NativeBuffers::getNativeBufferFromCache (51 bytes)Event: 10.991 Thread 0x00007f09340d4000 nmethod 3733 0x00007f091d438290 code [0x00007f091d438480, 0x00007f091d438ac0]Event: 10.991 Thread 0x00007f09340d4000 3734       3       sun.nio.fs.NativeBuffers::copyCStringToNativeBuffer (67 bytes)Event: 10.994 Thread 0x00007f09340d4000 nmethod 3734 0x00007f091d438c90 code [0x00007f091d438f40, 0x00007f091d439960]Event: 10.994 Thread 0x00007f09340d4000 3735       3       jdk.internal.misc.Unsafe::putByte (8 bytes)Event: 10.994 Thread 0x00007f09340d4000 nmethod 3735 0x00007f091d439e10 code [0x00007f091d439fc0, 0x00007f091d43a0f0]Event: 10.995 Thread 0x00007f09340d4000 3738       3       sun.nio.fs.NativeBuffer::release (5 bytes)Event: 10.995 Thread 0x00007f09340d4000 nmethod 3738 0x00007f091d43a190 code [0x00007f091d43a340, 0x00007f091d43a480]Event: 11.011 Thread 0x00007f09340d4000 3740       3       java.util.jar.JavaUtilJarAccessImpl::jarFileHasClassPathAttribute (5 bytes)Event: 11.011 Thread 0x00007f09340d4000 nmethod 3740 0x00007f091d43a510 code [0x00007f091d43a6e0, 0x00007f091d43a920]Event: 11.011 Thread 0x00007f09340d4000 3741       3       java.util.jar.JarFile::hasClassPathAttribute (9 bytes)Event: 11.012 Thread 0x00007f09340d4000 nmethod 3741 0x00007f091d43aa10 code [0x00007f091d43abc0, 0x00007f091d43ad20]Event: 11.019 Thread 0x00007f09340d4000 3744   !   3       java.util.concurrent.LinkedBlockingQueue::poll (128 bytes)Event: 11.027 Thread 0x00007f09340d4000 nmethod 3744 0x00007f091d43ae10 code [0x00007f091d43b1c0, 0x00007f091d43cb00]Event: 11.027 Thread 0x00007f09340d4000 3743       3       jdk.internal.util.jar.JarIndex::addMapping (21 bytes)Event: 11.028 Thread 0x00007f09340d4000 nmethod 3743 0x00007f091d43d710 code [0x00007f091d43d8e0, 0x00007f091d43da90]Event: 11.028 Thread 0x00007f09340d4000 3742   !   3       java.nio.charset.CharsetDecoder::decode (287 bytes)Event: 11.031 Thread 0x00007f09340d4000 nmethod 3742 0x00007f091d43db90 code [0x00007f091d43dec0, 0x00007f091d43f450]GC Heap History (20 events):
Event: 1.457 GC heap before
{Heap before GC invocations=1 (full 0):
 garbage-first heap   total 67584K, used 18973K [0x00000000e0000000, 0x0000000100000000)
  region size 1024K, 13 young (13312K), 2 survivors (2048K)
 Metaspace       used 3842K, capacity 6520K, committed 6784K, reserved 262144K
  class space    used 488K, capacity 769K, committed 896K, reserved 253952K
}
Event: 1.467 GC heap after
{Heap after GC invocations=2 (full 0):
 garbage-first heap   total 67584K, used 7969K [0x00000000e0000000, 0x0000000100000000)
  region size 1024K, 1 young (1024K), 1 survivors (1024K)
 Metaspace       used 3842K, capacity 6520K, committed 6784K, reserved 262144K
  class space    used 488K, capacity 769K, committed 896K, reserved 253952K
}
Event: 2.401 GC heap before
{Heap before GC invocations=2 (full 0):
 garbage-first heap   total 67584K, used 32545K [0x00000000e0000000, 0x0000000100000000)
  region size 1024K, 26 young (26624K), 1 survivors (1024K)
 Metaspace       used 6222K, capacity 8050K, committed 8320K, reserved 262144K
  class space    used 873K, capacity 1092K, committed 1152K, reserved 253952K
}
Event: 2.412 GC heap after
{Heap after GC invocations=3 (full 0):
 garbage-first heap   total 67584K, used 12850K [0x00000000e0000000, 0x0000000100000000)
  region size 1024K, 4 young (4096K), 4 survivors (4096K)
 Metaspace       used 6222K, capacity 8050K, committed 8320K, reserved 262144K
  class space    used 873K, capacity 1092K, committed 1152K, reserved 253952K
}
Event: 4.584 GC heap before
{Heap before GC invocations=3 (full 0):
 garbage-first heap   total 67584K, used 36402K [0x00000000e0000000, 0x0000000100000000)
  region size 1024K, 27 young (27648K), 4 survivors (4096K)
 Metaspace       used 11138K, capacity 11537K, committed 11776K, reserved 264192K
  class space    used 1579K, capacity 1728K, committed 1792K, reserved 253952K
}
Event: 4.601 GC heap after
{Heap after GC invocations=4 (full 0):
 garbage-first heap   total 67584K, used 15110K [0x00000000e0000000, 0x0000000100000000)
  region size 1024K, 2 young (2048K), 2 survivors (2048K)
 Metaspace       used 11138K, capacity 11537K, committed 11776K, reserved 264192K
  class space    used 1579K, capacity 1728K, committed 1792K, reserved 253952K
}
Event: 5.184 GC heap before
{Heap before GC invocations=4 (full 0):
 garbage-first heap   total 67584K, used 38662K [0x00000000e0000000, 0x0000000100000000)
  region size 1024K, 25 young (25600K), 2 survivors (2048K)
 Metaspace       used 14135K, capacity 14535K, committed 14848K, reserved 268288K
  class space    used 2075K, capacity 2220K, committed 2304K, reserved 253952K
}
Event: 5.192 GC heap after
{Heap after GC invocations=5 (full 0):
 garbage-first heap   total 67584K, used 16164K [0x00000000e0000000, 0x0000000100000000)
  region size 1024K, 3 young (3072K), 3 survivors (3072K)
 Metaspace       used 14135K, capacity 14535K, committed 14848K, reserved 268288K
  class space    used 2075K, capacity 2220K, committed 2304K, reserved 253952K
}
Event: 6.025 GC heap before
{Heap before GC invocations=5 (full 0):
 garbage-first heap   total 67584K, used 40740K [0x00000000e0000000, 0x0000000100000000)
  region size 1024K, 27 young (27648K), 3 survivors (3072K)
 Metaspace       used 18576K, capacity 19037K, committed 19200K, reserved 270336K
  class space    used 2617K, capacity 2804K, committed 2816K, reserved 253952K
}
Event: 6.041 GC heap after
{Heap after GC invocations=6 (full 0):
 garbage-first heap   total 67584K, used 18150K [0x00000000e0000000, 0x0000000100000000)
  region size 1024K, 4 young (4096K), 4 survivors (4096K)
 Metaspace       used 18576K, capacity 19037K, committed 19200K, reserved 270336K
  class space    used 2617K, capacity 2804K, committed 2816K, reserved 253952K
}
Event: 6.352 GC heap before
{Heap before GC invocations=6 (full 0):
 garbage-first heap   total 67584K, used 22246K [0x00000000e0000000, 0x0000000100000000)
  region size 1024K, 9 young (9216K), 4 survivors (4096K)
 Metaspace       used 20602K, capacity 21104K, committed 21248K, reserved 272384K
  class space    used 2853K, capacity 3046K, committed 3072K, reserved 253952K
}
Event: 6.365 GC heap after
{Heap after GC invocations=7 (full 0):
 garbage-first heap   total 67584K, used 19295K [0x00000000e0000000, 0x0000000100000000)
  region size 1024K, 4 young (4096K), 4 survivors (4096K)
 Metaspace       used 20602K, capacity 21104K, committed 21248K, reserved 272384K
  class space    used 2853K, capacity 3046K, committed 3072K, reserved 253952K
}
Event: 7.092 GC heap before
{Heap before GC invocations=8 (full 0):
 garbage-first heap   total 67584K, used 43871K [0x00000000e0000000, 0x0000000100000000)
  region size 1024K, 29 young (29696K), 4 survivors (4096K)
 Metaspace       used 24312K, capacity 24892K, committed 25084K, reserved 276480K
  class space    used 3350K, capacity 3560K, committed 3584K, reserved 253952K
}
Event: 7.107 GC heap after
{Heap after GC invocations=9 (full 0):
 garbage-first heap   total 67584K, used 20114K [0x00000000e0000000, 0x0000000100000000)
  region size 1024K, 2 young (2048K), 2 survivors (2048K)
 Metaspace       used 24312K, capacity 24892K, committed 25084K, reserved 276480K
  class space    used 3350K, capacity 3560K, committed 3584K, reserved 253952K
}
Event: 7.804 GC heap before
{Heap before GC invocations=9 (full 0):
 garbage-first heap   total 67584K, used 48786K [0x00000000e0000000, 0x0000000100000000)
  region size 1024K, 28 young (28672K), 2 survivors (2048K)
 Metaspace       used 27000K, capacity 27556K, committed 27644K, reserved 278528K
  class space    used 3630K, capacity 3806K, committed 3840K, reserved 253952K
}
Event: 7.818 GC heap after
{Heap after GC invocations=10 (full 0):
 garbage-first heap   total 67584K, used 21488K [0x00000000e0000000, 0x0000000100000000)
  region size 1024K, 4 young (4096K), 4 survivors (4096K)
 Metaspace       used 27000K, capacity 27556K, committed 27644K, reserved 278528K
  class space    used 3630K, capacity 3806K, committed 3840K, reserved 253952K
}
Event: 8.602 GC heap before
{Heap before GC invocations=10 (full 0):
 garbage-first heap   total 67584K, used 47088K [0x00000000e0000000, 0x0000000100000000)
  region size 1024K, 29 young (29696K), 4 survivors (4096K)
 Metaspace       used 28777K, capacity 29381K, committed 29436K, reserved 280576K
  class space    used 3924K, capacity 4094K, committed 4096K, reserved 253952K
}
Event: 8.617 GC heap after
{Heap after GC invocations=11 (full 0):
 garbage-first heap   total 67584K, used 23060K [0x00000000e0000000, 0x0000000100000000)
  region size 1024K, 4 young (4096K), 4 survivors (4096K)
 Metaspace       used 28777K, capacity 29381K, committed 29436K, reserved 280576K
  class space    used 3924K, capacity 4094K, committed 4096K, reserved 253952K
}
Event: 9.892 GC heap before
{Heap before GC invocations=11 (full 0):
 garbage-first heap   total 67584K, used 48660K [0x00000000e0000000, 0x0000000100000000)
  region size 1024K, 29 young (29696K), 4 survivors (4096K)
 Metaspace       used 30720K, capacity 31444K, committed 31612K, reserved 282624K
  class space    used 4178K, capacity 4419K, committed 4480K, reserved 253952K
}
Event: 9.941 GC heap after
{Heap after GC invocations=12 (full 0):
 garbage-first heap   total 67584K, used 25210K [0x00000000e0000000, 0x0000000100000000)
  region size 1024K, 4 young (4096K), 4 survivors (4096K)
 Metaspace       used 30720K, capacity 31444K, committed 31612K, reserved 282624K
  class space    used 4178K, capacity 4419K, committed 4480K, reserved 253952K
}
Deoptimization events (20 events):
Event: 10.258 Thread 0x00007f08c0d15000 Uncommon trap: trap_request=0xffffffde fr.pc=0x00007f09242f76b0 relative=0x00000000000013d0Event: 10.258 Thread 0x00007f08c0d15000 Uncommon trap: reason=class_check action=maybe_recompile pc=0x00007f09242f76b0 method=java.util.concurrent.ConcurrentHashMap.putVal(Ljava/lang/Object;Ljava/lang/Object;Z)Ljava/lang/Object; @ 242 c2Event: 10.258 Thread 0x00007f08c0d15000 DEOPT PACKING pc=0x00007f09242f76b0 sp=0x00007f08dd3dcfc0Event: 10.258 Thread 0x00007f08c0d15000 DEOPT UNPACKING pc=0x00007f091c819ea5 sp=0x00007f08dd3dcf40 mode 2Event: 10.297 Thread 0x00007f08c0d15000 Uncommon trap: trap_request=0xffffff4d fr.pc=0x00007f09242f72a0 relative=0x0000000000000fc0Event: 10.297 Thread 0x00007f08c0d15000 Uncommon trap: reason=unstable_if action=reinterpret pc=0x00007f09242f72a0 method=java.util.concurrent.ConcurrentHashMap.addCount(JI)V @ 34 c2Event: 10.297 Thread 0x00007f08c0d15000 DEOPT PACKING pc=0x00007f09242f72a0 sp=0x00007f08dd3de050Event: 10.297 Thread 0x00007f08c0d15000 DEOPT UNPACKING pc=0x00007f091c819ea5 sp=0x00007f08dd3ddf20 mode 2Event: 10.315 Thread 0x00007f08c0d15000 DEOPT PACKING pc=0x00007f091cdfbea7 sp=0x00007f08dd3dd410Event: 10.316 Thread 0x00007f08c0d15000 DEOPT UNPACKING pc=0x00007f091c81a64a sp=0x00007f08dd3dc9a8 mode 0Event: 10.370 Thread 0x00007f08c0d13000 DEOPT PACKING pc=0x00007f091cdfbea7 sp=0x00007f08dd4dd410Event: 10.370 Thread 0x00007f08c0d13000 DEOPT UNPACKING pc=0x00007f091c81a64a sp=0x00007f08dd4dc9a8 mode 0Event: 10.374 Thread 0x00007f08c0d15000 DEOPT PACKING pc=0x00007f091d320d09 sp=0x00007f08dd3dceb0Event: 10.374 Thread 0x00007f08c0d15000 DEOPT UNPACKING pc=0x00007f091c81a64a sp=0x00007f08dd3dc370 mode 0Event: 10.622 Thread 0x00007f08c00db000 DEOPT PACKING pc=0x00007f091d3309d8 sp=0x00007f08df0fdc00Event: 10.622 Thread 0x00007f08c00db000 DEOPT UNPACKING pc=0x00007f091c81a64a sp=0x00007f08df0fd058 mode 0Event: 10.902 Thread 0x00007f08c400a000 DEOPT PACKING pc=0x00007f091ce98d29 sp=0x00007f08df6fa490Event: 10.902 Thread 0x00007f08c400a000 DEOPT UNPACKING pc=0x00007f091c81a64a sp=0x00007f08df6f99a8 mode 0Event: 10.907 Thread 0x00007f08c400a000 DEOPT PACKING pc=0x00007f091ce98d29 sp=0x00007f08df6fa480Event: 10.907 Thread 0x00007f08c400a000 DEOPT UNPACKING pc=0x00007f091c81a64a sp=0x00007f08df6f9998 mode 0Classes redefined (0 events):
No events
Internal exceptions (20 events):
Event: 8.538 Thread 0x00007f08c400a000 Exception <a 'java/lang/ClassNotFoundException'{0x00000000e2921a98}: org/gradle/api/internal/project/AbstractPluginAwareCustomizer> (0x00000000e2921a98) thrown at [./src/hotspot/share/classfile/systemDictionary.cpp, line 230]Event: 8.540 Thread 0x00007f08c400a000 Exception <a 'java/lang/ClassNotFoundException'{0x00000000e29435b8}: org/gradle/api/internal/project/DefaultProjectCustomizer> (0x00000000e29435b8) thrown at [./src/hotspot/share/classfile/systemDictionary.cpp, line 230]Event: 8.551 Thread 0x00007f08c400a000 Exception <a 'java/lang/ClassNotFoundException'{0x00000000e29e8708}: org/gradle/api/internal/project/DefaultProject_DecoratedCustomizer> (0x00000000e29e8708) thrown at [./src/hotspot/share/classfile/systemDictionary.cpp, line 230]Event: 8.566 Thread 0x00007f08c400a000 Exception <a 'java/security/PrivilegedActionException'{0x00000000e28ee128}> (0x00000000e28ee128) thrown at [./src/hotspot/share/prims/jvm.cpp, line 1304]Event: 8.566 Thread 0x00007f08c400a000 Exception <a 'java/security/PrivilegedActionException'{0x00000000e28ef3e8}> (0x00000000e28ef3e8) thrown at [./src/hotspot/share/prims/jvm.cpp, line 1304]Event: 8.567 Thread 0x00007f08c400a000 Exception <a 'java/security/PrivilegedActionException'{0x00000000e28fa5e8}> (0x00000000e28fa5e8) thrown at [./src/hotspot/share/prims/jvm.cpp, line 1304]Event: 8.567 Thread 0x00007f08c400a000 Exception <a 'java/security/PrivilegedActionException'{0x00000000e28fb8a8}> (0x00000000e28fb8a8) thrown at [./src/hotspot/share/prims/jvm.cpp, line 1304]Event: 8.567 Thread 0x00007f08c400a000 Exception <a 'java/security/PrivilegedActionException'{0x00000000e2704380}> (0x00000000e2704380) thrown at [./src/hotspot/share/prims/jvm.cpp, line 1304]Event: 8.567 Thread 0x00007f08c400a000 Exception <a 'java/security/PrivilegedActionException'{0x00000000e2705640}> (0x00000000e2705640) thrown at [./src/hotspot/share/prims/jvm.cpp, line 1304]Event: 8.568 Thread 0x00007f08c400a000 Exception <a 'java/lang/ClassNotFoundException'{0x00000000e270e130}: org/codehaus/groovy/runtime/GStringImplBeanInfo> (0x00000000e270e130) thrown at [./src/hotspot/share/classfile/systemDictionary.cpp, line 230]Event: 8.568 Thread 0x00007f08c400a000 Exception <a 'java/security/PrivilegedActionException'{0x00000000e27157f8}> (0x00000000e27157f8) thrown at [./src/hotspot/share/prims/jvm.cpp, line 1304]Event: 8.568 Thread 0x00007f08c400a000 Exception <a 'java/security/PrivilegedActionException'{0x00000000e2716ab8}> (0x00000000e2716ab8) thrown at [./src/hotspot/share/prims/jvm.cpp, line 1304]Event: 8.569 Thread 0x00007f08c400a000 Exception <a 'java/security/PrivilegedActionException'{0x00000000e2721d10}> (0x00000000e2721d10) thrown at [./src/hotspot/share/prims/jvm.cpp, line 1304]Event: 8.569 Thread 0x00007f08c400a000 Exception <a 'java/security/PrivilegedActionException'{0x00000000e2722fd0}> (0x00000000e2722fd0) thrown at [./src/hotspot/share/prims/jvm.cpp, line 1304]Event: 8.569 Thread 0x00007f08c400a000 Exception <a 'java/security/PrivilegedActionException'{0x00000000e272b5e8}> (0x00000000e272b5e8) thrown at [./src/hotspot/share/prims/jvm.cpp, line 1304]Event: 8.569 Thread 0x00007f08c400a000 Exception <a 'java/security/PrivilegedActionException'{0x00000000e272c8a8}> (0x00000000e272c8a8) thrown at [./src/hotspot/share/prims/jvm.cpp, line 1304]Event: 8.570 Thread 0x00007f08c400a000 Exception <a 'java/lang/ClassNotFoundException'{0x00000000e2735500}: org/codehaus/groovy/runtime/GStringImplCustomizer> (0x00000000e2735500) thrown at [./src/hotspot/share/classfile/systemDictionary.cpp, line 230]Event: 10.102 Thread 0x00007f08c400a000 Exception <a 'java/lang/NoSuchMethodError'{0x00000000e3ee1868}: 'void java.lang.invoke.DirectMethodHandle$Holder.invokeSpecial(java.lang.Object, java.lang.Object, java.lang.Object, java.lang.Object)'> (0x00000000e3ee1868) thrown at [./src/hotspot/share/interpreter/linkResolver.cpp, line 772]Event: 10.925 Thread 0x00007f08c400a000 Exception <a 'java/lang/ClassNotFoundException'{0x00000000e2f11710}: build_327lm3hy9pkgqpu0qxvgfesvkBeanInfo> (0x00000000e2f11710) thrown at [./src/hotspot/share/classfile/systemDictionary.cpp, line 230]Event: 10.926 Thread 0x00007f08c400a000 Exception <a 'java/lang/ClassNotFoundException'{0x00000000e2f194e0}: build_327lm3hy9pkgqpu0qxvgfesvkCustomizer> (0x00000000e2f194e0) thrown at [./src/hotspot/share/classfile/systemDictionary.cpp, line 230]Events (20 events):
Event: 10.926 loading class build_327lm3hy9pkgqpu0qxvgfesvkCustomizerEvent: 10.926 loading class build_327lm3hy9pkgqpu0qxvgfesvkCustomizer doneEvent: 10.926 loading class build_327lm3hy9pkgqpu0qxvgfesvkCustomizerEvent: 10.926 loading class build_327lm3hy9pkgqpu0qxvgfesvkCustomizer doneEvent: 10.931 loading class org/codehaus/groovy/runtime/ScriptBytecodeAdapterEvent: 10.931 loading class org/codehaus/groovy/runtime/ScriptBytecodeAdapter doneEvent: 10.931 loading class org/codehaus/groovy/runtime/ScriptBytecodeAdapterEvent: 10.931 loading class org/codehaus/groovy/runtime/ScriptBytecodeAdapter doneEvent: 10.934 loading class org/codehaus/groovy/runtime/wrappers/PojoWrapperEvent: 10.934 loading class org/codehaus/groovy/runtime/wrappers/PojoWrapper doneEvent: 10.935 loading class org/codehaus/groovy/runtime/wrappers/GroovyObjectWrapperEvent: 10.935 loading class org/codehaus/groovy/runtime/wrappers/GroovyObjectWrapper doneEvent: 10.943 loading class groovy/runtime/metaclass/org/gradle/api/internal/plugins/DefaultObjectConfigurationActionMetaClassEvent: 10.943 loading class groovy/runtime/metaclass/org/gradle/api/internal/plugins/DefaultObjectConfigurationActionMetaClass doneEvent: 10.944 loading class org/gradle/api/internal/plugins/DefaultObjectConfigurationActionBeanInfoEvent: 10.944 loading class org/gradle/api/internal/plugins/DefaultObjectConfigurationActionBeanInfo doneEvent: 10.945 loading class org/gradle/api/internal/plugins/DefaultObjectConfigurationActionBeanInfoEvent: 10.945 loading class org/gradle/api/internal/plugins/DefaultObjectConfigurationActionBeanInfo doneEvent: 10.945 loading class org/gradle/api/internal/plugins/DefaultObjectConfigurationActionBeanInfoEvent: 10.945 loading class org/gradle/api/internal/plugins/DefaultObjectConfigurationActionBeanInfo doneDynamic libraries:


VM Arguments:
jvm_args: --add-opens=java.base/java.util=ALL-UNNAMED --add-opens=java.base/java.lang=ALL-UNNAMED --add-opens=java.base/java.lang.invoke=ALL-UNNAMED --add-opens=java.prefs/java.util.prefs=ALL-UNNAMED -XX:MaxMetaspaceSize=256m -XX:+HeapDumpOnOutOfMemoryError -Xmx512m -Dfile.encoding=UTF-8 -Duser.country -Duser.language=en -Duser.variant 
java_command: org.gradle.launcher.daemon.bootstrap.GradleDaemon 5.1.1
java_class_path (initial): /home/anastasia/.gradle/wrapper/dists/gradle-5.1.1-bin/90y9l8txxfw1s2o6ctiqeruwn/gradle-5.1.1/lib/gradle-launcher-5.1.1.jar
Launcher Type: SUN_STANDARD

[Global flags]
     intx CICompilerCount                          = 3                                         {product} {ergonomic}
   size_t CompressedClassSpaceSize                 = 260046848                                 {product} {ergonomic}
     uint ConcGCThreads                            = 1                                         {product} {ergonomic}
     uint G1ConcRefinementThreads                  = 4                                         {product} {ergonomic}
   size_t G1HeapRegionSize                         = 1048576                                   {product} {ergonomic}
    uintx GCDrainStackTargetSize                   = 64                                        {product} {ergonomic}
     bool HeapDumpOnOutOfMemoryError               = true                                   {manageable} {command line}
   size_t InitialHeapSize                          = 67108864                                  {product} {ergonomic}
   size_t MarkStackSize                            = 4194304                                   {product} {ergonomic}
   size_t MaxHeapSize                              = 536870912                                 {product} {command line}
   size_t MaxMetaspaceSize                         = 268435456                                 {product} {command line}
   size_t MaxNewSize                               = 321912832                                 {product} {ergonomic}
   size_t MinHeapDeltaBytes                        = 1048576                                   {product} {ergonomic}
    uintx NonNMethodCodeHeapSize                   = 5830732                                {pd product} {ergonomic}
    uintx NonProfiledCodeHeapSize                  = 122913754                              {pd product} {ergonomic}
    uintx ProfiledCodeHeapSize                     = 122913754                              {pd product} {ergonomic}
    uintx ReservedCodeCacheSize                    = 251658240                              {pd product} {ergonomic}
     bool SegmentedCodeCache                       = true                                      {product} {ergonomic}
     bool UseCompressedClassPointers               = true                                 {lp64_product} {ergonomic}
     bool UseCompressedOops                        = true                                 {lp64_product} {ergonomic}
     bool UseG1GC                                  = true                                      {product} {ergonomic}

Logging:
Log output configuration:
 #0: stdout all=warning uptime,level,tags
 #1: stderr all=off uptime,level,tags

Environment Variables:
JAVA_HOME=/usr/lib/jvm/java-1.11.0-openjdk-amd64
PATH=/home/anastasia/.sdkman/candidates/grails/current/bin:/usr/lib/jvm/java-1.11.0-openjdk-amd64/bin:/usr/local/sbin:/usr/local/bin:/usr/sbin:/usr/bin:/sbin:/bin:/usr/games:/usr/local/games:/mnt/c/Program Files/WindowsApps/CanonicalGroupLimited.Ubuntu_2204.3.49.0_x64__79rhkp1fndgsc:/mnt/c/Program Files/Common Files/Oracle/Java/javapath:/mnt/c/Program Files (x86)/Common Files/Oracle/Java/javapath:/mnt/c/Program Files/Java/jre1.8.0_281/bin:/mnt/c/Program Files/Java/jdk-16.0.1/bin:/mnt/c/Program Files/Git/cmd:/mnt/c/Users//AppData/Local/Microsoft/WindowsApps:/snap/bin
SHELL=/bin/bash
HOSTTYPE=x86_64
LANG=C.UTF-8
TERM=xterm-256color

Signal Handlers:
SIGSEGV: [libjvm.so+0xead350], sa_mask[0]=11111111111111111111111111111110, sa_flags=SA_RESTART|SA_SIGINFO
SIGBUS: [libjvm.so+0xead350], sa_mask[0]=11111111111111111111111111111110, sa_flags=SA_RESTART|SA_SIGINFO
SIGFPE: [libjvm.so+0xead350], sa_mask[0]=11111111111111111111111111111110, sa_flags=SA_RESTART|SA_SIGINFO
SIGPIPE: [libjvm.so+0xbef750], sa_mask[0]=11111111111111111111111111111110, sa_flags=SA_RESTART|SA_SIGINFO
SIGXFSZ: [libjvm.so+0xbef750], sa_mask[0]=11111111111111111111111111111110, sa_flags=SA_RESTART|SA_SIGINFO
SIGILL: [libjvm.so+0xead350], sa_mask[0]=11111111111111111111111111111110, sa_flags=SA_RESTART|SA_SIGINFO
SIGUSR2: [libjvm.so+0xbef5f0], sa_mask[0]=00100000000000000000000000000000, sa_flags=SA_RESTART|SA_SIGINFO
SIGHUP: [libjvm.so+0xbefdb0], sa_mask[0]=11111111111111111111111111111110, sa_flags=SA_RESTART|SA_SIGINFO
SIGINT: [libjvm.so+0xbefdb0], sa_mask[0]=11111111111111111111111111111110, sa_flags=SA_RESTART|SA_SIGINFO
SIGTERM: [libjvm.so+0xbefdb0], sa_mask[0]=11111111111111111111111111111110, sa_flags=SA_RESTART|SA_SIGINFO
SIGQUIT: [libjvm.so+0xbefdb0], sa_mask[0]=11111111111111111111111111111110, sa_flags=SA_RESTART|SA_SIGINFO


---------------  S Y S T E M  ---------------

OS:DISTRIB_ID=Ubuntu
DISTRIB_RELEASE=22.04
DISTRIB_CODENAME=jammy
DISTRIB_DESCRIPTION="Ubuntu 22.04.3 LTS"
uname:Linux 4.4.0-19041-Microsoft #3636-Microsoft Thu Oct 19 17:41:00 PST 2023 x86_64
OS uptime: 0 days 2:49 hours
libc:glibc 2.35 NPTL 2.35 
rlimit (soft/hard): STACK 8192k/8192k , CORE 0k/infinity , NPROC 7823/7823 , NOFILE 65536/65536 , AS infinity/infinity , CPU infinity/infinity , DATA infinity/infinity , FSIZE infinity/infinity , MEMLOCK 64k/64k
load average:0.52 0.58 0.59

/proc/meminfo:
MemTotal:        4104876 kB
MemFree:          302444 kB
Buffers:           34032 kB
Cached:           188576 kB
SwapCached:            0 kB
Active:           167556 kB
Inactive:         157876 kB
Active(anon):     103104 kB
Inactive(anon):    17440 kB
Active(file):      64452 kB
Inactive(file):   140436 kB
Unevictable:           0 kB
Mlocked:               0 kB
SwapTotal:      12582912 kB
SwapFree:        5545628 kB
Dirty:                 0 kB
Writeback:             0 kB
AnonPages:        102824 kB
Mapped:            71404 kB
Shmem:             17720 kB
Slab:              13868 kB
SReclaimable:       6744 kB
SUnreclaim:         7124 kB
KernelStack:        2848 kB
PageTables:         2524 kB
NFS_Unstable:          0 kB
Bounce:                0 kB
WritebackTmp:          0 kB
CommitLimit:      515524 kB
Committed_AS:    3450064 kB
VmallocTotal:     122880 kB
VmallocUsed:       21296 kB
VmallocChunk:      66044 kB
HardwareCorrupted:     0 kB
AnonHugePages:      2048 kB
HugePages_Total:       0
HugePages_Free:        0
HugePages_Rsvd:        0
HugePages_Surp:        0
Hugepagesize:       2048 kB
DirectMap4k:       12280 kB
DirectMap4M:      897024 kB

/sys/kernel/mm/transparent_hugepage/enabled:
<Not Available>
/sys/kernel/mm/transparent_hugepage/defrag (defrag/compaction efforts parameter):
<Not Available>

Process Memory:
Virtual Size: 3372904K (peak: 0K)
Resident Set Size: 172252K (peak: 0K)
C-Heap outstanding allocations: 51334K, retained: 14405K
glibc malloc tunables: (default)

/proc/sys/kernel/threads-max (system-wide limit on the number of threads):
32768
/proc/sys/vm/max_map_count (maximum number of memory map areas a process may have):
<Not Available>
/proc/sys/kernel/pid_max (system-wide limit on number of process identifiers):
32768

container information not found.
Steal ticks since vm start: 0
Steal ticks percentage since vm start:  0.000

CPU:total 4 (initial active 4) (2 cores per cpu, 2 threads per core) family 6 model 42 stepping 7 microcode 0xffffffff, cmov, cx8, fxsr, mmx, sse, sse2, sse3, ssse3, sse4.1, sse4.2, popcnt, avx, clmul, ht, tsc, tscinvbit
CPU Model and flags from /proc/cpuinfo:
model name	:        Intel(R) Core(TM) i3-2350M CPU @ 2.30GHz
flags		: fpu vme de pse tsc msr pae mce cx8 apic sep mtrr pge mca cmov pat pse36 clflush dts acpi mmx fxsr sse sse2 ss ht tm pbe syscall nx rdtscp lm pni pclmulqdq dtes64 monitor ds_cpl vmx est tm2 ssse3 cx16 xtpr pdcm pcid sse4_1 sse4_2 x2apic popcnt tsc_deadline_timer xsave osxsave avx lahf_lm ibrs ibpb stibp ssbd
Online cpus:
0-3
Offline cpus:
<Not Available>
BIOS frequency limitation:
<Not Available>
Frequency switch latency (ns):
<Not Available>
Available cpu frequencies:
<Not Available>
Current governor:
<Not Available>
Core performance/turbo boost:
<Not Available>

Memory: 4k page, physical 4104876k(302580k free), swap 12582912k(5545648k free)

vm_info: OpenJDK 64-Bit Server VM (11.0.21+9-post-Ubuntu-0ubuntu122.04) for linux-amd64 JRE (11.0.21+9-post-Ubuntu-0ubuntu122.04), built on Oct 19 2023 08:41:03 by "unknown" with gcc 11.4.0

END.
