#
# A fatal error has been detected by the Java Runtime Environment:
#
#  SIGSEGV (0xb) at pc=0x00007f1bc4ea4c7a, pid=2674, tid=2859
#
# JRE version: OpenJDK Runtime Environment (11.0.21+9) (build 11.0.21+9-post-Ubuntu-0ubuntu122.04)
# Java VM: OpenJDK 64-Bit Server VM (11.0.21+9-post-Ubuntu-0ubuntu122.04, mixed mode, sharing, tiered, compressed oops, g1 gc, linux-amd64)
# Problematic frame:
# J 174 c1 java.lang.String.<init>([CIILjava/lang/Void;)V java.base@11.0.21 (74 bytes) @ 0x00007f1bc4ea4c7a [0x00007f1bc4ea4b80+0x00000000000000fa]
#
# Core dump will be written. Default location: core.2674 (may not exist)
#
# If you would like to submit a bug report, please visit:
#   https://bugs.launchpad.net/ubuntu/+source/openjdk-lts
#

---------------  S U M M A R Y ------------

Command Line: -XX:+TieredCompilation -XX:TieredStopAtLevel=1 -XX:CICompilerCount=3 /mnt/d/myApp/grails-wrapper.jar run-app

Host: Intel(R) Core(TM) i3-2350M CPU @ 2.30GHz, 4 cores, 3G, Ubuntu 22.04.3 LTS
Time: Thu Jan 25 18:18:29 2024 +05 elapsed time: 132.436262 seconds (0d 0h 2m 12s)
---------------  T H R E A D  ---------------
Current thread (0x00007f1b6c066800):  JavaThread "Connection worker" [_thread_in_Java, id=2859, stack(0x00007f1bade00000,0x00007f1badf00000)]

Stack: [0x00007f1bade00000,0x00007f1badf00000],  sp=0x00007f1badefd2a0,  free space=1012k
Native frames: (J=compiled Java code, A=aot compiled Java code, j=interpreted, Vv=VM code, C=native code)
J 174 c1 java.lang.String.<init>([CIILjava/lang/Void;)V java.base@11.0.21 (74 bytes) @ 0x00007f1bc4ea4c7a [0x00007f1bc4ea4b80+0x00000000000000fa]
J 179 c1 java.lang.String.<init>([CII)V java.base@11.0.21 (14 bytes) @ 0x00007f1bc4ea577c [0x00007f1bc4ea56e0+0x000000000000009c]
j  com.esotericsoftware.kryo.io.Input.readString()Ljava/lang/String;+123
j  org.gradle.internal.serialize.kryo.KryoBackedDecoder.readNullableString()Ljava/lang/String;+4
j  org.gradle.internal.serialize.kryo.KryoBackedDecoder.readString()Ljava/lang/String;+1
j  org.gradle.internal.logging.serializer.SpanSerializer.read(Lorg/gradle/internal/serialize/Decoder;)Lorg/gradle/internal/logging/events/StyledTextOutputEvent$Span;+18
j  org.gradle.internal.logging.serializer.SpanSerializer.read(Lorg/gradle/internal/serialize/Decoder;)Ljava/lang/Object;+2
j  org.gradle.internal.serialize.AbstractCollectionSerializer.read(Lorg/gradle/internal/serialize/Decoder;)Ljava/util/Collection;+28
j  org.gradle.internal.serialize.AbstractCollectionSerializer.read(Lorg/gradle/internal/serialize/Decoder;)Ljava/lang/Object;+2
j  org.gradle.internal.logging.serializer.StyledTextOutputEventSerializer.read(Lorg/gradle/internal/serialize/Decoder;)Lorg/gradle/internal/logging/events/StyledTextOutputEvent;+63
j  org.gradle.internal.logging.serializer.StyledTextOutputEventSerializer.read(Lorg/gradle/internal/serialize/Decoder;)Ljava/lang/Object;+2
j  org.gradle.internal.serialize.DefaultSerializerRegistry$TaggedTypeSerializer.read(Lorg/gradle/internal/serialize/Decoder;)Ljava/lang/Object;+60
j  org.gradle.launcher.daemon.protocol.DaemonMessageSerializer$OutputMessageSerializer.read(Lorg/gradle/internal/serialize/Decoder;)Lorg/gradle/launcher/daemon/protocol/OutputMessage;+9
j  org.gradle.launcher.daemon.protocol.DaemonMessageSerializer$OutputMessageSerializer.read(Lorg/gradle/internal/serialize/Decoder;)Ljava/lang/Object;+2
j  org.gradle.internal.serialize.DefaultSerializerRegistry$TaggedTypeSerializer.read(Lorg/gradle/internal/serialize/Decoder;)Ljava/lang/Object;+60
j  org.gradle.internal.serialize.Serializers$StatefulSerializerAdapter$1.read()Ljava/lang/Object;+11
j  org.gradle.internal.remote.internal.inet.SocketConnection.receive()Ljava/lang/Object;+4
j  org.gradle.launcher.daemon.client.DaemonClientConnection.receive()Lorg/gradle/launcher/daemon/protocol/Message;+4
j  org.gradle.launcher.daemon.client.DaemonClientConnection.receive()Ljava/lang/Object;+1
j  org.gradle.launcher.daemon.client.DaemonClient.monitorBuild(Lorg/gradle/launcher/daemon/protocol/Build;Lorg/gradle/launcher/daemon/diagnostics/DaemonDiagnostics;Lorg/gradle/internal/remote/internal/Connection;Lorg/gradle/initialization/BuildCancellationToken;Lorg/gradle/initialization/BuildEventConsumer;)Ljava/lang/Object;+44
j  org.gradle.launcher.daemon.client.DaemonClient.executeBuild(Lorg/gradle/launcher/daemon/protocol/Build;Lorg/gradle/launcher/daemon/client/DaemonClientConnection;Lorg/gradle/initialization/BuildCancellationToken;Lorg/gradle/initialization/BuildEventConsumer;)Lorg/gradle/launcher/exec/BuildActionResult;+115
j  org.gradle.launcher.daemon.client.DaemonClient.execute(Lorg/gradle/internal/invocation/BuildAction;Lorg/gradle/initialization/BuildRequestContext;Lorg/gradle/launcher/exec/BuildActionParameters;Lorg/gradle/internal/service/ServiceRegistry;)Lorg/gradle/launcher/exec/BuildActionResult;+156
j  org.gradle.launcher.daemon.client.DaemonClient.execute(Lorg/gradle/internal/invocation/BuildAction;Lorg/gradle/initialization/BuildRequestContext;Ljava/lang/Object;Lorg/gradle/internal/service/ServiceRegistry;)Lorg/gradle/launcher/exec/BuildActionResult;+9
j  org.gradle.tooling.internal.provider.DaemonBuildActionExecuter.execute(Lorg/gradle/internal/invocation/BuildAction;Lorg/gradle/initialization/BuildRequestContext;Lorg/gradle/tooling/internal/provider/connection/ProviderOperationParameters;Lorg/gradle/internal/service/ServiceRegistry;)Lorg/gradle/launcher/exec/BuildActionResult;+106
j  org.gradle.tooling.internal.provider.DaemonBuildActionExecuter.execute(Lorg/gradle/internal/invocation/BuildAction;Lorg/gradle/initialization/BuildRequestContext;Ljava/lang/Object;Lorg/gradle/internal/service/ServiceRegistry;)Lorg/gradle/launcher/exec/BuildActionResult;+9
j  org.gradle.tooling.internal.provider.LoggingBridgingBuildActionExecuter.execute(Lorg/gradle/internal/invocation/BuildAction;Lorg/gradle/initialization/BuildRequestContext;Lorg/gradle/tooling/internal/provider/connection/ProviderOperationParameters;Lorg/gradle/internal/service/ServiceRegistry;)Lorg/gradle/launcher/exec/BuildActionResult;+171
j  org.gradle.tooling.internal.provider.LoggingBridgingBuildActionExecuter.execute(Lorg/gradle/internal/invocation/BuildAction;Lorg/gradle/initialization/BuildRequestContext;Ljava/lang/Object;Lorg/gradle/internal/service/ServiceRegistry;)Lorg/gradle/launcher/exec/BuildActionResult;+9
j  org.gradle.tooling.internal.provider.ProviderConnection.run(Lorg/gradle/internal/invocation/BuildAction;Lorg/gradle/initialization/BuildCancellationToken;Lorg/gradle/tooling/internal/provider/ProviderConnection$ProgressListenerConfiguration;Lorg/gradle/initialization/BuildEventConsumer;Lorg/gradle/tooling/internal/provider/connection/ProviderOperationParameters;Lorg/gradle/tooling/internal/provider/ProviderConnection$Parameters;)Ljava/lang/Object;+66
j  org.gradle.tooling.internal.provider.ProviderConnection.run(Ljava/lang/String;Lorg/gradle/initialization/BuildCancellationToken;Lorg/gradle/tooling/internal/provider/connection/ProviderOperationParameters;)Ljava/lang/Object;+185
j  org.gradle.tooling.internal.provider.DefaultConnection.getModel(Lorg/gradle/tooling/internal/protocol/ModelIdentifier;Lorg/gradle/tooling/internal/protocol/InternalCancellationToken;Lorg/gradle/tooling/internal/protocol/BuildParameters;)Lorg/gradle/tooling/internal/protocol/BuildResult;+31
j  org.gradle.tooling.internal.consumer.connection.CancellableModelBuilderBackedModelProducer.produceModel(Ljava/lang/Class;Lorg/gradle/tooling/internal/consumer/parameters/ConsumerOperationParameters;)Ljava/lang/Object;+49
j  org.gradle.tooling.internal.consumer.connection.PluginClasspathInjectionSupportedCheckModelProducer.produceModel(Ljava/lang/Class;Lorg/gradle/tooling/internal/consumer/parameters/ConsumerOperationParameters;)Ljava/lang/Object;+37
j  org.gradle.tooling.internal.consumer.connection.AbstractConsumerConnection.run(Ljava/lang/Class;Lorg/gradle/tooling/internal/consumer/parameters/ConsumerOperationParameters;)Ljava/lang/Object;+6
j  org.gradle.tooling.internal.consumer.connection.ParameterValidatingConsumerConnection.run(Ljava/lang/Class;Lorg/gradle/tooling/internal/consumer/parameters/ConsumerOperationParameters;)Ljava/lang/Object;+11
j  org.gradle.tooling.internal.consumer.DefaultBuildLauncher$1.run(Lorg/gradle/tooling/internal/consumer/connection/ConsumerConnection;)Ljava/lang/Void;+7
j  org.gradle.tooling.internal.consumer.DefaultBuildLauncher$1.run(Lorg/gradle/tooling/internal/consumer/connection/ConsumerConnection;)Ljava/lang/Object;+2j  org.gradle.tooling.internal.consumer.connection.LazyConsumerActionExecutor.run(Lorg/gradle/tooling/internal/consumer/connection/ConsumerAction;)Ljava/lang/Object;+30
j  org.gradle.tooling.internal.consumer.connection.CancellableConsumerActionExecutor.run(Lorg/gradle/tooling/internal/consumer/connection/ConsumerAction;)Ljava/lang/Object;+34
j  org.gradle.tooling.internal.consumer.connection.ProgressLoggingConsumerActionExecutor.run(Lorg/gradle/tooling/internal/consumer/connection/ConsumerAction;)Ljava/lang/Object;+78
j  org.gradle.tooling.internal.consumer.connection.RethrowingErrorsConsumerActionExecutor.run(Lorg/gradle/tooling/internal/consumer/connection/ConsumerAction;)Ljava/lang/Object;+5
j  org.gradle.tooling.internal.consumer.async.DefaultAsyncConsumerActionExecutor$1$1.run()V+17
j  org.gradle.internal.concurrent.ExecutorPolicy$CatchAndRecordFailures.onExecute(Ljava/lang/Runnable;)V+1
j  org.gradle.internal.concurrent.ManagedExecutorImpl$1.run()V+25
j  java.util.concurrent.ThreadPoolExecutor.runWorker(Ljava/util/concurrent/ThreadPoolExecutor$Worker;)V+92 java.base@11.0.21
j  java.util.concurrent.ThreadPoolExecutor$Worker.run()V+5 java.base@11.0.21
j  org.gradle.internal.concurrent.ThreadFactoryImpl$ManagedThreadRunnable.run()V+7
j  java.lang.Thread.run()V+11 java.base@11.0.21
v  ~StubRoutines::call_stub
V  [libjvm.so+0x8776e3]
V  [libjvm.so+0x875d26]
V  [libjvm.so+0x9258a3]
V  [libjvm.so+0xe410b1]
V  [libjvm.so+0xe3d4b0]
V  [libjvm.so+0xbf94de]


siginfo: si_signo: 11 (SIGSEGV), si_code: 2 (SEGV_ACCERR), si_addr: 0x00000000c95e6060

Register to memory mapping:

RAX=0x00000000c95e5ff0 points into unknown readable memory: 0x0000000000000001 | 01 00 00 00 00 00 00 00
RBX=0x0 is NULL
RCX=0x0000000000079a46 is an unknown value
RDX=0x00000008003cd230 is pointing into metadata
RSP=0x00007f1badefd2a0 is pointing into the stack for thread: 0x00007f1b6c066800
RBP=0x00007f1badefd438 is pointing into the stack for thread: 0x00007f1b6c066800
RSI=0x000000000000000d is an unknown value
RDI=0x0000000000000061 is an unknown value
R8 =0x0000000000000061 is an unknown value
R9 =0x0 is NULL
R10=0x00007f1be0ee1000 points into unknown readable memory: 0x0000000000000000 | 00 00 00 00 00 00 00 00
R11=0x00000000c95e29d0 points into unknown readable memory: 0x0000000000000001 | 01 00 00 00 00 00 00 00
R12=0x0 is NULL
R13=0x0 is NULL
R14=0x00007f1badefd460 is pointing into the stack for thread: 0x00007f1b6c066800
R15=0x00007f1b6c066800 is a thread


Registers:
RAX=0x00000000c95e5ff0, RBX=0x0000000000000000, RCX=0x0000000000079a46, RDX=0x00000008003cd230
RSP=0x00007f1badefd2a0, RBP=0x00007f1badefd438, RSI=0x000000000000000d, RDI=0x0000000000000061
R8 =0x0000000000000061, R9 =0x0000000000000000, R10=0x00007f1be0ee1000, R11=0x00000000c95e29d0
R12=0x0000000000000000, R13=0x0000000000000000, R14=0x00007f1badefd460, R15=0x00007f1b6c066800
RIP=0x00007f1bc4ea4c7a, EFLAGS=0x0000000000010202, CSGSFS=0x00000053002b0033, ERR=0x0000000000000000
  TRAPNO=0x0000000000000000

Top of Stack: (sp=0x00007f1badefd2a0)
0x00007f1badefd2a0:   00007f1be2509da0 00000000c95e5f98
0x00007f1badefd2b0:   00007f1b6c066800 00000000c95e5f98
0x00007f1badefd2c0:   00007f1b6c066800 00007f1badefea90
0x00007f1badefd2d0:   00007f1badefd390 00007f1be1ca69ea 

Instructions: (pc=0x00007f1bc4ea4c7a)
0x00007f1bc4ea4b7a:   00 00 00 00 00 00 44 8b 56 08 49 c1 e2 03 49 bc
0x00007f1bc4ea4b8a:   00 00 00 00 08 00 00 00 4d 03 d4 4d 33 e4 4c 3b
0x00007f1bc4ea4b9a:   d0 0f 85 df 64 97 ff 66 66 66 0f 1f 84 00 00 00
0x00007f1bc4ea4baa:   00 00 66 66 66 90 66 66 66 0f 1f 84 00 00 00 00
0x00007f1bc4ea4bba:   00 66 66 66 90 90 89 84 24 00 c0 fe ff 55 48 81
0x00007f1bc4ea4bca:   ec 80 00 00 00 48 89 74 24 68 89 4c 24 5c 41 83
0x00007f1bc4ea4bda:   f8 00 0f 84 d0 01 00 00 49 8b d8 4c 8b da 48 ba
0x00007f1bc4ea4bea:   30 d2 3c 00 08 00 00 00 4c 8b e9 48 63 db 48 8b
0x00007f1bc4ea4bfa:   fb 48 81 fb ff ff ff 00 0f 87 fe 01 00 00 48 be
0x00007f1bc4ea4c0a:   17 00 00 00 00 00 00 00 48 8d 34 1e 48 83 e6 f8
0x00007f1bc4ea4c1a:   49 8b 87 18 01 00 00 48 8d 34 30 49 3b b7 28 01
0x00007f1bc4ea4c2a:   00 00 0f 87 d4 01 00 00 49 89 b7 18 01 00 00 48
0x00007f1bc4ea4c3a:   2b f0 48 c7 00 01 00 00 00 48 8b ca 49 bc 00 00
0x00007f1bc4ea4c4a:   00 00 08 00 00 00 49 2b cc 48 c1 e9 03 4d 33 e4
0x00007f1bc4ea4c5a:   89 48 08 89 58 0c 48 83 ee 10 0f 84 1a 00 00 00
0x00007f1bc4ea4c6a:   48 85 f6 0f 84 11 00 00 00 48 33 db 48 c1 ee 03
0x00007f1bc4ea4c7a:   48 89 5c f0 08 48 ff ce 75 f6 49 8b f3 49 8b d5
0x00007f1bc4ea4c8a:   48 8b c8 49 8b f8 41 b8 00 00 00 00 4c 8b cf 4c
0x00007f1bc4ea4c9a:   89 5c 24 70 48 89 44 24 60 89 7c 24 58 e8 94 db
0x00007f1bc4ea4caa:   ff ff 3b 44 24 58 48 8b 44 24 60 48 be 00 00 00
0x00007f1bc4ea4cba:   00 00 00 00 00 48 0f 44 f0 48 83 fe 00 0f 85 a0
0x00007f1bc4ea4cca:   00 00 00 48 8b 74 24 68 c6 46 14 01 8b 74 24 58
0x00007f1bc4ea4cda:   0f 1f 44 00 00 e8 31 02 00 00 8b 4c 24 5c be 00
0x00007f1bc4ea4cea:   00 00 00 44 8b 44 24 58 48 8b 54 24 70 e9 2b 00
0x00007f1bc4ea4cfa:   00 00 0f 1f 40 00 3b 4a 0c 0f 83 11 01 00 00 48
0x00007f1bc4ea4d0a:   63 f9 0f b7 7c 7a 10 48 63 de 66 89 7c 58 10 ff
0x00007f1bc4ea4d1a:   c1 ff c6 4d 8b 97 08 01 00 00 41 85 02 41 3b f0
0x00007f1bc4ea4d2a:   7c d4 48 8b 7c 24 68 41 0f be 77 30 83 fe 00 0f
0x00007f1bc4ea4d3a:   85 ee 00 00 00 4c 8b d0 44 89 57 0c 48 8b f7 48
0x00007f1bc4ea4d4a:   33 f0 48 c1 ee 14 48 83 fe 00 0f 85 ee 00 00 00
0x00007f1bc4ea4d5a:   48 81 c4 80 00 00 00 5d 4d 8b 97 08 01 00 00 41
0x00007f1bc4ea4d6a:   85 02 c3 48 8b 7c 24 68 41 0f be 5f 30 83 fb 00 


Stack slot to memory mapping:
stack at sp + 0 slots: 0x00007f1be2509da0: <offset 0x000000000118ada0> in /usr/lib/jvm/java-11-openjdk-amd64/lib/server/libjvm.so at 0x00007f1be137f000
stack at sp + 1 slots: 0x00000000c95e5f98 is an oop: [Lorg.gradle.internal.logging.text.StyledTextOutput$Style; 
{0x00000000c95e5f98} - klass: 'org/gradle/internal/logging/text/StyledTextOutput$Style'[]
 - length: 12
stack at sp + 2 slots: 0x00007f1b6c066800 is a thread
stack at sp + 3 slots: 0x00000000c95e5f98 is an oop: [Lorg.gradle.internal.logging.text.StyledTextOutput$Style; 
{0x00000000c95e5f98} - klass: 'org/gradle/internal/logging/text/StyledTextOutput$Style'[]
 - length: 12
stack at sp + 4 slots: 0x00007f1b6c066800 is a thread
stack at sp + 5 slots: 0x00007f1badefea90 is pointing into the stack for thread: 0x00007f1b6c066800
stack at sp + 6 slots: 0x00007f1badefd390 is pointing into the stack for thread: 0x00007f1b6c066800
stack at sp + 7 slots: 0x00007f1be1ca69ea: JVM_Clone+0x000000000000039a in /usr/lib/jvm/java-11-openjdk-amd64/lib/server/libjvm.so at 0x00007f1be137f000



---------------  P R O C E S S  ---------------

Threads class SMR info:
_java_thread_list=0x00007f1b60009380, length=13, elements={
0x00007f1bdc016000, 0x00007f1bdc129000, 0x00007f1bdc12b000, 0x00007f1bdc133000,
0x00007f1bdc135000, 0x00007f1bdc137000, 0x00007f1bdc139000, 0x00007f1bdc16d000,
0x00007f1bdc7dc800, 0x00007f1bdc7dd000, 0x00007f1bdd5e2000, 0x00007f1b6c066800,
0x00007f1b70e87000
}

Java Threads: ( => current thread )
  0x00007f1bdc016000 JavaThread "main" [_thread_blocked, id=2682, stack(0x00007f1be0f40000,0x00007f1be1040000)]
  0x00007f1bdc129000 JavaThread "Reference Handler" daemon [_thread_blocked, id=2689, stack(0x00007f1baf5f0000,0x00007f1baf6f0000)]
  0x00007f1bdc12b000 JavaThread "Finalizer" daemon [_thread_blocked, id=2690, stack(0x00007f1baf4f0000,0x00007f1baf5f0000)]
  0x00007f1bdc133000 JavaThread "Signal Dispatcher" daemon [_thread_blocked, id=2691, stack(0x00007f1baf3f0000,0x00007f1baf4f0000)]
  0x00007f1bdc135000 JavaThread "Service Thread" daemon [_thread_blocked, id=2692, stack(0x00007f1baf2f0000,0x00007f1baf3f0000)]
  0x00007f1bdc137000 JavaThread "C1 CompilerThread0" daemon [_thread_blocked, id=2693, stack(0x00007f1baf1f0000,0x00007f1baf2f0000)]
  0x00007f1bdc139000 JavaThread "Sweeper thread" daemon [_thread_blocked, id=2694, stack(0x00007f1baf0f0000,0x00007f1baf1f0000)]
  0x00007f1bdc16d000 JavaThread "Common-Cleaner" daemon [_thread_blocked, id=2696, stack(0x00007f1baeee0000,0x00007f1baefe0000)]
  0x00007f1bdc7dc800 JavaThread "process reaper (pid 2864)" daemon [_thread_in_native, id=2791, stack(0x00007f1bae950000,0x00007f1bae972000)]
  0x00007f1bdc7dd000 JavaThread "NonBlockingInputStreamThread" daemon [_thread_blocked, id=2795, stack(0x00007f1bae850000,0x00007f1bae950000)]
  0x00007f1bdd5e2000 JavaThread "pool-1-thread-1" [_thread_blocked, id=2858, stack(0x00007f1badf00000,0x00007f1bae000000)]
=>0x00007f1b6c066800 JavaThread "Connection worker" [_thread_in_Java, id=2859, stack(0x00007f1bade00000,0x00007f1badf00000)]
  0x00007f1b70e87000 JavaThread "pool-2-thread-1" [_thread_blocked, id=2862, stack(0x00007f1bad8e0000,0x00007f1bad9e0000)]

Other Threads:
  0x00007f1bdc126000 VMThread "VM Thread" [stack: 0x00007f1baf6f1000,0x00007f1baf7f1000] [id=2688]
  0x00007f1bdc16a800 WatcherThread [stack: 0x00007f1baefe1000,0x00007f1baf0e1000] [id=2695]
  0x00007f1bdc02e000 GCTaskThread "GC Thread#0" [stack: 0x00007f1be0be1000,0x00007f1be0ce1000] [id=2683]
  0x00007f1ba4001000 GCTaskThread "GC Thread#1" [stack: 0x00007f1baedb1000,0x00007f1baeeb1000] [id=2699]
  0x00007f1ba40a2800 GCTaskThread "GC Thread#2" [stack: 0x00007f1badcf1000,0x00007f1baddf1000] [id=2860]
  0x00007f1ba40a4000 GCTaskThread "GC Thread#3" [stack: 0x00007f1badbe1000,0x00007f1badce1000] [id=2861]
  0x00007f1bdc04a000 ConcurrentGCThread "G1 Main Marker" [stack: 0x00007f1be0061000,0x00007f1be0161000] [id=2684]
  0x00007f1bdc04b800 ConcurrentGCThread "G1 Conc#0" [stack: 0x00007f1bc46c1000,0x00007f1bc47c1000] [id=2685]
  0x00007f1bdc091000 ConcurrentGCThread "G1 Refine#0" [stack: 0x00007f1bc4171000,0x00007f1bc4271000] [id=2686]
  0x00007f1bdc092800 ConcurrentGCThread "G1 Young RemSet Sampling" [stack: 0x00007f1bc4061000,0x00007f1bc4161000] [id=2687]

Threads with active compile tasks:

VM state:not at safepoint (normal execution)

VM Mutex/Monitor currently owned by a thread: None

Heap address: 0x00000000c1400000, size: 1004 MB, Compressed Oops mode: 32-bit
Narrow klass base: 0x0000000800000000, Narrow klass shift: 3
Compressed class space size: 1073741824 Address: 0x0000000840000000

Heap:
 garbage-first heap   total 154624K, used 72844K [0x00000000c1400000, 0x0000000100000000)
  region size 1024K, 31 young (31744K), 7 survivors (7168K)
 Metaspace       used 26229K, capacity 27525K, committed 27568K, reserved 1073152K
  class space    used 3441K, capacity 4053K, committed 4096K, reserved 1048576K
Heap Regions: E=young(eden), S=young(survivor), O=old, HS=humongous(starts), HC=humongous(continues), CS=collection set, F=free, A=archive, TAMS=top-at-mark-start (previous, next)
|   0|0x00000000c1400000, 0x00000000c1500000, 0x00000000c1500000|100%|HS|  |TAMS 0x00000000c1500000, 0x00000000c1400000| Complete 
|   1|0x00000000c1500000, 0x00000000c1600000, 0x00000000c1600000|100%| O|  |TAMS 0x00000000c1600000, 0x00000000c1500000| Untracked 
|   2|0x00000000c1600000, 0x00000000c1700000, 0x00000000c1700000|100%| O|  |TAMS 0x00000000c1700000, 0x00000000c1600000| Untracked 
|   3|0x00000000c1700000, 0x00000000c1800000, 0x00000000c1800000|100%| O|  |TAMS 0x00000000c1800000, 0x00000000c1700000| Untracked 
|   4|0x00000000c1800000, 0x00000000c1900000, 0x00000000c1900000|100%| O|  |TAMS 0x00000000c1900000, 0x00000000c1800000| Untracked 
|   5|0x00000000c1900000, 0x00000000c1a00000, 0x00000000c1a00000|100%| O|  |TAMS 0x00000000c1a00000, 0x00000000c1900000| Untracked 
|   6|0x00000000c1a00000, 0x00000000c1b00000, 0x00000000c1b00000|100%| O|  |TAMS 0x00000000c1b00000, 0x00000000c1a00000| Untracked 
|   7|0x00000000c1b00000, 0x00000000c1c00000, 0x00000000c1c00000|100%|HS|  |TAMS 0x00000000c1c00000, 0x00000000c1b00000| Complete 
|   8|0x00000000c1c00000, 0x00000000c1d00000, 0x00000000c1d00000|100%| O|  |TAMS 0x00000000c1d00000, 0x00000000c1c00000| Untracked 
|   9|0x00000000c1d00000, 0x00000000c1e00000, 0x00000000c1e00000|100%| O|  |TAMS 0x00000000c1e00000, 0x00000000c1d00000| Untracked 
|  10|0x00000000c1e00000, 0x00000000c1f00000, 0x00000000c1f00000|100%| O|  |TAMS 0x00000000c1f00000, 0x00000000c1e00000| Untracked 
|  11|0x00000000c1f00000, 0x00000000c2000000, 0x00000000c2000000|100%| O|  |TAMS 0x00000000c2000000, 0x00000000c1f00000| Untracked 
|  12|0x00000000c2000000, 0x00000000c2100000, 0x00000000c2100000|100%| O|  |TAMS 0x00000000c2100000, 0x00000000c2000000| Untracked 
|  13|0x00000000c2100000, 0x00000000c2200000, 0x00000000c2200000|100%| O|  |TAMS 0x00000000c2200000, 0x00000000c2100000| Untracked 
|  14|0x00000000c2200000, 0x00000000c2300000, 0x00000000c2300000|100%| O|  |TAMS 0x00000000c2300000, 0x00000000c2200000| Untracked 
|  15|0x00000000c2300000, 0x00000000c2400000, 0x00000000c2400000|100%| O|TAMS 0x00000000c2400000, 0x00000000c2300000| Untracked 
|  16|0x00000000c2400000, 0x00000000c2500000, 0x00000000c2500000|100%| O|TAMS 0x00000000c2500000, 0x00000000c2400000| Untracked 
|  17|0x00000000c2500000, 0x00000000c2600000, 0x00000000c2600000|100%| O|TAMS 0x00000000c2600000, 0x00000000c2500000| Untracked 
|  18|0x00000000c2600000, 0x00000000c2700000, 0x00000000c2700000|100%| O|TAMS 0x00000000c2700000, 0x00000000c2600000| Untracked 
|  19|0x00000000c2700000, 0x00000000c2800000, 0x00000000c2800000|100%| O|TAMS 0x00000000c2800000, 0x00000000c2700000| Untracked 
|  20|0x00000000c2800000, 0x00000000c2900000, 0x00000000c2900000|100%| O|TAMS 0x00000000c2900000, 0x00000000c2800000| Untracked 
|  21|0x00000000c2900000, 0x00000000c2a00000, 0x00000000c2a00000|100%| O|TAMS 0x00000000c2a00000, 0x00000000c2900000| Untracked 
|  22|0x00000000c2a00000, 0x00000000c2b00000, 0x00000000c2b00000|100%| O|TAMS 0x00000000c2b00000, 0x00000000c2a00000| Untracked 
|  23|0x00000000c2b00000, 0x00000000c2c00000, 0x00000000c2c00000|100%| O|TAMS 0x00000000c2c00000, 0x00000000c2b00000| Untracked 
|  24|0x00000000c2c00000, 0x00000000c2d00000, 0x00000000c2d00000|100%| O|TAMS 0x00000000c2d00000, 0x00000000c2c00000| Untracked 
|  25|0x00000000c2d00000, 0x00000000c2e00000, 0x00000000c2e00000|100%| O|TAMS 0x00000000c2e00000, 0x00000000c2d00000| Untracked 
|  26|0x00000000c2e00000, 0x00000000c2f00000, 0x00000000c2f00000|100%| O|  |TAMS 0x00000000c2f00000, 0x00000000c2e00000| Untracked 
|  27|0x00000000c2f00000, 0x00000000c3000000, 0x00000000c3000000|100%| O|  |TAMS 0x00000000c3000000, 0x00000000c2f00000| Untracked 
|  28|0x00000000c3000000, 0x00000000c3100000, 0x00000000c3100000|100%| O|  |TAMS 0x00000000c3100000, 0x00000000c3000000| Untracked 
|  29|0x00000000c3100000, 0x00000000c3200000, 0x00000000c3200000|100%| O|  |TAMS 0x00000000c3200000, 0x00000000c3100000| Untracked 
|  30|0x00000000c3200000, 0x00000000c3300000, 0x00000000c3300000|100%| O|  |TAMS 0x00000000c3300000, 0x00000000c3200000| Untracked 
|  31|0x00000000c3300000, 0x00000000c3400000, 0x00000000c3400000|100%| O|  |TAMS 0x00000000c3400000, 0x00000000c3300000| Untracked 
|  32|0x00000000c3400000, 0x00000000c3500000, 0x00000000c3500000|100%| O|  |TAMS 0x00000000c3464e00, 0x00000000c3400000| Untracked 
|  33|0x00000000c3500000, 0x00000000c3600000, 0x00000000c3600000|100%|HS|  |TAMS 0x00000000c3500000, 0x00000000c3500000| Complete 
|  34|0x00000000c3600000, 0x00000000c3700000, 0x00000000c3700000|100%|HS|TAMS 0x00000000c3600000, 0x00000000c3600000| Complete 
|  35|0x00000000c3700000, 0x00000000c3800000, 0x00000000c3800000|100%|HC|TAMS 0x00000000c3700000, 0x00000000c3700000| Complete 
|  36|0x00000000c3800000, 0x00000000c3900000, 0x00000000c3900000|100%| O|TAMS 0x00000000c3800000, 0x00000000c3800000| Untracked 
|  37|0x00000000c3900000, 0x00000000c3a00000, 0x00000000c3a00000|100%| O|TAMS 0x00000000c3900000, 0x00000000c3900000| Untracked 
|  38|0x00000000c3a00000, 0x00000000c3b00000, 0x00000000c3b00000|100%| O|TAMS 0x00000000c3a00000, 0x00000000c3a00000| Untracked 
|  39|0x00000000c3b00000, 0x00000000c3c00000, 0x00000000c3c00000|100%| O|TAMS 0x00000000c3b00000, 0x00000000c3b00000| Untracked 
|  40|0x00000000c3c00000, 0x00000000c3c6f000, 0x00000000c3d00000| 43%| O|TAMS 0x00000000c3c00000, 0x00000000c3c00000| Untracked 
|  41|0x00000000c3d00000, 0x00000000c3d00000, 0x00000000c3e00000|  0%| F|TAMS 0x00000000c3d00000, 0x00000000c3d00000| Untracked 
|  42|0x00000000c3e00000, 0x00000000c3e00000, 0x00000000c3f00000|  0%| F|TAMS 0x00000000c3e00000, 0x00000000c3e00000| Untracked 
|  43|0x00000000c3f00000, 0x00000000c3f00000, 0x00000000c4000000|  0%| F|TAMS 0x00000000c3f00000, 0x00000000c3f00000| Untracked 
|  44|0x00000000c4000000, 0x00000000c4000000, 0x00000000c4100000|  0%| F|TAMS 0x00000000c4000000, 0x00000000c4000000| Untracked 
|  45|0x00000000c4100000, 0x00000000c4100000, 0x00000000c4200000|  0%| F|TAMS 0x00000000c4100000, 0x00000000c4100000| Untracked 
|  46|0x00000000c4200000, 0x00000000c4200000, 0x00000000c4300000|  0%| F|TAMS 0x00000000c4200000, 0x00000000c4200000| Untracked 
|  47|0x00000000c4300000, 0x00000000c4300000, 0x00000000c4400000|  0%| F|TAMS 0x00000000c4300000, 0x00000000c4300000| Untracked 
|  48|0x00000000c4400000, 0x00000000c4500000, 0x00000000c4500000|100%| S|TAMS 0x00000000c4400000, 0x00000000c4400000| Complete 
|  49|0x00000000c4500000, 0x00000000c4600000, 0x00000000c4600000|100%| S|TAMS 0x00000000c4500000, 0x00000000c4500000| Complete 
|  50|0x00000000c4600000, 0x00000000c4700000, 0x00000000c4700000|100%| S|CS|TAMS 0x00000000c4600000, 0x00000000c4600000| Complete 
|  51|0x00000000c4700000, 0x00000000c4800000, 0x00000000c4800000|100%| S|CS|TAMS 0x00000000c4700000, 0x00000000c4700000| Complete 
|  52|0x00000000c4800000, 0x00000000c4900000, 0x00000000c4900000|100%| S|CS|TAMS 0x00000000c4800000, 0x00000000c4800000| Complete 
|  53|0x00000000c4900000, 0x00000000c4a00000, 0x00000000c4a00000|100%| S|CS|TAMS 0x00000000c4900000, 0x00000000c4900000| Complete 
|  54|0x00000000c4a00000, 0x00000000c4b00000, 0x00000000c4b00000|100%| S|CS|TAMS 0x00000000c4a00000, 0x00000000c4a00000| Complete 
|  55|0x00000000c4b00000, 0x00000000c4b00000, 0x00000000c4c00000|  0%| F|  |TAMS 0x00000000c4b00000, 0x00000000c4b00000| Untracked 
|  56|0x00000000c4c00000, 0x00000000c4c00000, 0x00000000c4d00000|  0%| F|  |TAMS 0x00000000c4c00000, 0x00000000c4c00000| Untracked 
|  57|0x00000000c4d00000, 0x00000000c4d00000, 0x00000000c4e00000|  0%| F|  |TAMS 0x00000000c4d00000, 0x00000000c4d00000| Untracked 
|  58|0x00000000c4e00000, 0x00000000c4e00000, 0x00000000c4f00000|  0%| F|  |TAMS 0x00000000c4e00000, 0x00000000c4e00000| Untracked 
|  59|0x00000000c4f00000, 0x00000000c4f00000, 0x00000000c5000000|  0%| F|  |TAMS 0x00000000c4f00000, 0x00000000c4f00000| Untracked 
|  60|0x00000000c5000000, 0x00000000c5000000, 0x00000000c5100000|  0%| F|  |TAMS 0x00000000c5000000, 0x00000000c5000000| Untracked 
|  61|0x00000000c5100000, 0x00000000c5100000, 0x00000000c5200000|  0%| F|  |TAMS 0x00000000c5100000, 0x00000000c5100000| Untracked 
|  62|0x00000000c5200000, 0x00000000c5200000, 0x00000000c5300000|  0%| F|  |TAMS 0x00000000c5200000, 0x00000000c5200000| Untracked 
|  63|0x00000000c5300000, 0x00000000c5300000, 0x00000000c5400000|  0%| F|  |TAMS 0x00000000c5300000, 0x00000000c5300000| Untracked 
|  64|0x00000000c5400000, 0x00000000c5400000, 0x00000000c5500000|  0%| F|  |TAMS 0x00000000c5400000, 0x00000000c5400000| Untracked 
|  65|0x00000000c5500000, 0x00000000c5500000, 0x00000000c5600000|  0%| F|  |TAMS 0x00000000c5500000, 0x00000000c5500000| Untracked 
|  66|0x00000000c5600000, 0x00000000c5600000, 0x00000000c5700000|  0%| F|  |TAMS 0x00000000c5600000, 0x00000000c5600000| Untracked 
|  67|0x00000000c5700000, 0x00000000c5700000, 0x00000000c5800000|  0%| F|TAMS 0x00000000c5700000, 0x00000000c5700000| Untracked 
|  68|0x00000000c5800000, 0x00000000c5800000, 0x00000000c5900000|  0%| F|TAMS 0x00000000c5800000, 0x00000000c5800000| Untracked 
|  69|0x00000000c5900000, 0x00000000c5900000, 0x00000000c5a00000|  0%| F|TAMS 0x00000000c5900000, 0x00000000c5900000| Untracked 
|  70|0x00000000c5a00000, 0x00000000c5a00000, 0x00000000c5b00000|  0%| F|TAMS 0x00000000c5a00000, 0x00000000c5a00000| Untracked 
|  71|0x00000000c5b00000, 0x00000000c5b00000, 0x00000000c5c00000|  0%| F|TAMS 0x00000000c5b00000, 0x00000000c5b00000| Untracked 
|  72|0x00000000c5c00000, 0x00000000c5c00000, 0x00000000c5d00000|  0%| F|TAMS 0x00000000c5c00000, 0x00000000c5c00000| Untracked 
|  73|0x00000000c5d00000, 0x00000000c5d00000, 0x00000000c5e00000|  0%| F|TAMS 0x00000000c5d00000, 0x00000000c5d00000| Untracked 
|  74|0x00000000c5e00000, 0x00000000c5e00000, 0x00000000c5f00000|  0%| F|TAMS 0x00000000c5e00000, 0x00000000c5e00000| Untracked 
|  75|0x00000000c5f00000, 0x00000000c5f00000, 0x00000000c6000000|  0%| F|TAMS 0x00000000c5f00000, 0x00000000c5f00000| Untracked 
|  76|0x00000000c6000000, 0x00000000c6000000, 0x00000000c6100000|  0%| F|TAMS 0x00000000c6000000, 0x00000000c6000000| Untracked 
|  77|0x00000000c6100000, 0x00000000c6100000, 0x00000000c6200000|  0%| F|  |TAMS 0x00000000c6100000, 0x00000000c6100000| Untracked 
|  78|0x00000000c6200000, 0x00000000c6200000, 0x00000000c6300000|  0%| F|  |TAMS 0x00000000c6200000, 0x00000000c6200000| Untracked 
|  79|0x00000000c6300000, 0x00000000c6300000, 0x00000000c6400000|  0%| F|  |TAMS 0x00000000c6300000, 0x00000000c6300000| Untracked 
|  80|0x00000000c6400000, 0x00000000c6400000, 0x00000000c6500000|  0%| F|  |TAMS 0x00000000c6400000, 0x00000000c6400000| Untracked 
|  81|0x00000000c6500000, 0x00000000c6500000, 0x00000000c6600000|  0%| F|  |TAMS 0x00000000c6500000, 0x00000000c6500000| Untracked 
|  82|0x00000000c6600000, 0x00000000c6600000, 0x00000000c6700000|  0%| F|  |TAMS 0x00000000c6600000, 0x00000000c6600000| Untracked 
|  83|0x00000000c6700000, 0x00000000c6700000, 0x00000000c6800000|  0%| F|  |TAMS 0x00000000c6700000, 0x00000000c6700000| Untracked 
|  84|0x00000000c6800000, 0x00000000c6800000, 0x00000000c6900000|  0%| F|  |TAMS 0x00000000c6800000, 0x00000000c6800000| Untracked 
|  85|0x00000000c6900000, 0x00000000c6900000, 0x00000000c6a00000|  0%| F|  |TAMS 0x00000000c6900000, 0x00000000c6900000| Untracked 
|  86|0x00000000c6a00000, 0x00000000c6a00000, 0x00000000c6b00000|  0%| F|  |TAMS 0x00000000c6a00000, 0x00000000c6a00000| Untracked 
|  87|0x00000000c6b00000, 0x00000000c6b00000, 0x00000000c6c00000|  0%| F|  |TAMS 0x00000000c6b00000, 0x00000000c6b00000| Untracked 
|  88|0x00000000c6c00000, 0x00000000c6c00000, 0x00000000c6d00000|  0%| F|  |TAMS 0x00000000c6c00000, 0x00000000c6c00000| Untracked 
|  89|0x00000000c6d00000, 0x00000000c6d00000, 0x00000000c6e00000|  0%| F|  |TAMS 0x00000000c6d00000, 0x00000000c6d00000| Untracked 
|  90|0x00000000c6e00000, 0x00000000c6e00000, 0x00000000c6f00000|  0%| F|  |TAMS 0x00000000c6e00000, 0x00000000c6e00000| Untracked 
|  91|0x00000000c6f00000, 0x00000000c6f00000, 0x00000000c7000000|  0%| F|  |TAMS 0x00000000c6f00000, 0x00000000c6f00000| Untracked 
|  92|0x00000000c7000000, 0x00000000c7000000, 0x00000000c7100000|  0%| F|  |TAMS 0x00000000c7000000, 0x00000000c7000000| Untracked 
|  93|0x00000000c7100000, 0x00000000c7100000, 0x00000000c7200000|  0%| F|  |TAMS 0x00000000c7100000, 0x00000000c7100000| Untracked 
|  94|0x00000000c7200000, 0x00000000c7200000, 0x00000000c7300000|  0%| F|  |TAMS 0x00000000c7200000, 0x00000000c7200000| Untracked 
|  95|0x00000000c7300000, 0x00000000c7300000, 0x00000000c7400000|  0%| F|  |TAMS 0x00000000c7300000, 0x00000000c7300000| Untracked 
|  96|0x00000000c7400000, 0x00000000c7400000, 0x00000000c7500000|  0%| F|  |TAMS 0x00000000c7400000, 0x00000000c7400000| Untracked 
|  97|0x00000000c7500000, 0x00000000c7500000, 0x00000000c7600000|  0%| F|  |TAMS 0x00000000c7500000, 0x00000000c7500000| Untracked 
|  98|0x00000000c7600000, 0x00000000c7600000, 0x00000000c7700000|  0%| F|  |TAMS 0x00000000c7600000, 0x00000000c7600000| Untracked 
|  99|0x00000000c7700000, 0x00000000c7700000, 0x00000000c7800000|  0%| F|  |TAMS 0x00000000c7700000, 0x00000000c7700000| Untracked 
| 100|0x00000000c7800000, 0x00000000c7800000, 0x00000000c7900000|  0%| F|  |TAMS 0x00000000c7800000, 0x00000000c7800000| Untracked 
| 101|0x00000000c7900000, 0x00000000c7900000, 0x00000000c7a00000|  0%| F|  |TAMS 0x00000000c7900000, 0x00000000c7900000| Untracked 
| 102|0x00000000c7a00000, 0x00000000c7a00000, 0x00000000c7b00000|  0%| F|  |TAMS 0x00000000c7a00000, 0x00000000c7a00000| Untracked 
| 103|0x00000000c7b00000, 0x00000000c7b00000, 0x00000000c7c00000|  0%| F|  |TAMS 0x00000000c7b00000, 0x00000000c7b00000| Untracked 
| 104|0x00000000c7c00000, 0x00000000c7c00000, 0x00000000c7d00000|  0%| F|  |TAMS 0x00000000c7c00000, 0x00000000c7c00000| Untracked 
| 105|0x00000000c7d00000, 0x00000000c7d00000, 0x00000000c7e00000|  0%| F|  |TAMS 0x00000000c7d00000, 0x00000000c7d00000| Untracked 
| 106|0x00000000c7e00000, 0x00000000c7e00000, 0x00000000c7f00000|  0%| F|  |TAMS 0x00000000c7e00000, 0x00000000c7e00000| Untracked 
| 107|0x00000000c7f00000, 0x00000000c7f00000, 0x00000000c8000000|  0%| F|  |TAMS 0x00000000c7f00000, 0x00000000c7f00000| Untracked 
| 108|0x00000000c8000000, 0x00000000c8000000, 0x00000000c8100000|  0%| F|  |TAMS 0x00000000c8000000, 0x00000000c8000000| Untracked 
| 109|0x00000000c8100000, 0x00000000c8100000, 0x00000000c8200000|  0%| F|  |TAMS 0x00000000c8100000, 0x00000000c8100000| Untracked 
| 110|0x00000000c8200000, 0x00000000c8200000, 0x00000000c8300000|  0%| F|  |TAMS 0x00000000c8200000, 0x00000000c8200000| Untracked 
| 111|0x00000000c8300000, 0x00000000c8300000, 0x00000000c8400000|  0%| F|  |TAMS 0x00000000c8300000, 0x00000000c8300000| Untracked 
| 112|0x00000000c8400000, 0x00000000c8400000, 0x00000000c8500000|  0%| F|  |TAMS 0x00000000c8400000, 0x00000000c8400000| Untracked 
| 113|0x00000000c8500000, 0x00000000c8500000, 0x00000000c8600000|  0%| F|  |TAMS 0x00000000c8500000, 0x00000000c8500000| Untracked 
| 114|0x00000000c8600000, 0x00000000c8600000, 0x00000000c8700000|  0%| F|  |TAMS 0x00000000c8600000, 0x00000000c8600000| Untracked 
| 115|0x00000000c8700000, 0x00000000c8700000, 0x00000000c8800000|  0%| F|  |TAMS 0x00000000c8700000, 0x00000000c8700000| Untracked 
| 116|0x00000000c8800000, 0x00000000c8800000, 0x00000000c8900000|  0%| F|  |TAMS 0x00000000c8800000, 0x00000000c8800000| Untracked 
| 117|0x00000000c8900000, 0x00000000c8900000, 0x00000000c8a00000|  0%| F|  |TAMS 0x00000000c8900000, 0x00000000c8900000| Untracked 
| 118|0x00000000c8a00000, 0x00000000c8a00000, 0x00000000c8b00000|  0%| F|  |TAMS 0x00000000c8a00000, 0x00000000c8a00000| Untracked 
| 119|0x00000000c8b00000, 0x00000000c8b00000, 0x00000000c8c00000|  0%| F|  |TAMS 0x00000000c8b00000, 0x00000000c8b00000| Untracked 
| 120|0x00000000c8c00000, 0x00000000c8c00000, 0x00000000c8d00000|  0%| F|  |TAMS 0x00000000c8c00000, 0x00000000c8c00000| Untracked 
| 121|0x00000000c8d00000, 0x00000000c8d00000, 0x00000000c8e00000|  0%| F|  |TAMS 0x00000000c8d00000, 0x00000000c8d00000| Untracked 
| 122|0x00000000c8e00000, 0x00000000c8e00000, 0x00000000c8f00000|  0%| F|  |TAMS 0x00000000c8e00000, 0x00000000c8e00000| Untracked 
| 123|0x00000000c8f00000, 0x00000000c8f00000, 0x00000000c9000000|  0%| F|  |TAMS 0x00000000c8f00000, 0x00000000c8f00000| Untracked 
| 124|0x00000000c9000000, 0x00000000c9000000, 0x00000000c9100000|  0%| F|  |TAMS 0x00000000c9000000, 0x00000000c9000000| Untracked 
| 125|0x00000000c9100000, 0x00000000c91bc3f0, 0x00000000c9200000| 73%| E|  |TAMS 0x00000000c9100000, 0x00000000c9100000| Complete 
| 126|0x00000000c9200000, 0x00000000c9300000, 0x00000000c9300000|100%| E|CS|TAMS 0x00000000c9200000, 0x00000000c9200000| Complete 
| 127|0x00000000c9300000, 0x00000000c9400000, 0x00000000c9400000|100%| E|CS|TAMS 0x00000000c9300000, 0x00000000c9300000| Complete 
| 128|0x00000000c9400000, 0x00000000c9500000, 0x00000000c9500000|100%| E|CS|TAMS 0x00000000c9400000, 0x00000000c9400000| Complete 
| 129|0x00000000c9500000, 0x00000000c9600000, 0x00000000c9600000|100%| E|CS|TAMS 0x00000000c9500000, 0x00000000c9500000| Complete 
| 130|0x00000000c9600000, 0x00000000c9700000, 0x00000000c9700000|100%| E|CS|TAMS 0x00000000c9600000, 0x00000000c9600000| Complete 
| 131|0x00000000c9700000, 0x00000000c9800000, 0x00000000c9800000|100%| E|CS|TAMS 0x00000000c9700000, 0x00000000c9700000| Complete 
| 132|0x00000000c9800000, 0x00000000c9900000, 0x00000000c9900000|100%| E|CS|TAMS 0x00000000c9800000, 0x00000000c9800000| Complete 
| 133|0x00000000c9900000, 0x00000000c9a00000, 0x00000000c9a00000|100%| E|CS|TAMS 0x00000000c9900000, 0x00000000c9900000| Complete 
| 134|0x00000000c9a00000, 0x00000000c9b00000, 0x00000000c9b00000|100%| E|CS|TAMS 0x00000000c9a00000, 0x00000000c9a00000| Complete 
| 135|0x00000000c9b00000, 0x00000000c9c00000, 0x00000000c9c00000|100%| E|CS|TAMS 0x00000000c9b00000, 0x00000000c9b00000| Complete 
| 136|0x00000000c9c00000, 0x00000000c9d00000, 0x00000000c9d00000|100%| E|CS|TAMS 0x00000000c9c00000, 0x00000000c9c00000| Complete 
| 137|0x00000000c9d00000, 0x00000000c9e00000, 0x00000000c9e00000|100%| E|CS|TAMS 0x00000000c9d00000, 0x00000000c9d00000| Complete 
| 138|0x00000000c9e00000, 0x00000000c9f00000, 0x00000000c9f00000|100%| E|CS|TAMS 0x00000000c9e00000, 0x00000000c9e00000| Complete 
| 139|0x00000000c9f00000, 0x00000000ca000000, 0x00000000ca000000|100%| E|CS|TAMS 0x00000000c9f00000, 0x00000000c9f00000| Complete 
| 140|0x00000000ca000000, 0x00000000ca100000, 0x00000000ca100000|100%| E|CS|TAMS 0x00000000ca000000, 0x00000000ca000000| Complete 
| 141|0x00000000ca100000, 0x00000000ca200000, 0x00000000ca200000|100%| E|CS|TAMS 0x00000000ca100000, 0x00000000ca100000| Complete 
| 142|0x00000000ca200000, 0x00000000ca300000, 0x00000000ca300000|100%| E|CS|TAMS 0x00000000ca200000, 0x00000000ca200000| Complete 
| 143|0x00000000ca300000, 0x00000000ca400000, 0x00000000ca400000|100%| E|CS|TAMS 0x00000000ca300000, 0x00000000ca300000| Complete 
| 144|0x00000000ca400000, 0x00000000ca500000, 0x00000000ca500000|100%| E|CS|TAMS 0x00000000ca400000, 0x00000000ca400000| Complete 
| 145|0x00000000ca500000, 0x00000000ca600000, 0x00000000ca600000|100%| E|CS|TAMS 0x00000000ca500000, 0x00000000ca500000| Complete 
| 146|0x00000000ca600000, 0x00000000ca700000, 0x00000000ca700000|100%| E|CS|TAMS 0x00000000ca600000, 0x00000000ca600000| Complete 
| 147|0x00000000ca700000, 0x00000000ca800000, 0x00000000ca800000|100%| E|CS|TAMS 0x00000000ca700000, 0x00000000ca700000| Complete 
| 148|0x00000000ca800000, 0x00000000ca900000, 0x00000000ca900000|100%| E|CS|TAMS 0x00000000ca800000, 0x00000000ca800000| Complete 
|1002|0x00000000ffe00000, 0x00000000ffe48000, 0x00000000fff00000| 28%|OA|  |TAMS 0x00000000ffe48000, 0x00000000ffe00000| Untracked 
|1003|0x00000000fff00000, 0x00000000fff6c000, 0x0000000100000000| 42%|CA|  |TAMS 0x00000000fff6c000, 0x00000000fff00000| Untracked 

Card table byte_map: [0x00007f1be03a0000,0x00007f1be0596000] _byte_map_base: 0x00007f1bdfd96000

Marking Bits (Prev, Next): (CMBitMap*) 0x00007f1bdc044fd0, (CMBitMap*) 0x00007f1bdc044f98
 Prev Bits: [0x00007f1bbe0a0000, 0x00007f1bbf050000)
 Next Bits: [0x00007f1bbf050000, 0x00007f1bc0000000)

Polling page: 0x00007f1be0ee0000

Metaspace:

Usage:
  Non-class:     22.92 MB capacity,    22.25 MB ( 97%) used,   632.55 KB (  3%) free+waste,    51.00 KB ( <1%) overhead. 
      Class:      3.96 MB capacity,     3.36 MB ( 85%) used,   585.57 KB ( 14%) free+waste,    26.19 KB ( <1%) overhead. 
       Both:     26.88 MB capacity,    25.61 MB ( 95%) used,     1.19 MB (  4%) free+waste,    77.19 KB ( <1%) overhead. 

Virtual space:
  Non-class space:       24.00 MB reserved,      22.92 MB ( 96%) committed 
      Class space:        1.00 GB reserved,       4.00 MB ( <1%) committed 
             Both:        1.02 GB reserved,      26.92 MB (  3%) committed 

Chunk freelists:
   Non-Class:  0 bytes
       Class:  0 bytes
        Both:  0 bytes

MaxMetaspaceSize: unlimited
CompressedClassSpaceSize: 1.00 GB
Initial GC threshold: 20.80 MB
Current GC threshold: 34.87 MB
CDS: on

CodeHeap 'non-profiled nmethods': size=238948Kb used=8345Kb max_used=8345Kb free=230602Kb
 bounds [0x00007f1bc4e77000, 0x00007f1bc56a7000, 0x00007f1bd37d0000]
CodeHeap 'non-nmethods': size=6812Kb used=2236Kb max_used=2236Kb free=4575Kb
 bounds [0x00007f1bc47d0000, 0x00007f1bc4a40000, 0x00007f1bc4e77000]
 total_blobs=5541 nmethods=4814 adapters=655
 compilation: enabled
              stopped_count=0, restarted_count=0
 full_count=0

Compilation events (20 events):
Event: 86.529 Thread 0x00007f1bdc137000 4960       1       org.gradle.internal.logging.console.DefaultColorMap$ForegroundColor::off (9 bytes)
Event: 86.530 Thread 0x00007f1bdc137000 nmethod 4960 0x00007f1bc569aa90 code [0x00007f1bc569ac40, 0x00007f1bc569ad40]
Event: 90.543 Thread 0x00007f1bdc137000 4962       1       java.nio.channels.spi.AbstractSelector::cancelledKeys (5 bytes)
Event: 90.543 Thread 0x00007f1bdc137000 nmethod 4962 0x00007f1bc569ae10 code [0x00007f1bc569afc0, 0x00007f1bc569b090]
Event: 90.543 Thread 0x00007f1bdc137000 4961       1       org.gradle.internal.logging.events.ProgressStartEvent::isBuildOperationStart (5 bytes)
Event: 90.544 Thread 0x00007f1bdc137000 nmethod 4961 0x00007f1bc569b110 code [0x00007f1bc569b2c0, 0x00007f1bc569b390]
Event: 90.544 Thread 0x00007f1bdc137000 4963       1       sun.nio.ch.SelectionKeyImpl::nioReadyOps (5 bytes)
Event: 90.544 Thread 0x00007f1bdc137000 nmethod 4963 0x00007f1bc569b410 code [0x00007f1bc569b5c0, 0x00007f1bc569b690]
Event: 98.080 Thread 0x00007f1bdc137000 4964       1       com.google.common.base.Preconditions::checkArgument (17 bytes)
Event: 98.082 Thread 0x00007f1bdc137000 nmethod 4964 0x00007f1bc569b710 code [0x00007f1bc569b8e0, 0x00007f1bc569ba90]
Event: 109.174 Thread 0x00007f1bdc137000 4965       1       com.esotericsoftware.kryo.io.Input::readUtf8 (90 bytes)
Event: 109.179 Thread 0x00007f1bdc137000 nmethod 4965 0x00007f1bc569bb90 code [0x00007f1bc569bd60, 0x00007f1bc569bf50]
Event: 109.243 Thread 0x00007f1bdc137000 4966       1       org.gradle.internal.operations.OperationIdentifier::<init> (26 bytes)
Event: 109.244 Thread 0x00007f1bdc137000 nmethod 4966 0x00007f1bc569c110 code [0x00007f1bc569c2c0, 0x00007f1bc569c480]
Event: 132.161 Thread 0x00007f1bdc137000 4967   !   1       org.gradle.internal.serialize.kryo.KryoBackedDecoder::readSmallLong (16 bytes)
Event: 132.163 Thread 0x00007f1bdc137000 nmethod 4967 0x00007f1bc569c590 code [0x00007f1bc569c780, 0x00007f1bc569ca40]
Event: 132.163 Thread 0x00007f1bdc137000 4968       1       com.esotericsoftware.kryo.io.Input::readLong (6 bytes)
Event: 132.163 Thread 0x00007f1bdc137000 nmethod 4968 0x00007f1bc569cc90 code [0x00007f1bc569ce40, 0x00007f1bc569cf20]
Event: 132.163 Thread 0x00007f1bdc137000 4969       1       com.esotericsoftware.kryo.io.Input::readVarLong (329 bytes)
Event: 132.164 Thread 0x00007f1bdc137000 nmethod 4969 0x00007f1bc569cf90 code [0x00007f1bc569d160, 0x00007f1bc569d5b0]

GC Heap History (20 events):
Event: 25.171 GC heap before
{Heap before GC invocations=10 (full 0):
 garbage-first heap   total 94208K, used 70633K [0x00000000c1400000, 0x0000000100000000)
  region size 1024K, 43 young (44032K), 4 survivors (4096K)
 Metaspace       used 17150K, capacity 18582K, committed 18816K, reserved 1067008K
  class space    used 1930K, capacity 2175K, committed 2176K, reserved 1048576K
}
Event: 25.178 GC heap after
{Heap after GC invocations=11 (full 0):
 garbage-first heap   total 94208K, used 31407K [0x00000000c1400000, 0x0000000100000000)
  region size 1024K, 4 young (4096K), 4 survivors (4096K)
 Metaspace       used 17150K, capacity 18582K, committed 18816K, reserved 1067008K
  class space    used 1930K, capacity 2175K, committed 2176K, reserved 1048576K
}
Event: 25.352 GC heap before
{Heap before GC invocations=11 (full 0):
 garbage-first heap   total 94208K, used 71343K [0x00000000c1400000, 0x0000000100000000)
  region size 1024K, 43 young (44032K), 4 survivors (4096K)
 Metaspace       used 17198K, capacity 18684K, committed 18944K, reserved 1067008K
  class space    used 1944K, capacity 2245K, committed 2304K, reserved 1048576K
}
Event: 25.358 GC heap after
{Heap after GC invocations=12 (full 0):
 garbage-first heap   total 94208K, used 32386K [0x00000000c1400000, 0x0000000100000000)
  region size 1024K, 5 young (5120K), 5 survivors (5120K)
 Metaspace       used 17198K, capacity 18684K, committed 18944K, reserved 1067008K
  class space    used 1944K, capacity 2245K, committed 2304K, reserved 1048576K
}
Event: 25.562 GC heap before
{Heap before GC invocations=12 (full 0):
 garbage-first heap   total 94208K, used 72322K [0x00000000c1400000, 0x0000000100000000)
  region size 1024K, 44 young (45056K), 5 survivors (5120K)
 Metaspace       used 17215K, capacity 18730K, committed 18944K, reserved 1067008K
  class space    used 1950K, capacity 2279K, committed 2304K, reserved 1048576K
}
Event: 25.571 GC heap after
{Heap after GC invocations=13 (full 0):
 garbage-first heap   total 94208K, used 32656K [0x00000000c1400000, 0x0000000100000000)
  region size 1024K, 3 young (3072K), 3 survivors (3072K)
 Metaspace       used 17215K, capacity 18730K, committed 18944K, reserved 1067008K
  class space    used 1950K, capacity 2279K, committed 2304K, reserved 1048576K
}
Event: 25.881 GC heap before
{Heap before GC invocations=13 (full 0):
 garbage-first heap   total 94208K, used 73616K [0x00000000c1400000, 0x0000000100000000)
  region size 1024K, 43 young (44032K), 3 survivors (3072K)
 Metaspace       used 17610K, capacity 19202K, committed 19328K, reserved 1067008K
  class space    used 2017K, capacity 2391K, committed 2432K, reserved 1048576K
}
Event: 25.888 GC heap after
{Heap after GC invocations=14 (full 0):
 garbage-first heap   total 94208K, used 33957K [0x00000000c1400000, 0x0000000100000000)
  region size 1024K, 4 young (4096K), 4 survivors (4096K)
 Metaspace       used 17610K, capacity 19202K, committed 19328K, reserved 1067008K
  class space    used 2017K, capacity 2391K, committed 2432K, reserved 1048576K
}
Event: 26.055 GC heap before
{Heap before GC invocations=14 (full 0):
 garbage-first heap   total 94208K, used 74917K [0x00000000c1400000, 0x0000000100000000)
  region size 1024K, 44 young (45056K), 4 survivors (4096K)
 Metaspace       used 17646K, capacity 19301K, committed 19456K, reserved 1067008K
  class space    used 2030K, capacity 2460K, committed 2560K, reserved 1048576K
}
Event: 26.062 GC heap after
{Heap after GC invocations=15 (full 0):
 garbage-first heap   total 94208K, used 35110K [0x00000000c1400000, 0x0000000100000000)
  region size 1024K, 4 young (4096K), 4 survivors (4096K)
 Metaspace       used 17646K, capacity 19301K, committed 19456K, reserved 1067008K
  class space    used 2030K, capacity 2460K, committed 2560K, reserved 1048576K
}
Event: 26.221 GC heap before
{Heap before GC invocations=15 (full 0):
 garbage-first heap   total 94208K, used 75046K [0x00000000c1400000, 0x0000000100000000)
  region size 1024K, 43 young (44032K), 4 survivors (4096K)
 Metaspace       used 17679K, capacity 19415K, committed 19712K, reserved 1067008K
  class space    used 2039K, capacity 2494K, committed 2560K, reserved 1048576K
}
Event: 26.230 GC heap after
{Heap after GC invocations=16 (full 0):
 garbage-first heap   total 113664K, used 35811K [0x00000000c1400000, 0x0000000100000000)
  region size 1024K, 4 young (4096K), 4 survivors (4096K)
 Metaspace       used 17679K, capacity 19415K, committed 19712K, reserved 1067008K
  class space    used 2039K, capacity 2494K, committed 2560K, reserved 1048576K
}
Event: 26.480 GC heap before
{Heap before GC invocations=16 (full 0):
 garbage-first heap   total 113664K, used 82915K [0x00000000c1400000, 0x0000000100000000)
  region size 1024K, 50 young (51200K), 4 survivors (4096K)
 Metaspace       used 17720K, capacity 19517K, committed 19840K, reserved 1067008K
  class space    used 2052K, capacity 2563K, committed 2688K, reserved 1048576K
}
Event: 26.491 GC heap after
{Heap after GC invocations=17 (full 0):
 garbage-first heap   total 113664K, used 36797K [0x00000000c1400000, 0x0000000100000000)
  region size 1024K, 5 young (5120K), 5 survivors (5120K)
 Metaspace       used 17720K, capacity 19517K, committed 19840K, reserved 1067008K
  class space    used 2052K, capacity 2563K, committed 2688K, reserved 1048576K
}
Event: 26.741 GC heap before
{Heap before GC invocations=17 (full 0):
 garbage-first heap   total 113664K, used 85949K [0x00000000c1400000, 0x0000000100000000)
  region size 1024K, 53 young (54272K), 5 survivors (5120K)
 Metaspace       used 17734K, capacity 19563K, committed 19840K, reserved 1067008K
  class space    used 2057K, capacity 2597K, committed 2688K, reserved 1048576K
}
Event: 26.762 GC heap after
{Heap after GC invocations=18 (full 0):
 garbage-first heap   total 113664K, used 37372K [0x00000000c1400000, 0x0000000100000000)
  region size 1024K, 4 young (4096K), 4 survivors (4096K)
 Metaspace       used 17734K, capacity 19563K, committed 19840K, reserved 1067008K
  class space    used 2057K, capacity 2597K, committed 2688K, reserved 1048576K
}
Event: 27.199 GC heap before
{Heap before GC invocations=18 (full 0):
 garbage-first heap   total 113664K, used 65020K [0x00000000c1400000, 0x0000000100000000)
  region size 1024K, 32 young (32768K), 4 survivors (4096K)
 Metaspace       used 19686K, capacity 21115K, committed 21296K, reserved 1067008K
  class space    used 2347K, capacity 2920K, committed 2944K, reserved 1048576K
}
Event: 27.210 GC heap after
{Heap after GC invocations=19 (full 0):
 garbage-first heap   total 113664K, used 39011K [0x00000000c1400000, 0x0000000100000000)
  region size 1024K, 5 young (5120K), 5 survivors (5120K)
 Metaspace       used 19686K, capacity 21115K, committed 21296K, reserved 1067008K
  class space    used 2347K, capacity 2920K, committed 2944K, reserved 1048576K
}
Event: 29.036 GC heap before
{Heap before GC invocations=20 (full 0):
 garbage-first heap   total 113664K, used 91235K [0x00000000c1400000, 0x0000000100000000)
  region size 1024K, 54 young (55296K), 5 survivors (5120K)
 Metaspace       used 22450K, capacity 23975K, committed 24240K, reserved 1071104K
  class space    used 2877K, capacity 3492K, committed 3584K, reserved 1048576K
}
Event: 29.056 GC heap after
{Heap after GC invocations=21 (full 0):
 garbage-first heap   total 154624K, used 49292K [0x00000000c1400000, 0x0000000100000000)
  region size 1024K, 7 young (7168K), 7 survivors (7168K)
 Metaspace       used 22450K, capacity 23975K, committed 24240K, reserved 1071104K
  class space    used 2877K, capacity 3492K, committed 3584K, reserved 1048576K
}
Deoptimization events (0 events):
No events

Classes redefined (0 events):
No events
Internal exceptions (20 events):
Event: 28.678 Thread 0x00007f1b6c066800 Exception <a 'java/security/PrivilegedActionException'{0x00000000c57235f8}> (0x00000000c57235f8) thrown at [./src/hotspot/share/prims/jvm.cpp, line 1304]Event: 28.678 Thread 0x00007f1b6c066800 Exception <a 'java/security/PrivilegedActionException'{0x00000000c5723e18}> (0x00000000c5723e18) thrown at [./src/hotspot/share/prims/jvm.cpp, line 1304]Event: 28.679 Thread 0x00007f1b6c066800 Exception <a 'java/security/PrivilegedActionException'{0x00000000c5725260}> (0x00000000c5725260) thrown at [./src/hotspot/share/prims/jvm.cpp, line 1304]
Event: 28.679 Thread 0x00007f1b6c066800 Exception <a 'java/security/PrivilegedActionException'{0x00000000c5725a80}> (0x00000000c5725a80) thrown at [./src/hotspot/share/prims/jvm.cpp, line 1304]
Event: 28.679 Thread 0x00007f1b6c066800 Exception <a 'java/security/PrivilegedActionException'{0x00000000c5726f10}> (0x00000000c5726f10) thrown at [./src/hotspot/share/prims/jvm.cpp, line 1304]
Event: 28.679 Thread 0x00007f1b6c066800 Exception <a 'java/security/PrivilegedActionException'{0x00000000c5727730}> (0x00000000c5727730) thrown at [./src/hotspot/share/prims/jvm.cpp, line 1304]
Event: 28.969 Thread 0x00007f1b6c066800 Exception <a 'java/lang/NoSuchMethodError'{0x00000000c4db59c8}: 'java.lang.Object java.lang.invoke.Invokers$Holder.invoker(java.lang.Object, java.lang.Object, java.lang.Object, java.lang.Object, java.lang.Object)'> (0x00000000c4db59c8) thrown at [./src/hotspot/share/interpreter/linkResolver.cpp, line 772]
Event: 28.975 Thread 0x00007f1b6c066800 Exception <a 'java/lang/NoSuchMethodError'{0x00000000c4dc59a0}: 'void java.lang.invoke.DelegatingMethodHandle$Holder.delegate(java.lang.Object, java.lang.Object, int, java.lang.Object)'> (0x00000000c4dc59a0) thrown at [./src/hotspot/share/interpreter/linkResolver.cpp, line 772]
Event: 29.129 Thread 0x00007f1b6c066800 Exception <a 'java/lang/NoSuchMethodError'{0x00000000ca784f68}: 'java.lang.Object java.lang.invoke.DirectMethodHandle$Holder.invokeStaticInit(java.lang.Object, java.lang.Object, java.lang.Object)'> (0x00000000ca784f68) thrown at [./src/hotspot/share/interpreter/linkResolver.cpp, line 772]
Event: 29.172 Thread 0x00007f1b6c066800 Exception <a 'java/lang/NoClassDefFoundError'{0x00000000ca69d198}: org/slf4j/impl/StaticMarkerBinder> (0x00000000ca69d198) thrown at [./src/hotspot/share/classfile/systemDictionary.cpp, line 219]
Event: 33.657 Thread 0x00007f1b6c066800 Exception <a 'java/net/ConnectException'{0x00000000c9672328}> (0x00000000c9672328) thrown at [./src/hotspot/share/prims/jni.cpp, line 617]
Event: 33.689 Thread 0x00007f1b6c066800 Exception <a 'java/lang/NoSuchMethodError'{0x00000000c96f6fb0}: <clinit>> (0x00000000c96f6fb0) thrown at [./src/hotspot/share/prims/jni.cpp, line 1367]
Event: 33.690 Thread 0x00007f1b6c066800 Exception <a 'java/lang/NoSuchMethodError'{0x00000000c96f8f68}: <clinit>> (0x00000000c96f8f68) thrown at [./src/hotspot/share/prims/jni.cpp, line 1367]
Event: 33.691 Thread 0x00007f1b6c066800 Exception <a 'java/lang/NoSuchMethodError'{0x00000000c95025f0}: <clinit>> (0x00000000c95025f0) thrown at [./src/hotspot/share/prims/jni.cpp, line 1367]
Event: 33.696 Thread 0x00007f1b6c066800 Exception <a 'java/lang/NoSuchMethodError'{0x00000000c951b770}: <clinit>> (0x00000000c951b770) thrown at [./src/hotspot/share/prims/jni.cpp, line 1367]
Event: 33.699 Thread 0x00007f1b6c066800 Exception <a 'java/lang/NoSuchMethodError'{0x00000000c953c368}: <clinit>> (0x00000000c953c368) thrown at [./src/hotspot/share/prims/jni.cpp, line 1367]
Event: 33.709 Thread 0x00007f1b6c066800 Exception <a 'java/lang/NoSuchMethodError'{0x00000000c957d828}: <clinit>> (0x00000000c957d828) thrown at [./src/hotspot/share/prims/jni.cpp, line 1367]
Event: 33.715 Thread 0x00007f1b6c066800 Exception <a 'java/lang/NoSuchMethodError'{0x00000000c959ae30}: <clinit>> (0x00000000c959ae30) thrown at [./src/hotspot/share/prims/jni.cpp, line 1367]
Event: 33.716 Thread 0x00007f1b6c066800 Exception <a 'java/lang/NoSuchMethodError'{0x00000000c95a5398}: <clinit>> (0x00000000c95a5398) thrown at [./src/hotspot/share/prims/jni.cpp, line 1367]
Event: 33.717 Thread 0x00007f1b6c066800 Exception <a 'java/lang/NoSuchMethodError'{0x00000000c95af398}: <clinit>> (0x00000000c95af398) thrown at [./src/hotspot/share/prims/jni.cpp, line 1367]

Events (20 events):
Event: 35.428 loading class org/gradle/internal/logging/console/DefaultColorMap$ForegroundColor
Event: 35.428 loading class org/gradle/internal/logging/console/DefaultColorMap$ForegroundColor done
Event: 35.429 loading class org/gradle/internal/logging/console/DefaultColorMap$CompositeColor
Event: 35.429 loading class org/gradle/internal/logging/console/DefaultColorMap$CompositeColor done
Event: 35.430 loading class com/google/common/collect/Lists$ReverseList
Event: 35.430 loading class com/google/common/collect/Lists$ReverseList done
Event: 35.431 loading class com/google/common/collect/Lists$RandomAccessReverseList
Event: 35.431 loading class com/google/common/collect/Lists$RandomAccessReverseList done
Event: 35.432 loading class com/google/common/collect/Lists$ReverseList$1
Event: 35.432 loading class com/google/common/collect/Lists$ReverseList$1 done
Event: 61.290 loading class org/gradle/internal/logging/text/AbstractLineChoppingStyledTextOutput$StateContext
Event: 61.290 loading class org/gradle/internal/logging/text/AbstractLineChoppingStyledTextOutput$StateContext done
Event: 61.298 loading class org/gradle/internal/logging/console/DefaultTextArea$2
Event: 61.298 loading class org/gradle/internal/logging/console/DefaultTextArea$2 done
Event: 61.303 loading class org/gradle/internal/logging/console/DefaultTextArea$2$1
Event: 61.303 loading class org/gradle/internal/logging/console/DefaultTextArea$2$1 done
Event: 78.084 Thread 0x00007f1bdc7c8800 Thread exited: 0x00007f1bdc7c8800
Event: 93.959 Executing VM operation: RevokeBias
Event: 94.050 Executing VM operation: RevokeBias done
Event: 94.087 Thread 0x00007f1b70ef7000 Thread exited: 0x00007f1b70ef7000


Dynamic libraries:
c1400000-ca900000 rw-p 00000000 00:00 0
ca900000-ffe00000 ---p 00000000 00:00 0
ffe00000-ffe48000 rw-p 00b13000 00:00 395948                     /usr/lib/jvm/java-11-openjdk-amd64/lib/server/classes.jsa
ffe48000-fff00000 rw-p 00000000 00:00 0
fff00000-fff6c000 rw-p 00aa7000 00:00 395948                     /usr/lib/jvm/java-11-openjdk-amd64/lib/server/classes.jsa
fff6c000-100000000 rw-p 00000000 00:00 0
800000000-800002000 rwxp 00001000 00:00 395948                   /usr/lib/jvm/java-11-openjdk-amd64/lib/server/classes.jsa
800002000-8003ce000 rw-p 00003000 00:00 395948                   /usr/lib/jvm/java-11-openjdk-amd64/lib/server/classes.jsa
8003ce000-800aa5000 r--p 003cf000 00:00 395948                   /usr/lib/jvm/java-11-openjdk-amd64/lib/server/classes.jsa
800aa5000-800aa6000 rw-p 00aa6000 00:00 395948                   /usr/lib/jvm/java-11-openjdk-amd64/lib/server/classes.jsa
840000000-840400000 rw-p 00000000 00:00 0
840400000-880000000 ---p 00000000 00:00 0
7f1b54000000-7f1b54021000 rw-p 00000000 00:00 0
7f1b54021000-7f1b58000000 ---p 00000000 00:00 0
7f1b58000000-7f1b58021000 rw-p 00000000 00:00 0
7f1b58021000-7f1b5c000000 ---p 00000000 00:00 0
7f1b5c000000-7f1b5c021000 rw-p 00000000 00:00 0
7f1b5c021000-7f1b60000000 ---p 00000000 00:00 0
7f1b60000000-7f1b60021000 rw-p 00000000 00:00 0
7f1b60021000-7f1b64000000 ---p 00000000 00:00 0
7f1b64000000-7f1b64021000 rw-p 00000000 00:00 0
7f1b64021000-7f1b68000000 ---p 00000000 00:00 0
7f1b68000000-7f1b68021000 rw-p 00000000 00:00 0
7f1b68021000-7f1b6c000000 ---p 00000000 00:00 0
7f1b6c000000-7f1b6c06d000 rw-p 00000000 00:00 0
7f1b6c06d000-7f1b70000000 ---p 00000000 00:00 0
7f1b70000000-7f1b70f1b000 rw-p 00000000 00:00 0
7f1b70f1b000-7f1b74000000 ---p 00000000 00:00 0
7f1b74000000-7f1b74021000 rw-p 00000000 00:00 0
7f1b74021000-7f1b78000000 ---p 00000000 00:00 0
7f1b78000000-7f1b78021000 rw-p 00000000 00:00 0
7f1b78021000-7f1b7c000000 ---p 00000000 00:00 0
7f1b7c000000-7f1b7c021000 rw-p 00000000 00:00 0
7f1b7c021000-7f1b80000000 ---p 00000000 00:00 0
7f1b80000000-7f1b80021000 rw-p 00000000 00:00 0
7f1b80021000-7f1b84000000 ---p 00000000 00:00 0
7f1b84000000-7f1b84021000 rw-p 00000000 00:00 0
7f1b84021000-7f1b88000000 ---p 00000000 00:00 0
7f1b88000000-7f1b88021000 rw-p 00000000 00:00 0
7f1b88021000-7f1b8c000000 ---p 00000000 00:00 0
7f1b8c000000-7f1b8c7f1000 rw-p 00000000 00:00 0
7f1b8c7f1000-7f1b90000000 ---p 00000000 00:00 0
7f1b90000000-7f1b90021000 rw-p 00000000 00:00 0
7f1b90021000-7f1b94000000 ---p 00000000 00:00 0
7f1b94000000-7f1b94021000 rw-p 00000000 00:00 0
7f1b94021000-7f1b98000000 ---p 00000000 00:00 0
7f1b98000000-7f1b98021000 rw-p 00000000 00:00 0
7f1b98021000-7f1b9c000000 ---p 00000000 00:00 0
7f1b9c000000-7f1b9c021000 rw-p 00000000 00:00 0
7f1b9c021000-7f1ba0000000 ---p 00000000 00:00 0
7f1ba0000000-7f1ba0021000 rw-p 00000000 00:00 0
7f1ba0021000-7f1ba4000000 ---p 00000000 00:00 0
7f1ba4000000-7f1ba410f000 rw-p 00000000 00:00 0
7f1ba410f000-7f1ba8000000 ---p 00000000 00:00 0
7f1ba8000000-7f1ba8021000 rw-p 00000000 00:00 0
7f1ba8021000-7f1bac000000 ---p 00000000 00:00 0
7f1bacf00000-7f1bacf04000 ---p 00000000 00:00 0
7f1bacf04000-7f1bad000000 rw-p 00000000 00:00 0
7f1bad000000-7f1bad004000 ---p 00000000 00:00 0
7f1bad004000-7f1bad100000 rw-p 00000000 00:00 0
7f1bad100000-7f1bad104000 ---p 00000000 00:00 0
7f1bad104000-7f1bad300000 rw-p 00000000 00:00 0
7f1bad300000-7f1bad400000 ---p 00000000 00:00 0
7f1bad400000-7f1bad600000 rw-p 00000000 00:00 0
7f1bad600000-7f1bad605000 r-xp 00000000 00:00 398495             /home/anastasia/.gradle/native/25/linux-amd64/libnative-platform.so
7f1bad605000-7f1bad608000 ---p 00005000 00:00 398495             /home/anastasia/.gradle/native/25/linux-amd64/libnative-platform.so
7f1bad608000-7f1bad804000 ---p 00008000 00:00 398495             /home/anastasia/.gradle/native/25/linux-amd64/libnative-platform.so
7f1bad804000-7f1bad805000 rw-p 00004000 00:00 398495             /home/anastasia/.gradle/native/25/linux-amd64/libnative-platform.so
7f1bad8e0000-7f1bad8e4000 ---p 00000000 00:00 0
7f1bad8e4000-7f1badbe0000 rw-p 00000000 00:00 0
7f1badbe0000-7f1badbe1000 ---p 00000000 00:00 0
7f1badbe1000-7f1badce1000 rw-p 00000000 00:00 0
7f1badcf0000-7f1badcf1000 ---p 00000000 00:00 0
7f1badcf1000-7f1baddf1000 rw-p 00000000 00:00 0
7f1bade00000-7f1bade04000 ---p 00000000 00:00 0
7f1bade04000-7f1badf00000 rw-p 00000000 00:00 0
7f1badf00000-7f1badf04000 ---p 00000000 00:00 0
7f1badf04000-7f1bae1ec000 rw-p 00000000 00:00 0
7f1bae1ec000-7f1bae200000 ---p 00000000 00:00 0
7f1bae200000-7f1bae600000 rw-p 00000000 00:00 0
7f1bae600000-7f1bae601000 r-xp 00000000 00:00 415940             /tmp/libjansi-64-10403484576508015115.so
7f1bae601000-7f1bae60c000 ---p 00001000 00:00 415940             /tmp/libjansi-64-10403484576508015115.so
7f1bae60c000-7f1bae800000 ---p 0000c000 00:00 415940             /tmp/libjansi-64-10403484576508015115.so
7f1bae800000-7f1bae801000 rw-p 00000000 00:00 415940             /tmp/libjansi-64-10403484576508015115.so
7f1bae850000-7f1bae854000 ---p 00000000 00:00 0
7f1bae854000-7f1bae950000 rw-p 00000000 00:00 0
7f1bae950000-7f1bae954000 ---p 00000000 00:00 0
7f1bae954000-7f1bae972000 rw-p 00000000 00:00 0
7f1bae980000-7f1bae984000 ---p 00000000 00:00 0
7f1bae984000-7f1bae9a2000 rw-p 00000000 00:00 0
7f1bae9b0000-7f1baedb0000 rw-p 00000000 00:00 0
7f1baedb0000-7f1baedb1000 ---p 00000000 00:00 0
7f1baedb1000-7f1baeeb1000 rw-p 00000000 00:00 0
7f1baeeb4000-7f1baeeb8000 r--p 00000000 00:00 394070             /usr/lib/jvm/java-11-openjdk-amd64/lib/libnet.so
7f1baeeb8000-7f1baeec6000 r-xp 00004000 00:00 394070             /usr/lib/jvm/java-11-openjdk-amd64/lib/libnet.so
7f1baeec6000-7f1baeeca000 r--p 00012000 00:00 394070             /usr/lib/jvm/java-11-openjdk-amd64/lib/libnet.so
7f1baeeca000-7f1baeecb000 r--p 00015000 00:00 394070             /usr/lib/jvm/java-11-openjdk-amd64/lib/libnet.so
7f1baeecb000-7f1baeecc000 rw-p 00016000 00:00 394070             /usr/lib/jvm/java-11-openjdk-amd64/lib/libnet.so
7f1baeecc000-7f1baeed3000 r--p 00000000 00:00 394071             /usr/lib/jvm/java-11-openjdk-amd64/lib/libnio.so
7f1baeed3000-7f1baeedb000 r-xp 00007000 00:00 394071             /usr/lib/jvm/java-11-openjdk-amd64/lib/libnio.so
7f1baeedb000-7f1baeede000 r--p 0000f000 00:00 394071             /usr/lib/jvm/java-11-openjdk-amd64/lib/libnio.so
7f1baeede000-7f1baeedf000 r--p 00011000 00:00 394071             /usr/lib/jvm/java-11-openjdk-amd64/lib/libnio.so
7f1baeedf000-7f1baeee0000 rw-p 00012000 00:00 394071             /usr/lib/jvm/java-11-openjdk-amd64/lib/libnio.so
7f1baeee0000-7f1baeee4000 ---p 00000000 00:00 0
7f1baeee4000-7f1baefe0000 rw-p 00000000 00:00 0
7f1baefe0000-7f1baefe1000 ---p 00000000 00:00 0
7f1baefe1000-7f1baf0e1000 rw-p 00000000 00:00 0
7f1baf0f0000-7f1baf0f4000 ---p 00000000 00:00 0
7f1baf0f4000-7f1baf1f0000 rw-p 00000000 00:00 0
7f1baf1f0000-7f1baf1f4000 ---p 00000000 00:00 0
7f1baf1f4000-7f1baf2f0000 rw-p 00000000 00:00 0
7f1baf2f0000-7f1baf2f4000 ---p 00000000 00:00 0
7f1baf2f4000-7f1baf3f0000 rw-p 00000000 00:00 0
7f1baf3f0000-7f1baf3f4000 ---p 00000000 00:00 0
7f1baf3f4000-7f1baf4f0000 rw-p 00000000 00:00 0
7f1baf4f0000-7f1baf4f4000 ---p 00000000 00:00 0
7f1baf4f4000-7f1baf5f0000 rw-p 00000000 00:00 0
7f1baf5f0000-7f1baf5f4000 ---p 00000000 00:00 0
7f1baf5f4000-7f1baf6f0000 rw-p 00000000 00:00 0
7f1baf6f0000-7f1baf6f1000 ---p 00000000 00:00 0
7f1baf6f1000-7f1baf7f1000 rw-p 00000000 00:00 0
7f1baf800000-7f1bb002c000 rw-p 00000000 00:00 0
7f1bb002c000-7f1bb4000000 ---p 00000000 00:00 0
7f1bb4000000-7f1bb4021000 rw-p 00000000 00:00 0
7f1bb4021000-7f1bb8000000 ---p 00000000 00:00 0
7f1bb8000000-7f1bb8021000 rw-p 00000000 00:00 0
7f1bb8021000-7f1bbc000000 ---p 00000000 00:00 0
7f1bbc010000-7f1bbc091000 rw-p 00000000 00:00 0
7f1bbc0a0000-7f1bbe2f4000 rw-p 00000000 00:00 0
7f1bbe2f4000-7f1bbf048000 ---p 00000000 00:00 0
7f1bbf048000-7f1bbf2a4000 rw-p 00000000 00:00 0
7f1bbf2a4000-7f1bbfff8000 ---p 00000000 00:00 0
7f1bbfff8000-7f1bc0021000 rw-p 00000000 00:00 0
7f1bc0021000-7f1bc4000000 ---p 00000000 00:00 0
7f1bc4009000-7f1bc4060000 r--p 00000000 00:00 94316              /usr/lib/locale/C.utf8/LC_CTYPE
7f1bc4060000-7f1bc4061000 ---p 00000000 00:00 0
7f1bc4061000-7f1bc4161000 rw-p 00000000 00:00 0
7f1bc4170000-7f1bc4171000 ---p 00000000 00:00 0
7f1bc4171000-7f1bc4271000 rw-p 00000000 00:00 0
7f1bc4280000-7f1bc4381000 rw-p 00000000 00:00 0
7f1bc4390000-7f1bc4491000 rw-p 00000000 00:00 0
7f1bc44a0000-7f1bc45a1000 rw-p 00000000 00:00 0
7f1bc45b0000-7f1bc46b1000 rw-p 00000000 00:00 0
7f1bc46c0000-7f1bc46c1000 ---p 00000000 00:00 0
7f1bc46c1000-7f1bc47c1000 rw-p 00000000 00:00 0
7f1bc47d0000-7f1bc4a40000 rwxp 00000000 00:00 0
7f1bc4a40000-7f1bc4e77000 ---p 00000000 00:00 0
7f1bc4e77000-7f1bc56a7000 rwxp 00000000 00:00 0
7f1bc56a7000-7f1bd37d0000 ---p 00000000 00:00 0
7f1bd37de000-7f1bdc000000 r--s 00000000 00:00 394082             /usr/lib/jvm/java-11-openjdk-amd64/lib/modules
7f1bdc000000-7f1bdd646000 rw-p 00000000 00:00 0
7f1bdd646000-7f1be0000000 ---p 00000000 00:00 0
7f1be0000000-7f1be005b000 rw-p 00000000 00:00 0
7f1be0060000-7f1be0061000 ---p 00000000 00:00 0
7f1be0061000-7f1be0161000 rw-p 00000000 00:00 0
7f1be0170000-7f1be0192000 rw-p 00000000 00:00 0
7f1be01a0000-7f1be01eb000 rw-p 00000000 00:00 0
7f1be01eb000-7f1be0395000 ---p 00000000 00:00 0
7f1be0395000-7f1be0396000 rw-p 00000000 00:00 0
7f1be03a0000-7f1be03eb000 rw-p 00000000 00:00 0
7f1be03eb000-7f1be0595000 ---p 00000000 00:00 0
7f1be0595000-7f1be0596000 rw-p 00000000 00:00 0
7f1be05a0000-7f1be05eb000 rw-p 00000000 00:00 0
7f1be05eb000-7f1be0795000 ---p 00000000 00:00 0
7f1be0795000-7f1be0796000 rw-p 00000000 00:00 0
7f1be07a0000-7f1be08a1000 rw-p 00000000 00:00 0
7f1be08b0000-7f1be09b1000 rw-p 00000000 00:00 0
7f1be09c0000-7f1be0ac1000 rw-p 00000000 00:00 0
7f1be0ad0000-7f1be0bd1000 rw-p 00000000 00:00 0
7f1be0be0000-7f1be0be1000 ---p 00000000 00:00 0
7f1be0be1000-7f1be0ce1000 rw-p 00000000 00:00 0
7f1be0cf0000-7f1be0d01000 rw-p 00000000 00:00 0
7f1be0d01000-7f1be0ec3000 ---p 00000000 00:00 0
7f1be0ec7000-7f1be0ec9000 r--p 00000000 00:00 394068             /usr/lib/jvm/java-11-openjdk-amd64/lib/libmanagement_ext.so
7f1be0ec9000-7f1be0ecc000 r-xp 00002000 00:00 394068             /usr/lib/jvm/java-11-openjdk-amd64/lib/libmanagement_ext.so
7f1be0ecc000-7f1be0ece000 r--p 00005000 00:00 394068             /usr/lib/jvm/java-11-openjdk-amd64/lib/libmanagement_ext.so
7f1be0ece000-7f1be0ecf000 r--p 00006000 00:00 394068             /usr/lib/jvm/java-11-openjdk-amd64/lib/libmanagement_ext.so
7f1be0ecf000-7f1be0ed0000 rw-p 00007000 00:00 394068             /usr/lib/jvm/java-11-openjdk-amd64/lib/libmanagement_ext.so
7f1be0ed0000-7f1be0ed5000 rw-p 00000000 00:00 0
7f1be0ed5000-7f1be0ede000 ---p 00000000 00:00 0
7f1be0ee0000-7f1be0ee1000 ---p 00000000 00:00 0
7f1be0ee1000-7f1be0ee2000 r--p 00000000 00:00 0
7f1be0eea000-7f1be0eed000 r--p 00000000 00:00 394066             /usr/lib/jvm/java-11-openjdk-amd64/lib/libmanagement.so
7f1be0eed000-7f1be0eee000 r-xp 00003000 00:00 394066             /usr/lib/jvm/java-11-openjdk-amd64/lib/libmanagement.so
7f1be0eee000-7f1be0eef000 r--p 00004000 00:00 394066             /usr/lib/jvm/java-11-openjdk-amd64/lib/libmanagement.so
7f1be0eef000-7f1be0ef0000 r--p 00004000 00:00 394066             /usr/lib/jvm/java-11-openjdk-amd64/lib/libmanagement.so
7f1be0ef0000-7f1be0ef1000 rw-p 00005000 00:00 394066             /usr/lib/jvm/java-11-openjdk-amd64/lib/libmanagement.so
7f1be0ef1000-7f1be0eff000 r--p 00000000 00:00 394059             /usr/lib/jvm/java-11-openjdk-amd64/lib/libjava.so
7f1be0eff000-7f1be0f15000 r-xp 0000e000 00:00 394059             /usr/lib/jvm/java-11-openjdk-amd64/lib/libjava.so
7f1be0f15000-7f1be0f1c000 r--p 00024000 00:00 394059             /usr/lib/jvm/java-11-openjdk-amd64/lib/libjava.so
7f1be0f1c000-7f1be0f1d000 r--p 0002a000 00:00 394059             /usr/lib/jvm/java-11-openjdk-amd64/lib/libjava.so
7f1be0f1d000-7f1be0f1e000 rw-p 0002b000 00:00 394059             /usr/lib/jvm/java-11-openjdk-amd64/lib/libjava.so
7f1be0f1e000-7f1be0f1f000 rw-p 00000000 00:00 0
7f1be0f1f000-7f1be0f24000 r--p 00000000 00:00 394080             /usr/lib/jvm/java-11-openjdk-amd64/lib/libverify.so
7f1be0f24000-7f1be0f2b000 r-xp 00005000 00:00 394080             /usr/lib/jvm/java-11-openjdk-amd64/lib/libverify.so
7f1be0f2b000-7f1be0f2d000 r--p 0000c000 00:00 394080             /usr/lib/jvm/java-11-openjdk-amd64/lib/libverify.so
7f1be0f2d000-7f1be0f2f000 r--p 0000d000 00:00 394080             /usr/lib/jvm/java-11-openjdk-amd64/lib/libverify.so
7f1be0f2f000-7f1be0f30000 rw-p 0000f000 00:00 394080             /usr/lib/jvm/java-11-openjdk-amd64/lib/libverify.so
7f1be0f30000-7f1be0f31000 r--p 00000000 00:00 138345             /usr/lib/x86_64-linux-gnu/librt.so.1
7f1be0f31000-7f1be0f32000 r-xp 00001000 00:00 138345             /usr/lib/x86_64-linux-gnu/librt.so.1
7f1be0f32000-7f1be0f33000 r--p 00002000 00:00 138345             /usr/lib/x86_64-linux-gnu/librt.so.1
7f1be0f33000-7f1be0f34000 r--p 00002000 00:00 138345             /usr/lib/x86_64-linux-gnu/librt.so.1
7f1be0f34000-7f1be0f35000 rw-p 00003000 00:00 138345             /usr/lib/x86_64-linux-gnu/librt.so.1
7f1be0f35000-7f1be0f37000 r--p 00000000 00:00 394081             /usr/lib/jvm/java-11-openjdk-amd64/lib/libzip.so
7f1be0f37000-7f1be0f3c000 r-xp 00002000 00:00 394081             /usr/lib/jvm/java-11-openjdk-amd64/lib/libzip.so
7f1be0f3c000-7f1be0f3e000 r--p 00007000 00:00 394081             /usr/lib/jvm/java-11-openjdk-amd64/lib/libzip.so
7f1be0f3e000-7f1be0f3f000 r--p 00008000 00:00 394081             /usr/lib/jvm/java-11-openjdk-amd64/lib/libzip.so
7f1be0f3f000-7f1be0f40000 rw-p 00009000 00:00 394081             /usr/lib/jvm/java-11-openjdk-amd64/lib/libzip.so
7f1be0f40000-7f1be0f44000 ---p 00000000 00:00 0
7f1be0f44000-7f1be1040000 rw-p 00000000 00:00 0
7f1be1040000-7f1be1043000 r--p 00000000 00:00 133871             /usr/lib/x86_64-linux-gnu/libgcc_s.so.1
7f1be1043000-7f1be105a000 r-xp 00003000 00:00 133871             /usr/lib/x86_64-linux-gnu/libgcc_s.so.1
7f1be105a000-7f1be105e000 r--p 0001a000 00:00 133871             /usr/lib/x86_64-linux-gnu/libgcc_s.so.1
7f1be105e000-7f1be105f000 r--p 0001d000 00:00 133871             /usr/lib/x86_64-linux-gnu/libgcc_s.so.1
7f1be105f000-7f1be1060000 rw-p 0001e000 00:00 133871             /usr/lib/x86_64-linux-gnu/libgcc_s.so.1
7f1be1060000-7f1be106e000 r--p 00000000 00:00 135479             /usr/lib/x86_64-linux-gnu/libm.so.6
7f1be106e000-7f1be10ea000 r-xp 0000e000 00:00 135479             /usr/lib/x86_64-linux-gnu/libm.so.6
7f1be10ea000-7f1be1145000 r--p 0008a000 00:00 135479             /usr/lib/x86_64-linux-gnu/libm.so.6
7f1be1145000-7f1be1146000 r--p 000e4000 00:00 135479             /usr/lib/x86_64-linux-gnu/libm.so.6
7f1be1146000-7f1be1147000 rw-p 000e5000 00:00 135479             /usr/lib/x86_64-linux-gnu/libm.so.6
7f1be1149000-7f1be1150000 r--s 00000000 00:00 126853             /usr/lib/x86_64-linux-gnu/gconv/gconv-modules.cache
7f1be1150000-7f1be11ea000 r--p 00000000 00:00 138841             /usr/lib/x86_64-linux-gnu/libstdc++.so.6.0.30
7f1be11ea000-7f1be12fb000 r-xp 0009a000 00:00 138841             /usr/lib/x86_64-linux-gnu/libstdc++.so.6.0.30
7f1be12fb000-7f1be136a000 r--p 001ab000 00:00 138841             /usr/lib/x86_64-linux-gnu/libstdc++.so.6.0.30
7f1be136a000-7f1be136b000 ---p 0021a000 00:00 138841             /usr/lib/x86_64-linux-gnu/libstdc++.so.6.0.30
7f1be136b000-7f1be1376000 r--p 0021a000 00:00 138841             /usr/lib/x86_64-linux-gnu/libstdc++.so.6.0.30
7f1be1376000-7f1be1379000 rw-p 00225000 00:00 138841             /usr/lib/x86_64-linux-gnu/libstdc++.so.6.0.30
7f1be1379000-7f1be137c000 rw-p 00000000 00:00 0
7f1be137f000-7f1be1601000 r--p 00000000 00:00 394089             /usr/lib/jvm/java-11-openjdk-amd64/lib/server/libjvm.so
7f1be1601000-7f1be229e000 r-xp 00282000 00:00 394089             /usr/lib/jvm/java-11-openjdk-amd64/lib/server/libjvm.so
7f1be229e000-7f1be24f9000 r--p 00f1f000 00:00 394089             /usr/lib/jvm/java-11-openjdk-amd64/lib/server/libjvm.so
7f1be24f9000-7f1be24fa000 ---p 0117a000 00:00 394089             /usr/lib/jvm/java-11-openjdk-amd64/lib/server/libjvm.so
7f1be24fa000-7f1be25be000 r--p 0117a000 00:00 394089             /usr/lib/jvm/java-11-openjdk-amd64/lib/server/libjvm.so
7f1be25be000-7f1be25f9000 rw-p 0123e000 00:00 394089             /usr/lib/jvm/java-11-openjdk-amd64/lib/server/libjvm.so
7f1be25f9000-7f1be2653000 rw-p 00000000 00:00 0
7f1be2653000-7f1be2654000 r--p 00000000 00:00 394051             /usr/lib/jvm/java-11-openjdk-amd64/lib/libextnet.so
7f1be2654000-7f1be2655000 r-xp 00001000 00:00 394051             /usr/lib/jvm/java-11-openjdk-amd64/lib/libextnet.so
7f1be2655000-7f1be2656000 r--p 00002000 00:00 394051             /usr/lib/jvm/java-11-openjdk-amd64/lib/libextnet.so
7f1be2656000-7f1be2657000 r--p 00002000 00:00 394051             /usr/lib/jvm/java-11-openjdk-amd64/lib/libextnet.so
7f1be2657000-7f1be2658000 rw-p 00003000 00:00 394051             /usr/lib/jvm/java-11-openjdk-amd64/lib/libextnet.so
7f1be2658000-7f1be2660000 rw-s 00000000 00:00 221777             /tmp/hsperfdata_anastasia/2674
7f1be2660000-7f1be2688000 r--p 00000000 00:00 132771             /usr/lib/x86_64-linux-gnu/libc.so.6
7f1be2688000-7f1be281d000 r-xp 00028000 00:00 132771             /usr/lib/x86_64-linux-gnu/libc.so.6
7f1be281d000-7f1be2875000 r--p 001bd000 00:00 132771             /usr/lib/x86_64-linux-gnu/libc.so.6
7f1be2875000-7f1be2879000 r--p 00214000 00:00 132771             /usr/lib/x86_64-linux-gnu/libc.so.6
7f1be2879000-7f1be287b000 rw-p 00218000 00:00 132771             /usr/lib/x86_64-linux-gnu/libc.so.6
7f1be287b000-7f1be2888000 rw-p 00000000 00:00 0
7f1be288b000-7f1be288c000 r--p 00000000 00:00 94346              /usr/lib/locale/C.utf8/LC_NUMERIC
7f1be288c000-7f1be288d000 r--p 00000000 00:00 94362              /usr/lib/locale/C.utf8/LC_TIME
7f1be288d000-7f1be2890000 r--p 00000000 00:00 394043             /usr/lib/jvm/java-11-openjdk-amd64/lib/jli/libjli.so
7f1be2890000-7f1be289a000 r-xp 00003000 00:00 394043             /usr/lib/jvm/java-11-openjdk-amd64/lib/jli/libjli.so
7f1be289a000-7f1be289d000 r--p 0000d000 00:00 394043             /usr/lib/jvm/java-11-openjdk-amd64/lib/jli/libjli.so
7f1be289d000-7f1be289e000 ---p 00010000 00:00 394043             /usr/lib/jvm/java-11-openjdk-amd64/lib/jli/libjli.so
7f1be289e000-7f1be289f000 r--p 00010000 00:00 394043             /usr/lib/jvm/java-11-openjdk-amd64/lib/jli/libjli.so
7f1be289f000-7f1be28a0000 rw-p 00011000 00:00 394043             /usr/lib/jvm/java-11-openjdk-amd64/lib/jli/libjli.so
7f1be28a0000-7f1be28a2000 r--p 00000000 00:00 139566             /usr/lib/x86_64-linux-gnu/libz.so.1.2.11
7f1be28a2000-7f1be28b3000 r-xp 00002000 00:00 139566             /usr/lib/x86_64-linux-gnu/libz.so.1.2.11
7f1be28b3000-7f1be28b9000 r--p 00013000 00:00 139566             /usr/lib/x86_64-linux-gnu/libz.so.1.2.11
7f1be28b9000-7f1be28ba000 ---p 00019000 00:00 139566             /usr/lib/x86_64-linux-gnu/libz.so.1.2.11
7f1be28ba000-7f1be28bb000 r--p 00019000 00:00 139566             /usr/lib/x86_64-linux-gnu/libz.so.1.2.11
7f1be28bb000-7f1be28bc000 rw-p 0001a000 00:00 139566             /usr/lib/x86_64-linux-gnu/libz.so.1.2.11
7f1be28bc000-7f1be28bd000 r--p 00000000 00:00 94313              /usr/lib/locale/C.utf8/LC_COLLATE
7f1be28bd000-7f1be28be000 r--p 00000000 00:00 94328              /usr/lib/locale/C.utf8/LC_MONETARY
7f1be28be000-7f1be28bf000 r--p 00000000 00:00 94326              /usr/lib/locale/C.utf8/LC_MESSAGES/SYS_LC_MESSAGES
7f1be28bf000-7f1be28c0000 r--p 00000000 00:00 94353              /usr/lib/locale/C.utf8/LC_PAPER
7f1be28c0000-7f1be28c1000 r--p 00000000 00:00 129661             /usr/lib/x86_64-linux-gnu/ld-linux-x86-64.so.2
7f1be28c1000-7f1be28c2000 r--p 00001000 00:00 129661             /usr/lib/x86_64-linux-gnu/ld-linux-x86-64.so.2
7f1be28c2000-7f1be28eb000 r-xp 00002000 00:00 129661             /usr/lib/x86_64-linux-gnu/ld-linux-x86-64.so.2
7f1be28eb000-7f1be28ec000 r-xp 0002b000 00:00 129661             /usr/lib/x86_64-linux-gnu/ld-linux-x86-64.so.2
7f1be28ec000-7f1be28f6000 r--p 0002c000 00:00 129661             /usr/lib/x86_64-linux-gnu/ld-linux-x86-64.so.2
7f1be28f6000-7f1be28f7000 r--p 00036000 00:00 129661             /usr/lib/x86_64-linux-gnu/ld-linux-x86-64.so.2
7f1be28f7000-7f1be28f8000 r--p 00000000 00:00 94334              /usr/lib/locale/C.utf8/LC_NAME
7f1be28f8000-7f1be28fa000 r--p 00037000 00:00 129661             /usr/lib/x86_64-linux-gnu/ld-linux-x86-64.so.2
7f1be28fa000-7f1be28fc000 rw-p 00039000 00:00 129661             /usr/lib/x86_64-linux-gnu/ld-linux-x86-64.so.2
7f1be28fc000-7f1be28fd000 r--p 00000000 00:00 94312              /usr/lib/locale/C.utf8/LC_ADDRESS
7f1be28fd000-7f1be28fe000 r--p 00000000 00:00 94359              /usr/lib/locale/C.utf8/LC_TELEPHONE
7f1be28fe000-7f1be28ff000 r--p 00000000 00:00 94320              /usr/lib/locale/C.utf8/LC_MEASUREMENT
7f1be28ff000-7f1be2900000 r--p 00000000 00:00 94318              /usr/lib/locale/C.utf8/LC_IDENTIFICATION
7f1be2900000-7f1be2902000 rw-p 00000000 00:00 0
7f1be2902000-7f1be2904000 r--p 00000000 00:00 394062             /usr/lib/jvm/java-11-openjdk-amd64/lib/libjimage.so
7f1be2904000-7f1be2907000 r-xp 00002000 00:00 394062             /usr/lib/jvm/java-11-openjdk-amd64/lib/libjimage.so
7f1be2907000-7f1be2908000 r--p 00005000 00:00 394062             /usr/lib/jvm/java-11-openjdk-amd64/lib/libjimage.so
7f1be2908000-7f1be2909000 ---p 00006000 00:00 394062             /usr/lib/jvm/java-11-openjdk-amd64/lib/libjimage.so
7f1be2909000-7f1be290a000 r--p 00006000 00:00 394062             /usr/lib/jvm/java-11-openjdk-amd64/lib/libjimage.so
7f1be290a000-7f1be290b000 rw-p 00007000 00:00 394062             /usr/lib/jvm/java-11-openjdk-amd64/lib/libjimage.so
7f1be290b000-7f1be290c000 r--p 00000000 00:00 393910             /usr/lib/jvm/java-11-openjdk-amd64/bin/java
7f1be290c000-7f1be290d000 r-xp 00001000 00:00 393910             /usr/lib/jvm/java-11-openjdk-amd64/bin/java
7f1be290d000-7f1be290e000 r--p 00002000 00:00 393910             /usr/lib/jvm/java-11-openjdk-amd64/bin/java
7f1be290e000-7f1be290f000 r--p 00002000 00:00 393910             /usr/lib/jvm/java-11-openjdk-amd64/bin/java
7f1be290f000-7f1be2910000 rw-p 00003000 00:00 393910             /usr/lib/jvm/java-11-openjdk-amd64/bin/java
7fffc8fbb000-7fffc8fdc000 rw-p 00000000 00:00 0                  [heap]
7fffd0771000-7fffd0f71000 rw-p 00000000 00:00 0                  [stack]
7fffd176e000-7fffd176f000 r-xp 00000000 00:00 0                  [vdso]


VM Arguments:
jvm_args: -XX:+TieredCompilation -XX:TieredStopAtLevel=1 -XX:CICompilerCount=3 
java_command: /mnt/d/myApp/grails-wrapper.jar run-app
java_class_path (initial): /mnt/d/myApp/grails-wrapper.jar
Launcher Type: SUN_STANDARD

[Global flags]
     intx CICompilerCount                          = 3                                         {product} {command line}
     uint ConcGCThreads                            = 1                                         {product} {ergonomic}
     uint G1ConcRefinementThreads                  = 4                                         {product} {ergonomic}
   size_t G1HeapRegionSize                         = 1048576                                   {product} {ergonomic}
    uintx GCDrainStackTargetSize                   = 64                                        {product} {ergonomic}
   size_t InitialHeapSize                          = 67108864                                  {product} {ergonomic}
   size_t MarkStackSize                            = 4194304                                   {product} {ergonomic}
   size_t MaxHeapSize                              = 1052770304                                {product} {ergonomic}
   size_t MaxNewSize                               = 631242752                                 {product} {ergonomic}
   size_t MinHeapDeltaBytes                        = 1048576                                   {product} {ergonomic}
    uintx NonNMethodCodeHeapSize                   = 6973028                                {pd product} {ergonomic}
    uintx NonProfiledCodeHeapSize                  = 244685212                              {pd product} {ergonomic}
    uintx ProfiledCodeHeapSize                     = 0                                      {pd product} {ergonomic}
    uintx ReservedCodeCacheSize                    = 251658240                              {pd product} {ergonomic}
     bool SegmentedCodeCache                       = true                                      {product} {ergonomic}
     bool TieredCompilation                        = true                                   {pd product} {command line}
     intx TieredStopAtLevel                        = 1                                         {product} {command line}
     bool UseCompressedClassPointers               = true                                 {lp64_product} {ergonomic}
     bool UseCompressedOops                        = true                                 {lp64_product} {ergonomic}
     bool UseG1GC                                  = true                                      {product} {ergonomic}

Logging:
Log output configuration:
 #0: stdout all=warning uptime,level,tags
 #1: stderr all=off uptime,level,tags

Environment Variables:
JAVA_HOME=/usr/lib/jvm/java-1.11.0-openjdk-amd64
PATH=/home/anastasia/.sdkman/candidates/grails/current/bin:/usr/lib/jvm/java-1.11.0-openjdk-amd64/bin:/usr/local/sbin:/usr/local/bin:/usr/sbin:/usr/bin:/sbin:/bin:/usr/games:/usr/local/games:/mnt/c/Program Files/WindowsApps/CanonicalGroupLimited.Ubuntu_2204.3.49.0_x64__79rhkp1fndgsc:/mnt/c/Program Files/Common Files/Oracle/Java/javapath:/mnt/c/Program Files (x86)/Common Files/Oracle/Java/javapath:/mnt/c/Program Files/Java/jre1.8.0_281/bin:/mnt/c/Program Files/Java/jdk-16.0.1/bin:/mnt/c/Program Files/Git/cmd:/mnt/c/Users//AppData/Local/Microsoft/WindowsApps:/snap/bin
SHELL=/bin/bash
HOSTTYPE=x86_64
LANG=C.UTF-8
TERM=xterm-256color

Signal Handlers:
SIGSEGV: [libjvm.so+0xead350], sa_mask[0]=11111111111111111111111111111110, sa_flags=SA_RESTART|SA_SIGINFO
SIGBUS: [libjvm.so+0xead350], sa_mask[0]=11111111111111111111111111111110, sa_flags=SA_RESTART|SA_SIGINFO
SIGFPE: [libjvm.so+0xead350], sa_mask[0]=11111111111111111111111111111110, sa_flags=SA_RESTART|SA_SIGINFO
SIGPIPE: [libjvm.so+0xbef750], sa_mask[0]=11111111111111111111111111111110, sa_flags=SA_RESTART|SA_SIGINFO
SIGXFSZ: [libjvm.so+0xbef750], sa_mask[0]=11111111111111111111111111111110, sa_flags=SA_RESTART|SA_SIGINFO
SIGILL: [libjvm.so+0xead350], sa_mask[0]=11111111111111111111111111111110, sa_flags=SA_RESTART|SA_SIGINFO
SIGUSR2: [libjvm.so+0xbef5f0], sa_mask[0]=00000000000000000000000000000000, sa_flags=SA_RESTART|SA_SIGINFO
SIGHUP: [libjvm.so+0xbefdb0], sa_mask[0]=11111111111111111111111111111110, sa_flags=SA_RESTART|SA_SIGINFO
SIGINT: [libjvm.so+0xbefdb0], sa_mask[0]=11111111111111111111111111111110, sa_flags=SA_RESTART|SA_SIGINFO
SIGTERM: [libjvm.so+0xbefdb0], sa_mask[0]=11111111111111111111111111111110, sa_flags=SA_RESTART|SA_SIGINFO
SIGQUIT: [libjvm.so+0xbefdb0], sa_mask[0]=11111111111111111111111111111110, sa_flags=SA_RESTART|SA_SIGINFO


---------------  S Y S T E M  ---------------

OS:DISTRIB_ID=Ubuntu
DISTRIB_RELEASE=22.04
DISTRIB_CODENAME=jammy
DISTRIB_DESCRIPTION="Ubuntu 22.04.3 LTS"
uname:Linux 4.4.0-19041-Microsoft #3636-Microsoft Thu Oct 19 17:41:00 PST 2023 x86_64
OS uptime: 0 days 0:47 hours
libc:glibc 2.35 NPTL 2.35 
rlimit (soft/hard): STACK 8192k/8192k , CORE 0k/infinity , NPROC 7823/7823 , NOFILE 65536/65536 , AS infinity/infinity , CPU infinity/infinity , DATA infinity/infinity , FSIZE infinity/infinity , MEMLOCK 64k/64k
load average:0.52 0.58 0.59

/proc/meminfo:
MemTotal:        4104876 kB
MemFree:          617960 kB
Buffers:           34032 kB
Cached:           188576 kB
SwapCached:            0 kB
Active:           167556 kB
Inactive:         157876 kB
Active(anon):     103104 kB
Inactive(anon):    17440 kB
Active(file):      64452 kB
Inactive(file):   140436 kB
Unevictable:           0 kB
Mlocked:               0 kB
SwapTotal:      12582912 kB
SwapFree:        6363548 kB
Dirty:                 0 kB
Writeback:             0 kB
AnonPages:        102824 kB
Mapped:            71404 kB
Shmem:             17720 kB
Slab:              13868 kB
SReclaimable:       6744 kB
SUnreclaim:         7124 kB
KernelStack:        2848 kB
PageTables:         2524 kB
NFS_Unstable:          0 kB
Bounce:                0 kB
WritebackTmp:          0 kB
CommitLimit:      515524 kB
Committed_AS:    3450064 kB
VmallocTotal:     122880 kB
VmallocUsed:       21296 kB
VmallocChunk:      66044 kB
HardwareCorrupted:     0 kB
AnonHugePages:      2048 kB
HugePages_Total:       0
HugePages_Free:        0
HugePages_Rsvd:        0
HugePages_Surp:        0
Hugepagesize:       2048 kB
DirectMap4k:       12280 kB
DirectMap4M:      897024 kB

/sys/kernel/mm/transparent_hugepage/enabled:
<Not Available>
/sys/kernel/mm/transparent_hugepage/defrag (defrag/compaction efforts parameter):
<Not Available>

Process Memory:
Virtual Size: 4409484K (peak: 0K)
Resident Set Size: 19444K (peak: 0K)
C-Heap outstanding allocations: 47386K, retained: 12725K
glibc malloc tunables: (default)

/proc/sys/kernel/threads-max (system-wide limit on the number of threads):
32768
/proc/sys/vm/max_map_count (maximum number of memory map areas a process may have):
<Not Available>
/proc/sys/kernel/pid_max (system-wide limit on number of process identifiers):
32768

container information not found.
Steal ticks since vm start: 0
Steal ticks percentage since vm start:  0.000

CPU:total 4 (initial active 4) (2 cores per cpu, 2 threads per core) family 6 model 42 stepping 7 microcode 0xffffffff, cmov, cx8, fxsr, mmx, sse, sse2, sse3, ssse3, sse4.1, sse4.2, popcnt, avx, clmul, ht, tsc, tscinvbit
CPU Model and flags from /proc/cpuinfo:
model name	:        Intel(R) Core(TM) i3-2350M CPU @ 2.30GHz
flags		: fpu vme de pse tsc msr pae mce cx8 apic sep mtrr pge mca cmov pat pse36 clflush dts acpi mmx fxsr sse sse2 ss ht tm pbe syscall nx rdtscp lm pni pclmulqdq dtes64 monitor ds_cpl vmx est tm2 ssse3 cx16 xtpr pdcm pcid sse4_1 sse4_2 x2apic popcnt tsc_deadline_timer xsave osxsave avx lahf_lm ibrs ibpb stibp ssbd
Online cpus:
0-3
Offline cpus:
<Not Available>
BIOS frequency limitation:
<Not Available>
Frequency switch latency (ns):
<Not Available>
Available cpu frequencies:
<Not Available>
Current governor:
<Not Available>
Core performance/turbo boost:
<Not Available>

Memory: 4k page, physical 4104876k(615348k free), swap 12582912k(6363876k free)

vm_info: OpenJDK 64-Bit Server VM (11.0.21+9-post-Ubuntu-0ubuntu122.04) for linux-amd64 JRE (11.0.21+9-post-Ubuntu-0ubuntu122.04), built on Oct 19 2023 08:41:03 by "unknown" with gcc 11.4.0

END.
