#
# A fatal error has been detected by the Java Runtime Environment:
#
SIGSEGV (0xb) at pc=0x00007fe5042d4ae3, pid=4224, tid=4241#
# JRE version: OpenJDK Runtime Environment (11.0.21+9) (build 11.0.21+9-post-Ubuntu-0ubuntu122.04)
# Java VM: OpenJDK 64-Bit Server VM (11.0.21+9-post-Ubuntu-0ubuntu122.04, mixed mode, sharing, tiered, compressed oops, g1 gc, linux-amd64)
# Problematic frame:
  [libc.so.6+0xc4ae3]#
Core dump will be written. Default location: core.4224 (may not exist)#
https://bugs.launchpad.net/ubuntu/+source/openjdk-lts---------------  S U M M A R Y ------------
-XX:+TieredCompilation -XX:TieredStopAtLevel=1 -XX:CICompilerCount=3 /mnt/d/myApp/grails-wrapper.jar run-app4 cores, 3G, Ubuntu 22.04.3 LTS
Time: Wed Jan 24 20:33:55 2024 +05 elapsed time: 36.033189 seconds (0d 0h 0m 36s)

---------------  T H R E A D  ---------------

Current thread (0x00007fe4fc137000):  JavaThread "C1 CompilerThread0" daemon [_thread_in_vm, id=4241, stack(0x00007fe4e44d0000,0x00007fe4e45d0000)]


Current CompileTask:
C1:  36033 4757   !   1       sun.nio.cs.StreamEncoder::write (78 bytes)

Stack: [0x00007fe4e44d0000,0x00007fe4e45d0000],  sp=0x00007fe4e45ce1d8,  free space=1016k
Native frames: (J=compiled Java code, A=aot compiled Java code, j=interpreted, Vv=VM code, C=native code)
C  [libc.so.6+0xc4ae3]
V  [libjvm.so+0xbb9c21]
V  [libjvm.so+0xbbe20e]
V  [libjvm.so+0x578bb7]
V  [libjvm.so+0x4a614d]
V  [libjvm.so+0x4a63fe]
V  [libjvm.so+0x4a6ca7]
V  [libjvm.so+0x62bbbf]
V  [libjvm.so+0x62cdc0]
V  [libjvm.so+0xe410b1]
V  [libjvm.so+0xe3d4b0]
V  [libjvm.so+0xbf94de]


siginfo: si_signo: 11 (SIGSEGV), si_code: 2 (SEGV_ACCERR), si_addr: 0x00007fe4e5685000

Register to memory mapping:

RAX=0x00007fe4e5684fb8 is at entry_point+1912 in (nmethod*)0x00007fe4e5684610
RBX=0x00007fe4fc137d80 points into unknown readable memory: 0x00007fe4b02678c0 | c0 78 26 b0 e4 7f 00 00
RCX=0x00007fe4e5684fb8 is at entry_point+1912 in (nmethod*)0x00007fe4e5684610
RDX=0x00007fe4e5685093 is at entry_point+2131 in (nmethod*)0x00007fe4e5684610
RSP=0x00007fe4e45ce1d8 is pointing into the stack for thread: 0x00007fe4fc137000
RBP=0x00007fe4e45ce1f0 is pointing into the stack for thread: 0x00007fe4fc137000
RSI=0x00007fe4b02647c8 points into unknown readable memory: 0x1cc2001ac200060f | 0f 06 00 c2 1a 00 c2 1c
RDI=0x00007fe4e5685000 is at entry_point+1984 in (nmethod*)0x00007fe4e5684610
R8 =0x0 is NULL
R9 =0x0000000000000001 is an unknown value
R10=0x0000ff4040404000 is an unknown value
R11=0x0000000000000001 is an unknown value
R12=0x00007fe4e5684610 is at entry_point+-560 in (nmethod*)0x00007fe4e5684610
R13=0x0000000000000c08 is an unknown value
R14=0x00007fe4e5684610 is at entry_point+-560 in (nmethod*)0x00007fe4e5684610
R15=0x00000000000009a8 is an unknown value


Registers:
RAX=0x00007fe4e5684fb8, RBX=0x00007fe4fc137d80, RCX=0x00007fe4e5684fb8, RDX=0x00007fe4e5685093
RSP=0x00007fe4e45ce1d8, RBP=0x00007fe4e45ce1f0, RSI=0x00007fe4b02647c8, RDI=0x00007fe4e5685000
R8 =0x0000000000000000, R9 =0x0000000000000001, R10=0x0000ff4040404000, R11=0x0000000000000001
R12=0x00007fe4e5684610, R13=0x0000000000000c08, R14=0x00007fe4e5684610, R15=0x00000000000009a8
RIP=0x00007fe5042d4ae3, EFLAGS=0x0000000000010203, CSGSFS=0x00000053002b0033, ERR=0x0000000000000000
  TRAPNO=0x0000000000000000

Top of Stack: (sp=0x00007fe4e45ce1d8)
0x00007fe4e45ce1d8:   00007fe5035c2983 00007fe4fc137d20
0x00007fe4e45ce1e8:   00007fe4e45ce720 00007fe4e45ce290
0x00007fe4e45ce1f8:   00007fe503af8c21 00007fe4fc137000
0x00007fe4e45ce208:   00000001e45ce230 0000000000000000 

Instructions: (pc=0x00007fe5042d4ae3)
0x00007fe5042d49e3:   16 f8 48 8b 36 48 89 37 48 89 4c 17 f8 c3 0f 10
0x00007fe5042d49f3:   54 16 f0 0f 10 5c 16 e0 0f 11 07 0f 11 4f 10 0f
0x00007fe5042d4a03:   11 54 17 f0 0f 11 5c 17 e0 c3 0f 1f 00 48 3b 15
0x00007fe5042d4a13:   e1 49 15 00 0f 87 64 01 00 00 48 81 fa 80 00 00
0x00007fe5042d4a23:   00 77 4a 0f 10 4e 10 48 83 fa 40 76 c1 0f 10 56
0x00007fe5042d4a33:   20 0f 10 5e 30 0f 10 64 16 f0 0f 10 6c 16 e0 0f
0x00007fe5042d4a43:   10 74 16 d0 0f 10 7c 16 c0 0f 11 07 0f 11 4f 10
0x00007fe5042d4a53:   0f 11 57 20 0f 11 5f 30 0f 11 64 17 f0 0f 11 6c
0x00007fe5042d4a63:   17 e0 0f 11 74 17 d0 0f 11 7c 17 c0 c3 48 89 f9
0x00007fe5042d4a73:   48 29 f1 48 39 d1 0f 82 91 00 00 00 48 3b 15 22
0x00007fe5042d4a83:   bb 15 00 0f 87 21 01 00 00 4c 8d 04 11 49 31 c8
0x00007fe5042d4a93:   49 c1 e8 3f 81 e1 00 0f 00 00 44 01 c1 74 73 0f
0x00007fe5042d4aa3:   10 6c 16 f0 0f 10 74 16 e0 48 89 f9 48 83 cf 0f
0x00007fe5042d4ab3:   0f 10 7c 16 d0 44 0f 10 44 16 c0 48 29 ce 48 ff
0x00007fe5042d4ac3:   c7 48 01 fe 48 8d 54 11 c0 0f 1f 40 00 0f 10 0e
0x00007fe5042d4ad3:   0f 10 56 10 0f 10 5e 20 0f 10 66 30 48 83 ee c0
0x00007fe5042d4ae3:   0f 29 0f 0f 29 57 10 0f 29 5f 20 0f 29 67 30 48
0x00007fe5042d4af3:   83 ef c0 48 39 fa 77 d5 0f 11 6a 30 0f 11 72 20
0x00007fe5042d4b03:   0f 11 7a 10 44 0f 11 02 0f 11 01 c3 90 48 85 c9
0x00007fe5042d4b13:   74 f9 0f 10 6e 10 0f 10 76 20 48 8d 4c 17 bf 0f
0x00007fe5042d4b23:   10 7e 30 44 0f 10 44 16 f0 48 29 fe 48 83 e1 f0
0x00007fe5042d4b33:   48 01 ce 662e0f1f8400000000000f104e0x00007fe5042d4b43:   300f1056200f105e100f1026 48 83 c6 c0
0x00007fe5042d4b53:   0f 29 49 30 0f 29 51 20 0f 29 59 10 0f 29 21 48
0x00007fe5042d4b63:   83 c1 c0 48 39 cf 72 d5 0f 11 07 0f 11 6f 10 0f
0x00007fe5042d4b73:   11 77 20 0f 11 7f 30 44 0f 11 44 3a f0 c3 48 89
0x00007fe5042d4b83:   f9 48 29 f1 48 39 d1 72 84 48 3b 15 0d ba 15 00
0x00007fe5042d4b93:   73 0b 48 89 d1 f3 a4 c3 0f 1f 44 00 00 48 3b 15
0x00007fe5042d4ba3:   51 48 15 00 0f 82 df fe ff ff 48 f7 d9 48 39 ca
0x00007fe5042d4bb3:   0f 87 e9 fe ff ff 0f 10 4e 10 0f 10 56 20 0f 10
0x00007fe5042d4bc3:   5e 30 0f 11 07 0f 11 4f 10 0f 11 57 20 0f 11 5f
0x00007fe5042d4bd3:   30 49 89 f8 49 83 e0 3f 49 83 e8 40 4c 29 c6 4c 


Stack slot to memory mapping:
stack at sp + 0 slots: 0x00007fe5035c2983: <offset 0x0000000000683983> in /usr/lib/jvm/java-11-openjdk-amd64/lib/server/libjvm.so at 0x00007fe502f3f000
stack at sp + 1 slots: 0x00007fe4fc137d20 points into unknown readable memory: 0x00007fe5040bc110 | 10 c1 0b 04 e5 7f 00 00
stack at sp + 2 slots: 0x00007fe4e45ce720 is pointing into the stack for thread: 0x00007fe4fc137000
stack at sp + 3 slots: 0x00007fe4e45ce290 is pointing into the stack for thread: 0x00007fe4fc137000
stack at sp + 4 slots: 0x00007fe503af8c21: <offset 0x0000000000bb9c21> in /usr/lib/jvm/java-11-openjdk-amd64/lib/server/libjvm.so at 0x00007fe502f3f000
stack at sp + 5 slots: 0x00007fe4fc137000 is a thread
stack at sp + 6 slots: 0x00000001e45ce230 is an unknown value
stack at sp + 7 slots: 0x0 is NULL


---------------  P R O C E S S  ---------------

Threads class SMR info:
_java_thread_list=0x00007fe4800010a0, length=14, elements={
0x00007fe4fc016000, 0x00007fe4fc129000, 0x00007fe4fc12b000, 0x00007fe4fc133000,
0x00007fe4fc135000, 0x00007fe4fc137000, 0x00007fe4fc139000, 0x00007fe4fc184000,
0x00007fe4fc804000, 0x00007fe4fc818000, 0x00007fe4fc837800, 0x00007fe49406c000,
0x00007fe484e81000, 0x00007fe484ef7000
}

Java Threads: ( => current thread )
  0x00007fe4fc016000 JavaThread "main" [_thread_blocked, id=4230, stack(0x00007fe502b00000,0x00007fe502c00000)]
  0x00007fe4fc129000 JavaThread "Reference Handler" daemon [_thread_blocked, id=4237, stack(0x00007fe500200000,0x00007fe500300000)]
  0x00007fe4fc12b000 JavaThread "Finalizer" daemon [_thread_blocked, id=4238, stack(0x00007fe500100000,0x00007fe500200000)]
  0x00007fe4fc133000 JavaThread "Signal Dispatcher" daemon [_thread_blocked, id=4239, stack(0x00007fe4e46d0000,0x00007fe4e47d0000)]
  0x00007fe4fc135000 JavaThread "Service Thread" daemon [_thread_blocked, id=4240, stack(0x00007fe4e45d0000,0x00007fe4e46d0000)]
=>0x00007fe4fc137000 JavaThread "C1 CompilerThread0" daemon [_thread_in_vm, id=4241, stack(0x00007fe4e44d0000,0x00007fe4e45d0000)]
  0x00007fe4fc139000 JavaThread "Sweeper thread" daemon [_thread_blocked, id=4242, stack(0x00007fe4e43d0000,0x00007fe4e44d0000)]
  0x00007fe4fc184000 JavaThread "Common-Cleaner" daemon [_thread_blocked, id=4244, stack(0x00007fe4e41c0000,0x00007fe4e42c0000)]
  0x00007fe4fc804000 JavaThread "process reaper (pid 4267)" daemon [_thread_in_native, id=4247, stack(0x00007fe500050000,0x00007fe500072000)]
  0x00007fe4fc818000 JavaThread "NonBlockingInputStreamThread" daemon [_thread_blocked, id=4254, stack(0x00007fe4dc100000,0x00007fe4dc200000)]
  0x00007fe4fc837800 JavaThread "pool-1-thread-1" [_thread_blocked, id=4261, stack(0x00007fe4dc000000,0x00007fe4dc100000)]
  0x00007fe49406c000 JavaThread "Connection worker" [_thread_in_native, id=4264, stack(0x00007fe49f6e0000,0x00007fe49f7e0000)]
  0x00007fe484e81000 JavaThread "pool-2-thread-1" [_thread_blocked, id=4265, stack(0x00007fe49ef00000,0x00007fe49f000000)]
  0x00007fe484ef7000 JavaThread "Forward input" [_thread_blocked, id=4294, stack(0x00007fe49ee00000,0x00007fe49ef00000)]

Other Threads:
  0x00007fe4fc126000 VMThread "VM Thread" [stack: 0x00007fe500301000,0x00007fe500401000] [id=4236]
  0x00007fe4fc182000 WatcherThread [stack: 0x00007fe4e42c1000,0x00007fe4e43c1000] [id=4243]
  0x00007fe4fc02e000 GCTaskThread "GC Thread#0" [stack: 0x00007fe5027a1000,0x00007fe5028a1000] [id=4231]
  0x00007fe4cc001000 GCTaskThread "GC Thread#1" [stack: 0x00007fe4e40b1000,0x00007fe4e41b1000] [id=4245]
  0x00007fe4cc034800 GCTaskThread "GC Thread#2" [stack: 0x00007fe49f8f1000,0x00007fe49f9f1000] [id=4262]
  0x00007fe4cc035800 GCTaskThread "GC Thread#3" [stack: 0x00007fe49f7e1000,0x00007fe49f8e1000] [id=4263]
  0x00007fe4fc04a000 ConcurrentGCThread "G1 Main Marker" [stack: 0x00007fe500c71000,0x00007fe500d71000] [id=4232]
  0x00007fe4fc04b800 ConcurrentGCThread "G1 Conc#0" [stack: 0x00007fe500b61000,0x00007fe500c61000] [id=4233]
  0x00007fe4fc091000 ConcurrentGCThread "G1 Refine#0" [stack: 0x00007fe500611000,0x00007fe500711000] [id=4234]
  0x00007fe4fc092800 ConcurrentGCThread "G1 Young RemSet Sampling" [stack: 0x00007fe500501000,0x00007fe500601000] [id=4235]

Threads with active compile tasks:
C1 CompilerThread0    36185 4757   !   1       sun.nio.cs.StreamEncoder::write (78 bytes)

VM state:not at safepoint (normal execution)

VM Mutex/Monitor currently owned by a thread:  ([mutex/lock_event])
[0x00007fe4fc0120e0] CodeCache_lock - owner thread: 0x00007fe4fc137000
[0x00007fe4fc013d00] Compile_lock - owner thread: 0x00007fe4fc137000
[0x00007fe4fc013eb0] MethodCompileQueue_lock - owner thread: 0x00007fe4fc137000

Heap address: 0x00000000c1400000, size: 1004 MB, Compressed Oops mode: 32-bit
Narrow klass base: 0x0000000800000000, Narrow klass shift: 3
Compressed class space size: 1073741824 Address: 0x0000000840000000

Heap:
 garbage-first heap   total 128000K, used 66561K [0x00000000c1400000, 0x0000000100000000)
  region size 1024K, 24 young (24576K), 7 survivors (7168K)
 Metaspace       used 25720K, capacity 27006K, committed 27136K, reserved 1073152K
  class space    used 3440K, capacity 4053K, committed 4096K, reserved 1048576K
Heap Regions: E=young(eden), S=young(survivor), O=old, HS=humongous(starts), HC=humongous(continues), CS=collection set, F=free, A=archive, TAMS=top-at-mark-start (previous, next)
|   0|0x00000000c1400000, 0x00000000c1500000, 0x00000000c1500000|100%|HS|  |TAMS 0x00000000c1500000, 0x00000000c1400000| Complete 
|   1|0x00000000c1500000, 0x00000000c1600000, 0x00000000c1600000|100%| O|  |TAMS 0x00000000c1600000, 0x00000000c1500000| Untracked 
|   2|0x00000000c1600000, 0x00000000c1700000, 0x00000000c1700000|100%| O|  |TAMS 0x00000000c1700000, 0x00000000c1600000| Untracked 
|   3|0x00000000c1700000, 0x00000000c1800000, 0x00000000c1800000|100%| O|  |TAMS 0x00000000c1800000, 0x00000000c1700000| Untracked 
|   4|0x00000000c1800000, 0x00000000c1900000, 0x00000000c1900000|100%| O|  |TAMS 0x00000000c1900000, 0x00000000c1800000| Untracked 
|   5|0x00000000c1900000, 0x00000000c1a00000, 0x00000000c1a00000|100%|HS|  |TAMS 0x00000000c1a00000, 0x00000000c1900000| Complete 
|   6|0x00000000c1a00000, 0x00000000c1b00000, 0x00000000c1b00000|100%| O|  |TAMS 0x00000000c1b00000, 0x00000000c1a00000| Untracked 
|   7|0x00000000c1b00000, 0x00000000c1c00000, 0x00000000c1c00000|100%| O|  |TAMS 0x00000000c1c00000, 0x00000000c1b00000| Untracked 
|   8|0x00000000c1c00000, 0x00000000c1d00000, 0x00000000c1d00000|100%| O|  |TAMS 0x00000000c1d00000, 0x00000000c1c00000| Untracked 
|   9|0x00000000c1d00000, 0x00000000c1e00000, 0x00000000c1e00000|100%| O|  |TAMS 0x00000000c1e00000, 0x00000000c1d00000| Untracked 
|  10|0x00000000c1e00000, 0x00000000c1f00000, 0x00000000c1f00000|100%| O|  |TAMS 0x00000000c1f00000, 0x00000000c1e00000| Untracked 
|  11|0x00000000c1f00000, 0x00000000c2000000, 0x00000000c2000000|100%| O|  |TAMS 0x00000000c2000000, 0x00000000c1f00000| Untracked 
|  12|0x00000000c2000000, 0x00000000c2100000, 0x00000000c2100000|100%| O|  |TAMS 0x00000000c2100000, 0x00000000c2000000| Untracked 
|  13|0x00000000c2100000, 0x00000000c2200000, 0x00000000c2200000|100%| O|  |TAMS 0x00000000c2200000, 0x00000000c2100000| Untracked 
|  14|0x00000000c2200000, 0x00000000c2300000, 0x00000000c2300000|100%| O|  |TAMS 0x00000000c2300000, 0x00000000c2200000| Untracked 
|  15|0x00000000c2300000, 0x00000000c2400000, 0x00000000c2400000|100%| O|  |TAMS 0x00000000c2400000, 0x00000000c2300000| Untracked 
|  16|0x00000000c2400000, 0x00000000c2500000, 0x00000000c2500000|100%| O|  |TAMS 0x00000000c2500000, 0x00000000c2400000| Untracked 
|  17|0x00000000c2500000, 0x00000000c2600000, 0x00000000c2600000|100%| O|  |TAMS 0x00000000c2600000, 0x00000000c2500000| Untracked 
|  18|0x00000000c2600000, 0x00000000c2700000, 0x00000000c2700000|100%| O|  |TAMS 0x00000000c2700000, 0x00000000c2600000| Untracked 
|  19|0x00000000c2700000, 0x00000000c2800000, 0x00000000c2800000|100%| O|  |TAMS 0x00000000c2800000, 0x00000000c2700000| Untracked 
|  20|0x00000000c2800000, 0x00000000c2900000, 0x00000000c2900000|100%| O|  |TAMS 0x00000000c2900000, 0x00000000c2800000| Untracked 
|  21|0x00000000c2900000, 0x00000000c2a00000, 0x00000000c2a00000|100%| O|  |TAMS 0x00000000c2a00000, 0x00000000c2900000| Untracked 
|  22|0x00000000c2a00000, 0x00000000c2b00000, 0x00000000c2b00000|100%| O|  |TAMS 0x00000000c2b00000, 0x00000000c2a00000| Untracked 
|  23|0x00000000c2b00000, 0x00000000c2c00000, 0x00000000c2c00000|100%| O|  |TAMS 0x00000000c2c00000, 0x00000000c2b00000| Untracked 
|  24|0x00000000c2c00000, 0x00000000c2d00000, 0x00000000c2d00000|100%| O|  |TAMS 0x00000000c2d00000, 0x00000000c2c00000| Untracked 
|  25|0x00000000c2d00000, 0x00000000c2e00000, 0x00000000c2e00000|100%| O|  |TAMS 0x00000000c2e00000, 0x00000000c2d00000| Untracked 
|  26|0x00000000c2e00000, 0x00000000c2f00000, 0x00000000c2f00000|100%| O|  |TAMS 0x00000000c2f00000, 0x00000000c2e00000| Untracked 
|  27|0x00000000c2f00000, 0x00000000c3000000, 0x00000000c3000000|100%| O|  |TAMS 0x00000000c3000000, 0x00000000c2f00000| Untracked 
|  28|0x00000000c3000000, 0x00000000c3100000, 0x00000000c3100000|100%| O|  |TAMS 0x00000000c3100000, 0x00000000c3000000| Untracked 
|  29|0x00000000c3100000, 0x00000000c3200000, 0x00000000c3200000|100%| O|  |TAMS 0x00000000c3200000, 0x00000000c3100000| Untracked 
|  30|0x00000000c3200000, 0x00000000c3300000, 0x00000000c3300000|100%| O|  |TAMS 0x00000000c3300000, 0x00000000c3200000| Untracked 
|  31|0x00000000c3300000, 0x00000000c3400000, 0x00000000c3400000|100%| O|  |TAMS 0x00000000c3400000, 0x00000000c3300000| Untracked 
|  32|0x00000000c3400000, 0x00000000c3500000, 0x00000000c3500000|100%| O|  |TAMS 0x00000000c3500000, 0x00000000c3400000| Untracked 
|  33|0x00000000c3500000, 0x00000000c3600000, 0x00000000c3600000|100%| O|  |TAMS 0x00000000c3600000, 0x00000000c3500000| Untracked 
|  34|0x00000000c3600000, 0x00000000c3700000, 0x00000000c3700000|100%|HS|  |TAMS 0x00000000c3700000, 0x00000000c3600000| Complete 
|  35|0x00000000c3700000, 0x00000000c3800000, 0x00000000c3800000|100%|HS|  |TAMS 0x00000000c3800000, 0x00000000c3700000| Complete 
|  36|0x00000000c3800000, 0x00000000c3900000, 0x00000000c3900000|100%|HC|  |TAMS 0x00000000c3900000, 0x00000000c3800000| Complete 
|  37|0x00000000c3900000, 0x00000000c3a00000, 0x00000000c3a00000|100%| O|  |TAMS 0x00000000c3a00000, 0x00000000c3900000| Untracked 
|  38|0x00000000c3a00000, 0x00000000c3b00000, 0x00000000c3b00000|100%| O|  |TAMS 0x00000000c3b00000, 0x00000000c3a00000| Untracked 
|  39|0x00000000c3b00000, 0x00000000c3c00000, 0x00000000c3c00000|100%| O|  |TAMS 0x00000000c3c00000, 0x00000000c3b00000| Untracked 
|  40|0x00000000c3c00000, 0x00000000c3d00000, 0x00000000c3d00000|100%| O|  |TAMS 0x00000000c3d00000, 0x00000000c3c00000| Untracked 
|  41|0x00000000c3d00000, 0x00000000c3e00000, 0x00000000c3e00000|100%| O|  |TAMS 0x00000000c3e00000, 0x00000000c3d00000| Untracked 
|  42|0x00000000c3e00000, 0x00000000c3e4c600, 0x00000000c3f00000| 29%| O|  |TAMS 0x00000000c3e4c600, 0x00000000c3e00000| Untracked 
|  43|0x00000000c3f00000, 0x00000000c3f00000, 0x00000000c4000000|  0%| F|  |TAMS 0x00000000c3f00000, 0x00000000c3f00000| Untracked 
|  44|0x00000000c4000000, 0x00000000c4000000, 0x00000000c4100000|  0%| F|  |TAMS 0x00000000c4000000, 0x00000000c4000000| Untracked 
|  45|0x00000000c4100000, 0x00000000c4100000, 0x00000000c4200000|  0%| F|  |TAMS 0x00000000c4100000, 0x00000000c4100000| Untracked 
|  46|0x00000000c4200000, 0x00000000c4200000, 0x00000000c4300000|  0%| F|  |TAMS 0x00000000c4200000, 0x00000000c4200000| Untracked 
|  47|0x00000000c4300000, 0x00000000c4300000, 0x00000000c4400000|  0%| F|  |TAMS 0x00000000c4300000, 0x00000000c4300000| Untracked 
|  48|0x00000000c4400000, 0x00000000c4400000, 0x00000000c4500000|  0%| F|  |TAMS 0x00000000c4400000, 0x00000000c4400000| Untracked 
|  49|0x00000000c4500000, 0x00000000c4500000, 0x00000000c4600000|  0%| F|  |TAMS 0x00000000c4500000, 0x00000000c4500000| Untracked 
|  50|0x00000000c4600000, 0x00000000c4600000, 0x00000000c4700000|  0%| F|  |TAMS 0x00000000c4600000, 0x00000000c4600000| Untracked 
|  51|0x00000000c4700000, 0x00000000c4700000, 0x00000000c4800000|  0%| F|  |TAMS 0x00000000c4700000, 0x00000000c4700000| Untracked 
|  52|0x00000000c4800000, 0x00000000c4800000, 0x00000000c4900000|  0%| F|  |TAMS 0x00000000c4800000, 0x00000000c4800000| Untracked 
|  53|0x00000000c4900000, 0x00000000c4900000, 0x00000000c4a00000|  0%| F|  |TAMS 0x00000000c4900000, 0x00000000c4900000| Untracked 
|  54|0x00000000c4a00000, 0x00000000c4a00000, 0x00000000c4b00000|  0%| F|  |TAMS 0x00000000c4a00000, 0x00000000c4a00000| Untracked 
|  55|0x00000000c4b00000, 0x00000000c4b00000, 0x00000000c4c00000|  0%| F|  |TAMS 0x00000000c4b00000, 0x00000000c4b00000| Untracked 
|  56|0x00000000c4c00000, 0x00000000c4c00000, 0x00000000c4d00000|  0%| F|  |TAMS 0x00000000c4c00000, 0x00000000c4c00000| Untracked 
|  57|0x00000000c4d00000, 0x00000000c4d00000, 0x00000000c4e00000|  0%| F|  |TAMS 0x00000000c4d00000, 0x00000000c4d00000| Untracked 
|  58|0x00000000c4e00000, 0x00000000c4e00000, 0x00000000c4f00000|  0%| F|  |TAMS 0x00000000c4e00000, 0x00000000c4e00000| Untracked 
|  59|0x00000000c4f00000, 0x00000000c4f00000, 0x00000000c5000000|  0%| F|  |TAMS 0x00000000c4f00000, 0x00000000c4f00000| Untracked 
|  60|0x00000000c5000000, 0x00000000c5100000, 0x00000000c5100000|100%| S|CS|TAMS 0x00000000c5000000, 0x00000000c5000000| Complete 
|  61|0x00000000c5100000, 0x00000000c5200000, 0x00000000c5200000|100%| S|CS|TAMS 0x00000000c5100000, 0x00000000c5100000| Complete 
|  62|0x00000000c5200000, 0x00000000c5300000, 0x00000000c5300000|100%| S|CS|TAMS 0x00000000c5200000, 0x00000000c5200000| Complete 
|  63|0x00000000c5300000, 0x00000000c5400000, 0x00000000c5400000|100%| S|CS|TAMS 0x00000000c5300000, 0x00000000c5300000| Complete 
|  64|0x00000000c5400000, 0x00000000c5500000, 0x00000000c5500000|100%| S|CS|TAMS 0x00000000c5400000, 0x00000000c5400000| Complete 
|  65|0x00000000c5500000, 0x00000000c5600000, 0x00000000c5600000|100%| S|CS|TAMS 0x00000000c5500000, 0x00000000c5500000| Complete 
|  66|0x00000000c5600000, 0x00000000c5700000, 0x00000000c5700000|100%| S|CS|TAMS 0x00000000c5600000, 0x00000000c5600000| Complete 
|  67|0x00000000c5700000, 0x00000000c5700000, 0x00000000c5800000|  0%| F|  |TAMS 0x00000000c5700000, 0x00000000c5700000| Untracked 
|  68|0x00000000c5800000, 0x00000000c5800000, 0x00000000c5900000|  0%| F|  |TAMS 0x00000000c5800000, 0x00000000c5800000| Untracked 
|  69|0x00000000c5900000, 0x00000000c5900000, 0x00000000c5a00000|  0%| F|  |TAMS 0x00000000c5900000, 0x00000000c5900000| Untracked 
|  70|0x00000000c5a00000, 0x00000000c5a00000, 0x00000000c5b00000|  0%| F|  |TAMS 0x00000000c5a00000, 0x00000000c5a00000| Untracked 
|  71|0x00000000c5b00000, 0x00000000c5b00000, 0x00000000c5c00000|  0%| F|  |TAMS 0x00000000c5b00000, 0x00000000c5b00000| Untracked 
|  72|0x00000000c5c00000, 0x00000000c5c00000, 0x00000000c5d00000|  0%| F|  |TAMS 0x00000000c5c00000, 0x00000000c5c00000| Untracked 
|  73|0x00000000c5d00000, 0x00000000c5d00000, 0x00000000c5e00000|  0%| F|  |TAMS 0x00000000c5d00000, 0x00000000c5d00000| Untracked 
|  74|0x00000000c5e00000, 0x00000000c5e00000, 0x00000000c5f00000|  0%| F|  |TAMS 0x00000000c5e00000, 0x00000000c5e00000| Untracked 
|  75|0x00000000c5f00000, 0x00000000c5f00000, 0x00000000c6000000|  0%| F|  |TAMS 0x00000000c5f00000, 0x00000000c5f00000| Untracked 
|  76|0x00000000c6000000, 0x00000000c6000000, 0x00000000c6100000|  0%| F|  |TAMS 0x00000000c6000000, 0x00000000c6000000| Untracked 
|  77|0x00000000c6100000, 0x00000000c6100000, 0x00000000c6200000|  0%| F|  |TAMS 0x00000000c6100000, 0x00000000c6100000| Untracked 
|  78|0x00000000c6200000, 0x00000000c6200000, 0x00000000c6300000|  0%| F|  |TAMS 0x00000000c6200000, 0x00000000c6200000| Untracked 
|  79|0x00000000c6300000, 0x00000000c6300000, 0x00000000c6400000|  0%| F|  |TAMS 0x00000000c6300000, 0x00000000c6300000| Untracked 
|  80|0x00000000c6400000, 0x00000000c6400000, 0x00000000c6500000|  0%| F|  |TAMS 0x00000000c6400000, 0x00000000c6400000| Untracked 
|  81|0x00000000c6500000, 0x00000000c6500000, 0x00000000c6600000|  0%| F|  |TAMS 0x00000000c6500000, 0x00000000c6500000| Untracked 
|  82|0x00000000c6600000, 0x00000000c6600000, 0x00000000c6700000|  0%| F|  |TAMS 0x00000000c6600000, 0x00000000c6600000| Untracked 
|  83|0x00000000c6700000, 0x00000000c6700000, 0x00000000c6800000|  0%| F|  |TAMS 0x00000000c6700000, 0x00000000c6700000| Untracked 
|  84|0x00000000c6800000, 0x00000000c6800000, 0x00000000c6900000|  0%| F|  |TAMS 0x00000000c6800000, 0x00000000c6800000| Untracked 
|  85|0x00000000c6900000, 0x00000000c6900000, 0x00000000c6a00000|  0%| F|  |TAMS 0x00000000c6900000, 0x00000000c6900000| Untracked 
|  86|0x00000000c6a00000, 0x00000000c6a00000, 0x00000000c6b00000|  0%| F|  |TAMS 0x00000000c6a00000, 0x00000000c6a00000| Untracked 
|  87|0x00000000c6b00000, 0x00000000c6b00000, 0x00000000c6c00000|  0%| F|  |TAMS 0x00000000c6b00000, 0x00000000c6b00000| Untracked 
|  88|0x00000000c6c00000, 0x00000000c6c00000, 0x00000000c6d00000|  0%| F|  |TAMS 0x00000000c6c00000, 0x00000000c6c00000| Untracked 
|  89|0x00000000c6d00000, 0x00000000c6d00000, 0x00000000c6e00000|  0%| F|  |TAMS 0x00000000c6d00000, 0x00000000c6d00000| Untracked 
|  90|0x00000000c6e00000, 0x00000000c6e00000, 0x00000000c6f00000|  0%| F|  |TAMS 0x00000000c6e00000, 0x00000000c6e00000| Untracked 
|  91|0x00000000c6f00000, 0x00000000c6f00000, 0x00000000c7000000|  0%| F|  |TAMS 0x00000000c6f00000, 0x00000000c6f00000| Untracked 
|  92|0x00000000c7000000, 0x00000000c7000000, 0x00000000c7100000|  0%| F|  |TAMS 0x00000000c7000000, 0x00000000c7000000| Untracked 
|  93|0x00000000c7100000, 0x00000000c7100000, 0x00000000c7200000|  0%| F|  |TAMS 0x00000000c7100000, 0x00000000c7100000| Untracked 
|  94|0x00000000c7200000, 0x00000000c7200000, 0x00000000c7300000|  0%| F|  |TAMS 0x00000000c7200000, 0x00000000c7200000| Untracked 
|  95|0x00000000c7300000, 0x00000000c7300000, 0x00000000c7400000|  0%| F|  |TAMS 0x00000000c7300000, 0x00000000c7300000| Untracked 
|  96|0x00000000c7400000, 0x00000000c7400000, 0x00000000c7500000|  0%| F|  |TAMS 0x00000000c7400000, 0x00000000c7400000| Untracked 
|  97|0x00000000c7500000, 0x00000000c7500000, 0x00000000c7600000|  0%| F|  |TAMS 0x00000000c7500000, 0x00000000c7500000| Untracked 
|  98|0x00000000c7600000, 0x00000000c7600000, 0x00000000c7700000|  0%| F|  |TAMS 0x00000000c7600000, 0x00000000c7600000| Untracked 
|  99|0x00000000c7700000, 0x00000000c7700000, 0x00000000c7800000|  0%| F|  |TAMS 0x00000000c7700000, 0x00000000c7700000| Untracked 
| 100|0x00000000c7800000, 0x00000000c7800000, 0x00000000c7900000|  0%| F|  |TAMS 0x00000000c7800000, 0x00000000c7800000| Untracked 
| 101|0x00000000c7900000, 0x00000000c7900000, 0x00000000c7a00000|  0%| F|  |TAMS 0x00000000c7900000, 0x00000000c7900000| Untracked 
| 102|0x00000000c7a00000, 0x00000000c7a00000, 0x00000000c7b00000|  0%| F|  |TAMS 0x00000000c7a00000, 0x00000000c7a00000| Untracked 
| 103|0x00000000c7b00000, 0x00000000c7b00000, 0x00000000c7c00000|  0%| F|  |TAMS 0x00000000c7b00000, 0x00000000c7b00000| Untracked 
| 104|0x00000000c7c00000, 0x00000000c7c00000, 0x00000000c7d00000|  0%| F|  |TAMS 0x00000000c7c00000, 0x00000000c7c00000| Untracked 
| 105|0x00000000c7d00000, 0x00000000c7d00000, 0x00000000c7e00000|  0%| F|  |TAMS 0x00000000c7d00000, 0x00000000c7d00000| Untracked 
| 106|0x00000000c7e00000, 0x00000000c7ee6ed0, 0x00000000c7f00000| 90%| E|  |TAMS 0x00000000c7e00000, 0x00000000c7e00000| Complete 
| 107|0x00000000c7f00000, 0x00000000c8000000, 0x00000000c8000000|100%| E|CS|TAMS 0x00000000c7f00000, 0x00000000c7f00000| Complete 
| 108|0x00000000c8000000, 0x00000000c8100000, 0x00000000c8100000|100%| E|CS|TAMS 0x00000000c8000000, 0x00000000c8000000| Complete 
| 109|0x00000000c8100000, 0x00000000c8200000, 0x00000000c8200000|100%| E|CS|TAMS 0x00000000c8100000, 0x00000000c8100000| Complete 
| 110|0x00000000c8200000, 0x00000000c8300000, 0x00000000c8300000|100%| E|  |TAMS 0x00000000c8200000, 0x00000000c8200000| Complete 
| 111|0x00000000c8300000, 0x00000000c8400000, 0x00000000c8400000|100%| E|CS|TAMS 0x00000000c8300000, 0x00000000c8300000| Complete 
| 112|0x00000000c8400000, 0x00000000c8500000, 0x00000000c8500000|100%| E|CS|TAMS 0x00000000c8400000, 0x00000000c8400000| Complete 
| 113|0x00000000c8500000, 0x00000000c8600000, 0x00000000c8600000|100%| E|CS|TAMS 0x00000000c8500000, 0x00000000c8500000| Complete 
| 114|0x00000000c8600000, 0x00000000c8700000, 0x00000000c8700000|100%| E|CS|TAMS 0x00000000c8600000, 0x00000000c8600000| Complete 
| 115|0x00000000c8700000, 0x00000000c8800000, 0x00000000c8800000|100%| E|CS|TAMS 0x00000000c8700000, 0x00000000c8700000| Complete 
| 116|0x00000000c8800000, 0x00000000c8900000, 0x00000000c8900000|100%| E|CS|TAMS 0x00000000c8800000, 0x00000000c8800000| Complete 
| 117|0x00000000c8900000, 0x00000000c8a00000, 0x00000000c8a00000|100%| E|CS|TAMS 0x00000000c8900000, 0x00000000c8900000| Complete 
| 118|0x00000000c8a00000, 0x00000000c8b00000, 0x00000000c8b00000|100%| E|CS|TAMS 0x00000000c8a00000, 0x00000000c8a00000| Complete 
| 119|0x00000000c8b00000, 0x00000000c8c00000, 0x00000000c8c00000|100%| E|CS|TAMS 0x00000000c8b00000, 0x00000000c8b00000| Complete 
| 120|0x00000000c8c00000, 0x00000000c8d00000, 0x00000000c8d00000|100%| E|CS|TAMS 0x00000000c8c00000, 0x00000000c8c00000| Complete 
| 121|0x00000000c8d00000, 0x00000000c8e00000, 0x00000000c8e00000|100%| E|CS|TAMS 0x00000000c8d00000, 0x00000000c8d00000| Complete 
| 122|0x00000000c8e00000, 0x00000000c8f00000, 0x00000000c8f00000|100%| E|CS|TAMS 0x00000000c8e00000, 0x00000000c8e00000| Complete 
|1002|0x00000000ffe00000, 0x00000000ffe48000, 0x00000000fff00000| 28%|OA|  |TAMS 0x00000000ffe48000, 0x00000000ffe00000| Untracked 
|1003|0x00000000fff00000, 0x00000000fff6c000, 0x0000000100000000| 42%|CA|  |TAMS 0x00000000fff6c000, 0x00000000fff00000| Untracked 

Card table byte_map: [0x00007fe501f60000,0x00007fe502156000] _byte_map_base: 0x00007fe501956000

Marking Bits (Prev, Next): (CMBitMap*) 0x00007fe4fc044f98, (CMBitMap*) 0x00007fe4fc044fd0
 Prev Bits: [0x00007fe500db0000, 0x00007fe501d60000)
 Next Bits: [0x00007fe4df050000, 0x00007fe4e0000000)

Polling page: 0x00007fe502aa0000

Metaspace:

Usage:
  Non-class:     22.42 MB capacity,    21.76 MB ( 97%) used,   622.60 KB (  3%) free+waste,    50.25 KB ( <1%) overhead. 
      Class:      3.96 MB capacity,     3.36 MB ( 85%) used,   586.20 KB ( 14%) free+waste,    26.19 KB ( <1%) overhead. 
       Both:     26.37 MB capacity,    25.12 MB ( 95%) used,     1.18 MB (  4%) free+waste,    76.44 KB ( <1%) overhead. 

Virtual space:
  Non-class space:       24.00 MB reserved,      22.50 MB ( 94%) committed 
      Class space:        1.00 GB reserved,       4.00 MB ( <1%) committed 
             Both:        1.02 GB reserved,      26.50 MB (  3%) committed 

Chunk freelists:
   Non-Class:  23.00 KB
       Class:  0 bytes
        Both:  23.00 KB

MaxMetaspaceSize: unlimited
CompressedClassSpaceSize: 1.00 GB
Initial GC threshold: 20.80 MB
Current GC threshold: 41.25 MB
CDS: on

CodeHeap 'non-profiled nmethods': size=238948Kb used=8249Kb max_used=8249Kb free=230699Kb
 bounds [0x00007fe4e4e77000, 0x00007fe4e5687000, 0x00007fe4f37d0000]
CodeHeap 'non-nmethods': size=6812Kb used=2236Kb max_used=2236Kb free=4575Kb
 bounds [0x00007fe4e47d0000, 0x00007fe4e4a40000, 0x00007fe4e4e77000]
 total_blobs=5484 nmethods=4756 adapters=655
 compilation: enabled
              stopped_count=0, restarted_count=0
 full_count=0

Compilation events (20 events):
Event: 31.892 Thread 0x00007fe4fc137000 nmethod 4739 0x00007fe4e5681810 code [0x00007fe4e56819c0, 0x00007fe4e5681ab0]
Event: 32.991 Thread 0x00007fe4fc137000 4747       1       java.nio.ByteBuffer::clear (7 bytes)
Event: 32.991 Thread 0x00007fe4fc137000 nmethod 4747 0x00007fe4e5681b90 code [0x00007fe4e5681d40, 0x00007fe4e5681e30]
Event: 32.991 Thread 0x00007fe4fc137000 4748       1       java.nio.Buffer::clear (20 bytes)
Event: 32.992 Thread 0x00007fe4fc137000 nmethod 4748 0x00007fe4e5681e90 code [0x00007fe4e5682040, 0x00007fe4e5682130]
Event: 33.996 Thread 0x00007fe4fc137000 4749       1       java.util.Collections$EmptyList::equals (25 bytes)
Event: 33.996 Thread 0x00007fe4fc137000 nmethod 4749 0x00007fe4e5682190 code [0x00007fe4e5682340, 0x00007fe4e5682520]
Event: 34.084 Thread 0x00007fe4fc137000 4750   !   1       java.io.PrintStream::write (69 bytes)
Event: 34.085 Thread 0x00007fe4fc137000 nmethod 4750 0x00007fe4e5682610 code [0x00007fe4e5682800, 0x00007fe4e5682c70]
Event: 34.388 Thread 0x00007fe4fc137000 4751       1       java.io.FileOutputStream::write (20 bytes)
Event: 34.388 Thread 0x00007fe4fc137000 nmethod 4751 0x00007fe4e5683310 code [0x00007fe4e56834c0, 0x00007fe4e56835c0]
Event: 34.388 Thread 0x00007fe4fc137000 4752       1       java.io.FileDescriptor$1::getAppend (5 bytes)
Event: 34.388 Thread 0x00007fe4fc137000 nmethod 4752 0x00007fe4e5683690 code [0x00007fe4e5683840, 0x00007fe4e5683910]
Event: 34.989 Thread 0x00007fe4fc137000 4754       1       java.util.concurrent.atomic.AtomicLong::compareAndSet (13 bytes)
Event: 34.989 Thread 0x00007fe4fc137000 nmethod 4754 0x00007fe4e5683990 code [0x00007fe4e5683b40, 0x00007fe4e5683c30]
Event: 35.911 Thread 0x00007fe4fc137000 4755       1       com.esotericsoftware.kryo.io.Input::readUtf8 (90 bytes)
Event: 35.912 Thread 0x00007fe4fc137000 nmethod 4755 0x00007fe4e5683c90 code [0x00007fe4e5683e60, 0x00007fe4e5684050]
Event: 35.989 Thread 0x00007fe4fc137000 4756       1       java.io.Writer::write (11 bytes)
Event: 35.989 Thread 0x00007fe4fc137000 nmethod 4756 0x00007fe4e5684210 code [0x00007fe4e56843c0, 0x00007fe4e56844e0]
Event: 35.989 Thread 0x00007fe4fc137000 4757   !   1       sun.nio.cs.StreamEncoder::write (78 bytes)

GC Heap History (20 events):
Event: 9.844 GC heap before
{Heap before GC invocations=11 (full 0):
 garbage-first heap   total 106496K, used 73957K [0x00000000c1400000, 0x0000000100000000)
  region size 1024K, 44 young (45056K), 3 survivors (3072K)
 Metaspace       used 16679K, capacity 18388K, committed 18560K, reserved 1064960K
  class space    used 1930K, capacity 2175K, committed 2176K, reserved 1048576K
}
Event: 9.852 GC heap after
{Heap after GC invocations=12 (full 0):
 garbage-first heap   total 106496K, used 32636K [0x00000000c1400000, 0x0000000100000000)
  region size 1024K, 3 young (3072K), 3 survivors (3072K)
 Metaspace       used 16679K, capacity 18388K, committed 18560K, reserved 1064960K
  class space    used 1930K, capacity 2175K, committed 2176K, reserved 1048576K
}
Event: 10.057 GC heap before
{Heap before GC invocations=12 (full 0):
 garbage-first heap   total 106496K, used 76668K [0x00000000c1400000, 0x0000000100000000)
  region size 1024K, 46 young (47104K), 3 survivors (3072K)
 Metaspace       used 16726K, capacity 18490K, committed 18688K, reserved 1064960K
  class space    used 1944K, capacity 2245K, committed 2304K, reserved 1048576K
}
Event: 10.066 GC heap after
{Heap after GC invocations=13 (full 0):
 garbage-first heap   total 106496K, used 33677K [0x00000000c1400000, 0x0000000100000000)
  region size 1024K, 4 young (4096K), 4 survivors (4096K)
 Metaspace       used 16726K, capacity 18490K, committed 18688K, reserved 1064960K
  class space    used 1944K, capacity 2245K, committed 2304K, reserved 1048576K
}
Event: 10.271 GC heap before
{Heap before GC invocations=13 (full 0):
 garbage-first heap   total 106496K, used 77709K [0x00000000c1400000, 0x0000000100000000)
  region size 1024K, 47 young (48128K), 4 survivors (4096K)
 Metaspace       used 16743K, capacity 18600K, committed 18688K, reserved 1064960K
  class space    used 1950K, capacity 2279K, committed 2304K, reserved 1048576K
}
Event: 10.282 GC heap after
{Heap after GC invocations=14 (full 0):
 garbage-first heap   total 106496K, used 34297K [0x00000000c1400000, 0x0000000100000000)
  region size 1024K, 3 young (3072K), 3 survivors (3072K)
 Metaspace       used 16743K, capacity 18600K, committed 18688K, reserved 1064960K
  class space    used 1950K, capacity 2279K, committed 2304K, reserved 1048576K
}
Event: 10.571 GC heap before
{Heap before GC invocations=14 (full 0):
 garbage-first heap   total 106496K, used 79353K [0x00000000c1400000, 0x0000000100000000)
  region size 1024K, 47 young (48128K), 3 survivors (3072K)
 Metaspace       used 17136K, capacity 19008K, committed 19072K, reserved 1067008K
  class space    used 2017K, capacity 2391K, committed 2432K, reserved 1048576K
}
Event: 10.582 GC heap after
{Heap after GC invocations=15 (full 0):
 garbage-first heap   total 106496K, used 35602K [0x00000000c1400000, 0x0000000100000000)
  region size 1024K, 5 young (5120K), 5 survivors (5120K)
 Metaspace       used 17136K, capacity 19008K, committed 19072K, reserved 1067008K
  class space    used 2017K, capacity 2391K, committed 2432K, reserved 1048576K
}
Event: 10.772 GC heap before
{Heap before GC invocations=15 (full 0):
 garbage-first heap   total 106496K, used 80658K [0x00000000c1400000, 0x0000000100000000)
  region size 1024K, 49 young (50176K), 5 survivors (5120K)
 Metaspace       used 17172K, capacity 19107K, committed 19456K, reserved 1067008K
  class space    used 2030K, capacity 2460K, committed 2560K, reserved 1048576K
}
Event: 10.781 GC heap after
{Heap after GC invocations=16 (full 0):
 garbage-first heap   total 106496K, used 36619K [0x00000000c1400000, 0x0000000100000000)
  region size 1024K, 5 young (5120K), 5 survivors (5120K)
 Metaspace       used 17172K, capacity 19107K, committed 19456K, reserved 1067008K
  class space    used 2030K, capacity 2460K, committed 2560K, reserved 1048576K
}
Event: 10.957 GC heap before
{Heap before GC invocations=16 (full 0):
 garbage-first heap   total 106496K, used 81675K [0x00000000c1400000, 0x0000000100000000)
  region size 1024K, 49 young (50176K), 5 survivors (5120K)
 Metaspace       used 17225K, capacity 19271K, committed 19456K, reserved 1067008K
  class space    used 2045K, capacity 2528K, committed 2560K, reserved 1048576K
}
Event: 10.965 GC heap after
{Heap after GC invocations=17 (full 0):
 garbage-first heap   total 106496K, used 37221K [0x00000000c1400000, 0x0000000100000000)
  region size 1024K, 4 young (4096K), 4 survivors (4096K)
 Metaspace       used 17225K, capacity 19271K, committed 19456K, reserved 1067008K
  class space    used 2045K, capacity 2528K, committed 2560K, reserved 1048576K
}
Event: 11.180 GC heap before
{Heap before GC invocations=17 (full 0):
 garbage-first heap   total 106496K, used 83301K [0x00000000c1400000, 0x0000000100000000)
  region size 1024K, 49 young (50176K), 4 survivors (4096K)
 Metaspace       used 17246K, capacity 19323K, committed 19584K, reserved 1067008K
  class space    used 2052K, capacity 2563K, committed 2688K, reserved 1048576K
}
Event: 11.188 GC heap after
{Heap after GC invocations=18 (full 0):
 garbage-first heap   total 128000K, used 38154K [0x00000000c1400000, 0x0000000100000000)
  region size 1024K, 4 young (4096K), 4 survivors (4096K)
 Metaspace       used 17246K, capacity 19323K, committed 19584K, reserved 1067008K
  class space    used 2052K, capacity 2563K, committed 2688K, reserved 1048576K
}
Event: 11.629 GC heap before
{Heap before GC invocations=18 (full 0):
 garbage-first heap   total 128000K, used 90378K [0x00000000c1400000, 0x0000000100000000)
  region size 1024K, 55 young (56320K), 4 survivors (4096K)
 Metaspace       used 18367K, capacity 20294K, committed 20608K, reserved 1067008K
  class space    used 2220K, capacity 2818K, committed 2944K, reserved 1048576K
}
Event: 11.639 GC heap after
{Heap after GC invocations=19 (full 0):
 garbage-first heap   total 128000K, used 40335K [0x00000000c1400000, 0x0000000100000000)
  region size 1024K, 5 young (5120K), 5 survivors (5120K)
 Metaspace       used 18367K, capacity 20294K, committed 20608K, reserved 1067008K
  class space    used 2220K, capacity 2818K, committed 2944K, reserved 1048576K
}
Event: 12.076 GC heap before
{Heap before GC invocations=19 (full 0):
 garbage-first heap   total 128000K, used 55695K [0x00000000c1400000, 0x0000000100000000)
  region size 1024K, 18 young (18432K), 5 survivors (5120K)
 Metaspace       used 19299K, capacity 21100K, committed 21248K, reserved 1067008K
  class space    used 2367K, capacity 2956K, committed 3072K, reserved 1048576K
}
Event: 12.088 GC heap after
{Heap after GC invocations=20 (full 0):
 garbage-first heap   total 128000K, used 46280K [0x00000000c1400000, 0x0000000100000000)
  region size 1024K, 7 young (7168K), 7 survivors (7168K)
 Metaspace       used 19299K, capacity 21100K, committed 21248K, reserved 1067008K
  class space    used 2367K, capacity 2956K, committed 3072K, reserved 1048576K
}
Event: 13.422 GC heap before
{Heap before GC invocations=21 (full 0):
 garbage-first heap   total 128000K, used 95432K [0x00000000c1400000, 0x0000000100000000)
  region size 1024K, 56 young (57344K), 7 survivors (7168K)
 Metaspace       used 22915K, capacity 24547K, committed 24704K, reserved 1071104K
  class space    used 3031K, capacity 3642K, committed 3712K, reserved 1048576K
}
Event: 13.439 GC heap after
{Heap after GC invocations=22 (full 0):
 garbage-first heap   total 128000K, used 51201K [0x00000000c1400000, 0x0000000100000000)
  region size 1024K, 7 young (7168K), 7 survivors (7168K)
 Metaspace       used 22915K, capacity 24547K, committed 24704K, reserved 1071104K
  class space    used 3031K, capacity 3642K, committed 3712K, reserved 1048576K
}

Deoptimization events (4 events):
Event: 1.563 Thread 0x00007fe4fc016000 DEOPT PACKING pc=0x00007fe4e4f4102c sp=0x00007fe502bfbd90
Event: 1.563 Thread 0x00007fe4fc016000 DEOPT UNPACKING pc=0x00007fe4e481a64a sp=0x00007fe502bfb2f0 mode 0
Event: 7.779 Thread 0x00007fe4fc016000 DEOPT PACKING pc=0x00007fe4e521c5dc sp=0x00007fe502bfba20
Event: 7.779 Thread 0x00007fe4fc016000 DEOPT UNPACKING pc=0x00007fe4e481a64a sp=0x00007fe502bfaf70 mode 0

Classes redefined (0 events):
No events

Internal exceptions (20 events):
Event: 13.013 Thread 0x00007fe49406c000 Exception <a 'java/security/PrivilegedActionException'{0x00000000c6702bf0}> (0x00000000c6702bf0) thrown at [./src/hotspot/share/prims/jvm.cpp, line 1304]
Event: 13.013 Thread 0x00007fe49406c000 Exception <a 'java/security/PrivilegedActionException'{0x00000000c6703410}> (0x00000000c6703410) thrown at [./src/hotspot/share/prims/jvm.cpp, line 1304]
Event: 13.013 Thread 0x00007fe49406c000 Exception <a 'java/security/PrivilegedActionException'{0x00000000c6704858}> (0x00000000c6704858) thrown at [./src/hotspot/share/prims/jvm.cpp, line 1304]
Event: 13.013 Thread 0x00007fe49406c000 Exception <a 'java/security/PrivilegedActionException'{0x00000000c6705078}> (0x00000000c6705078) thrown at [./src/hotspot/share/prims/jvm.cpp, line 1304]
Event: 13.014 Thread 0x00007fe49406c000 Exception <a 'java/security/PrivilegedActionException'{0x00000000c6706508}> (0x00000000c6706508) thrown at [./src/hotspot/share/prims/jvm.cpp, line 1304]
Event: 13.014 Thread 0x00007fe49406c000 Exception <a 'java/security/PrivilegedActionException'{0x00000000c6706d28}> (0x00000000c6706d28) thrown at [./src/hotspot/share/prims/jvm.cpp, line 1304]
Event: 13.219 Thread 0x00007fe49406c000 Exception <a 'java/lang/NoSuchMethodError'{0x00000000c5d98190}: 'java.lang.Object java.lang.invoke.Invokers$Holder.invoker(java.lang.Object, java.lang.Object, java.lang.Object, java.lang.Object, java.lang.Object)'> (0x00000000c5d98190) thrown at [./src/hotspot/share/interpreter/linkResolver.cpp, line 772]
Event: 13.224 Thread 0x00007fe49406c000 Exception <a 'java/lang/NoSuchMethodError'{0x00000000c5da8168}: 'void java.lang.invoke.DelegatingMethodHandle$Holder.delegate(java.lang.Object, java.lang.Object, int, java.lang.Object)'> (0x00000000c5da8168) thrown at [./src/hotspot/share/interpreter/linkResolver.cpp, line 772]
Event: 13.338 Thread 0x00007fe49406c000 Exception <a 'java/lang/NoSuchMethodError'{0x00000000c5967740}: 'java.lang.Object java.lang.invoke.DirectMethodHandle$Holder.invokeStaticInit(java.lang.Object, java.lang.Object, java.lang.Object)'> (0x00000000c5967740) thrown at [./src/hotspot/share/interpreter/linkResolver.cpp, line 772]
Event: 13.379 Thread 0x00007fe49406c000 Exception <a 'java/lang/NoClassDefFoundError'{0x00000000c5880448}: org/slf4j/impl/StaticMarkerBinder> (0x00000000c5880448) thrown at [./src/hotspot/share/classfile/systemDictionary.cpp, line 219]
Event: 17.562 Thread 0x00007fe49406c000 Exception <a 'java/net/ConnectException'{0x00000000c8184c10}> (0x00000000c8184c10) thrown at [./src/hotspot/share/prims/jni.cpp, line 617]
Event: 17.598 Thread 0x00007fe49406c000 Exception <a 'java/lang/NoSuchMethodError'{0x00000000c80f4648}: <clinit>> (0x00000000c80f4648) thrown at [./src/hotspot/share/prims/jni.cpp, line 1367]
Event: 17.600 Thread 0x00007fe49406c000 Exception <a 'java/lang/NoSuchMethodError'{0x00000000c80f6600}: <clinit>> (0x00000000c80f6600) thrown at [./src/hotspot/share/prims/jni.cpp, line 1367]
Event: 17.602 Thread 0x00007fe49406c000 Exception <a 'java/lang/NoSuchMethodError'{0x00000000c80ff748}: <clinit>> (0x00000000c80ff748) thrown at [./src/hotspot/share/prims/jni.cpp, line 1367]
Event: 17.606 Thread 0x00007fe49406c000 Exception <a 'java/lang/NoSuchMethodError'{0x00000000c7f18d58}: <clinit>> (0x00000000c7f18d58) thrown at [./src/hotspot/share/prims/jni.cpp, line 1367]
Event: 17.611 Thread 0x00007fe49406c000 Exception <a 'java/lang/NoSuchMethodError'{0x00000000c7f39950}: <clinit>> (0x00000000c7f39950) thrown at [./src/hotspot/share/prims/jni.cpp, line 1367]
Event: 17.622 Thread 0x00007fe49406c000 Exception <a 'java/lang/NoSuchMethodError'{0x00000000c7f7ae10}: <clinit>> (0x00000000c7f7ae10) thrown at [./src/hotspot/share/prims/jni.cpp, line 1367]
Event: 17.627 Thread 0x00007fe49406c000 Exception <a 'java/lang/NoSuchMethodError'{0x00000000c7f98028}: <clinit>> (0x00000000c7f98028) thrown at [./src/hotspot/share/prims/jni.cpp, line 1367]
Event: 17.628 Thread 0x00007fe49406c000 Exception <a 'java/lang/NoSuchMethodError'{0x00000000c7fa2590}: <clinit>> (0x00000000c7fa2590) thrown at [./src/hotspot/share/prims/jni.cpp, line 1367]
Event: 17.628 Thread 0x00007fe49406c000 Exception <a 'java/lang/NoSuchMethodError'{0x00000000c7fac590}: <clinit>> (0x00000000c7fac590) thrown at [./src/hotspot/share/prims/jni.cpp, line 1367]

Events (20 events):
Event: 19.088 loading class com/google/common/primitives/Ints$IntConverter
Event: 19.088 loading class com/google/common/primitives/Ints$IntConverter done
Event: 19.088 loading class org/fusesource/jansi/Ansi$Color
Event: 19.088 loading class org/fusesource/jansi/Ansi$Color done
Event: 19.089 loading class org/gradle/internal/logging/console/DefaultColorMap$ForegroundColor
Event: 19.089 loading class org/gradle/internal/logging/console/DefaultColorMap$ForegroundColor done
Event: 19.090 loading class org/gradle/internal/logging/console/DefaultColorMap$CompositeColor
Event: 19.090 loading class org/gradle/internal/logging/console/DefaultColorMap$CompositeColor done
Event: 19.091 loading class com/google/common/collect/Lists$ReverseList
Event: 19.091 loading class com/google/common/collect/Lists$ReverseList done
Event: 19.091 loading class com/google/common/collect/Lists$RandomAccessReverseList
Event: 19.091 loading class com/google/common/collect/Lists$RandomAccessReverseList done
Event: 19.092 loading class com/google/common/collect/Lists$ReverseList$1
Event: 19.092 loading class com/google/common/collect/Lists$ReverseList$1 done
Event: 31.885 loading class org/gradle/internal/logging/text/AbstractLineChoppingStyledTextOutput$StateContext
Event: 31.885 loading class org/gradle/internal/logging/text/AbstractLineChoppingStyledTextOutput$StateContext done
Event: 31.886 loading class org/gradle/internal/logging/console/DefaultTextArea$2
Event: 31.886 loading class org/gradle/internal/logging/console/DefaultTextArea$2 done
Event: 31.887 loading class org/gradle/internal/logging/console/DefaultTextArea$2$1
Event: 31.887 loading class org/gradle/internal/logging/console/DefaultTextArea$2$1 done


Dynamic libraries:


VM Arguments:
jvm_args: -XX:+TieredCompilation -XX:TieredStopAtLevel=1 -XX:CICompilerCount=3 
java_command: /mnt/d/myApp/grails-wrapper.jar run-app
java_class_path (initial): /mnt/d/myApp/grails-wrapper.jar
Launcher Type: SUN_STANDARD

[Global flags]
     intx CICompilerCount                          = 3                                         {product} {command line}
     uint ConcGCThreads                            = 1                                         {product} {ergonomic}
     uint G1ConcRefinementThreads                  = 4                                         {product} {ergonomic}
   size_t G1HeapRegionSize                         = 1048576                                   {product} {ergonomic}
    uintx GCDrainStackTargetSize                   = 64                                        {product} {ergonomic}
   size_t InitialHeapSize                          = 67108864                                  {product} {ergonomic}
   size_t MarkStackSize                            = 4194304                                   {product} {ergonomic}
   size_t MaxHeapSize                              = 1052770304                                {product} {ergonomic}
   size_t MaxNewSize                               = 631242752                                 {product} {ergonomic}
   size_t MinHeapDeltaBytes                        = 1048576                                   {product} {ergonomic}
    uintx NonNMethodCodeHeapSize                   = 6973028                                {pd product} {ergonomic}
    uintx NonProfiledCodeHeapSize                  = 244685212                              {pd product} {ergonomic}
    uintx ProfiledCodeHeapSize                     = 0                                      {pd product} {ergonomic}
    uintx ReservedCodeCacheSize                    = 251658240                              {pd product} {ergonomic}
     bool SegmentedCodeCache                       = true                                      {product} {ergonomic}
     bool TieredCompilation                        = true                                   {pd product} {command line}
     intx TieredStopAtLevel                        = 1                                         {product} {command line}
     bool UseCompressedClassPointers               = true                                 {lp64_product} {ergonomic}
     bool UseCompressedOops                        = true                                 {lp64_product} {ergonomic}
     bool UseG1GC                                  = true                                      {product} {ergonomic}

Logging:
Log output configuration:
 #0: stdout all=warning uptime,level,tags
 #1: stderr all=off uptime,level,tags

Environment Variables:
JAVA_HOME=/usr/lib/jvm/java-1.11.0-openjdk-amd64
PATH=/home/anastasia/.sdkman/candidates/grails/current/bin:/usr/lib/jvm/java-1.11.0-openjdk-amd64/bin:/usr/local/sbin:/usr/local/bin:/usr/sbin:/usr/bin:/sbin:/bin:/usr/games:/usr/local/games:/mnt/c/Program Files/WindowsApps/CanonicalGroupLimited.Ubuntu_2204.3.49.0_x64__79rhkp1fndgsc:/mnt/c/Program Files/Common Files/Oracle/Java/javapath:/mnt/c/Program Files (x86)/Common Files/Oracle/Java/javapath:/mnt/c/Program Files/Java/jre1.8.0_281/bin:/mnt/c/Program Files/Java/jdk-16.0.1/bin:/mnt/c/Program Files/Git/cmd:/mnt/c/Users/Настя/AppData/Local/Microsoft/WindowsApps:/snap/bin
SHELL=/bin/bash
HOSTTYPE=x86_64
LANG=C.UTF-8
TERM=xterm-256color

Signal Handlers:
SIGSEGV: [libjvm.so+0xead350], sa_mask[0]=11111111111111111111111111111110, sa_flags=SA_RESTART|SA_SIGINFO
SIGBUS: [libjvm.so+0xead350], sa_mask[0]=11111111111111111111111111111110, sa_flags=SA_RESTART|SA_SIGINFO
SIGFPE: [libjvm.so+0xead350], sa_mask[0]=11111111111111111111111111111110, sa_flags=SA_RESTART|SA_SIGINFO
SIGPIPE: [libjvm.so+0xbef750], sa_mask[0]=11111111111111111111111111111110, sa_flags=SA_RESTART|SA_SIGINFO
SIGXFSZ: [libjvm.so+0xbef750], sa_mask[0]=11111111111111111111111111111110, sa_flags=SA_RESTART|SA_SIGINFO
SIGILL: [libjvm.so+0xead350], sa_mask[0]=11111111111111111111111111111110, sa_flags=SA_RESTART|SA_SIGINFO
SIGUSR2: [libjvm.so+0xbef5f0], sa_mask[0]=00000000000000000000000000000000, sa_flags=SA_RESTART|SA_SIGINFO
SIGHUP: [libjvm.so+0xbefdb0], sa_mask[0]=11111111111111111111111111111110, sa_flags=SA_RESTART|SA_SIGINFO
SIGINT: [libjvm.so+0xbefdb0], sa_mask[0]=11111111111111111111111111111110, sa_flags=SA_RESTART|SA_SIGINFO
SIGTERM: [libjvm.so+0xbefdb0], sa_mask[0]=11111111111111111111111111111110, sa_flags=SA_RESTART|SA_SIGINFO
SIGQUIT: [libjvm.so+0xbefdb0], sa_mask[0]=11111111111111111111111111111110, sa_flags=SA_RESTART|SA_SIGINFO


---------------  S Y S T E M  ---------------

OS:DISTRIB_ID=Ubuntu
DISTRIB_RELEASE=22.04
DISTRIB_CODENAME=jammy
DISTRIB_DESCRIPTION="Ubuntu 22.04.3 LTS"
uname:Linux 4.4.0-19041-Microsoft #3636-Microsoft Thu Oct 19 17:41:00 PST 2023 x86_64
OS uptime: 0 days 1:34 hours
libc:glibc 2.35 NPTL 2.35 
rlimit (soft/hard): STACK 8192k/8192k , CORE 0k/infinity , NPROC 7823/7823 , NOFILE 65536/65536 , AS infinity/infinity , CPU infinity/infinity , DATA infinity/infinity , FSIZE infinity/infinity , MEMLOCK 64k/64k
load average:0.52 0.58 0.59

/proc/meminfo:
MemTotal:        4104876 kB
MemFree:          179280 kB
Buffers:           34032 kB
Cached:           188576 kB
SwapCached:            0 kB
Active:           167556 kB
Inactive:         157876 kB
Active(anon):     103104 kB
Inactive(anon):    17440 kB
Active(file):      64452 kB
Inactive(file):   140436 kB
Unevictable:           0 kB
Mlocked:               0 kB
SwapTotal:      12582912 kB
SwapFree:        5698732 kB
Dirty:                 0 kB
Writeback:             0 kB
AnonPages:        102824 kB
Mapped:            71404 kB
Shmem:             17720 kB
Slab:              13868 kB
SReclaimable:       6744 kB
SUnreclaim:         7124 kB
KernelStack:        2848 kB
PageTables:         2524 kB
NFS_Unstable:          0 kB
Bounce:                0 kB
WritebackTmp:          0 kB
CommitLimit:      515524 kB
Committed_AS:    3450064 kB
VmallocTotal:     122880 kB
VmallocUsed:       21296 kB
VmallocChunk:      66044 kB
HardwareCorrupted:     0 kB
AnonHugePages:      2048 kB
HugePages_Total:       0
HugePages_Free:        0
HugePages_Rsvd:        0
HugePages_Surp:        0
Hugepagesize:       2048 kB
DirectMap4k:       12280 kB
DirectMap4M:      897024 kB

/sys/kernel/mm/transparent_hugepage/enabled:
<Not Available>
/sys/kernel/mm/transparent_hugepage/defrag (defrag/compaction efforts parameter):
<Not Available>

Process Memory:
Virtual Size: 4277252K (peak: 0K)
Resident Set Size: 222768K (peak: 0K)
C-Heap outstanding allocations: 48673K, retained: 10038K
glibc malloc tunables: (default)

/proc/sys/kernel/threads-max (system-wide limit on the number of threads):
32768
/proc/sys/vm/max_map_count (maximum number of memory map areas a process may have):
<Not Available>
/proc/sys/kernel/pid_max (system-wide limit on number of process identifiers):
32768

container information not found.
Steal ticks since vm start: 0
Steal ticks percentage since vm start:  0.000

CPU:total 4 (initial active 4) (2 cores per cpu, 2 threads per core) family 6 model 42 stepping 7 microcode 0xffffffff, cmov, cx8, fxsr, mmx, sse, sse2, sse3, ssse3, sse4.1, sse4.2, popcnt, avx, clmul, ht, tsc, tscinvbit
CPU Model and flags from /proc/cpuinfo:
model name	:        Intel(R) Core(TM) i3-2350M CPU @ 2.30GHz
flags		: fpu vme de pse tsc msr pae mce cx8 apic sep mtrr pge mca cmov pat pse36 clflush dts acpi mmx fxsr sse sse2 ss ht tm pbe syscall nx rdtscp lm pni pclmulqdq dtes64 monitor ds_cpl vmx est tm2 ssse3 cx16 xtpr pdcm pcid sse4_1 sse4_2 x2apic popcnt tsc_deadline_timer xsave osxsave avx lahf_lm ibrs ibpb stibp ssbd
Online cpus:
0-3
Offline cpus:
<Not Available>
BIOS frequency limitation:
<Not Available>
Frequency switch latency (ns):
<Not Available>
Available cpu frequencies:
<Not Available>
Current governor:
<Not Available>
Core performance/turbo boost:
<Not Available>

Memory: 4k page, physical 4104876k(183712k free), swap 12582912k(5699072k free)

vm_info: OpenJDK 64-Bit Server VM (11.0.21+9-post-Ubuntu-0ubuntu122.04) for linux-amd64 JRE (11.0.21+9-post-Ubuntu-0ubuntu122.04), built on Oct 19 2023 08:41:03 by "unknown" with gcc 11.4.0

END.
