#
# A fatal error has been detected by the Java Runtime Environment:
#
#  SIGSEGV (0xb) at pc=0x00007fb5a09f5087, pid=7100, tid=7115
#
# JRE version: OpenJDK Runtime Environment (11.0.21+9) (build 11.0.21+9-post-Ubuntu-0ubuntu122.04)
# Java VM: OpenJDK 64-Bit Server VM (11.0.21+9-post-Ubuntu-0ubuntu122.04, mixed mode, sharing, tiered, compressed oops, g1 gc, linux-amd64)
# Problematic frame:
# C  [libc.so.6+0xc5087]
#
# Core dump will be written. Default location: core.7100 (may not exist)
#
# If you would like to submit a bug report, please visit:
#   https://bugs.launchpad.net/ubuntu/+source/openjdk-lts
#

---------------  S U M M A R Y ------------

Command Line: --add-opens=java.base/java.util=ALL-UNNAMED --add-opens=java.base/java.lang=ALL-UNNAMED --add-opens=java.base/java.lang.invoke=ALL-UNNAMED --add-opens=java.prefs/java.util.prefs=ALL-UNNAMED -XX:MaxMetaspaceSize=256m -XX:+HeapDumpOnOutOfMemoryError -Xmx512m -Dfile.encoding=UTF-8 -Duser.country -Duser.language=en -Duser.variant org.gradle.launcher.daemon.bootstrap.GradleDaemon 5.1.1

Host: Intel(R) Core(TM) i3-2350M CPU @ 2.30GHz, 4 cores, 3G, Ubuntu 22.04.3 LTS
Time: Thu Jan 25 19:35:07 2024 +05 elapsed time: 4.725152 seconds (0d 0h 0m 4s)

---------------  T H R E A D  ---------------

Current thread (0x00007fb5980d4000):  JavaThread "C1 CompilerThread0" daemon [_thread_in_vm, id=7115, stack(0x00007fb5805d0000,0x00007fb5806d0000)]


Current CompileTask:
C1:   4725 1607       3       java.util.regex.Pattern::sequence (645 bytes)

Stack: [0x00007fb5805d0000,0x00007fb5806d0000],  sp=0x00007fb5806ce2c8,  free space=1016k
Native frames: (J=compiled Java code, A=aot compiled Java code, j=interpreted, Vv=VM code, C=native code)
C  [libc.so.6+0xc5087]
V  [libjvm.so+0xb91dc3]
V  [libjvm.so+0xb80d06]
V  [libjvm.so+0x587e3b]
V  [libjvm.so+0x58e93d]
V  [libjvm.so+0x4a5aaf]
V  [libjvm.so+0x4a5f92]
V  [libjvm.so+0x4a63fe]
V  [libjvm.so+0x4a6ca7]
V  [libjvm.so+0x62bbbf]
V  [libjvm.so+0x62cdc0]
V  [libjvm.so+0xe410b1]
V  [libjvm.so+0xe3d4b0]
V  [libjvm.so+0xbf94de]


siginfo: si_signo: 11 (SIGSEGV), si_code: 2 (SEGV_ACCERR), si_addr: 0x00007fb571366000

Register to memory mapping:

RAX=0x00007fb571365af0 is pointing into metadata
RBX=0x00007fb5980d4000 is a thread
RCX=0x0 is NULL
RDX=0x00007fb571365fe0 is pointing into metadata
RSP=0x00007fb5806ce2c8 is pointing into the stack for thread: 0x00007fb5980d4000
RBP=0x00007fb5806ce320 is pointing into the stack for thread: 0x00007fb5980d4000
RSI=0x0 is NULL
RDI=0x00007fb571366ab8 is pointing into metadata
R8 =0x0 is NULL
R9 =0x0000000000000003 is an unknown value
R10=0x0000000000000285 is an unknown value
R11=0x0000000000000284 is an unknown value
R12=0x0000000000000201 is an unknown value
R13=0x0000000000000009 is an unknown value
R14=0x00007fb5980a0f90 points into unknown readable memory: 0x0000000000000000 | 00 00 00 00 00 00 00 00
R15=0x00007fb571365af0 is pointing into metadata


Registers:
RAX=0x00007fb571365af0, RBX=0x00007fb5980d4000, RCX=0x0000000000000000, RDX=0x00007fb571365fe0
RSP=0x00007fb5806ce2c8, RBP=0x00007fb5806ce320, RSI=0x0000000000000000, RDI=0x00007fb571366ab8
R8 =0x0000000000000000, R9 =0x0000000000000003, R10=0x0000000000000285, R11=0x0000000000000284
R12=0x0000000000000201, R13=0x0000000000000009, R14=0x00007fb5980a0f90, R15=0x00007fb571365af0
RIP=0x00007fb5a09f5087, EFLAGS=0x0000000000010297, CSGSFS=0x00000053002b0033, ERR=0x0000000000000000
  TRAPNO=0x0000000000000000

Top of Stack: (sp=0x00007fb5806ce2c8)
0x00007fb5806ce2c8:   00007fb5a01c1130 00007fb5980d4000
0x00007fb5806ce2d8:   0000028500000285 ffffffff00000285
0x00007fb5806ce2e8:   ffffffff81060000 00007fb598012710
0x00007fb5806ce2f8:   0000000800049810 0000000000000201 

Instructions: (pc=0x00007fb5a09f5087)
0x00007fb5a09f4f87:   87 bd 00 00 00 0f 11 44 17 f0 0f 11 07 c3 66 66
0x00007fb5a09f4f97:   2e 0f 1f 84 00 00 00 00 00 f3 0f 1e fa 48 39 d1
0x00007fb5a09f4fa7:   0f 82 43 01 07 00 0f 1f 00 f3 0f 1e fa 48 85 d2
0x00007fb5a09f4fb7:   75 04 48 89 f8 c3 48 89 d1 40 0f b6 c6 48 89 fa
0x00007fb5a09f4fc7:   f3 aa 48 89 d0 c3 0f 1f 00 f3 0f 1e fa 48 39 d1
0x00007fb5a09f4fd7:   0f 82 13 01 07 00 66 66 2e 0f 1f 84 00 00 00 00
0x00007fb5a09f4fe7:   00 66 66 2e 0f 1f 84 00 00 00 00 00 66 66 2e 0f
0x00007fb5a09f4ff7:   1f 84 00 00 00 00 00 66 90 f3 0f 1e fa 66 0f 6e
0x00007fb5a09f5007:   c6 48 89 f8 66 0f 60 c0 66 0f 61 c0 66 0f 70 c0
0x00007fb5a09f5017:   00 48 83 fa 10 0f 82 9e 00 00 00 48 83 fa 20 77
0x00007fb5a09f5027:   18 0f 11 00 0f 11 44 10 f0 c3 0f 11 47 e0 0f 11
0x00007fb5a09f5037:   47 f0 c3 66 0f 1f 44 00 00 48 3b 15 a9 43 15 00
0x00007fb5a09f5047:   77 67 0f 11 00 0f 11 40 10 48 01 d7 48 83 fa 40
0x00007fb5a09f5057:   76 d8 0f 11 40 20 0f 11 40 30 48 83 c7 c0 48 81
0x00007fb5a09f5067:   fa 80 00 00 00 76 2a 48 8d 50 40 48 83 e2 e0 66
0x00007fb5a09f5077:   2e 0f 1f 84 00 00 00 00 00 0f 29 02 0f 29 42 10
0x00007fb5a09f5087:   0f 29 42 20 0f 29 42 30 48 83 ea c0 48 39 fa 72
0x00007fb5a09f5097:   e8 0f 11 07 0f 11 47 10 0f 11 47 20 0f 11 47 30
0x00007fb5a09f50a7:   c3 0f 1f 84 00 00 00 00 00 40 0f b6 c6 48 89 d1
0x00007fb5a09f50b7:   48 89 fa f3 aa 48 89 d0 c3 66 48 0f 7e c7 83 fa
0x00007fb5a09f50c7:   08 73 16 83 fa 04 73 1a 83 fa 01 77 1c 72 d1 40
0x00007fb5a09f50d7:   88 30 c3 66 0f 1f 44 00 00 48 89 38 48 89 7c 10
0x00007fb5a09f50e7:   f8 c3 89 38 89 7c 10 fc c3 66 89 38 40 88 7c 10
0x00007fb5a09f50f7:   ff c3 0f 1f 80 00 00 00 00 f3 0f 1e fa 48 39 f7
0x00007fb5a09f5107:   74 37 48 8b 4a 70 31 d2 eb 10 0f 1f 80 00 00 00
0x00007fb5a09f5117:   00 48 83 c2 01 45 84 c9 74 21 0f b6 04 17 44 0f
0x00007fb5a09f5127:   b6 04 16 49 89 c1 8b 04 81 42 2b 04 81 74 e2 c3
0x00007fb5a09f5137:   66 0f 1f 84 00 00 00 00 00 31 c0 c3 66 2e 0f 1f
0x00007fb5a09f5147:   84 00 00 00 00 00 0f 1f 00 f3 0f 1e fa 49 89 fa
0x00007fb5a09f5157:   48 39 f7 74 3c 48 85 d2 74 37 48 8b 79 70 31 c9
0x00007fb5a09f5167:   eb 15 0f 1f 80 00 00 00 00 45 84 c9 74 25 48 83
0x00007fb5a09f5177:   c1 01 48 39 ca 74 1c 41 0f b6 04 0a 44 0f b6 04 


Stack slot to memory mapping:
stack at sp + 0 slots: 0x00007fb5a01c1130: <offset 0x0000000000b72130> in /usr/lib/jvm/java-11-openjdk-amd64/lib/server/libjvm.so at 0x00007fb59f64f000
stack at sp + 1 slots: 0x00007fb5980d4000 is a thread
stack at sp + 2 slots: 0x0000028500000285 is an unknown value
stack at sp + 3 slots: 0xffffffff00000285 is an unknown value
stack at sp + 4 slots: 0xffffffff81060000 is an unknown value
stack at sp + 5 slots: 0x00007fb598012710 points into unknown readable memory: 0x0000000000000000 | 00 00 00 00 00 00 00 00
stack at sp + 6 slots: {method} {0x0000000800049810} 'sequence' '(Ljava/util/regex/Pattern$Node;)Ljava/util/regex/Pattern$Node;' in 'java/util/regex/Pattern'
stack at sp + 7 slots: 0x0000000000000201 is an unknown value


---------------  P R O C E S S  ---------------

Threads class SMR info:
_java_thread_list=0x00007fb52801b340, length=18, elements={
0x00007fb598016800, 0x00007fb5980c3800, 0x00007fb5980c5800, 0x00007fb5980cd800,
0x00007fb5980cf800, 0x00007fb5980d2000, 0x00007fb5980d4000, 0x00007fb5980d6000,
0x00007fb59811c000, 0x00007fb599204000, 0x00007fb599239800, 0x00007fb534019800,
0x00007fb52c006000, 0x00007fb52c008000, 0x00007fb52c00a000, 0x00007fb52800f000,
0x00007fb528013800, 0x00007fb528019800
}

Java Threads: ( => current thread )
  0x00007fb598016800 JavaThread "main" [_thread_blocked, id=7103, stack(0x00007fb59f210000,0x00007fb59f310000)]
  0x00007fb5980c3800 JavaThread "Reference Handler" daemon [_thread_blocked, id=7110, stack(0x00007fb59c3a0000,0x00007fb59c4a0000)]
  0x00007fb5980c5800 JavaThread "Finalizer" daemon [_thread_blocked, id=7111, stack(0x00007fb59c2a0000,0x00007fb59c3a0000)]
  0x00007fb5980cd800 JavaThread "Signal Dispatcher" daemon [_thread_blocked, id=7112, stack(0x00007fb59c140000,0x00007fb59c240000)]
  0x00007fb5980cf800 JavaThread "Service Thread" daemon [_thread_blocked, id=7113, stack(0x00007fb59c040000,0x00007fb59c140000)]
  0x00007fb5980d2000 JavaThread "C2 CompilerThread0" daemon [_thread_blocked, id=7114, stack(0x00007fb5806d0000,0x00007fb5807d0000)]
=>0x00007fb5980d4000 JavaThread "C1 CompilerThread0" daemon [_thread_in_vm, id=7115, stack(0x00007fb5805d0000,0x00007fb5806d0000)]
  0x00007fb5980d6000 JavaThread "Sweeper thread" daemon [_thread_blocked, id=7116, stack(0x00007fb5804d0000,0x00007fb5805d0000)]
  0x00007fb59811c000 JavaThread "Common-Cleaner" daemon [_thread_blocked, id=7117, stack(0x00007fb5803d0000,0x00007fb5804d0000)]
  0x00007fb599204000 JavaThread "Incoming local TCP Connector on port 51005" [_thread_in_native, id=7120, stack(0x00007fb580070000,0x00007fb580170000)]
  0x00007fb599239800 JavaThread "Daemon periodic checks" [_thread_blocked, id=7121, stack(0x00007fb571f00000,0x00007fb572000000)]
  0x00007fb534019800 JavaThread "Daemon" [_thread_blocked, id=7122, stack(0x00007fb571b00000,0x00007fb571c00000)]
  0x00007fb52c006000 JavaThread "Handler for socket connection from /127.0.0.1:51005 to /127.0.0.1:51007" [_thread_in_native, id=7123, stack(0x00007fb571a00000,0x00007fb571b00000)]
  0x00007fb52c008000 JavaThread "Cancel handler" [_thread_blocked, id=7124, stack(0x00007fb571900000,0x00007fb571a00000)]
  0x00007fb52c00a000 JavaThread "Daemon worker" [_thread_blocked, id=7125, stack(0x00007fb571800000,0x00007fb571900000)]
  0x00007fb52800f000 JavaThread "Asynchronous log dispatcher for DefaultDaemonConnection: socket connection from /127.0.0.1:51005 to /127.0.0.1:51007" [_thread_blocked, id=7128, stack(0x00007fb571700000,0x00007fb571800000)]
  0x00007fb528013800 JavaThread "Stdin handler" [_thread_blocked, id=7129, stack(0x00007fb571600000,0x00007fb571700000)]
  0x00007fb528019800 JavaThread "Thread-7" [_thread_blocked, id=7130, stack(0x00007fb571500000,0x00007fb571600000)]

Other Threads:
  0x00007fb5980c0800 VMThread "VM Thread" [stack: 0x00007fb59c4a1000,0x00007fb59c5a1000] [id=7109]
  0x00007fb598120000 WatcherThread [stack: 0x00007fb5802c1000,0x00007fb5803c1000] [id=7118]
  0x00007fb59802e800 GCTaskThread "GC Thread#0" [stack: 0x00007fb59eeb1000,0x00007fb59efb1000] [id=7104]
  0x00007fb568001000 GCTaskThread "GC Thread#1" [stack: 0x00007fb580171000,0x00007fb580271000] [id=7119]
  0x00007fb59803f800 ConcurrentGCThread "G1 Main Marker" [stack: 0x00007fb59d641000,0x00007fb59d741000] [id=7105]
  0x00007fb598041000 ConcurrentGCThread "G1 Conc#0" [stack: 0x00007fb59d531000,0x00007fb59d631000] [id=7106]
  0x00007fb598085800 ConcurrentGCThread "G1 Refine#0" [stack: 0x00007fb59cfe1000,0x00007fb59d0e1000] [id=7107]
  0x00007fb598087000 ConcurrentGCThread "G1 Young RemSet Sampling" [stack: 0x00007fb59ced1000,0x00007fb59cfd1000] [id=7108]

Threads with active compile tasks:
C1 CompilerThread0     4763 1607       3       java.util.regex.Pattern::sequence (645 bytes)

VM state:not at safepoint (normal execution)

VM Mutex/Monitor currently owned by a thread:  ([mutex/lock_event])
[0x00007fb5980143c0] MethodData_lock - owner thread: 0x00007fb5980d4000

Heap address: 0x00000000e0000000, size: 512 MB, Compressed Oops mode: 32-bit
Narrow klass base: 0x0000000800000000, Narrow klass shift: 3
Compressed class space size: 260046848 Address: 0x0000000840000000

Heap:
 garbage-first heap   total 67584K, used 32245K [0x00000000e0000000, 0x0000000100000000)
  region size 1024K, 24 young (24576K), 4 survivors (4096K)
 Metaspace       used 10254K, capacity 10706K, committed 10880K, reserved 264192K
  class space    used 1436K, capacity 1600K, committed 1664K, reserved 253952K
Heap Regions: E=young(eden), S=young(survivor), O=old, HS=humongous(starts), HC=humongous(continues), CS=collection set, F=free, A=archive, TAMS=top-at-mark-start (previous, next)
|   0|0x00000000e0000000, 0x00000000e0100000, 0x00000000e0100000|100%|HS|  |TAMS 0x00000000e0000000, 0x00000000e0000000| Complete 
|   1|0x00000000e0100000, 0x00000000e0200000, 0x00000000e0200000|100%|HS|  |TAMS 0x00000000e0100000, 0x00000000e0100000| Complete 
|   2|0x00000000e0200000, 0x00000000e0300000, 0x00000000e0300000|100%|HC|  |TAMS 0x00000000e0200000, 0x00000000e0200000| Complete 
|   3|0x00000000e0300000, 0x00000000e0400000, 0x00000000e0400000|100%| O|  |TAMS 0x00000000e0300000, 0x00000000e0300000| Untracked 
|   4|0x00000000e0400000, 0x00000000e0500000, 0x00000000e0500000|100%| O|  |TAMS 0x00000000e0400000, 0x00000000e0400000| Untracked 
|   5|0x00000000e0500000, 0x00000000e0600000, 0x00000000e0600000|100%| O|  |TAMS 0x00000000e0500000, 0x00000000e0500000| Untracked 
|   6|0x00000000e0600000, 0x00000000e0700000, 0x00000000e0700000|100%| O|  |TAMS 0x00000000e0600000, 0x00000000e0600000| Untracked 
|   7|0x00000000e0700000, 0x00000000e07c9400, 0x00000000e0800000| 78%| O|  |TAMS 0x00000000e0700000, 0x00000000e0700000| Untracked 
|   8|0x00000000e0800000, 0x00000000e0800000, 0x00000000e0900000|  0%| F|  |TAMS 0x00000000e0800000, 0x00000000e0800000| Untracked 
|   9|0x00000000e0900000, 0x00000000e0900000, 0x00000000e0a00000|  0%| F|  |TAMS 0x00000000e0900000, 0x00000000e0900000| Untracked 
|  10|0x00000000e0a00000, 0x00000000e0a00000, 0x00000000e0b00000|  0%| F|  |TAMS 0x00000000e0a00000, 0x00000000e0a00000| Untracked 
|  11|0x00000000e0b00000, 0x00000000e0b00000, 0x00000000e0c00000|  0%| F|  |TAMS 0x00000000e0b00000, 0x00000000e0b00000| Untracked 
|  12|0x00000000e0c00000, 0x00000000e0c00000, 0x00000000e0d00000|  0%| F|  |TAMS 0x00000000e0c00000, 0x00000000e0c00000| Untracked 
|  13|0x00000000e0d00000, 0x00000000e0d00000, 0x00000000e0e00000|  0%| F|  |TAMS 0x00000000e0d00000, 0x00000000e0d00000| Untracked 
|  14|0x00000000e0e00000, 0x00000000e0e00000, 0x00000000e0f00000|  0%| F|  |TAMS 0x00000000e0e00000, 0x00000000e0e00000| Untracked 
|  15|0x00000000e0f00000, 0x00000000e0f00000, 0x00000000e1000000|  0%| F|  |TAMS 0x00000000e0f00000, 0x00000000e0f00000| Untracked 
|  16|0x00000000e1000000, 0x00000000e1000000, 0x00000000e1100000|  0%| F|  |TAMS 0x00000000e1000000, 0x00000000e1000000| Untracked 
|  17|0x00000000e1100000, 0x00000000e1100000, 0x00000000e1200000|  0%| F|  |TAMS 0x00000000e1100000, 0x00000000e1100000| Untracked 
|  18|0x00000000e1200000, 0x00000000e1200000, 0x00000000e1300000|  0%| F|  |TAMS 0x00000000e1200000, 0x00000000e1200000| Untracked 
|  19|0x00000000e1300000, 0x00000000e1300000, 0x00000000e1400000|  0%| F|  |TAMS 0x00000000e1300000, 0x00000000e1300000| Untracked 
|  20|0x00000000e1400000, 0x00000000e1400000, 0x00000000e1500000|  0%| F|  |TAMS 0x00000000e1400000, 0x00000000e1400000| Untracked 
|  21|0x00000000e1500000, 0x00000000e1500000, 0x00000000e1600000|  0%| F|  |TAMS 0x00000000e1500000, 0x00000000e1500000| Untracked 
|  22|0x00000000e1600000, 0x00000000e1600000, 0x00000000e1700000|  0%| F|  |TAMS 0x00000000e1600000, 0x00000000e1600000| Untracked 
|  23|0x00000000e1700000, 0x00000000e1700000, 0x00000000e1800000|  0%| F|  |TAMS 0x00000000e1700000, 0x00000000e1700000| Untracked 
|  24|0x00000000e1800000, 0x00000000e1800000, 0x00000000e1900000|  0%| F|  |TAMS 0x00000000e1800000, 0x00000000e1800000| Untracked 
|  25|0x00000000e1900000, 0x00000000e1900000, 0x00000000e1a00000|  0%| F|  |TAMS 0x00000000e1900000, 0x00000000e1900000| Untracked 
|  26|0x00000000e1a00000, 0x00000000e1a00000, 0x00000000e1b00000|  0%| F|  |TAMS 0x00000000e1a00000, 0x00000000e1a00000| Untracked 
|  27|0x00000000e1b00000, 0x00000000e1b00000, 0x00000000e1c00000|  0%| F|  |TAMS 0x00000000e1b00000, 0x00000000e1b00000| Untracked 
|  28|0x00000000e1c00000, 0x00000000e1c00000, 0x00000000e1d00000|  0%| F|  |TAMS 0x00000000e1c00000, 0x00000000e1c00000| Untracked 
|  29|0x00000000e1d00000, 0x00000000e1d00000, 0x00000000e1e00000|  0%| F|  |TAMS 0x00000000e1d00000, 0x00000000e1d00000| Untracked 
|  30|0x00000000e1e00000, 0x00000000e1e00000, 0x00000000e1f00000|  0%| F|  |TAMS 0x00000000e1e00000, 0x00000000e1e00000| Untracked 
|  31|0x00000000e1f00000, 0x00000000e1f00000, 0x00000000e2000000|  0%| F|  |TAMS 0x00000000e1f00000, 0x00000000e1f00000| Untracked 
|  32|0x00000000e2000000, 0x00000000e2000000, 0x00000000e2100000|  0%| F|  |TAMS 0x00000000e2000000, 0x00000000e2000000| Untracked 
|  33|0x00000000e2100000, 0x00000000e2100000, 0x00000000e2200000|  0%| F|  |TAMS 0x00000000e2100000, 0x00000000e2100000| Untracked 
|  34|0x00000000e2200000, 0x00000000e2200000, 0x00000000e2300000|  0%| F|  |TAMS 0x00000000e2200000, 0x00000000e2200000| Untracked 
|  35|0x00000000e2300000, 0x00000000e2400000, 0x00000000e2400000|100%| S|CS|TAMS 0x00000000e2300000, 0x00000000e2300000| Complete 
|  36|0x00000000e2400000, 0x00000000e2500000, 0x00000000e2500000|100%| S|CS|TAMS 0x00000000e2400000, 0x00000000e2400000| Complete 
|  37|0x00000000e2500000, 0x00000000e2600000, 0x00000000e2600000|100%| S|CS|TAMS 0x00000000e2500000, 0x00000000e2500000| Complete 
|  38|0x00000000e2600000, 0x00000000e2700000, 0x00000000e2700000|100%| S|CS|TAMS 0x00000000e2600000, 0x00000000e2600000| Complete 
|  39|0x00000000e2700000, 0x00000000e2700000, 0x00000000e2800000|  0%| F|  |TAMS 0x00000000e2700000, 0x00000000e2700000| Untracked 
|  40|0x00000000e2800000, 0x00000000e2800000, 0x00000000e2900000|  0%| F|  |TAMS 0x00000000e2800000, 0x00000000e2800000| Untracked 
|  41|0x00000000e2900000, 0x00000000e2900000, 0x00000000e2a00000|  0%| F|  |TAMS 0x00000000e2900000, 0x00000000e2900000| Untracked 
|  42|0x00000000e2a00000, 0x00000000e2a00000, 0x00000000e2b00000|  0%| F|  |TAMS 0x00000000e2a00000, 0x00000000e2a00000| Untracked 
|  43|0x00000000e2b00000, 0x00000000e2b00000, 0x00000000e2c00000|  0%| F|  |TAMS 0x00000000e2b00000, 0x00000000e2b00000| Untracked 
|  44|0x00000000e2c00000, 0x00000000e2cf6638, 0x00000000e2d00000| 96%| E|  |TAMS 0x00000000e2c00000, 0x00000000e2c00000| Complete 
|  45|0x00000000e2d00000, 0x00000000e2e00000, 0x00000000e2e00000|100%| E|CS|TAMS 0x00000000e2d00000, 0x00000000e2d00000| Complete 
|  46|0x00000000e2e00000, 0x00000000e2f00000, 0x00000000e2f00000|100%| E|CS|TAMS 0x00000000e2e00000, 0x00000000e2e00000| Complete 
|  47|0x00000000e2f00000, 0x00000000e3000000, 0x00000000e3000000|100%| E|CS|TAMS 0x00000000e2f00000, 0x00000000e2f00000| Complete 
|  48|0x00000000e3000000, 0x00000000e3100000, 0x00000000e3100000|100%| E|CS|TAMS 0x00000000e3000000, 0x00000000e3000000| Complete 
|  49|0x00000000e3100000, 0x00000000e3200000, 0x00000000e3200000|100%| E|CS|TAMS 0x00000000e3100000, 0x00000000e3100000| Complete 
|  50|0x00000000e3200000, 0x00000000e3300000, 0x00000000e3300000|100%| E|CS|TAMS 0x00000000e3200000, 0x00000000e3200000| Complete 
|  51|0x00000000e3300000, 0x00000000e3400000, 0x00000000e3400000|100%| E|CS|TAMS 0x00000000e3300000, 0x00000000e3300000| Complete 
|  52|0x00000000e3400000, 0x00000000e3500000, 0x00000000e3500000|100%| E|CS|TAMS 0x00000000e3400000, 0x00000000e3400000| Complete 
|  53|0x00000000e3500000, 0x00000000e3600000, 0x00000000e3600000|100%| E|CS|TAMS 0x00000000e3500000, 0x00000000e3500000| Complete 
|  54|0x00000000e3600000, 0x00000000e3700000, 0x00000000e3700000|100%| E|CS|TAMS 0x00000000e3600000, 0x00000000e3600000| Complete 
|  55|0x00000000e3700000, 0x00000000e3800000, 0x00000000e3800000|100%| E|CS|TAMS 0x00000000e3700000, 0x00000000e3700000| Complete 
|  56|0x00000000e3800000, 0x00000000e3900000, 0x00000000e3900000|100%| E|CS|TAMS 0x00000000e3800000, 0x00000000e3800000| Complete 
|  57|0x00000000e3900000, 0x00000000e3a00000, 0x00000000e3a00000|100%| E|CS|TAMS 0x00000000e3900000, 0x00000000e3900000| Complete 
|  58|0x00000000e3a00000, 0x00000000e3b00000, 0x00000000e3b00000|100%| E|CS|TAMS 0x00000000e3a00000, 0x00000000e3a00000| Complete 
|  59|0x00000000e3b00000, 0x00000000e3c00000, 0x00000000e3c00000|100%| E|CS|TAMS 0x00000000e3b00000, 0x00000000e3b00000| Complete 
|  60|0x00000000e3c00000, 0x00000000e3d00000, 0x00000000e3d00000|100%| E|CS|TAMS 0x00000000e3c00000, 0x00000000e3c00000| Complete 
|  61|0x00000000e3d00000, 0x00000000e3e00000, 0x00000000e3e00000|100%| E|CS|TAMS 0x00000000e3d00000, 0x00000000e3d00000| Complete 
|  62|0x00000000e3e00000, 0x00000000e3f00000, 0x00000000e3f00000|100%| E|CS|TAMS 0x00000000e3e00000, 0x00000000e3e00000| Complete 
|  63|0x00000000e3f00000, 0x00000000e4000000, 0x00000000e4000000|100%| E|CS|TAMS 0x00000000e3f00000, 0x00000000e3f00000| Complete 
| 510|0x00000000ffe00000, 0x00000000ffe48000, 0x00000000fff00000| 28%|OA|  |TAMS 0x00000000ffe00000, 0x00000000ffe00000| Untracked 
| 511|0x00000000fff00000, 0x00000000fff6c000, 0x0000000100000000| 42%|CA|  |TAMS 0x00000000fff00000, 0x00000000fff00000| Untracked 

Card table byte_map: [0x00007fb59e870000,0x00007fb59e970000] _byte_map_base: 0x00007fb59e170000

Marking Bits (Prev, Next): (CMBitMap*) 0x00007fb59803c5e8, (CMBitMap*) 0x00007fb59803c620
 Prev Bits: [0x00007fb59df70000, 0x00007fb59e770000)
 Next Bits: [0x00007fb59d770000, 0x00007fb59df70000)

Polling page: 0x00007fb59f1b0000

Metaspace:

Usage:
  Non-class:      8.89 MB capacity,     8.61 MB ( 97%) used,   265.17 KB (  3%) free+waste,    22.75 KB ( <1%) overhead. 
      Class:      1.56 MB capacity,     1.40 MB ( 90%) used,   150.29 KB (  9%) free+waste,    12.94 KB ( <1%) overhead. 
       Both:     10.46 MB capacity,    10.01 MB ( 96%) used,   415.46 KB (  4%) free+waste,    35.69 KB ( <1%) overhead. 

Virtual space:
  Non-class space:       10.00 MB reserved,       9.00 MB ( 90%) committed 
      Class space:      248.00 MB reserved,       1.62 MB ( <1%) committed 
             Both:      258.00 MB reserved,      10.62 MB (  4%) committed 

Chunk freelists:
   Non-Class:  46.00 KB
       Class:  0 bytes
        Both:  46.00 KB

MaxMetaspaceSize: 256.00 MB
CompressedClassSpaceSize: 248.00 MB
Initial GC threshold: 20.80 MB
Current GC threshold: 20.80 MB
CDS: on

CodeHeap 'non-profiled nmethods': size=120032Kb used=595Kb max_used=595Kb free=119436Kb
 bounds [0x00007fb588298000, 0x00007fb588508000, 0x00007fb58f7d0000]
CodeHeap 'profiled nmethods': size=120032Kb used=3128Kb max_used=3128Kb free=116903Kb
 bounds [0x00007fb580d60000, 0x00007fb581070000, 0x00007fb588298000]
CodeHeap 'non-nmethods': size=5696Kb used=1174Kb max_used=1187Kb free=4522Kb
 bounds [0x00007fb5807d0000, 0x00007fb580a40000, 0x00007fb580d60000]
 total_blobs=2047 nmethods=1605 adapters=356
 compilation: enabled
              stopped_count=0, restarted_count=0
 full_count=0

Compilation events (20 events):
Event: 4.637 Thread 0x00007fb5980d2000 1596       4       java.lang.String::regionMatches (150 bytes)
Event: 4.647 Thread 0x00007fb5980d4000 1598       3       jdk.internal.org.objectweb.asm.MethodWriter::visitLabel (321 bytes)
Event: 4.649 Thread 0x00007fb5980d2000 nmethod 1596 0x00007fb58832a990 code [0x00007fb58832ab60, 0x00007fb58832b2b8]
Event: 4.649 Thread 0x00007fb5980d2000 1597   !   4       java.nio.DirectLongBufferU::put (34 bytes)
Event: 4.649 Thread 0x00007fb5980d4000 nmethod 1598 0x00007fb581066f10 code [0x00007fb581067160, 0x00007fb581067de0]
Event: 4.649 Thread 0x00007fb5980d4000 1599       3       java.lang.invoke.InvokerBytecodeGenerator::isStaticallyNameable (148 bytes)
Event: 4.650 Thread 0x00007fb5980d2000 nmethod 1597 0x00007fb58832b890 code [0x00007fb58832ba20, 0x00007fb58832bad8]
Event: 4.653 Thread 0x00007fb5980d4000 nmethod 1599 0x00007fb581068090 code [0x00007fb5810685a0, 0x00007fb58106ad50]
Event: 4.653 Thread 0x00007fb5980d4000 1600       3       java.lang.invoke.MethodTypeForm::cachedLambdaForm (44 bytes)
Event: 4.653 Thread 0x00007fb5980d4000 nmethod 1600 0x00007fb58106b890 code [0x00007fb58106ba60, 0x00007fb58106bde0]
Event: 4.672 Thread 0x00007fb5980d4000 1601   !   3       org.gradle.internal.service.DefaultServiceRegistry$SingletonService::prepare (111 bytes)
Event: 4.673 Thread 0x00007fb5980d4000 nmethod 1601 0x00007fb58106bf10 code [0x00007fb58106c200, 0x00007fb58106d140]
Event: 4.696 Thread 0x00007fb5980d2000 1602       4       java.lang.String::getBytes (44 bytes)
Event: 4.696 Thread 0x00007fb5980d4000 1603       3       java.util.regex.Pattern$BmpCharProperty::<init> (6 bytes)
Event: 4.697 Thread 0x00007fb5980d4000 nmethod 1603 0x00007fb58106d710 code [0x00007fb58106d8e0, 0x00007fb58106dbd0]
Event: 4.698 Thread 0x00007fb5980d4000 1604       3       java.util.regex.Pattern$GroupHead::match (47 bytes)
Event: 4.698 Thread 0x00007fb5980d4000 nmethod 1604 0x00007fb58106dd10 code [0x00007fb58106dee0, 0x00007fb58106e160]
Event: 4.698 Thread 0x00007fb5980d2000 nmethod 1602 0x00007fb58832bb90 code [0x00007fb58832bd20, 0x00007fb58832bef8]
Event: 4.699 Thread 0x00007fb5980d2000 1605       4       java.lang.AbstractStringBuilder::append (45 bytes)
Event: 4.706 Thread 0x00007fb5980d4000 1607       3       java.util.regex.Pattern::sequence (645 bytes)

GC Heap History (6 events):
Event: 1.295 GC heap before
{Heap before GC invocations=0 (full 0):
 garbage-first heap   total 67584K, used 17104K [0x00000000e0000000, 0x0000000100000000)
  region size 1024K, 14 young (14336K), 0 survivors (0K)
 Metaspace       used 2851K, capacity 5890K, committed 6144K, reserved 262144K
  class space    used 370K, capacity 666K, committed 768K, reserved 253952K
}
Event: 1.317 GC heap after
{Heap after GC invocations=1 (full 0):
 garbage-first heap   total 67584K, used 7708K [0x00000000e0000000, 0x0000000100000000)
  region size 1024K, 2 young (2048K), 2 survivors (2048K)
 Metaspace       used 2851K, capacity 5890K, committed 6144K, reserved 262144K
  class space    used 370K, capacity 666K, committed 768K, reserved 253952K
}
Event: 1.846 GC heap before
{Heap before GC invocations=1 (full 0):
 garbage-first heap   total 67584K, used 17948K [0x00000000e0000000, 0x0000000100000000)
  region size 1024K, 12 young (12288K), 2 survivors (2048K)
 Metaspace       used 3857K, capacity 6521K, committed 6784K, reserved 262144K
  class space    used 488K, capacity 769K, committed 896K, reserved 253952K
}
Event: 1.864 GC heap after
{Heap after GC invocations=2 (full 0):
 garbage-first heap   total 67584K, used 7919K [0x00000000e0000000, 0x0000000100000000)
  region size 1024K, 1 young (1024K), 1 survivors (1024K)
 Metaspace       used 3857K, capacity 6521K, committed 6784K, reserved 262144K
  class space    used 488K, capacity 769K, committed 896K, reserved 253952K
}
Event: 2.864 GC heap before
{Heap before GC invocations=2 (full 0):
 garbage-first heap   total 67584K, used 31471K [0x00000000e0000000, 0x0000000100000000)
  region size 1024K, 25 young (25600K), 1 survivors (1024K)
 Metaspace       used 5836K, capacity 7731K, committed 8064K, reserved 262144K
  class space    used 799K, capacity 1028K, committed 1152K, reserved 253952K
}
Event: 2.884 GC heap after
{Heap after GC invocations=3 (full 0):
 garbage-first heap   total 67584K, used 12789K [0x00000000e0000000, 0x0000000100000000)
  region size 1024K, 4 young (4096K), 4 survivors (4096K)
 Metaspace       used 5836K, capacity 7731K, committed 8064K, reserved 262144K
  class space    used 799K, capacity 1028K, committed 1152K, reserved 253952K
}

Deoptimization events (20 events):
Event: 4.379 Thread 0x00007fb52c00a000 Uncommon trap: trap_request=0xffffff4d fr.pc=0x00007fb5882d1b38 relative=0x0000000000000198
Event: 4.379 Thread 0x00007fb52c00a000 Uncommon trap: reason=unstable_if action=reinterpret pc=0x00007fb5882d1b38 method=java.lang.String.indexOf(II)I @ 4 c2
Event: 4.379 Thread 0x00007fb52c00a000 DEOPT PACKING pc=0x00007fb5882d1b38 sp=0x00007fb5718fe050
Event: 4.379 Thread 0x00007fb52c00a000 DEOPT UNPACKING pc=0x00007fb580819ea5 sp=0x00007fb5718fe020 mode 2
Event: 4.379 Thread 0x00007fb52c00a000 Uncommon trap: trap_request=0xffffff4d fr.pc=0x00007fb5882cc264 relative=0x00000000000001c4
Event: 4.380 Thread 0x00007fb52c00a000 Uncommon trap: reason=unstable_if action=reinterpret pc=0x00007fb5882cc264 method=java.lang.StringCoding.encodeUTF8(B[BZ)[B @ 2 c2
Event: 4.380 Thread 0x00007fb52c00a000 DEOPT PACKING pc=0x00007fb5882cc264 sp=0x00007fb5718fdfc0
Event: 4.380 Thread 0x00007fb52c00a000 DEOPT UNPACKING pc=0x00007fb580819ea5 sp=0x00007fb5718fdf68 mode 2
Event: 4.677 Thread 0x00007fb52c00a000 Uncommon trap: trap_request=0xffffffde fr.pc=0x00007fb5882dcddc relative=0x00000000000003bc
Event: 4.677 Thread 0x00007fb52c00a000 Uncommon trap: reason=class_check action=maybe_recompile pc=0x00007fb5882dcddc method=java.util.regex.Matcher.match(II)Z @ 121 c2
Event: 4.677 Thread 0x00007fb52c00a000 DEOPT PACKING pc=0x00007fb5882dcddc sp=0x00007fb5718fb170
Event: 4.677 Thread 0x00007fb52c00a000 DEOPT UNPACKING pc=0x00007fb580819ea5 sp=0x00007fb5718fb150 mode 2
Event: 4.695 Thread 0x00007fb52c00a000 Uncommon trap: trap_request=0xffffff4d fr.pc=0x00007fb5882dc5e8 relative=0x0000000000000208
Event: 4.695 Thread 0x00007fb52c00a000 Uncommon trap: reason=unstable_if action=reinterpret pc=0x00007fb5882dc5e8 method=java.util.regex.Matcher.reset()Ljava/util/regex/Matcher; @ 71 c2
Event: 4.695 Thread 0x00007fb52c00a000 DEOPT PACKING pc=0x00007fb5882dc5e8 sp=0x00007fb5718fa3c0
Event: 4.696 Thread 0x00007fb52c00a000 DEOPT UNPACKING pc=0x00007fb580819ea5 sp=0x00007fb5718fa368 mode 2
Event: 4.696 Thread 0x00007fb52c00a000 Uncommon trap: trap_request=0xffffff4d fr.pc=0x00007fb5882dce38 relative=0x0000000000000418
Event: 4.696 Thread 0x00007fb52c00a000 Uncommon trap: reason=unstable_if action=reinterpret pc=0x00007fb5882dce38 method=java.util.regex.Matcher.match(II)Z @ 76 c2
Event: 4.696 Thread 0x00007fb52c00a000 DEOPT PACKING pc=0x00007fb5882dce38 sp=0x00007fb5718fa3f0
Event: 4.696 Thread 0x00007fb52c00a000 DEOPT UNPACKING pc=0x00007fb580819ea5 sp=0x00007fb5718fa3e0 mode 2

Classes redefined (0 events):
No events

Internal exceptions (20 events):
Event: 2.171 Thread 0x00007fb598016800 Exception <a 'java/security/PrivilegedActionException'{0x00000000e3460180}> (0x00000000e3460180) thrown at [./src/hotspot/share/prims/jvm.cpp, line 1304]
Event: 2.172 Thread 0x00007fb598016800 Exception <a 'java/security/PrivilegedActionException'{0x00000000e3461320}> (0x00000000e3461320) thrown at [./src/hotspot/share/prims/jvm.cpp, line 1304]
Event: 2.172 Thread 0x00007fb598016800 Exception <a 'java/security/PrivilegedActionException'{0x00000000e3461898}> (0x00000000e3461898) thrown at [./src/hotspot/share/prims/jvm.cpp, line 1304]
Event: 2.172 Thread 0x00007fb598016800 Exception <a 'java/security/PrivilegedActionException'{0x00000000e3462a80}> (0x00000000e3462a80) thrown at [./src/hotspot/share/prims/jvm.cpp, line 1304]
Event: 2.172 Thread 0x00007fb598016800 Exception <a 'java/security/PrivilegedActionException'{0x00000000e3462ff8}> (0x00000000e3462ff8) thrown at [./src/hotspot/share/prims/jvm.cpp, line 1304]
Event: 2.731 Thread 0x00007fb598016800 Exception <a 'java/lang/NoSuchMethodError'{0x00000000e29e5f80}: 'java.lang.Object java.lang.invoke.DirectMethodHandle$Holder.invokeStaticInit(java.lang.Object, java.lang.Object, java.lang.Object)'> (0x00000000e29e5f80) thrown at [./src/hotspot/share/interpreter/linkResolver.cpp, line 772]
Event: 2.841 Thread 0x00007fb598016800 Exception <a 'java/lang/NoSuchMethodError'{0x00000000e27a8320}: 'java.lang.Object java.lang.invoke.Invokers$Holder.invoker(java.lang.Object, java.lang.Object, java.lang.Object, java.lang.Object, java.lang.Object)'> (0x00000000e27a8320) thrown at [./src/hotspot/share/interpreter/linkResolver.cpp, line 772]
Event: 2.847 Thread 0x00007fb598016800 Exception <a 'java/lang/NoSuchMethodError'{0x00000000e27b8be8}: 'void java.lang.invoke.DelegatingMethodHandle$Holder.delegate(java.lang.Object, java.lang.Object, int, java.lang.Object)'> (0x00000000e27b8be8) thrown at [./src/hotspot/share/interpreter/linkResolver.cpp, line 772]
Event: 4.271 Thread 0x00007fb52c006000 Exception <a 'java/lang/NoSuchMethodError'{0x00000000e39a01d0}: <clinit>> (0x00000000e39a01d0) thrown at [./src/hotspot/share/prims/jni.cpp, line 1367]
Event: 4.274 Thread 0x00007fb52c006000 Exception <a 'java/lang/NoSuchMethodError'{0x00000000e39aa978}: <clinit>> (0x00000000e39aa978) thrown at [./src/hotspot/share/prims/jni.cpp, line 1367]
Event: 4.280 Thread 0x00007fb52c006000 Exception <a 'java/lang/NoSuchMethodError'{0x00000000e39ba0a0}: <clinit>> (0x00000000e39ba0a0) thrown at [./src/hotspot/share/prims/jni.cpp, line 1367]
Event: 4.297 Thread 0x00007fb52c006000 Exception <a 'java/lang/NoSuchMethodError'{0x00000000e39fdaa0}: <clinit>> (0x00000000e39fdaa0) thrown at [./src/hotspot/share/prims/jni.cpp, line 1367]
Event: 4.310 Thread 0x00007fb52c006000 Exception <a 'java/lang/NoSuchMethodError'{0x00000000e3837d98}: <clinit>> (0x00000000e3837d98) thrown at [./src/hotspot/share/prims/jni.cpp, line 1367]
Event: 4.324 Thread 0x00007fb52c006000 Exception <a 'java/lang/NoSuchMethodError'{0x00000000e386a690}: <clinit>> (0x00000000e386a690) thrown at [./src/hotspot/share/prims/jni.cpp, line 1367]
Event: 4.326 Thread 0x00007fb52c006000 Exception <a 'java/lang/NoSuchMethodError'{0x00000000e3874c08}: <clinit>> (0x00000000e3874c08) thrown at [./src/hotspot/share/prims/jni.cpp, line 1367]
Event: 4.436 Thread 0x00007fb52c00a000 Exception <a 'java/lang/NoSuchMethodError'{0x00000000e36f13b8}: 'void java.lang.invoke.DelegatingMethodHandle$Holder.reinvoke_L(java.lang.Object, java.lang.Object, java.lang.Object, java.lang.Object)'> (0x00000000e36f13b8) thrown at [./src/hotspot/share/interpreter/linkResolver.cpp, line 772]
Event: 4.440 Thread 0x00007fb52c00a000 Exception <a 'java/lang/NoSuchMethodError'{0x00000000e3511530}: 'void java.lang.invoke.DirectMethodHandle$Holder.invokeVirtual(java.lang.Object, java.lang.Object, java.lang.Object, java.lang.Object, java.lang.Object, java.lang.Object)'> (0x00000000e3511530) thrown at [./src/hotspot/share/interpreter/linkResolver.cpp, line 772]
Event: 4.446 Thread 0x00007fb52c00a000 Exception <a 'java/lang/NoSuchMethodError'{0x00000000e3534c00}: 'void java.lang.invoke.DelegatingMethodHandle$Holder.reinvoke_L(java.lang.Object, java.lang.Object, java.lang.Object, java.lang.Object, java.lang.Object, java.lang.Object)'> (0x00000000e3534c00) thrown at [./src/hotspot/share/interpreter/linkResolver.cpp, line 772]
Event: 4.565 Thread 0x00007fb52c00a000 Exception <a 'java/lang/NoSuchMethodError'{0x00000000e31ade38}: 'java.lang.Object java.lang.invoke.DirectMethodHandle$Holder.invokeVirtual(java.lang.Object, java.lang.Object, java.lang.Object)'> (0x00000000e31ade38) thrown at [./src/hotspot/share/interpreter/linkResolver.cpp, line 772]
Event: 4.647 Thread 0x00007fb52c00a000 Exception <a 'java/lang/NoSuchMethodError'{0x00000000e2e82090}: 'java.lang.Object java.lang.invoke.Invokers$Holder.invoker(java.lang.Object, java.lang.Object, java.lang.Object)'> (0x00000000e2e82090) thrown at [./src/hotspot/share/interpreter/linkResolver.cpp, line 772]

Events (20 events):
Event: 4.692 loading class org/gradle/cache/internal/DefaultCacheFactory$ReferenceTrackingCache
Event: 4.692 loading class org/gradle/cache/internal/DefaultCacheFactory$ReferenceTrackingCache done
Event: 4.693 loading class org/gradle/api/internal/artifacts/ivyservice/CacheLayout
Event: 4.693 loading class org/gradle/api/internal/artifacts/ivyservice/CacheLayout done
Event: 4.694 loading class org/gradle/cache/internal/CacheVersionMapping
Event: 4.694 loading class org/gradle/cache/internal/CacheVersionMapping done
Event: 4.695 loading class org/gradle/cache/internal/CacheVersionMapping$1
Event: 4.695 loading class org/gradle/cache/internal/CacheVersionMapping$1 done
Event: 4.695 loading class org/gradle/cache/internal/CacheVersionMapping$Builder
Event: 4.695 loading class org/gradle/cache/internal/CacheVersionMapping$Builder done
Event: 4.696 loading class org/gradle/util/GradleVersion$Stage
Event: 4.696 loading class org/gradle/util/GradleVersion$Stage done
Event: 4.697 loading class java/util/TreeMap$KeySet
Event: 4.697 loading class java/util/TreeMap$KeySet done
Event: 4.698 loading class java/util/TreeMap$Values
Event: 4.698 loading class java/util/TreeMap$Values done
Event: 4.698 loading class org/gradle/cache/internal/CacheVersion
Event: 4.698 loading class org/gradle/cache/internal/CacheVersion done
Event: 4.699 loading class org/apache/commons/lang/ArrayUtils
Event: 4.699 loading class org/apache/commons/lang/ArrayUtils done


Dynamic libraries:
e0000000-e4000000 rw-p 00000000 00:00 0
e4000000-ffe00000 ---p 00000000 00:00 0
ffe00000-ffe48000 rw-p 00b13000 00:00 395948                     /usr/lib/jvm/java-11-openjdk-amd64/lib/server/classes.jsa
ffe48000-fff00000 rw-p 00000000 00:00 0
fff00000-fff6c000 rw-p 00aa7000 00:00 395948                     /usr/lib/jvm/java-11-openjdk-amd64/lib/server/classes.jsa
fff6c000-100000000 rw-p 00000000 00:00 0
800000000-800002000 rwxp 00001000 00:00 395948                   /usr/lib/jvm/java-11-openjdk-amd64/lib/server/classes.jsa
800002000-8003ce000 rw-p 00003000 00:00 395948                   /usr/lib/jvm/java-11-openjdk-amd64/lib/server/classes.jsa
8003ce000-800aa5000 r--p 003cf000 00:00 395948                   /usr/lib/jvm/java-11-openjdk-amd64/lib/server/classes.jsa
800aa5000-800aa6000 rw-p 00aa6000 00:00 395948                   /usr/lib/jvm/java-11-openjdk-amd64/lib/server/classes.jsa
840000000-8401a0000 rw-p 00000000 00:00 0
8401a0000-84f800000 ---p 00000000 00:00 0
7fb514000000-7fb514021000 rw-p 00000000 00:00 0
7fb514021000-7fb518000000 ---p 00000000 00:00 0
7fb51c000000-7fb51c021000 rw-p 00000000 00:00 0
7fb51c021000-7fb520000000 ---p 00000000 00:00 0
7fb520000000-7fb520021000 rw-p 00000000 00:00 0
7fb520021000-7fb524000000 ---p 00000000 00:00 0
7fb524000000-7fb524021000 rw-p 00000000 00:00 0
7fb524021000-7fb528000000 ---p 00000000 00:00 0
7fb528000000-7fb528118000 rw-p 00000000 00:00 0
7fb528118000-7fb52c000000 ---p 00000000 00:00 0
7fb52c000000-7fb52c021000 rw-p 00000000 00:00 0
7fb52c021000-7fb530000000 ---p 00000000 00:00 0
7fb530000000-7fb530021000 rw-p 00000000 00:00 0
7fb530021000-7fb534000000 ---p 00000000 00:00 0
7fb534000000-7fb534056000 rw-p 00000000 00:00 0
7fb534056000-7fb538000000 ---p 00000000 00:00 0
7fb538000000-7fb538021000 rw-p 00000000 00:00 0
7fb538021000-7fb53c000000 ---p 00000000 00:00 0
7fb53c000000-7fb53c021000 rw-p 00000000 00:00 0
7fb53c021000-7fb540000000 ---p 00000000 00:00 0
7fb540000000-7fb540021000 rw-p 00000000 00:00 0
7fb540021000-7fb544000000 ---p 00000000 00:00 0
7fb544000000-7fb544021000 rw-p 00000000 00:00 0
7fb544021000-7fb548000000 ---p 00000000 00:00 0
7fb548000000-7fb548021000 rw-p 00000000 00:00 0
7fb548021000-7fb54c000000 ---p 00000000 00:00 0
7fb54c000000-7fb54c45f000 rw-p 00000000 00:00 0
7fb54c45f000-7fb550000000 ---p 00000000 00:00 0
7fb550000000-7fb550351000 rw-p 00000000 00:00 0
7fb550351000-7fb554000000 ---p 00000000 00:00 0
7fb554000000-7fb554021000 rw-p 00000000 00:00 0
7fb554021000-7fb558000000 ---p 00000000 00:00 0
7fb558000000-7fb558021000 rw-p 00000000 00:00 0
7fb558021000-7fb55c000000 ---p 00000000 00:00 0
7fb55c000000-7fb55c021000 rw-p 00000000 00:00 0
7fb55c021000-7fb560000000 ---p 00000000 00:00 0
7fb560000000-7fb560021000 rw-p 00000000 00:00 0
7fb560021000-7fb564000000 ---p 00000000 00:00 0
7fb564000000-7fb564021000 rw-p 00000000 00:00 0
7fb564021000-7fb568000000 ---p 00000000 00:00 0
7fb568000000-7fb568021000 rw-p 00000000 00:00 0
7fb568021000-7fb56c000000 ---p 00000000 00:00 0
7fb56c000000-7fb56c021000 rw-p 00000000 00:00 0
7fb56c021000-7fb570000000 ---p 00000000 00:00 0
7fb5711b0000-7fb5712fb000 rw-p 00000000 00:00 0
7fb571300000-7fb571400000 rw-p 00000000 00:00 0
7fb571400000-7fb571504000 ---p 00000000 00:00 0
7fb571504000-7fb571600000 rw-p 00000000 00:00 0
7fb571600000-7fb571604000 ---p 00000000 00:00 0
7fb571604000-7fb571700000 rw-p 00000000 00:00 0
7fb571700000-7fb571704000 ---p 00000000 00:00 0
7fb571704000-7fb571800000 rw-p 00000000 00:00 0
7fb571800000-7fb571804000 ---p 00000000 00:00 0
7fb571804000-7fb571900000 rw-p 00000000 00:00 0
7fb571900000-7fb571904000 ---p 00000000 00:00 0
7fb571904000-7fb571a00000 rw-p 00000000 00:00 0
7fb571a00000-7fb571a04000 ---p 00000000 00:00 0
7fb571a04000-7fb571b00000 rw-p 00000000 00:00 0
7fb571b00000-7fb571b04000 ---p 00000000 00:00 0
7fb571b04000-7fb571c00000 rw-p 00000000 00:00 0
7fb571c00000-7fb571c05000 r-xp 00000000 00:00 398495             /home/anastasia/.gradle/native/25/linux-amd64/libnative-platform.so
7fb571c05000-7fb571c08000 ---p 00005000 00:00 398495             /home/anastasia/.gradle/native/25/linux-amd64/libnative-platform.so
7fb571c08000-7fb571e04000 ---p 00008000 00:00 398495             /home/anastasia/.gradle/native/25/linux-amd64/libnative-platform.so
7fb571e04000-7fb571e05000 rw-p 00004000 00:00 398495             /home/anastasia/.gradle/native/25/linux-amd64/libnative-platform.so
7fb571f00000-7fb571f04000 ---p 00000000 00:00 0
7fb571f04000-7fb574021000 rw-p 00000000 00:00 0
7fb574021000-7fb578000000 ---p 00000000 00:00 0
7fb578000000-7fb578021000 rw-p 00000000 00:00 0
7fb578021000-7fb57c000000 ---p 00000000 00:00 0
7fb57c000000-7fb57c021000 rw-p 00000000 00:00 0
7fb57c021000-7fb580000000 ---p 00000000 00:00 0
7fb580070000-7fb580074000 ---p 00000000 00:00 0
7fb580074000-7fb580170000 rw-p 00000000 00:00 0
7fb580170000-7fb580171000 ---p 00000000 00:00 0
7fb580171000-7fb580271000 rw-p 00000000 00:00 0
7fb580280000-7fb5802b1000 rw-p 00000000 00:00 0
7fb5802c0000-7fb5802c1000 ---p 00000000 00:00 0
7fb5802c1000-7fb5803c1000 rw-p 00000000 00:00 0
7fb5803d0000-7fb5803d4000 ---p 00000000 00:00 0
7fb5803d4000-7fb5804d0000 rw-p 00000000 00:00 0
7fb5804d0000-7fb5804d4000 ---p 00000000 00:00 0
7fb5804d4000-7fb5805d0000 rw-p 00000000 00:00 0
7fb5805d0000-7fb5805d4000 ---p 00000000 00:00 0
7fb5805d4000-7fb5806d0000 rw-p 00000000 00:00 0
7fb5806d0000-7fb5806d4000 ---p 00000000 00:00 0
7fb5806d4000-7fb5807d0000 rw-p 00000000 00:00 0
7fb5807d0000-7fb580a40000 rwxp 00000000 00:00 0
7fb580a40000-7fb580d60000 ---p 00000000 00:00 0
7fb580d60000-7fb581070000 rwxp 00000000 00:00 0
7fb581070000-7fb588298000 ---p 00000000 00:00 0
7fb588298000-7fb588508000 rwxp 00000000 00:00 0
7fb588508000-7fb58f7d0000 ---p 00000000 00:00 0
7fb58f7de000-7fb598000000 r--s 00000000 00:00 394082             /usr/lib/jvm/java-11-openjdk-amd64/lib/modules
7fb598000000-7fb59923d000 rw-p 00000000 00:00 0
7fb59923d000-7fb59c000000 ---p 00000000 00:00 0
7fb59c014000-7fb59c018000 r--p 00000000 00:00 394070             /usr/lib/jvm/java-11-openjdk-amd64/lib/libnet.so
7fb59c018000-7fb59c026000 r-xp 00004000 00:00 394070             /usr/lib/jvm/java-11-openjdk-amd64/lib/libnet.so
7fb59c026000-7fb59c02a000 r--p 00012000 00:00 394070             /usr/lib/jvm/java-11-openjdk-amd64/lib/libnet.so
7fb59c02a000-7fb59c02b000 r--p 00015000 00:00 394070             /usr/lib/jvm/java-11-openjdk-amd64/lib/libnet.so
7fb59c02b000-7fb59c02c000 rw-p 00016000 00:00 394070             /usr/lib/jvm/java-11-openjdk-amd64/lib/libnet.so
7fb59c02c000-7fb59c033000 r--p 00000000 00:00 394071             /usr/lib/jvm/java-11-openjdk-amd64/lib/libnio.so
7fb59c033000-7fb59c03b000 r-xp 00007000 00:00 394071             /usr/lib/jvm/java-11-openjdk-amd64/lib/libnio.so
7fb59c03b000-7fb59c03e000 r--p 0000f000 00:00 394071             /usr/lib/jvm/java-11-openjdk-amd64/lib/libnio.so
7fb59c03e000-7fb59c03f000 r--p 00011000 00:00 394071             /usr/lib/jvm/java-11-openjdk-amd64/lib/libnio.so
7fb59c03f000-7fb59c040000 rw-p 00012000 00:00 394071             /usr/lib/jvm/java-11-openjdk-amd64/lib/libnio.so
7fb59c040000-7fb59c044000 ---p 00000000 00:00 0
7fb59c044000-7fb59c140000 rw-p 00000000 00:00 0
7fb59c140000-7fb59c144000 ---p 00000000 00:00 0
7fb59c144000-7fb59c240000 rw-p 00000000 00:00 0
7fb59c249000-7fb59c2a0000 r--p 00000000 00:00 94316              /usr/lib/locale/C.utf8/LC_CTYPE
7fb59c2a0000-7fb59c2a4000 ---p 00000000 00:00 0
7fb59c2a4000-7fb59c3a0000 rw-p 00000000 00:00 0
7fb59c3a0000-7fb59c3a4000 ---p 00000000 00:00 0
7fb59c3a4000-7fb59c4a0000 rw-p 00000000 00:00 0
7fb59c4a0000-7fb59c4a1000 ---p 00000000 00:00 0
7fb59c4a1000-7fb59c5a1000 rw-p 00000000 00:00 0
7fb59c5b0000-7fb59c631000 rw-p 00000000 00:00 0
7fb59c640000-7fb59c69b000 rw-p 00000000 00:00 0
7fb59c6a0000-7fb59c6c8000 rw-p 00000000 00:00 0
7fb59c6d0000-7fb59ced0000 rw-p 00000000 00:00 0
7fb59ced0000-7fb59ced1000 ---p 00000000 00:00 0
7fb59ced1000-7fb59cfd1000 rw-p 00000000 00:00 0
7fb59cfe0000-7fb59cfe1000 ---p 00000000 00:00 0
7fb59cfe1000-7fb59d0e1000 rw-p 00000000 00:00 0
7fb59d0f0000-7fb59d1f1000 rw-p 00000000 00:00 0
7fb59d200000-7fb59d301000 rw-p 00000000 00:00 0
7fb59d310000-7fb59d411000 rw-p 00000000 00:00 0
7fb59d420000-7fb59d521000 rw-p 00000000 00:00 0
7fb59d530000-7fb59d531000 ---p 00000000 00:00 0
7fb59d531000-7fb59d631000 rw-p 00000000 00:00 0
7fb59d640000-7fb59d641000 ---p 00000000 00:00 0
7fb59d641000-7fb59d741000 rw-p 00000000 00:00 0
7fb59d750000-7fb59d762000 rw-p 00000000 00:00 0
7fb59d770000-7fb59d870000 rw-p 00000000 00:00 0
7fb59d870000-7fb59df68000 ---p 00000000 00:00 0
7fb59df68000-7fb59e070000 rw-p 00000000 00:00 0
7fb59e070000-7fb59e768000 ---p 00000000 00:00 0
7fb59e768000-7fb59e790000 rw-p 00000000 00:00 0
7fb59e790000-7fb59e86f000 ---p 00000000 00:00 0
7fb59e86f000-7fb59e890000 rw-p 00000000 00:00 0
7fb59e890000-7fb59e96f000 ---p 00000000 00:00 0
7fb59e96f000-7fb59e990000 rw-p 00000000 00:00 0
7fb59e990000-7fb59ea6f000 ---p 00000000 00:00 0
7fb59ea6f000-7fb59eb71000 rw-p 00000000 00:00 0
7fb59eb80000-7fb59ec81000 rw-p 00000000 00:00 0
7fb59ec90000-7fb59ed91000 rw-p 00000000 00:00 0
7fb59eda0000-7fb59eea1000 rw-p 00000000 00:00 0
7fb59eeb0000-7fb59eeb1000 ---p 00000000 00:00 0
7fb59eeb1000-7fb59efb1000 rw-p 00000000 00:00 0
7fb59efb7000-7fb59efb9000 r--p 00000000 00:00 394068             /usr/lib/jvm/java-11-openjdk-amd64/lib/libmanagement_ext.so
7fb59efb9000-7fb59efbc000 r-xp 00002000 00:00 394068             /usr/lib/jvm/java-11-openjdk-amd64/lib/libmanagement_ext.so
7fb59efbc000-7fb59efbe000 r--p 00005000 00:00 394068             /usr/lib/jvm/java-11-openjdk-amd64/lib/libmanagement_ext.so
7fb59efbe000-7fb59efbf000 r--p 00006000 00:00 394068             /usr/lib/jvm/java-11-openjdk-amd64/lib/libmanagement_ext.so
7fb59efbf000-7fb59efc0000 rw-p 00007000 00:00 394068             /usr/lib/jvm/java-11-openjdk-amd64/lib/libmanagement_ext.so
7fb59efc0000-7fb59efc5000 rw-p 00000000 00:00 0
7fb59efc5000-7fb59f0ab000 ---p 00000000 00:00 0
7fb59f0b0000-7fb59f0b7000 rw-p 00000000 00:00 0
7fb59f0b7000-7fb59f19b000 ---p 00000000 00:00 0
7fb59f1a0000-7fb59f1a5000 rw-p 00000000 00:00 0
7fb59f1a5000-7fb59f1ac000 ---p 00000000 00:00 0
7fb59f1b0000-7fb59f1b1000 ---p 00000000 00:00 0
7fb59f1b1000-7fb59f1b2000 r--p 00000000 00:00 0
7fb59f1ba000-7fb59f1bd000 r--p 00000000 00:00 394066             /usr/lib/jvm/java-11-openjdk-amd64/lib/libmanagement.so
7fb59f1bd000-7fb59f1be000 r-xp 00003000 00:00 394066             /usr/lib/jvm/java-11-openjdk-amd64/lib/libmanagement.so
7fb59f1be000-7fb59f1bf000 r--p 00004000 00:00 394066             /usr/lib/jvm/java-11-openjdk-amd64/lib/libmanagement.so
7fb59f1bf000-7fb59f1c0000 r--p 00004000 00:00 394066             /usr/lib/jvm/java-11-openjdk-amd64/lib/libmanagement.so
7fb59f1c0000-7fb59f1c1000 rw-p 00005000 00:00 394066             /usr/lib/jvm/java-11-openjdk-amd64/lib/libmanagement.so
7fb59f1c1000-7fb59f1cf000 r--p 00000000 00:00 394059             /usr/lib/jvm/java-11-openjdk-amd64/lib/libjava.so
7fb59f1cf000-7fb59f1e5000 r-xp 0000e000 00:00 394059             /usr/lib/jvm/java-11-openjdk-amd64/lib/libjava.so
7fb59f1e5000-7fb59f1ec000 r--p 00024000 00:00 394059             /usr/lib/jvm/java-11-openjdk-amd64/lib/libjava.so
7fb59f1ec000-7fb59f1ed000 r--p 0002a000 00:00 394059             /usr/lib/jvm/java-11-openjdk-amd64/lib/libjava.so
7fb59f1ed000-7fb59f1ee000 rw-p 0002b000 00:00 394059             /usr/lib/jvm/java-11-openjdk-amd64/lib/libjava.so
7fb59f1ee000-7fb59f1ef000 rw-p 00000000 00:00 0
7fb59f1ef000-7fb59f1f4000 r--p 00000000 00:00 394080             /usr/lib/jvm/java-11-openjdk-amd64/lib/libverify.so
7fb59f1f4000-7fb59f1fb000 r-xp 00005000 00:00 394080             /usr/lib/jvm/java-11-openjdk-amd64/lib/libverify.so
7fb59f1fb000-7fb59f1fd000 r--p 0000c000 00:00 394080             /usr/lib/jvm/java-11-openjdk-amd64/lib/libverify.so
7fb59f1fd000-7fb59f1ff000 r--p 0000d000 00:00 394080             /usr/lib/jvm/java-11-openjdk-amd64/lib/libverify.so
7fb59f1ff000-7fb59f200000 rw-p 0000f000 00:00 394080             /usr/lib/jvm/java-11-openjdk-amd64/lib/libverify.so
7fb59f200000-7fb59f201000 r--p 00000000 00:00 138345             /usr/lib/x86_64-linux-gnu/librt.so.1
7fb59f201000-7fb59f202000 r-xp 00001000 00:00 138345             /usr/lib/x86_64-linux-gnu/librt.so.1
7fb59f202000-7fb59f203000 r--p 00002000 00:00 138345             /usr/lib/x86_64-linux-gnu/librt.so.1
7fb59f203000-7fb59f204000 r--p 00002000 00:00 138345             /usr/lib/x86_64-linux-gnu/librt.so.1
7fb59f204000-7fb59f205000 rw-p 00003000 00:00 138345             /usr/lib/x86_64-linux-gnu/librt.so.1
7fb59f205000-7fb59f207000 r--p 00000000 00:00 394081             /usr/lib/jvm/java-11-openjdk-amd64/lib/libzip.so
7fb59f207000-7fb59f20c000 r-xp 00002000 00:00 394081             /usr/lib/jvm/java-11-openjdk-amd64/lib/libzip.so
7fb59f20c000-7fb59f20e000 r--p 00007000 00:00 394081             /usr/lib/jvm/java-11-openjdk-amd64/lib/libzip.so
7fb59f20e000-7fb59f20f000 r--p 00008000 00:00 394081             /usr/lib/jvm/java-11-openjdk-amd64/lib/libzip.so
7fb59f20f000-7fb59f210000 rw-p 00009000 00:00 394081             /usr/lib/jvm/java-11-openjdk-amd64/lib/libzip.so
7fb59f210000-7fb59f214000 ---p 00000000 00:00 0
7fb59f214000-7fb59f310000 rw-p 00000000 00:00 0
7fb59f310000-7fb59f313000 r--p 00000000 00:00 133871             /usr/lib/x86_64-linux-gnu/libgcc_s.so.1
7fb59f313000-7fb59f32a000 r-xp 00003000 00:00 133871             /usr/lib/x86_64-linux-gnu/libgcc_s.so.1
7fb59f32a000-7fb59f32e000 r--p 0001a000 00:00 133871             /usr/lib/x86_64-linux-gnu/libgcc_s.so.1
7fb59f32e000-7fb59f32f000 r--p 0001d000 00:00 133871             /usr/lib/x86_64-linux-gnu/libgcc_s.so.1
7fb59f32f000-7fb59f330000 rw-p 0001e000 00:00 133871             /usr/lib/x86_64-linux-gnu/libgcc_s.so.1
7fb59f330000-7fb59f33e000 r--p 00000000 00:00 135479             /usr/lib/x86_64-linux-gnu/libm.so.6
7fb59f33e000-7fb59f3ba000 r-xp 0000e000 00:00 135479             /usr/lib/x86_64-linux-gnu/libm.so.6
7fb59f3ba000-7fb59f415000 r--p 0008a000 00:00 135479             /usr/lib/x86_64-linux-gnu/libm.so.6
7fb59f415000-7fb59f416000 r--p 000e4000 00:00 135479             /usr/lib/x86_64-linux-gnu/libm.so.6
7fb59f416000-7fb59f417000 rw-p 000e5000 00:00 135479             /usr/lib/x86_64-linux-gnu/libm.so.6
7fb59f419000-7fb59f420000 r--s 00000000 00:00 126853             /usr/lib/x86_64-linux-gnu/gconv/gconv-modules.cache
7fb59f420000-7fb59f4ba000 r--p 00000000 00:00 138841             /usr/lib/x86_64-linux-gnu/libstdc++.so.6.0.30
7fb59f4ba000-7fb59f5cb000 r-xp 0009a000 00:00 138841             /usr/lib/x86_64-linux-gnu/libstdc++.so.6.0.30
7fb59f5cb000-7fb59f63a000 r--p 001ab000 00:00 138841             /usr/lib/x86_64-linux-gnu/libstdc++.so.6.0.30
7fb59f63a000-7fb59f63b000 ---p 0021a000 00:00 138841             /usr/lib/x86_64-linux-gnu/libstdc++.so.6.0.30
7fb59f63b000-7fb59f646000 r--p 0021a000 00:00 138841             /usr/lib/x86_64-linux-gnu/libstdc++.so.6.0.30
7fb59f646000-7fb59f649000 rw-p 00225000 00:00 138841             /usr/lib/x86_64-linux-gnu/libstdc++.so.6.0.30
7fb59f649000-7fb59f64c000 rw-p 00000000 00:00 0
7fb59f64f000-7fb59f8d1000 r--p 00000000 00:00 394089             /usr/lib/jvm/java-11-openjdk-amd64/lib/server/libjvm.so
7fb59f8d1000-7fb5a056e000 r-xp 00282000 00:00 394089             /usr/lib/jvm/java-11-openjdk-amd64/lib/server/libjvm.so
7fb5a056e000-7fb5a07c9000 r--p 00f1f000 00:00 394089             /usr/lib/jvm/java-11-openjdk-amd64/lib/server/libjvm.so
7fb5a07c9000-7fb5a07ca000 ---p 0117a000 00:00 394089             /usr/lib/jvm/java-11-openjdk-amd64/lib/server/libjvm.so
7fb5a07ca000-7fb5a088e000 r--p 0117a000 00:00 394089             /usr/lib/jvm/java-11-openjdk-amd64/lib/server/libjvm.so
7fb5a088e000-7fb5a08c9000 rw-p 0123e000 00:00 394089             /usr/lib/jvm/java-11-openjdk-amd64/lib/server/libjvm.so
7fb5a08c9000-7fb5a0923000 rw-p 00000000 00:00 0
7fb5a0928000-7fb5a0930000 rw-s 00000000 00:00 418102             /tmp/hsperfdata_anastasia/7100
7fb5a0930000-7fb5a0958000 r--p 00000000 00:00 132771             /usr/lib/x86_64-linux-gnu/libc.so.6
7fb5a0958000-7fb5a0aed000 r-xp 00028000 00:00 132771             /usr/lib/x86_64-linux-gnu/libc.so.6
7fb5a0aed000-7fb5a0b45000 r--p 001bd000 00:00 132771             /usr/lib/x86_64-linux-gnu/libc.so.6
7fb5a0b45000-7fb5a0b49000 r--p 00214000 00:00 132771             /usr/lib/x86_64-linux-gnu/libc.so.6
7fb5a0b49000-7fb5a0b4b000 rw-p 00218000 00:00 132771             /usr/lib/x86_64-linux-gnu/libc.so.6
7fb5a0b4b000-7fb5a0b58000 rw-p 00000000 00:00 0
7fb5a0b58000-7fb5a0b59000 r--p 00000000 00:00 394051             /usr/lib/jvm/java-11-openjdk-amd64/lib/libextnet.so
7fb5a0b59000-7fb5a0b5a000 r-xp 00001000 00:00 394051             /usr/lib/jvm/java-11-openjdk-amd64/lib/libextnet.so
7fb5a0b5a000-7fb5a0b5b000 r--p 00002000 00:00 394051             /usr/lib/jvm/java-11-openjdk-amd64/lib/libextnet.so
7fb5a0b5b000-7fb5a0b5c000 r--p 00002000 00:00 394051             /usr/lib/jvm/java-11-openjdk-amd64/lib/libextnet.so
7fb5a0b5c000-7fb5a0b5d000 rw-p 00003000 00:00 394051             /usr/lib/jvm/java-11-openjdk-amd64/lib/libextnet.so
7fb5a0b5d000-7fb5a0b60000 r--p 00000000 00:00 394043             /usr/lib/jvm/java-11-openjdk-amd64/lib/jli/libjli.so
7fb5a0b60000-7fb5a0b6a000 r-xp 00003000 00:00 394043             /usr/lib/jvm/java-11-openjdk-amd64/lib/jli/libjli.so
7fb5a0b6a000-7fb5a0b6d000 r--p 0000d000 00:00 394043             /usr/lib/jvm/java-11-openjdk-amd64/lib/jli/libjli.so
7fb5a0b6d000-7fb5a0b6e000 ---p 00010000 00:00 394043             /usr/lib/jvm/java-11-openjdk-amd64/lib/jli/libjli.so
7fb5a0b6e000-7fb5a0b6f000 r--p 00010000 00:00 394043             /usr/lib/jvm/java-11-openjdk-amd64/lib/jli/libjli.so
7fb5a0b6f000-7fb5a0b70000 rw-p 00011000 00:00 394043             /usr/lib/jvm/java-11-openjdk-amd64/lib/jli/libjli.so
7fb5a0b70000-7fb5a0b72000 r--p 00000000 00:00 139566             /usr/lib/x86_64-linux-gnu/libz.so.1.2.11
7fb5a0b72000-7fb5a0b83000 r-xp 00002000 00:00 139566             /usr/lib/x86_64-linux-gnu/libz.so.1.2.11
7fb5a0b83000-7fb5a0b89000 r--p 00013000 00:00 139566             /usr/lib/x86_64-linux-gnu/libz.so.1.2.11
7fb5a0b89000-7fb5a0b8a000 ---p 00019000 00:00 139566             /usr/lib/x86_64-linux-gnu/libz.so.1.2.11
7fb5a0b8a000-7fb5a0b8b000 r--p 00019000 00:00 139566             /usr/lib/x86_64-linux-gnu/libz.so.1.2.11
7fb5a0b8b000-7fb5a0b8c000 rw-p 0001a000 00:00 139566             /usr/lib/x86_64-linux-gnu/libz.so.1.2.11
7fb5a0b8e000-7fb5a0b8f000 r--p 00000000 00:00 94346              /usr/lib/locale/C.utf8/LC_NUMERIC
7fb5a0b8f000-7fb5a0b90000 r--p 00000000 00:00 94362              /usr/lib/locale/C.utf8/LC_TIME
7fb5a0b90000-7fb5a0b92000 rw-p 00000000 00:00 0
7fb5a0b92000-7fb5a0b93000 r--p 00000000 00:00 94313              /usr/lib/locale/C.utf8/LC_COLLATE
7fb5a0b93000-7fb5a0b94000 r--p 00000000 00:00 94328              /usr/lib/locale/C.utf8/LC_MONETARY
7fb5a0b94000-7fb5a0b95000 r--p 00000000 00:00 94326              /usr/lib/locale/C.utf8/LC_MESSAGES/SYS_LC_MESSAGES
7fb5a0b95000-7fb5a0b96000 r--p 00000000 00:00 94353              /usr/lib/locale/C.utf8/LC_PAPER
7fb5a0b96000-7fb5a0b97000 r--p 00000000 00:00 94334              /usr/lib/locale/C.utf8/LC_NAME
7fb5a0b97000-7fb5a0b99000 r--p 00000000 00:00 394062             /usr/lib/jvm/java-11-openjdk-amd64/lib/libjimage.so
7fb5a0b99000-7fb5a0b9c000 r-xp 00002000 00:00 394062             /usr/lib/jvm/java-11-openjdk-amd64/lib/libjimage.so
7fb5a0b9c000-7fb5a0b9d000 r--p 00005000 00:00 394062             /usr/lib/jvm/java-11-openjdk-amd64/lib/libjimage.so
7fb5a0b9d000-7fb5a0b9e000 ---p 00006000 00:00 394062             /usr/lib/jvm/java-11-openjdk-amd64/lib/libjimage.so
7fb5a0b9e000-7fb5a0b9f000 r--p 00006000 00:00 394062             /usr/lib/jvm/java-11-openjdk-amd64/lib/libjimage.so
7fb5a0b9f000-7fb5a0ba0000 rw-p 00007000 00:00 394062             /usr/lib/jvm/java-11-openjdk-amd64/lib/libjimage.so
7fb5a0ba0000-7fb5a0ba1000 r--p 00000000 00:00 129661             /usr/lib/x86_64-linux-gnu/ld-linux-x86-64.so.2
7fb5a0ba1000-7fb5a0ba2000 r--p 00001000 00:00 129661             /usr/lib/x86_64-linux-gnu/ld-linux-x86-64.so.2
7fb5a0ba2000-7fb5a0bcb000 r-xp 00002000 00:00 129661             /usr/lib/x86_64-linux-gnu/ld-linux-x86-64.so.2
7fb5a0bcb000-7fb5a0bcc000 r-xp 0002b000 00:00 129661             /usr/lib/x86_64-linux-gnu/ld-linux-x86-64.so.2
7fb5a0bcc000-7fb5a0bd6000 r--p 0002c000 00:00 129661             /usr/lib/x86_64-linux-gnu/ld-linux-x86-64.so.2
7fb5a0bd6000-7fb5a0bd7000 r--p 00036000 00:00 129661             /usr/lib/x86_64-linux-gnu/ld-linux-x86-64.so.2
7fb5a0bd7000-7fb5a0bd8000 r--p 00000000 00:00 94312              /usr/lib/locale/C.utf8/LC_ADDRESS
7fb5a0bd8000-7fb5a0bda000 r--p 00037000 00:00 129661             /usr/lib/x86_64-linux-gnu/ld-linux-x86-64.so.2
7fb5a0bda000-7fb5a0bdc000 rw-p 00039000 00:00 129661             /usr/lib/x86_64-linux-gnu/ld-linux-x86-64.so.2
7fb5a0bdc000-7fb5a0bdd000 r--p 00000000 00:00 94359              /usr/lib/locale/C.utf8/LC_TELEPHONE
7fb5a0bdd000-7fb5a0bde000 r--p 00000000 00:00 94320              /usr/lib/locale/C.utf8/LC_MEASUREMENT
7fb5a0bde000-7fb5a0bdf000 r--p 00000000 00:00 94318              /usr/lib/locale/C.utf8/LC_IDENTIFICATION
7fb5a0bdf000-7fb5a0be0000 r--p 00000000 00:00 393910             /usr/lib/jvm/java-11-openjdk-amd64/bin/java
7fb5a0be0000-7fb5a0be1000 r-xp 00001000 00:00 393910             /usr/lib/jvm/java-11-openjdk-amd64/bin/java
7fb5a0be1000-7fb5a0be2000 r--p 00002000 00:00 393910             /usr/lib/jvm/java-11-openjdk-amd64/bin/java
7fb5a0be2000-7fb5a0be3000 r--p 00002000 00:00 393910             /usr/lib/jvm/java-11-openjdk-amd64/bin/java
7fb5a0be3000-7fb5a0be4000 rw-p 00003000 00:00 393910             /usr/lib/jvm/java-11-openjdk-amd64/bin/java
7fffba012000-7fffba033000 rw-p 00000000 00:00 0                  [heap]
7fffc15f1000-7fffc1df1000 rw-p 00000000 00:00 0                  [stack]
7fffc20dd000-7fffc20de000 r-xp 00000000 00:00 0                  [vdso]


VM Arguments:
jvm_args: --add-opens=java.base/java.util=ALL-UNNAMED --add-opens=java.base/java.lang=ALL-UNNAMED --add-opens=java.base/java.lang.invoke=ALL-UNNAMED --add-opens=java.prefs/java.util.prefs=ALL-UNNAMED -XX:MaxMetaspaceSize=256m -XX:+HeapDumpOnOutOfMemoryError -Xmx512m -Dfile.encoding=UTF-8 -Duser.country -Duser.language=en -Duser.variant 
java_command: org.gradle.launcher.daemon.bootstrap.GradleDaemon 5.1.1
java_class_path (initial): /home/anastasia/.gradle/wrapper/dists/gradle-5.1.1-bin/90y9l8txxfw1s2o6ctiqeruwn/gradle-5.1.1/lib/gradle-launcher-5.1.1.jar
Launcher Type: SUN_STANDARD

[Global flags]
     intx CICompilerCount                          = 3                                         {product} {ergonomic}
   size_t CompressedClassSpaceSize                 = 260046848                                 {product} {ergonomic}
     uint ConcGCThreads                            = 1                                         {product} {ergonomic}
     uint G1ConcRefinementThreads                  = 4                                         {product} {ergonomic}
   size_t G1HeapRegionSize                         = 1048576                                   {product} {ergonomic}
    uintx GCDrainStackTargetSize                   = 64                                        {product} {ergonomic}
     bool HeapDumpOnOutOfMemoryError               = true                                   {manageable} {command line}
   size_t InitialHeapSize                          = 67108864                                  {product} {ergonomic}
   size_t MarkStackSize                            = 4194304                                   {product} {ergonomic}
   size_t MaxHeapSize                              = 536870912                                 {product} {command line}
   size_t MaxMetaspaceSize                         = 268435456                                 {product} {command line}
   size_t MaxNewSize                               = 321912832                                 {product} {ergonomic}
   size_t MinHeapDeltaBytes                        = 1048576                                   {product} {ergonomic}
    uintx NonNMethodCodeHeapSize                   = 5830732                                {pd product} {ergonomic}
    uintx NonProfiledCodeHeapSize                  = 122913754                              {pd product} {ergonomic}
    uintx ProfiledCodeHeapSize                     = 122913754                              {pd product} {ergonomic}
    uintx ReservedCodeCacheSize                    = 251658240                              {pd product} {ergonomic}
     bool SegmentedCodeCache                       = true                                      {product} {ergonomic}
     bool UseCompressedClassPointers               = true                                 {lp64_product} {ergonomic}
     bool UseCompressedOops                        = true                                 {lp64_product} {ergonomic}
     bool UseG1GC                                  = true                                      {product} {ergonomic}

Logging:
Log output configuration:
 #0: stdout all=warning uptime,level,tags
 #1: stderr all=off uptime,level,tags

Environment Variables:
JAVA_HOME=/usr/lib/jvm/java-1.11.0-openjdk-amd64
PATH=/home/anastasia/.sdkman/candidates/grails/current/bin:/usr/lib/jvm/java-1.11.0-openjdk-amd64/bin:/usr/local/sbin:/usr/local/bin:/usr/sbin:/usr/bin:/sbin:/bin:/usr/games:/usr/local/games:/mnt/c/Program Files/WindowsApps/CanonicalGroupLimited.Ubuntu_2204.3.49.0_x64__79rhkp1fndgsc:/mnt/c/Program Files/Common Files/Oracle/Java/javapath:/mnt/c/Program Files (x86)/Common Files/Oracle/Java/javapath:/mnt/c/Program Files/Java/jre1.8.0_281/bin:/mnt/c/Program Files/Java/jdk-16.0.1/bin:/mnt/c/Program Files/Git/cmd:/mnt/c/Users//AppData/Local/Microsoft/WindowsApps:/snap/bin
SHELL=/bin/bash
HOSTTYPE=x86_64
LANG=C.UTF-8
TERM=xterm-256color

Signal Handlers:
SIGSEGV: [libjvm.so+0xead350], sa_mask[0]=11111111111111111111111111111110, sa_flags=SA_RESTART|SA_SIGINFO
SIGBUS: [libjvm.so+0xead350], sa_mask[0]=11111111111111111111111111111110, sa_flags=SA_RESTART|SA_SIGINFO
SIGFPE: [libjvm.so+0xead350], sa_mask[0]=11111111111111111111111111111110, sa_flags=SA_RESTART|SA_SIGINFO
SIGPIPE: [libjvm.so+0xbef750], sa_mask[0]=11111111111111111111111111111110, sa_flags=SA_RESTART|SA_SIGINFO
SIGXFSZ: [libjvm.so+0xbef750], sa_mask[0]=11111111111111111111111111111110, sa_flags=SA_RESTART|SA_SIGINFO
SIGILL: [libjvm.so+0xead350], sa_mask[0]=11111111111111111111111111111110, sa_flags=SA_RESTART|SA_SIGINFO
SIGUSR2: [libjvm.so+0xbef5f0], sa_mask[0]=00100000000000000000000000000000, sa_flags=SA_RESTART|SA_SIGINFO
SIGHUP: [libjvm.so+0xbefdb0], sa_mask[0]=11111111111111111111111111111110, sa_flags=SA_RESTART|SA_SIGINFO
SIGINT: [libjvm.so+0xbefdb0], sa_mask[0]=11111111111111111111111111111110, sa_flags=SA_RESTART|SA_SIGINFO
SIGTERM: [libjvm.so+0xbefdb0], sa_mask[0]=11111111111111111111111111111110, sa_flags=SA_RESTART|SA_SIGINFO
SIGQUIT: [libjvm.so+0xbefdb0], sa_mask[0]=11111111111111111111111111111110, sa_flags=SA_RESTART|SA_SIGINFO


---------------  S Y S T E M  ---------------

OS:DISTRIB_ID=Ubuntu
DISTRIB_RELEASE=22.04
DISTRIB_CODENAME=jammy
DISTRIB_DESCRIPTION="Ubuntu 22.04.3 LTS"
uname:Linux 4.4.0-19041-Microsoft #3636-Microsoft Thu Oct 19 17:41:00 PST 2023 x86_64
OS uptime: 0 days 2:03 hours
libc:glibc 2.35 NPTL 2.35 
rlimit (soft/hard): STACK 8192k/8192k , CORE 0k/infinity , NPROC 7823/7823 , NOFILE 65536/65536 , AS infinity/infinity , CPU infinity/infinity , DATA infinity/infinity , FSIZE infinity/infinity , MEMLOCK 64k/64k
load average:0.52 0.58 0.59

/proc/meminfo:
MemTotal:        4104876 kB
MemFree:           45368 kB
Buffers:           34032 kB
Cached:           188576 kB
SwapCached:            0 kB
Active:           167556 kB
Inactive:         157876 kB
Active(anon):     103104 kB
Inactive(anon):    17440 kB
Active(file):      64452 kB
Inactive(file):   140436 kB
Unevictable:           0 kB
Mlocked:               0 kB
SwapTotal:      12582912 kB
SwapFree:        5528972 kB
Dirty:                 0 kB
Writeback:             0 kB
AnonPages:        102824 kB
Mapped:            71404 kB
Shmem:             17720 kB
Slab:              13868 kB
SReclaimable:       6744 kB
SUnreclaim:         7124 kB
KernelStack:        2848 kB
PageTables:         2524 kB
NFS_Unstable:          0 kB
Bounce:                0 kB
WritebackTmp:          0 kB
CommitLimit:      515524 kB
Committed_AS:    3450064 kB
VmallocTotal:     122880 kB
VmallocUsed:       21296 kB
VmallocChunk:      66044 kB
HardwareCorrupted:     0 kB
AnonHugePages:      2048 kB
HugePages_Total:       0
HugePages_Free:        0
HugePages_Rsvd:        0
HugePages_Surp:        0
Hugepagesize:       2048 kB
DirectMap4k:       12280 kB
DirectMap4M:      897024 kB

/sys/kernel/mm/transparent_hugepage/enabled:
<Not Available>
/sys/kernel/mm/transparent_hugepage/defrag (defrag/compaction efforts parameter):
<Not Available>

Process Memory:
Virtual Size: 3014796K (peak: 0K)
Resident Set Size: 102616K (peak: 0K)
C-Heap outstanding allocations: 37291K, retained: 4360K
glibc malloc tunables: (default)

/proc/sys/kernel/threads-max (system-wide limit on the number of threads):
32768
/proc/sys/vm/max_map_count (maximum number of memory map areas a process may have):
<Not Available>
/proc/sys/kernel/pid_max (system-wide limit on number of process identifiers):
32768

container information not found.
Steal ticks since vm start: 0
Steal ticks percentage since vm start:  0.000

CPU:total 4 (initial active 4) (2 cores per cpu, 2 threads per core) family 6 model 42 stepping 7 microcode 0xffffffff, cmov, cx8, fxsr, mmx, sse, sse2, sse3, ssse3, sse4.1, sse4.2, popcnt, avx, clmul, ht, tsc, tscinvbit
CPU Model and flags from /proc/cpuinfo:
model name	:        Intel(R) Core(TM) i3-2350M CPU @ 2.30GHz
flags		: fpu vme de pse tsc msr pae mce cx8 apic sep mtrr pge mca cmov pat pse36 clflush dts acpi mmx fxsr sse sse2 ss ht tm pbe syscall nx rdtscp lm pni pclmulqdq dtes64 monitor ds_cpl vmx est tm2 ssse3 cx16 xtpr pdcm pcid sse4_1 sse4_2 x2apic popcnt tsc_deadline_timer xsave osxsave avx lahf_lm ibrs ibpb stibp ssbd
Online cpus:
0-3
Offline cpus:
<Not Available>
BIOS frequency limitation:
<Not Available>
Frequency switch latency (ns):
<Not Available>
Available cpu frequencies:
<Not Available>
Current governor:
<Not Available>
Core performance/turbo boost:
<Not Available>

Memory: 4k page, physical 4104876k(45388k free), swap 12582912k(5528972k free)

vm_info: OpenJDK 64-Bit Server VM (11.0.21+9-post-Ubuntu-0ubuntu122.04) for linux-amd64 JRE (11.0.21+9-post-Ubuntu-0ubuntu122.04), built on Oct 19 2023 08:41:03 by "unknown" with gcc 11.4.0

END.
