#
# A fatal error has been detected by the Java Runtime Environment:
#
#  SIGSEGV (0xb) at pc=0x00007fbac28fca1c, pid=7456, tid=9331
#
# JRE version: OpenJDK Runtime Environment (11.0.21+9) (build 11.0.21+9-post-Ubuntu-0ubuntu122.04)
# Java VM: OpenJDK 64-Bit Server VM (11.0.21+9-post-Ubuntu-0ubuntu122.04, mixed mode, sharing, tiered, compressed oops, g1 gc, linux-amd64)
# Problematic frame:
#   [libjvm.so+0xb6da1c]
[timeout occurred during error reporting in step "printing problematic frame"] after 30 s.
# Core dump will be written. Default location: core.7456 (may not exist)
#
# If you would like to submit a bug report, please visit:
#   https://bugs.launchpad.net/ubuntu/+source/openjdk-lts
#

---------------  S U M M A R Y ------------

Command Line: -Denv=development -Dfull.stacktrace=false -Dgrails.env=development -Dgrails.full.stacktrace=false -Dinfo.app.grailsVersion=4.0.1 -Dinfo.app.name=myApp -Dinfo.app.version=0.1 -Dmanagement.endpoints.shutdown.enabled=true -Drun.active=true -Dspring.output.ansi.enabled=always -Dspring.profiles.active -Dverbose=false -XX:+TieredCompilation -XX:TieredStopAtLevel=1 -XX:CICompilerCount=3 -Xverify:none -XX:TieredStopAtLevel=1 -Xms768m -Xmx1024m -Dfile.encoding=UTF-8 -Duser.country -Duser.language=en -Duser.variant myapp.Application

Host: 
[timeout occurred during error reporting in step "printing summary machine and OS info"] after 30 s.

[timeout occurred during error reporting in step "printing date and time"] after 30 s.

---------------  T H R E A D  ---------------

Current thread (0x00007fba34002000):  JavaThread "Thread-70" [_thread_in_vm, id=9331, stack(0x00007fba8ebc0000,0x00007fba8ecc0000)]

Stack: [0x00007fba8ebc0000,0x00007fba8ecc0000],  sp=0x00007fba8ecbc5f8,  free space=1009k
Native frames: (J=compiled Java code, A=aot compiled Java code, j=interpreted, Vv=VM code, C=native code)
V  [libjvm.so+0xb6da1c]
------ Timeout during error reporting after 120 s. ------
