#
# A fatal error has been detected by the Java Runtime Environment:
#
#  SIGSEGV (0xb) at pc=0x00007f87780c4aee, pid=5453, tid=5470
#
# JRE version: OpenJDK Runtime Environment (11.0.21+9) (build 11.0.21+9-post-Ubuntu-0ubuntu122.04)
# Java VM: OpenJDK 64-Bit Server VM (11.0.21+9-post-Ubuntu-0ubuntu122.04, mixed mode, sharing, tiered, compressed oops, g1 gc, linux-amd64)
# Problematic frame:
# C  [libc.so.6+0xc4aee]
#
# Core dump will be written. Default location: core.5453 (may not exist)
#
# If you would like to submit a bug report, please visit:
#   https://bugs.launchpad.net/ubuntu/+source/openjdk-lts
#

---------------  S U M M A R Y ------------

Command Line: -XX:+TieredCompilation -XX:TieredStopAtLevel=1 -XX:CICompilerCount=3 /mnt/d/myApp/grails-wrapper.jar run-app

Host: Intel(R) Core(TM) i3-2350M CPU @ 2.30GHz, 4 cores, 3G, Ubuntu 22.04.3 LTS
Time: Thu Jan 25 19:12:53 2024 +05 elapsed time: 13.981523 seconds (0d 0h 0m 13s)

---------------  T H R E A D  ---------------

Current thread (0x00007f8770137000):  JavaThread "C1 CompilerThread0" daemon [_thread_in_vm, id=5470, stack(0x00007f87582d0000,0x00007f87583d0000)]


Current CompileTask:
C1:  13982 4427       1       org.gradle.api.internal.classpath.DefaultModuleRegistry$DefaultModule::collectRequiredModules (99 bytes)

Stack: [0x00007f87582d0000,0x00007f87583d0000],  sp=0x00007f87583cdf18,  free space=1015k
Native frames: (J=compiled Java code, A=aot compiled Java code, j=interpreted, Vv=VM code, C=native code)
C  [libc.so.6+0xc4aee]
V  [libjvm.so+0x5e1d9c]
V  [libjvm.so+0xbb9be0]
V  [libjvm.so+0xbbe20e]
V  [libjvm.so+0x578bb7]
V  [libjvm.so+0x4a614d]
V  [libjvm.so+0x4a63fe]
V  [libjvm.so+0x4a6ca7]
V  [libjvm.so+0x62bbbf]
V  [libjvm.so+0x62cdc0]
V  [libjvm.so+0xe410b1]
V  [libjvm.so+0xe3d4b0]
V  [libjvm.so+0xbf94de]


siginfo: si_signo: 11 (SIGSEGV), si_code: 2 (SEGV_ACCERR), si_addr: 0x00007f875961a000

Register to memory mapping:

RAX=0x00007f8759619fc0 is at entry_point+0 in (nmethod*)0x00007f8759619d90
RBX=0x00007f87583ce020 is pointing into the stack for thread: 0x00007f8770137000
RCX=0x00007f8759619fc0 is at entry_point+0 in (nmethod*)0x00007f8759619d90
RDX=0x00007f875961a2b0 is at entry_point+752 in (nmethod*)0x00007f8759619d90
RSP=0x00007f87583cdf18 is pointing into the stack for thread: 0x00007f8770137000
RBP=0x00007f87583ce010 is pointing into the stack for thread: 0x00007f8770137000
RSI=0x00007f8758833d50 is at code_begin+80 in 
[CodeBlob (0x00007f8758833c90)]
Framesize: 0
BufferBlob (0x00007f8758833c90) used for C1 temporary CodeBuffer
RDI=0x00007f8759619fd0 is at entry_point+16 in (nmethod*)0x00007f8759619d90
R8 =0x0 is NULL
R9 =0x0 is NULL
R10=0x00007f8777c682f4: <offset 0x0000000000f492f4> in /usr/lib/jvm/java-11-openjdk-amd64/lib/server/libjvm.so at 0x00007f8776d1f000
R11=0x000000000000003e is an unknown value
R12=0x00007f87583ce740 is pointing into the stack for thread: 0x00007f8770137000
R13=0x00007f87583ce078 is pointing into the stack for thread: 0x00007f8770137000
R14=0x00007f87583ce798 is pointing into the stack for thread: 0x00007f8770137000
R15=0x0 is NULL


Registers:
RAX=0x00007f8759619fc0, RBX=0x00007f87583ce020, RCX=0x00007f8759619fc0, RDX=0x00007f875961a2b0
RSP=0x00007f87583cdf18, RBP=0x00007f87583ce010, RSI=0x00007f8758833d50, RDI=0x00007f8759619fd0
R8 =0x0000000000000000, R9 =0x0000000000000000, R10=0x00007f8777c682f4, R11=0x000000000000003e
R12=0x00007f87583ce740, R13=0x00007f87583ce078, R14=0x00007f87583ce798, R15=0x0000000000000000
RIP=0x00007f87780c4aee, EFLAGS=0x0000000000010207, CSGSFS=0x00000053002b0033, ERR=0x0000000000000000
  TRAPNO=0x0000000000000000

Top of Stack: (sp=0x00007f87583cdf18)
0x00007f87583cdf18:   00007f8777300068 ffffffffffffff00
0x00007f87583cdf28:   00007f87583ce118 000003f000000022
0x00007f87583cdf38:   00007f8759619fc0 0000000000000005
0x00007f87583cdf48:   0000003500000014 0000000000000000 

Instructions: (pc=0x00007f87780c4aee)
0x00007f87780c49ee:   17 f8 c3 0f 10 54 16 f0 0f 10 5c 16 e0 0f 11 07
0x00007f87780c49fe:   0f 11 4f 10 0f 11 54 17 f0 0f 11 5c 17 e0 c3 0f
0x00007f87780c4a0e:   1f 00 48 3b 15 e1 49 15 00 0f 87 64 01 00 00 48
0x00007f87780c4a1e:   81 fa 80 00 00 00 77 4a 0f 10 4e 10 48 83 fa 40
0x00007f87780c4a2e:   76 c1 0f 10 56 20 0f 10 5e 30 0f 10 64 16 f0 0f
0x00007f87780c4a3e:   10 6c 16 e0 0f 10 74 16 d0 0f 10 7c 16 c0 0f 11
0x00007f87780c4a4e:   07 0f 11 4f 10 0f 11 57 20 0f 11 5f 30 0f 11 64
0x00007f87780c4a5e:   17 f0 0f 11 6c 17 e0 0f 11 74 17 d0 0f 11 7c 17
0x00007f87780c4a6e:   c0 c3 48 89 f9 48 29 f1 48 39 d1 0f 82 91 00 00
0x00007f87780c4a7e:   00 48 3b 15 22 bb 15 00 0f 87 21 01 00 00 4c 8d
0x00007f87780c4a8e:   04 11 49 31 c8 49 c1 e8 3f 81 e1 00 0f 00 00 44
0x00007f87780c4a9e:   01 c1 74 73 0f 10 6c 16 f0 0f 10 74 16 e0 48 89
0x00007f87780c4aae:   f9 48 83 cf 0f 0f 10 7c 16 d0 44 0f 10 44 16 c0
0x00007f87780c4abe:   48 29 ce 48 ff c7 48 01 fe 48 8d 54 11 c0 0f 1f
0x00007f87780c4ace:   40 00 0f 10 0e 0f 10 56 10 0f 10 5e 20 0f 10 66
0x00007f87780c4ade:   30 48 83 ee c0 0f 29 0f 0f 29 57 10 0f 29 5f 20
0x00007f87780c4aee:   0f 29 67 30 48 83 ef c0 48 39 fa 77 d5 0f 11 6a
0x00007f87780c4afe:   30 0f 11 72 20 0f 11 7a 10 44 0f 11 02 0f 11 01
0x00007f87780c4b0e:   c3 90 48 85 c9 74 f9 0f 10 6e 10 0f 10 76 20 48
0x00007f87780c4b1e:   8d 4c 17 bf 0f 10 7e 30 44 0f 10 44 16 f0 48 29
0x00007f87780c4b2e:   fe 48 83 e1 f0 48 01 ce 66 2e 0f 1f 84 00 00 00
0x00007f87780c4b3e:   00 00 0f 10 4e 30 0f 10 56 20 0f 10 5e 10 0f 10
0x00007f87780c4b4e:   26 48 83 c6 c0 0f 29 49 30 0f 29 51 20 0f 29 59
0x00007f87780c4b5e:   10 0f 29 21 48 83 c1 c0 48 39 cf 72 d5 0f 11 07
0x00007f87780c4b6e:   0f 11 6f 10 0f 11 77 20 0f 11 7f 30 44 0f 11 44
0x00007f87780c4b7e:   3a f0 c3 48 89 f9 48 29 f1 48 39 d1 72 84 48 3b
0x00007f87780c4b8e:   15 0d ba 15 00 73 0b 48 89 d1 f3 a4 c3 0f 1f 44
0x00007f87780c4b9e:   00 00 48 3b 15 51 48 15 00 0f 82 df fe ff ff 48
0x00007f87780c4bae:   f7 d9 48 39 ca 0f 87 e9 fe ff ff 0f 10 4e 10 0f
0x00007f87780c4bbe:   10 56 20 0f 10 5e 30 0f 11 07 0f 11 4f 10 0f 11
0x00007f87780c4bce:   57 20 0f 11 5f 30 49 89 f8 49 83 e0 3f 49 83 e8
0x00007f87780c4bde:   40 4c 29 c6 4c 29 c7 4c 01 c2 f7 d1 f7 c1 80 0f 


Stack slot to memory mapping:
stack at sp + 0 slots: 0x00007f8777300068: <offset 0x00000000005e1068> in /usr/lib/jvm/java-11-openjdk-amd64/lib/server/libjvm.so at 0x00007f8776d1f000
stack at sp + 1 slots: 0xffffffffffffff00 is an unknown value
stack at sp + 2 slots: 0x00007f87583ce118 is pointing into the stack for thread: 0x00007f8770137000
stack at sp + 3 slots: 0x000003f000000022 is an unknown value
stack at sp + 4 slots: 0x00007f8759619fc0 is at entry_point+0 in (nmethod*)0x00007f8759619d90
stack at sp + 5 slots: 0x0000000000000005 is an unknown value
stack at sp + 6 slots: 0x0000003500000014 is an unknown value
stack at sp + 7 slots: 0x0 is NULL


---------------  P R O C E S S  ---------------

Threads class SMR info:
_java_thread_list=0x00007f86fc069170, length=13, elements={
0x00007f8770016000, 0x00007f8770129000, 0x00007f877012b000, 0x00007f8770133000,
0x00007f8770135000, 0x00007f8770137000, 0x00007f8770139000, 0x00007f8770184000,
0x00007f87707b4000, 0x00007f87707c7800, 0x00007f87707cd000, 0x00007f8770fee000,
0x00007f86fc06c800
}

Java Threads: ( => current thread )
  0x00007f8770016000 JavaThread "main" [_thread_blocked, id=5459, stack(0x00007f87768e0000,0x00007f87769e0000)]
  0x00007f8770129000 JavaThread "Reference Handler" daemon [_thread_blocked, id=5466, stack(0x00007f87586d0000,0x00007f87587d0000)]
  0x00007f877012b000 JavaThread "Finalizer" daemon [_thread_blocked, id=5467, stack(0x00007f87585d0000,0x00007f87586d0000)]
  0x00007f8770133000 JavaThread "Signal Dispatcher" daemon [_thread_blocked, id=5468, stack(0x00007f87584d0000,0x00007f87585d0000)]
  0x00007f8770135000 JavaThread "Service Thread" daemon [_thread_blocked, id=5469, stack(0x00007f87583d0000,0x00007f87584d0000)]
=>0x00007f8770137000 JavaThread "C1 CompilerThread0" daemon [_thread_in_vm, id=5470, stack(0x00007f87582d0000,0x00007f87583d0000)]
  0x00007f8770139000 JavaThread "Sweeper thread" daemon [_thread_blocked, id=5471, stack(0x00007f87581d0000,0x00007f87582d0000)]
  0x00007f8770184000 JavaThread "Common-Cleaner" daemon [_thread_blocked, id=5473, stack(0x00007f8750750000,0x00007f8750850000)]
  0x00007f87707b4000 JavaThread "process reaper" daemon [_thread_blocked, id=5476, stack(0x00007f8774030000,0x00007f8774052000)]
  0x00007f87707c7800 JavaThread "NonBlockingInputStreamThread" daemon [_thread_blocked, id=5483, stack(0x00007f8750140000,0x00007f8750240000)]
  0x00007f87707cd000 JavaThread "process reaper" daemon [_thread_blocked, id=5487, stack(0x00007f8774000000,0x00007f8774022000)]
  0x00007f8770fee000 JavaThread "pool-1-thread-1" [_thread_blocked, id=5492, stack(0x00007f8713f00000,0x00007f8714000000)]
  0x00007f86fc06c800 JavaThread "Connection worker" [_thread_blocked, id=5493, stack(0x00007f8713500000,0x00007f8713600000)]

Other Threads:
  0x00007f8770126000 VMThread "VM Thread" [stack: 0x00007f87740e1000,0x00007f87741e1000] [id=5465]
  0x00007f8770182000 WatcherThread [stack: 0x00007f87580c1000,0x00007f87581c1000] [id=5472]
  0x00007f877002e000 GCTaskThread "GC Thread#0" [stack: 0x00007f8776581000,0x00007f8776681000] [id=5460]
  0x00007f8740001000 GCTaskThread "GC Thread#1" [stack: 0x00007f8750641000,0x00007f8750741000] [id=5474]
  0x00007f8740035000 GCTaskThread "GC Thread#2" [stack: 0x00007f8750031000,0x00007f8750131000] [id=5491]
  0x00007f8740038000 GCTaskThread "GC Thread#3" [stack: 0x00007f87133f1000,0x00007f87134f1000] [id=5494]
  0x00007f877004a000 ConcurrentGCThread "G1 Main Marker" [stack: 0x00007f8774a51000,0x00007f8774b51000] [id=5461]
  0x00007f877004b800 ConcurrentGCThread "G1 Conc#0" [stack: 0x00007f8774941000,0x00007f8774a41000] [id=5462]
  0x00007f8770091000 ConcurrentGCThread "G1 Refine#0" [stack: 0x00007f87743f1000,0x00007f87744f1000] [id=5463]
  0x00007f8770092800 ConcurrentGCThread "G1 Young RemSet Sampling" [stack: 0x00007f87742e1000,0x00007f87743e1000] [id=5464]

Threads with active compile tasks:
C1 CompilerThread0    14186 4427       1       org.gradle.api.internal.classpath.DefaultModuleRegistry$DefaultModule::collectRequiredModules (99 bytes)

VM state:not at safepoint (normal execution)

VM Mutex/Monitor currently owned by a thread:  ([mutex/lock_event])
[0x00007f87700120e0] CodeCache_lock - owner thread: 0x00007f8770137000
[0x00007f8770013d00] Compile_lock - owner thread: 0x00007f8770137000
[0x00007f8770013eb0] MethodCompileQueue_lock - owner thread: 0x00007f8770137000

Heap address: 0x00000000c1400000, size: 1004 MB, Compressed Oops mode: 32-bit
Narrow klass base: 0x0000000800000000, Narrow klass shift: 3
Compressed class space size: 1073741824 Address: 0x0000000840000000

Heap:
 garbage-first heap   total 204800K, used 63281K [0x00000000c1400000, 0x0000000100000000)
  region size 1024K, 27 young (27648K), 9 survivors (9216K)
 Metaspace       used 21056K, capacity 22806K, committed 23040K, reserved 1069056K
  class space    used 2664K, capacity 3250K, committed 3328K, reserved 1048576K
Heap Regions: E=young(eden), S=young(survivor), O=old, HS=humongous(starts), HC=humongous(continues), CS=collection set, F=free, A=archive, TAMS=top-at-mark-start (previous, next)
|   0|0x00000000c1400000, 0x00000000c1500000, 0x00000000c1500000|100%|HS|  |TAMS 0x00000000c1500000, 0x00000000c1400000| Complete 
|   1|0x00000000c1500000, 0x00000000c1600000, 0x00000000c1600000|100%| O|  |TAMS 0x00000000c1600000, 0x00000000c1500000| Untracked 
|   2|0x00000000c1600000, 0x00000000c1700000, 0x00000000c1700000|100%| O|  |TAMS 0x00000000c1700000, 0x00000000c1600000| Untracked 
|   3|0x00000000c1700000, 0x00000000c1800000, 0x00000000c1800000|100%| O|  |TAMS 0x00000000c1800000, 0x00000000c1700000| Untracked 
|   4|0x00000000c1800000, 0x00000000c1900000, 0x00000000c1900000|100%| O|  |TAMS 0x00000000c1900000, 0x00000000c1800000| Untracked 
|   5|0x00000000c1900000, 0x00000000c1a00000, 0x00000000c1a00000|100%|HS|  |TAMS 0x00000000c1a00000, 0x00000000c1900000| Complete 
|   6|0x00000000c1a00000, 0x00000000c1b00000, 0x00000000c1b00000|100%| O|  |TAMS 0x00000000c1b00000, 0x00000000c1a00000| Untracked 
|   7|0x00000000c1b00000, 0x00000000c1c00000, 0x00000000c1c00000|100%| O|  |TAMS 0x00000000c1c00000, 0x00000000c1b00000| Untracked 
|   8|0x00000000c1c00000, 0x00000000c1d00000, 0x00000000c1d00000|100%| O|  |TAMS 0x00000000c1d00000, 0x00000000c1c00000| Untracked 
|   9|0x00000000c1d00000, 0x00000000c1e00000, 0x00000000c1e00000|100%| O|  |TAMS 0x00000000c1e00000, 0x00000000c1d00000| Untracked 
|  10|0x00000000c1e00000, 0x00000000c1f00000, 0x00000000c1f00000|100%| O|  |TAMS 0x00000000c1f00000, 0x00000000c1e00000| Untracked 
|  11|0x00000000c1f00000, 0x00000000c2000000, 0x00000000c2000000|100%| O|  |TAMS 0x00000000c2000000, 0x00000000c1f00000| Untracked 
|  12|0x00000000c2000000, 0x00000000c2100000, 0x00000000c2100000|100%| O|  |TAMS 0x00000000c2100000, 0x00000000c2000000| Untracked 
|  13|0x00000000c2100000, 0x00000000c2200000, 0x00000000c2200000|100%| O|  |TAMS 0x00000000c2200000, 0x00000000c2100000| Untracked 
|  14|0x00000000c2200000, 0x00000000c2300000, 0x00000000c2300000|100%| O|  |TAMS 0x00000000c2300000, 0x00000000c2200000| Untracked 
|  15|0x00000000c2300000, 0x00000000c2400000, 0x00000000c2400000|100%| O|  |TAMS 0x00000000c2400000, 0x00000000c2300000| Untracked 
|  16|0x00000000c2400000, 0x00000000c2500000, 0x00000000c2500000|100%| O|  |TAMS 0x00000000c2500000, 0x00000000c2400000| Untracked 
|  17|0x00000000c2500000, 0x00000000c2600000, 0x00000000c2600000|100%| O|  |TAMS 0x00000000c2600000, 0x00000000c2500000| Untracked 
|  18|0x00000000c2600000, 0x00000000c2700000, 0x00000000c2700000|100%| O|  |TAMS 0x00000000c2700000, 0x00000000c2600000| Untracked 
|  19|0x00000000c2700000, 0x00000000c2800000, 0x00000000c2800000|100%| O|  |TAMS 0x00000000c2800000, 0x00000000c2700000| Untracked 
|  20|0x00000000c2800000, 0x00000000c2900000, 0x00000000c2900000|100%| O|  |TAMS 0x00000000c2900000, 0x00000000c2800000| Untracked 
|  21|0x00000000c2900000, 0x00000000c2a00000, 0x00000000c2a00000|100%| O|  |TAMS 0x00000000c2a00000, 0x00000000c2900000| Untracked 
|  22|0x00000000c2a00000, 0x00000000c2b00000, 0x00000000c2b00000|100%| O|  |TAMS 0x00000000c2b00000, 0x00000000c2a00000| Untracked 
|  23|0x00000000c2b00000, 0x00000000c2c00000, 0x00000000c2c00000|100%| O|  |TAMS 0x00000000c2c00000, 0x00000000c2b00000| Untracked 
|  24|0x00000000c2c00000, 0x00000000c2d00000, 0x00000000c2d00000|100%| O|  |TAMS 0x00000000c2d00000, 0x00000000c2c00000| Untracked 
|  25|0x00000000c2d00000, 0x00000000c2e00000, 0x00000000c2e00000|100%| O|  |TAMS 0x00000000c2e00000, 0x00000000c2d00000| Untracked 
|  26|0x00000000c2e00000, 0x00000000c2f00000, 0x00000000c2f00000|100%| O|  |TAMS 0x00000000c2f00000, 0x00000000c2e00000| Untracked 
|  27|0x00000000c2f00000, 0x00000000c3000000, 0x00000000c3000000|100%| O|  |TAMS 0x00000000c3000000, 0x00000000c2f00000| Untracked 
|  28|0x00000000c3000000, 0x00000000c3100000, 0x00000000c3100000|100%| O|  |TAMS 0x00000000c3100000, 0x00000000c3000000| Untracked 
|  29|0x00000000c3100000, 0x00000000c3200000, 0x00000000c3200000|100%| O|  |TAMS 0x00000000c3200000, 0x00000000c3100000| Untracked 
|  30|0x00000000c3200000, 0x00000000c3300000, 0x00000000c3300000|100%| O|  |TAMS 0x00000000c3300000, 0x00000000c3200000| Untracked 
|  31|0x00000000c3300000, 0x00000000c3400000, 0x00000000c3400000|100%|HS|  |TAMS 0x00000000c3400000, 0x00000000c3300000| Complete 
|  32|0x00000000c3400000, 0x00000000c3500000, 0x00000000c3500000|100%|HS|  |TAMS 0x00000000c3500000, 0x00000000c3400000| Complete 
|  33|0x00000000c3500000, 0x00000000c3600000, 0x00000000c3600000|100%|HC|  |TAMS 0x00000000c3600000, 0x00000000c3500000| Complete 
|  34|0x00000000c3600000, 0x00000000c3700000, 0x00000000c3700000|100%| O|  |TAMS 0x00000000c3700000, 0x00000000c3600000| Untracked 
|  35|0x00000000c3700000, 0x00000000c3718400, 0x00000000c3800000|  9%| O|  |TAMS 0x00000000c3718400, 0x00000000c3700000| Untracked 
|  36|0x00000000c3800000, 0x00000000c3800000, 0x00000000c3900000|  0%| F|  |TAMS 0x00000000c3800000, 0x00000000c3800000| Untracked 
|  37|0x00000000c3900000, 0x00000000c3900000, 0x00000000c3a00000|  0%| F|  |TAMS 0x00000000c3900000, 0x00000000c3900000| Untracked 
|  38|0x00000000c3a00000, 0x00000000c3a00000, 0x00000000c3b00000|  0%| F|  |TAMS 0x00000000c3a00000, 0x00000000c3a00000| Untracked 
|  39|0x00000000c3b00000, 0x00000000c3b00000, 0x00000000c3c00000|  0%| F|  |TAMS 0x00000000c3b00000, 0x00000000c3b00000| Untracked 
|  40|0x00000000c3c00000, 0x00000000c3c00000, 0x00000000c3d00000|  0%| F|  |TAMS 0x00000000c3c00000, 0x00000000c3c00000| Untracked 
|  41|0x00000000c3d00000, 0x00000000c3d00000, 0x00000000c3e00000|  0%| F|  |TAMS 0x00000000c3d00000, 0x00000000c3d00000| Untracked 
|  42|0x00000000c3e00000, 0x00000000c3e00000, 0x00000000c3f00000|  0%| F|  |TAMS 0x00000000c3e00000, 0x00000000c3e00000| Untracked 
|  43|0x00000000c3f00000, 0x00000000c3f00000, 0x00000000c4000000|  0%| F|  |TAMS 0x00000000c3f00000, 0x00000000c3f00000| Untracked 
|  44|0x00000000c4000000, 0x00000000c4000000, 0x00000000c4100000|  0%| F|  |TAMS 0x00000000c4000000, 0x00000000c4000000| Untracked 
|  45|0x00000000c4100000, 0x00000000c4100000, 0x00000000c4200000|  0%| F|  |TAMS 0x00000000c4100000, 0x00000000c4100000| Untracked 
|  46|0x00000000c4200000, 0x00000000c4200000, 0x00000000c4300000|  0%| F|  |TAMS 0x00000000c4200000, 0x00000000c4200000| Untracked 
|  47|0x00000000c4300000, 0x00000000c4300000, 0x00000000c4400000|  0%| F|  |TAMS 0x00000000c4300000, 0x00000000c4300000| Untracked 
|  48|0x00000000c4400000, 0x00000000c4400000, 0x00000000c4500000|  0%| F|  |TAMS 0x00000000c4400000, 0x00000000c4400000| Untracked 
|  49|0x00000000c4500000, 0x00000000c4500000, 0x00000000c4600000|  0%| F|  |TAMS 0x00000000c4500000, 0x00000000c4500000| Untracked 
|  50|0x00000000c4600000, 0x00000000c4600000, 0x00000000c4700000|  0%| F|  |TAMS 0x00000000c4600000, 0x00000000c4600000| Untracked 
|  51|0x00000000c4700000, 0x00000000c4700000, 0x00000000c4800000|  0%| F|  |TAMS 0x00000000c4700000, 0x00000000c4700000| Untracked 
|  52|0x00000000c4800000, 0x00000000c4800000, 0x00000000c4900000|  0%| F|  |TAMS 0x00000000c4800000, 0x00000000c4800000| Untracked 
|  53|0x00000000c4900000, 0x00000000c4900000, 0x00000000c4a00000|  0%| F|  |TAMS 0x00000000c4900000, 0x00000000c4900000| Untracked 
|  54|0x00000000c4a00000, 0x00000000c4a00000, 0x00000000c4b00000|  0%| F|  |TAMS 0x00000000c4a00000, 0x00000000c4a00000| Untracked 
|  55|0x00000000c4b00000, 0x00000000c4b00000, 0x00000000c4c00000|  0%| F|  |TAMS 0x00000000c4b00000, 0x00000000c4b00000| Untracked 
|  56|0x00000000c4c00000, 0x00000000c4c00000, 0x00000000c4d00000|  0%| F|  |TAMS 0x00000000c4c00000, 0x00000000c4c00000| Untracked 
|  57|0x00000000c4d00000, 0x00000000c4d00000, 0x00000000c4e00000|  0%| F|  |TAMS 0x00000000c4d00000, 0x00000000c4d00000| Untracked 
|  58|0x00000000c4e00000, 0x00000000c4e00000, 0x00000000c4f00000|  0%| F|  |TAMS 0x00000000c4e00000, 0x00000000c4e00000| Untracked 
|  59|0x00000000c4f00000, 0x00000000c4f00000, 0x00000000c5000000|  0%| F|  |TAMS 0x00000000c4f00000, 0x00000000c4f00000| Untracked 
|  60|0x00000000c5000000, 0x00000000c5000000, 0x00000000c5100000|  0%| F|  |TAMS 0x00000000c5000000, 0x00000000c5000000| Untracked 
|  61|0x00000000c5100000, 0x00000000c5100000, 0x00000000c5200000|  0%| F|  |TAMS 0x00000000c5100000, 0x00000000c5100000| Untracked 
|  62|0x00000000c5200000, 0x00000000c5200000, 0x00000000c5300000|  0%| F|  |TAMS 0x00000000c5200000, 0x00000000c5200000| Untracked 
|  63|0x00000000c5300000, 0x00000000c5300000, 0x00000000c5400000|  0%| F|  |TAMS 0x00000000c5300000, 0x00000000c5300000| Untracked 
|  64|0x00000000c5400000, 0x00000000c5400000, 0x00000000c5500000|  0%| F|  |TAMS 0x00000000c5400000, 0x00000000c5400000| Untracked 
|  65|0x00000000c5500000, 0x00000000c5500000, 0x00000000c5600000|  0%| F|  |TAMS 0x00000000c5500000, 0x00000000c5500000| Untracked 
|  66|0x00000000c5600000, 0x00000000c5600000, 0x00000000c5700000|  0%| F|  |TAMS 0x00000000c5600000, 0x00000000c5600000| Untracked 
|  67|0x00000000c5700000, 0x00000000c5700000, 0x00000000c5800000|  0%| F|  |TAMS 0x00000000c5700000, 0x00000000c5700000| Untracked 
|  68|0x00000000c5800000, 0x00000000c5800000, 0x00000000c5900000|  0%| F|  |TAMS 0x00000000c5800000, 0x00000000c5800000| Untracked 
|  69|0x00000000c5900000, 0x00000000c5900000, 0x00000000c5a00000|  0%| F|  |TAMS 0x00000000c5900000, 0x00000000c5900000| Untracked 
|  70|0x00000000c5a00000, 0x00000000c5a00000, 0x00000000c5b00000|  0%| F|  |TAMS 0x00000000c5a00000, 0x00000000c5a00000| Untracked 
|  71|0x00000000c5b00000, 0x00000000c5b00000, 0x00000000c5c00000|  0%| F|  |TAMS 0x00000000c5b00000, 0x00000000c5b00000| Untracked 
|  72|0x00000000c5c00000, 0x00000000c5c00000, 0x00000000c5d00000|  0%| F|  |TAMS 0x00000000c5c00000, 0x00000000c5c00000| Untracked 
|  73|0x00000000c5d00000, 0x00000000c5e00000, 0x00000000c5e00000|100%| S|CS|TAMS 0x00000000c5d00000, 0x00000000c5d00000| Complete 
|  74|0x00000000c5e00000, 0x00000000c5f00000, 0x00000000c5f00000|100%| S|CS|TAMS 0x00000000c5e00000, 0x00000000c5e00000| Complete 
|  75|0x00000000c5f00000, 0x00000000c6000000, 0x00000000c6000000|100%| S|CS|TAMS 0x00000000c5f00000, 0x00000000c5f00000| Complete 
|  76|0x00000000c6000000, 0x00000000c6100000, 0x00000000c6100000|100%| S|CS|TAMS 0x00000000c6000000, 0x00000000c6000000| Complete 
|  77|0x00000000c6100000, 0x00000000c6200000, 0x00000000c6200000|100%| S|CS|TAMS 0x00000000c6100000, 0x00000000c6100000| Complete 
|  78|0x00000000c6200000, 0x00000000c6300000, 0x00000000c6300000|100%| S|CS|TAMS 0x00000000c6200000, 0x00000000c6200000| Complete 
|  79|0x00000000c6300000, 0x00000000c6400000, 0x00000000c6400000|100%| S|CS|TAMS 0x00000000c6300000, 0x00000000c6300000| Complete 
|  80|0x00000000c6400000, 0x00000000c6500000, 0x00000000c6500000|100%| S|CS|TAMS 0x00000000c6400000, 0x00000000c6400000| Complete 
|  81|0x00000000c6500000, 0x00000000c6600000, 0x00000000c6600000|100%| S|CS|TAMS 0x00000000c6500000, 0x00000000c6500000| Complete 
|  82|0x00000000c6600000, 0x00000000c6600000, 0x00000000c6700000|  0%| F|  |TAMS 0x00000000c6600000, 0x00000000c6600000| Untracked 
|  83|0x00000000c6700000, 0x00000000c6700000, 0x00000000c6800000|  0%| F|  |TAMS 0x00000000c6700000, 0x00000000c6700000| Untracked 
|  84|0x00000000c6800000, 0x00000000c6800000, 0x00000000c6900000|  0%| F|  |TAMS 0x00000000c6800000, 0x00000000c6800000| Untracked 
|  85|0x00000000c6900000, 0x00000000c6900000, 0x00000000c6a00000|  0%| F|  |TAMS 0x00000000c6900000, 0x00000000c6900000| Untracked 
|  86|0x00000000c6a00000, 0x00000000c6a00000, 0x00000000c6b00000|  0%| F|  |TAMS 0x00000000c6a00000, 0x00000000c6a00000| Untracked 
|  87|0x00000000c6b00000, 0x00000000c6b00000, 0x00000000c6c00000|  0%| F|  |TAMS 0x00000000c6b00000, 0x00000000c6b00000| Untracked 
|  88|0x00000000c6c00000, 0x00000000c6c00000, 0x00000000c6d00000|  0%| F|  |TAMS 0x00000000c6c00000, 0x00000000c6c00000| Untracked 
|  89|0x00000000c6d00000, 0x00000000c6d00000, 0x00000000c6e00000|  0%| F|  |TAMS 0x00000000c6d00000, 0x00000000c6d00000| Untracked 
|  90|0x00000000c6e00000, 0x00000000c6e00000, 0x00000000c6f00000|  0%| F|  |TAMS 0x00000000c6e00000, 0x00000000c6e00000| Untracked 
|  91|0x00000000c6f00000, 0x00000000c6f00000, 0x00000000c7000000|  0%| F|  |TAMS 0x00000000c6f00000, 0x00000000c6f00000| Untracked 
|  92|0x00000000c7000000, 0x00000000c7000000, 0x00000000c7100000|  0%| F|  |TAMS 0x00000000c7000000, 0x00000000c7000000| Untracked 
|  93|0x00000000c7100000, 0x00000000c7100000, 0x00000000c7200000|  0%| F|  |TAMS 0x00000000c7100000, 0x00000000c7100000| Untracked 
|  94|0x00000000c7200000, 0x00000000c7200000, 0x00000000c7300000|  0%| F|  |TAMS 0x00000000c7200000, 0x00000000c7200000| Untracked 
|  95|0x00000000c7300000, 0x00000000c7300000, 0x00000000c7400000|  0%| F|  |TAMS 0x00000000c7300000, 0x00000000c7300000| Untracked 
|  96|0x00000000c7400000, 0x00000000c7400000, 0x00000000c7500000|  0%| F|  |TAMS 0x00000000c7400000, 0x00000000c7400000| Untracked 
|  97|0x00000000c7500000, 0x00000000c7500000, 0x00000000c7600000|  0%| F|  |TAMS 0x00000000c7500000, 0x00000000c7500000| Untracked 
|  98|0x00000000c7600000, 0x00000000c7600000, 0x00000000c7700000|  0%| F|  |TAMS 0x00000000c7600000, 0x00000000c7600000| Untracked 
|  99|0x00000000c7700000, 0x00000000c7700000, 0x00000000c7800000|  0%| F|  |TAMS 0x00000000c7700000, 0x00000000c7700000| Untracked 
| 100|0x00000000c7800000, 0x00000000c7800000, 0x00000000c7900000|  0%| F|  |TAMS 0x00000000c7800000, 0x00000000c7800000| Untracked 
| 101|0x00000000c7900000, 0x00000000c7900000, 0x00000000c7a00000|  0%| F|  |TAMS 0x00000000c7900000, 0x00000000c7900000| Untracked 
| 102|0x00000000c7a00000, 0x00000000c7a00000, 0x00000000c7b00000|  0%| F|  |TAMS 0x00000000c7a00000, 0x00000000c7a00000| Untracked 
| 103|0x00000000c7b00000, 0x00000000c7b00000, 0x00000000c7c00000|  0%| F|  |TAMS 0x00000000c7b00000, 0x00000000c7b00000| Untracked 
| 104|0x00000000c7c00000, 0x00000000c7c00000, 0x00000000c7d00000|  0%| F|  |TAMS 0x00000000c7c00000, 0x00000000c7c00000| Untracked 
| 105|0x00000000c7d00000, 0x00000000c7d00000, 0x00000000c7e00000|  0%| F|  |TAMS 0x00000000c7d00000, 0x00000000c7d00000| Untracked 
| 106|0x00000000c7e00000, 0x00000000c7e00000, 0x00000000c7f00000|  0%| F|  |TAMS 0x00000000c7e00000, 0x00000000c7e00000| Untracked 
| 107|0x00000000c7f00000, 0x00000000c7f00000, 0x00000000c8000000|  0%| F|  |TAMS 0x00000000c7f00000, 0x00000000c7f00000| Untracked 
| 108|0x00000000c8000000, 0x00000000c8000000, 0x00000000c8100000|  0%| F|  |TAMS 0x00000000c8000000, 0x00000000c8000000| Untracked 
| 109|0x00000000c8100000, 0x00000000c8100000, 0x00000000c8200000|  0%| F|  |TAMS 0x00000000c8100000, 0x00000000c8100000| Untracked 
| 110|0x00000000c8200000, 0x00000000c8200000, 0x00000000c8300000|  0%| F|  |TAMS 0x00000000c8200000, 0x00000000c8200000| Untracked 
| 111|0x00000000c8300000, 0x00000000c8300000, 0x00000000c8400000|  0%| F|  |TAMS 0x00000000c8300000, 0x00000000c8300000| Untracked 
| 112|0x00000000c8400000, 0x00000000c8400000, 0x00000000c8500000|  0%| F|  |TAMS 0x00000000c8400000, 0x00000000c8400000| Untracked 
| 113|0x00000000c8500000, 0x00000000c8500000, 0x00000000c8600000|  0%| F|  |TAMS 0x00000000c8500000, 0x00000000c8500000| Untracked 
| 114|0x00000000c8600000, 0x00000000c8600000, 0x00000000c8700000|  0%| F|  |TAMS 0x00000000c8600000, 0x00000000c8600000| Untracked 
| 115|0x00000000c8700000, 0x00000000c8700000, 0x00000000c8800000|  0%| F|  |TAMS 0x00000000c8700000, 0x00000000c8700000| Untracked 
| 116|0x00000000c8800000, 0x00000000c8800000, 0x00000000c8900000|  0%| F|  |TAMS 0x00000000c8800000, 0x00000000c8800000| Untracked 
| 117|0x00000000c8900000, 0x00000000c8900000, 0x00000000c8a00000|  0%| F|  |TAMS 0x00000000c8900000, 0x00000000c8900000| Untracked 
| 118|0x00000000c8a00000, 0x00000000c8a00000, 0x00000000c8b00000|  0%| F|  |TAMS 0x00000000c8a00000, 0x00000000c8a00000| Untracked 
| 119|0x00000000c8b00000, 0x00000000c8b00000, 0x00000000c8c00000|  0%| F|  |TAMS 0x00000000c8b00000, 0x00000000c8b00000| Untracked 
| 120|0x00000000c8c00000, 0x00000000c8c00000, 0x00000000c8d00000|  0%| F|  |TAMS 0x00000000c8c00000, 0x00000000c8c00000| Untracked 
| 121|0x00000000c8d00000, 0x00000000c8d00000, 0x00000000c8e00000|  0%| F|  |TAMS 0x00000000c8d00000, 0x00000000c8d00000| Untracked 
| 122|0x00000000c8e00000, 0x00000000c8e00000, 0x00000000c8f00000|  0%| F|  |TAMS 0x00000000c8e00000, 0x00000000c8e00000| Untracked 
| 123|0x00000000c8f00000, 0x00000000c8f00000, 0x00000000c9000000|  0%| F|  |TAMS 0x00000000c8f00000, 0x00000000c8f00000| Untracked 
| 124|0x00000000c9000000, 0x00000000c9000000, 0x00000000c9100000|  0%| F|  |TAMS 0x00000000c9000000, 0x00000000c9000000| Untracked 
| 125|0x00000000c9100000, 0x00000000c9100000, 0x00000000c9200000|  0%| F|  |TAMS 0x00000000c9100000, 0x00000000c9100000| Untracked 
| 126|0x00000000c9200000, 0x00000000c9200000, 0x00000000c9300000|  0%| F|  |TAMS 0x00000000c9200000, 0x00000000c9200000| Untracked 
| 127|0x00000000c9300000, 0x00000000c9300000, 0x00000000c9400000|  0%| F|  |TAMS 0x00000000c9300000, 0x00000000c9300000| Untracked 
| 128|0x00000000c9400000, 0x00000000c9400000, 0x00000000c9500000|  0%| F|  |TAMS 0x00000000c9400000, 0x00000000c9400000| Untracked 
| 129|0x00000000c9500000, 0x00000000c9500000, 0x00000000c9600000|  0%| F|  |TAMS 0x00000000c9500000, 0x00000000c9500000| Untracked 
| 130|0x00000000c9600000, 0x00000000c9600000, 0x00000000c9700000|  0%| F|  |TAMS 0x00000000c9600000, 0x00000000c9600000| Untracked 
| 131|0x00000000c9700000, 0x00000000c9700000, 0x00000000c9800000|  0%| F|  |TAMS 0x00000000c9700000, 0x00000000c9700000| Untracked 
| 132|0x00000000c9800000, 0x00000000c9800000, 0x00000000c9900000|  0%| F|  |TAMS 0x00000000c9800000, 0x00000000c9800000| Untracked 
| 133|0x00000000c9900000, 0x00000000c9900000, 0x00000000c9a00000|  0%| F|  |TAMS 0x00000000c9900000, 0x00000000c9900000| Untracked 
| 134|0x00000000c9a00000, 0x00000000c9a00000, 0x00000000c9b00000|  0%| F|  |TAMS 0x00000000c9a00000, 0x00000000c9a00000| Untracked 
| 135|0x00000000c9b00000, 0x00000000c9b00000, 0x00000000c9c00000|  0%| F|  |TAMS 0x00000000c9b00000, 0x00000000c9b00000| Untracked 
| 136|0x00000000c9c00000, 0x00000000c9c00000, 0x00000000c9d00000|  0%| F|  |TAMS 0x00000000c9c00000, 0x00000000c9c00000| Untracked 
| 137|0x00000000c9d00000, 0x00000000c9d00000, 0x00000000c9e00000|  0%| F|  |TAMS 0x00000000c9d00000, 0x00000000c9d00000| Untracked 
| 138|0x00000000c9e00000, 0x00000000c9e00000, 0x00000000c9f00000|  0%| F|  |TAMS 0x00000000c9e00000, 0x00000000c9e00000| Untracked 
| 139|0x00000000c9f00000, 0x00000000c9f00000, 0x00000000ca000000|  0%| F|  |TAMS 0x00000000c9f00000, 0x00000000c9f00000| Untracked 
| 140|0x00000000ca000000, 0x00000000ca000000, 0x00000000ca100000|  0%| F|  |TAMS 0x00000000ca000000, 0x00000000ca000000| Untracked 
| 141|0x00000000ca100000, 0x00000000ca100000, 0x00000000ca200000|  0%| F|  |TAMS 0x00000000ca100000, 0x00000000ca100000| Untracked 
| 142|0x00000000ca200000, 0x00000000ca200000, 0x00000000ca300000|  0%| F|  |TAMS 0x00000000ca200000, 0x00000000ca200000| Untracked 
| 143|0x00000000ca300000, 0x00000000ca300000, 0x00000000ca400000|  0%| F|  |TAMS 0x00000000ca300000, 0x00000000ca300000| Untracked 
| 144|0x00000000ca400000, 0x00000000ca400000, 0x00000000ca500000|  0%| F|  |TAMS 0x00000000ca400000, 0x00000000ca400000| Untracked 
| 145|0x00000000ca500000, 0x00000000ca500000, 0x00000000ca600000|  0%| F|  |TAMS 0x00000000ca500000, 0x00000000ca500000| Untracked 
| 146|0x00000000ca600000, 0x00000000ca600000, 0x00000000ca700000|  0%| F|  |TAMS 0x00000000ca600000, 0x00000000ca600000| Untracked 
| 147|0x00000000ca700000, 0x00000000ca700000, 0x00000000ca800000|  0%| F|  |TAMS 0x00000000ca700000, 0x00000000ca700000| Untracked 
| 148|0x00000000ca800000, 0x00000000ca800000, 0x00000000ca900000|  0%| F|  |TAMS 0x00000000ca800000, 0x00000000ca800000| Untracked 
| 149|0x00000000ca900000, 0x00000000ca900000, 0x00000000caa00000|  0%| F|  |TAMS 0x00000000ca900000, 0x00000000ca900000| Untracked 
| 150|0x00000000caa00000, 0x00000000caa00000, 0x00000000cab00000|  0%| F|  |TAMS 0x00000000caa00000, 0x00000000caa00000| Untracked 
| 151|0x00000000cab00000, 0x00000000cab00000, 0x00000000cac00000|  0%| F|  |TAMS 0x00000000cab00000, 0x00000000cab00000| Untracked 
| 152|0x00000000cac00000, 0x00000000cac00000, 0x00000000cad00000|  0%| F|  |TAMS 0x00000000cac00000, 0x00000000cac00000| Untracked 
| 153|0x00000000cad00000, 0x00000000cad00000, 0x00000000cae00000|  0%| F|  |TAMS 0x00000000cad00000, 0x00000000cad00000| Untracked 
| 154|0x00000000cae00000, 0x00000000cae00000, 0x00000000caf00000|  0%| F|  |TAMS 0x00000000cae00000, 0x00000000cae00000| Untracked 
| 155|0x00000000caf00000, 0x00000000caf00000, 0x00000000cb000000|  0%| F|  |TAMS 0x00000000caf00000, 0x00000000caf00000| Untracked 
| 156|0x00000000cb000000, 0x00000000cb000000, 0x00000000cb100000|  0%| F|  |TAMS 0x00000000cb000000, 0x00000000cb000000| Untracked 
| 157|0x00000000cb100000, 0x00000000cb100000, 0x00000000cb200000|  0%| F|  |TAMS 0x00000000cb100000, 0x00000000cb100000| Untracked 
| 158|0x00000000cb200000, 0x00000000cb200000, 0x00000000cb300000|  0%| F|  |TAMS 0x00000000cb200000, 0x00000000cb200000| Untracked 
| 159|0x00000000cb300000, 0x00000000cb300000, 0x00000000cb400000|  0%| F|  |TAMS 0x00000000cb300000, 0x00000000cb300000| Untracked 
| 160|0x00000000cb400000, 0x00000000cb400000, 0x00000000cb500000|  0%| F|  |TAMS 0x00000000cb400000, 0x00000000cb400000| Untracked 
| 161|0x00000000cb500000, 0x00000000cb500000, 0x00000000cb600000|  0%| F|  |TAMS 0x00000000cb500000, 0x00000000cb500000| Untracked 
| 162|0x00000000cb600000, 0x00000000cb600000, 0x00000000cb700000|  0%| F|  |TAMS 0x00000000cb600000, 0x00000000cb600000| Untracked 
| 163|0x00000000cb700000, 0x00000000cb700000, 0x00000000cb800000|  0%| F|  |TAMS 0x00000000cb700000, 0x00000000cb700000| Untracked 
| 164|0x00000000cb800000, 0x00000000cb800000, 0x00000000cb900000|  0%| F|  |TAMS 0x00000000cb800000, 0x00000000cb800000| Untracked 
| 165|0x00000000cb900000, 0x00000000cb900000, 0x00000000cba00000|  0%| F|  |TAMS 0x00000000cb900000, 0x00000000cb900000| Untracked 
| 166|0x00000000cba00000, 0x00000000cba00000, 0x00000000cbb00000|  0%| F|  |TAMS 0x00000000cba00000, 0x00000000cba00000| Untracked 
| 167|0x00000000cbb00000, 0x00000000cbb00000, 0x00000000cbc00000|  0%| F|  |TAMS 0x00000000cbb00000, 0x00000000cbb00000| Untracked 
| 168|0x00000000cbc00000, 0x00000000cbc00000, 0x00000000cbd00000|  0%| F|  |TAMS 0x00000000cbc00000, 0x00000000cbc00000| Untracked 
| 169|0x00000000cbd00000, 0x00000000cbd00000, 0x00000000cbe00000|  0%| F|  |TAMS 0x00000000cbd00000, 0x00000000cbd00000| Untracked 
| 170|0x00000000cbe00000, 0x00000000cbe00000, 0x00000000cbf00000|  0%| F|  |TAMS 0x00000000cbe00000, 0x00000000cbe00000| Untracked 
| 171|0x00000000cbf00000, 0x00000000cbf00000, 0x00000000cc000000|  0%| F|  |TAMS 0x00000000cbf00000, 0x00000000cbf00000| Untracked 
| 172|0x00000000cc000000, 0x00000000cc000000, 0x00000000cc100000|  0%| F|  |TAMS 0x00000000cc000000, 0x00000000cc000000| Untracked 
| 173|0x00000000cc100000, 0x00000000cc100000, 0x00000000cc200000|  0%| F|  |TAMS 0x00000000cc100000, 0x00000000cc100000| Untracked 
| 174|0x00000000cc200000, 0x00000000cc200000, 0x00000000cc300000|  0%| F|  |TAMS 0x00000000cc200000, 0x00000000cc200000| Untracked 
| 175|0x00000000cc300000, 0x00000000cc300000, 0x00000000cc400000|  0%| F|  |TAMS 0x00000000cc300000, 0x00000000cc300000| Untracked 
| 176|0x00000000cc400000, 0x00000000cc400000, 0x00000000cc500000|  0%| F|  |TAMS 0x00000000cc400000, 0x00000000cc400000| Untracked 
| 177|0x00000000cc500000, 0x00000000cc500000, 0x00000000cc600000|  0%| F|  |TAMS 0x00000000cc500000, 0x00000000cc500000| Untracked 
| 178|0x00000000cc600000, 0x00000000cc600000, 0x00000000cc700000|  0%| F|  |TAMS 0x00000000cc600000, 0x00000000cc600000| Untracked 
| 179|0x00000000cc700000, 0x00000000cc700000, 0x00000000cc800000|  0%| F|  |TAMS 0x00000000cc700000, 0x00000000cc700000| Untracked 
| 180|0x00000000cc800000, 0x00000000cc900000, 0x00000000cc900000|100%| E|  |TAMS 0x00000000cc800000, 0x00000000cc800000| Complete 
| 181|0x00000000cc900000, 0x00000000cca00000, 0x00000000cca00000|100%| E|CS|TAMS 0x00000000cc900000, 0x00000000cc900000| Complete 
| 182|0x00000000cca00000, 0x00000000ccb00000, 0x00000000ccb00000|100%| E|CS|TAMS 0x00000000cca00000, 0x00000000cca00000| Complete 
| 183|0x00000000ccb00000, 0x00000000ccc00000, 0x00000000ccc00000|100%| E|CS|TAMS 0x00000000ccb00000, 0x00000000ccb00000| Complete 
| 184|0x00000000ccc00000, 0x00000000ccd00000, 0x00000000ccd00000|100%| E|CS|TAMS 0x00000000ccc00000, 0x00000000ccc00000| Complete 
| 185|0x00000000ccd00000, 0x00000000cce00000, 0x00000000cce00000|100%| E|CS|TAMS 0x00000000ccd00000, 0x00000000ccd00000| Complete 
| 186|0x00000000cce00000, 0x00000000ccf00000, 0x00000000ccf00000|100%| E|CS|TAMS 0x00000000cce00000, 0x00000000cce00000| Complete 
| 187|0x00000000ccf00000, 0x00000000cd000000, 0x00000000cd000000|100%| E|CS|TAMS 0x00000000ccf00000, 0x00000000ccf00000| Complete 
| 188|0x00000000cd000000, 0x00000000cd100000, 0x00000000cd100000|100%| E|CS|TAMS 0x00000000cd000000, 0x00000000cd000000| Complete 
| 189|0x00000000cd100000, 0x00000000cd200000, 0x00000000cd200000|100%| E|CS|TAMS 0x00000000cd100000, 0x00000000cd100000| Complete 
| 190|0x00000000cd200000, 0x00000000cd300000, 0x00000000cd300000|100%| E|CS|TAMS 0x00000000cd200000, 0x00000000cd200000| Complete 
| 191|0x00000000cd300000, 0x00000000cd400000, 0x00000000cd400000|100%| E|CS|TAMS 0x00000000cd300000, 0x00000000cd300000| Complete 
| 192|0x00000000cd400000, 0x00000000cd500000, 0x00000000cd500000|100%| E|CS|TAMS 0x00000000cd400000, 0x00000000cd400000| Complete 
| 193|0x00000000cd500000, 0x00000000cd600000, 0x00000000cd600000|100%| E|CS|TAMS 0x00000000cd500000, 0x00000000cd500000| Complete 
| 194|0x00000000cd600000, 0x00000000cd700000, 0x00000000cd700000|100%| E|CS|TAMS 0x00000000cd600000, 0x00000000cd600000| Complete 
| 195|0x00000000cd700000, 0x00000000cd800000, 0x00000000cd800000|100%| E|CS|TAMS 0x00000000cd700000, 0x00000000cd700000| Complete 
| 196|0x00000000cd800000, 0x00000000cd900000, 0x00000000cd900000|100%| E|CS|TAMS 0x00000000cd800000, 0x00000000cd800000| Complete 
| 197|0x00000000cd900000, 0x00000000cda00000, 0x00000000cda00000|100%| E|CS|TAMS 0x00000000cd900000, 0x00000000cd900000| Complete 
|1002|0x00000000ffe00000, 0x00000000ffe48000, 0x00000000fff00000| 28%|OA|  |TAMS 0x00000000ffe48000, 0x00000000ffe00000| Untracked 
|1003|0x00000000fff00000, 0x00000000fff6c000, 0x0000000100000000| 42%|CA|  |TAMS 0x00000000fff6c000, 0x00000000fff00000| Untracked 

Card table byte_map: [0x00007f8775d40000,0x00007f8775f36000] _byte_map_base: 0x00007f8775736000

Marking Bits (Prev, Next): (CMBitMap*) 0x00007f8770044fd0, (CMBitMap*) 0x00007f8770044f98
 Prev Bits: [0x00007f8753050000, 0x00007f8754000000)
 Next Bits: [0x00007f8774b90000, 0x00007f8775b40000)

Polling page: 0x00007f8776880000

Metaspace:

Usage:
  Non-class:     19.10 MB capacity,    17.96 MB ( 94%) used,     1.10 MB (  6%) free+waste,    40.06 KB ( <1%) overhead. 
      Class:      3.17 MB capacity,     2.60 MB ( 82%) used,   564.99 KB ( 17%) free+waste,    20.81 KB ( <1%) overhead. 
       Both:     22.27 MB capacity,    20.56 MB ( 92%) used,     1.65 MB (  7%) free+waste,    60.88 KB ( <1%) overhead. 

Virtual space:
  Non-class space:       20.00 MB reserved,      19.25 MB ( 96%) committed 
      Class space:        1.00 GB reserved,       3.25 MB ( <1%) committed 
             Both:        1.02 GB reserved,      22.50 MB (  2%) committed 

Chunk freelists:
   Non-Class:  28.00 KB
       Class:  14.00 KB
        Both:  42.00 KB

MaxMetaspaceSize: unlimited
CompressedClassSpaceSize: 1.00 GB
Initial GC threshold: 20.80 MB
Current GC threshold: 35.42 MB
CDS: on

CodeHeap 'non-profiled nmethods': size=238948Kb used=7821Kb max_used=7821Kb free=231126Kb
 bounds [0x00007f8758e77000, 0x00007f8759627000, 0x00007f87677d0000]
CodeHeap 'non-nmethods': size=6812Kb used=2215Kb max_used=2215Kb free=4597Kb
 bounds [0x00007f87587d0000, 0x00007f8758a40000, 0x00007f8758e77000]
 total_blobs=5125 nmethods=4426 adapters=626
 compilation: enabled
              stopped_count=0, restarted_count=0
 full_count=0

Compilation events (20 events):
Event: 13.849 Thread 0x00007f8770137000 nmethod 4417 0x00007f8759616c10 code [0x00007f8759616e20, 0x00007f8759617100]
Event: 13.849 Thread 0x00007f8770137000 4418       1       java.lang.Package::getName (5 bytes)
Event: 13.850 Thread 0x00007f8770137000 nmethod 4418 0x00007f8759617390 code [0x00007f8759617540, 0x00007f8759617610]
Event: 13.850 Thread 0x00007f8770137000 4419       1       java.lang.ClassLoader::getName (5 bytes)
Event: 13.850 Thread 0x00007f8770137000 nmethod 4419 0x00007f8759617690 code [0x00007f8759617840, 0x00007f8759617910]
Event: 13.853 Thread 0x00007f8770137000 4420       1       java.util.Arrays::sort (24 bytes)
Event: 13.853 Thread 0x00007f8770137000 nmethod 4420 0x00007f8759617990 code [0x00007f8759617b40, 0x00007f8759617c00]
Event: 13.853 Thread 0x00007f8770137000 4421       1       org.gradle.internal.util.Trie$Builder::addTransition (89 bytes)
Event: 13.854 Thread 0x00007f8770137000 nmethod 4421 0x00007f8759617c90 code [0x00007f8759617e80, 0x00007f8759618290]
Event: 13.854 Thread 0x00007f8770137000 4423       1       org.gradle.internal.util.Trie$Builder::build (77 bytes)
Event: 13.855 Thread 0x00007f8770137000 nmethod 4423 0x00007f8759618490 code [0x00007f87596186a0, 0x00007f8759618b80]
Event: 13.855 Thread 0x00007f8770137000 4424       1       org.gradle.internal.util.Trie::<init> (8 bytes)
Event: 13.855 Thread 0x00007f8770137000 nmethod 4424 0x00007f8759618d90 code [0x00007f8759618f40, 0x00007f8759619070]
Event: 13.855 Thread 0x00007f8770137000 4425       1       org.gradle.internal.util.Trie::<init> (20 bytes)
Event: 13.855 Thread 0x00007f8770137000 nmethod 4425 0x00007f8759619110 code [0x00007f87596192c0, 0x00007f87596193f0]
Event: 13.855 Thread 0x00007f8770137000 4422       1       org.gradle.internal.util.Trie$Builder::<init> (21 bytes)
Event: 13.856 Thread 0x00007f8770137000 nmethod 4422 0x00007f8759619490 code [0x00007f8759619640, 0x00007f8759619830]
Event: 13.947 Thread 0x00007f8770137000 4426       1       org.gradle.api.internal.classpath.DefaultModuleRegistry::getModule (38 bytes)
Event: 13.947 Thread 0x00007f8770137000 nmethod 4426 0x00007f8759619910 code [0x00007f8759619ae0, 0x00007f8759619cc0]
Event: 13.949 Thread 0x00007f8770137000 4427       1       org.gradle.api.internal.classpath.DefaultModuleRegistry$DefaultModule::collectRequiredModules (99 bytes)

GC Heap History (20 events):
Event: 9.523 GC heap before
{Heap before GC invocations=10 (full 0):
 garbage-first heap   total 81920K, used 61988K [0x00000000c1400000, 0x0000000100000000)
  region size 1024K, 35 young (35840K), 4 survivors (4096K)
 Metaspace       used 16547K, capacity 18070K, committed 18304K, reserved 1064960K
  class space    used 1906K, capacity 2100K, committed 2176K, reserved 1048576K
}
Event: 9.531 GC heap after
{Heap after GC invocations=11 (full 0):
 garbage-first heap   total 81920K, used 31339K [0x00000000c1400000, 0x0000000100000000)
  region size 1024K, 4 young (4096K), 4 survivors (4096K)
 Metaspace       used 16547K, capacity 18070K, committed 18304K, reserved 1064960K
  class space    used 1906K, capacity 2100K, committed 2176K, reserved 1048576K
}
Event: 9.700 GC heap before
{Heap before GC invocations=11 (full 0):
 garbage-first heap   total 81920K, used 63083K [0x00000000c1400000, 0x0000000100000000)
  region size 1024K, 35 young (35840K), 4 survivors (4096K)
 Metaspace       used 16672K, capacity 18269K, committed 18560K, reserved 1064960K
  class space    used 1919K, capacity 2139K, committed 2176K, reserved 1048576K
}
Event: 9.708 GC heap after
{Heap after GC invocations=12 (full 0):
 garbage-first heap   total 81920K, used 31857K [0x00000000c1400000, 0x0000000100000000)
  region size 1024K, 3 young (3072K), 3 survivors (3072K)
 Metaspace       used 16672K, capacity 18269K, committed 18560K, reserved 1064960K
  class space    used 1919K, capacity 2139K, committed 2176K, reserved 1048576K
}
Event: 9.930 GC heap before
{Heap before GC invocations=12 (full 0):
 garbage-first heap   total 81920K, used 64625K [0x00000000c1400000, 0x0000000100000000)
  region size 1024K, 35 young (35840K), 3 survivors (3072K)
 Metaspace       used 16728K, capacity 18389K, committed 18560K, reserved 1064960K
  class space    used 1930K, capacity 2175K, committed 2176K, reserved 1048576K
}
Event: 9.939 GC heap after
{Heap after GC invocations=13 (full 0):
 garbage-first heap   total 81920K, used 32451K [0x00000000c1400000, 0x0000000100000000)
  region size 1024K, 3 young (3072K), 3 survivors (3072K)
 Metaspace       used 16728K, capacity 18389K, committed 18560K, reserved 1064960K
  class space    used 1930K, capacity 2175K, committed 2176K, reserved 1048576K
}
Event: 10.101 GC heap before
{Heap before GC invocations=13 (full 0):
 garbage-first heap   total 81920K, used 65219K [0x00000000c1400000, 0x0000000100000000)
  region size 1024K, 35 young (35840K), 3 survivors (3072K)
 Metaspace       used 16777K, capacity 18491K, committed 18688K, reserved 1064960K
  class space    used 1944K, capacity 2245K, committed 2304K, reserved 1048576K
}
Event: 10.106 GC heap after
{Heap after GC invocations=14 (full 0):
 garbage-first heap   total 81920K, used 33425K [0x00000000c1400000, 0x0000000100000000)
  region size 1024K, 4 young (4096K), 4 survivors (4096K)
 Metaspace       used 16777K, capacity 18491K, committed 18688K, reserved 1064960K
  class space    used 1944K, capacity 2245K, committed 2304K, reserved 1048576K
}
Event: 10.233 GC heap before
{Heap before GC invocations=14 (full 0):
 garbage-first heap   total 81920K, used 65169K [0x00000000c1400000, 0x0000000100000000)
  region size 1024K, 35 young (35840K), 4 survivors (4096K)
 Metaspace       used 16777K, capacity 18491K, committed 18688K, reserved 1064960K
  class space    used 1944K, capacity 2245K, committed 2304K, reserved 1048576K
}
Event: 10.238 GC heap after
{Heap after GC invocations=15 (full 0):
 garbage-first heap   total 81920K, used 33441K [0x00000000c1400000, 0x0000000100000000)
  region size 1024K, 3 young (3072K), 3 survivors (3072K)
 Metaspace       used 16777K, capacity 18491K, committed 18688K, reserved 1064960K
  class space    used 1944K, capacity 2245K, committed 2304K, reserved 1048576K
}
Event: 10.402 GC heap before
{Heap before GC invocations=15 (full 0):
 garbage-first heap   total 81920K, used 66209K [0x00000000c1400000, 0x0000000100000000)
  region size 1024K, 35 young (35840K), 3 survivors (3072K)
 Metaspace       used 16861K, capacity 18720K, committed 19072K, reserved 1067008K
  class space    used 1964K, capacity 2316K, committed 2432K, reserved 1048576K
}
Event: 10.413 GC heap after
{Heap after GC invocations=16 (full 0):
 garbage-first heap   total 130048K, used 34421K [0x00000000c1400000, 0x0000000100000000)
  region size 1024K, 4 young (4096K), 4 survivors (4096K)
 Metaspace       used 16861K, capacity 18720K, committed 19072K, reserved 1067008K
  class space    used 1964K, capacity 2316K, committed 2432K, reserved 1048576K
}
Event: 10.888 GC heap before
{Heap before GC invocations=16 (full 0):
 garbage-first heap   total 130048K, used 92789K [0x00000000c1400000, 0x0000000100000000)
  region size 1024K, 61 young (62464K), 4 survivors (4096K)
 Metaspace       used 17205K, capacity 19058K, committed 19072K, reserved 1067008K
  class space    used 2023K, capacity 2426K, committed 2432K, reserved 1048576K
}
Event: 10.921 GC heap after
{Heap after GC invocations=17 (full 0):
 garbage-first heap   total 130048K, used 35796K [0x00000000c1400000, 0x0000000100000000)
  region size 1024K, 5 young (5120K), 5 survivors (5120K)
 Metaspace       used 17205K, capacity 19058K, committed 19072K, reserved 1067008K
  class space    used 2023K, capacity 2426K, committed 2432K, reserved 1048576K
}
Event: 11.289 GC heap before
{Heap before GC invocations=17 (full 0):
 garbage-first heap   total 130048K, used 101332K [0x00000000c1400000, 0x0000000100000000)
  region size 1024K, 69 young (70656K), 5 survivors (5120K)
 Metaspace       used 17268K, capacity 19264K, committed 19456K, reserved 1067008K
  class space    used 2043K, capacity 2528K, committed 2560K, reserved 1048576K
}
Event: 11.297 GC heap after
{Heap after GC invocations=18 (full 0):
 garbage-first heap   total 130048K, used 37256K [0x00000000c1400000, 0x0000000100000000)
  region size 1024K, 6 young (6144K), 6 survivors (6144K)
 Metaspace       used 17268K, capacity 19264K, committed 19456K, reserved 1067008K
  class space    used 2043K, capacity 2528K, committed 2560K, reserved 1048576K
}
Event: 11.612 GC heap before
{Heap before GC invocations=18 (full 0):
 garbage-first heap   total 130048K, used 103816K [0x00000000c1400000, 0x0000000100000000)
  region size 1024K, 71 young (72704K), 6 survivors (6144K)
 Metaspace       used 17313K, capacity 19370K, committed 19584K, reserved 1067008K
  class space    used 2057K, capacity 2597K, committed 2688K, reserved 1048576K
}
Event: 11.625 GC heap after
{Heap after GC invocations=19 (full 0):
 garbage-first heap   total 130048K, used 38357K [0x00000000c1400000, 0x0000000100000000)
  region size 1024K, 6 young (6144K), 6 survivors (6144K)
 Metaspace       used 17313K, capacity 19370K, committed 19584K, reserved 1067008K
  class space    used 2057K, capacity 2597K, committed 2688K, reserved 1048576K
}
Event: 13.199 GC heap before
{Heap before GC invocations=19 (full 0):
 garbage-first heap   total 130048K, used 83413K [0x00000000c1400000, 0x0000000100000000)
  region size 1024K, 49 young (50176K), 6 survivors (6144K)
 Metaspace       used 19355K, capacity 21101K, committed 21248K, reserved 1067008K
  class space    used 2367K, capacity 2956K, committed 3072K, reserved 1048576K
}
Event: 13.220 GC heap after
{Heap after GC invocations=20 (full 0):
 garbage-first heap   total 204800K, used 45873K [0x00000000c1400000, 0x0000000100000000)
  region size 1024K, 9 young (9216K), 9 survivors (9216K)
 Metaspace       used 19355K, capacity 21101K, committed 21248K, reserved 1067008K
  class space    used 2367K, capacity 2956K, committed 3072K, reserved 1048576K
}

Deoptimization events (4 events):
Event: 2.452 Thread 0x00007f8770016000 DEOPT PACKING pc=0x00007f8758f3b0ac sp=0x00007f87769dbdc0
Event: 2.452 Thread 0x00007f8770016000 DEOPT UNPACKING pc=0x00007f875881a64a sp=0x00007f87769db320 mode 0
Event: 7.624 Thread 0x00007f8770016000 DEOPT PACKING pc=0x00007f875922345c sp=0x00007f87769dba20
Event: 7.624 Thread 0x00007f8770016000 DEOPT UNPACKING pc=0x00007f875881a64a sp=0x00007f87769daf70 mode 0

Classes redefined (0 events):
No events

Internal exceptions (20 events):
Event: 11.804 Thread 0x00007f8770016000 Exception <a 'java/lang/ClassNotFoundException'{0x00000000c7757620}: java/lang/SystemCustomizer> (0x00000000c7757620) thrown at [./src/hotspot/share/classfile/systemDictionary.cpp, line 230]
Event: 11.821 Thread 0x00007f8770016000 Exception <a 'java/lang/ClassNotFoundException'{0x00000000c7616630}: org/grails/config/NavigableMap$NullSafeNavigatorBeanInfo> (0x00000000c7616630) thrown at [./src/hotspot/share/classfile/systemDictionary.cpp, line 230]
Event: 11.822 Thread 0x00007f8770016000 Exception <a 'java/lang/ClassNotFoundException'{0x00000000c7635818}: org/grails/config/NavigableMap$NullSafeNavigatorCustomizer> (0x00000000c7635818) thrown at [./src/hotspot/share/classfile/systemDictionary.cpp, line 230]
Event: 11.845 Thread 0x00007f8770016000 Exception <a 'java/lang/ClassNotFoundException'{0x00000000c76abd98}: org/grails/cli/gradle/GradleAsyncInvokerBeanInfo> (0x00000000c76abd98) thrown at [./src/hotspot/share/classfile/systemDictionary.cpp, line 230]
Event: 11.846 Thread 0x00007f8770016000 Exception <a 'java/lang/ClassNotFoundException'{0x00000000c76c8fe8}: org/grails/cli/gradle/GradleAsyncInvokerCustomizer> (0x00000000c76c8fe8) thrown at [./src/hotspot/share/classfile/systemDictionary.cpp, line 230]
Event: 11.852 Thread 0x00007f8770016000 Exception <a 'java/lang/ClassNotFoundException'{0x00000000c7505e78}: java/util/concurrent/ThreadPoolExecutorBeanInfo> (0x00000000c7505e78) thrown at [./src/hotspot/share/classfile/systemDictionary.cpp, line 230]
Event: 11.853 Thread 0x00007f8770016000 Exception <a 'java/lang/ClassNotFoundException'{0x00000000c75191a8}: java/util/concurrent/AbstractExecutorServiceBeanInfo> (0x00000000c75191a8) thrown at [./src/hotspot/share/classfile/systemDictionary.cpp, line 230]
Event: 11.854 Thread 0x00007f8770016000 Exception <a 'java/lang/ClassNotFoundException'{0x00000000c752c618}: java/util/concurrent/AbstractExecutorServiceCustomizer> (0x00000000c752c618) thrown at [./src/hotspot/share/classfile/systemDictionary.cpp, line 230]
Event: 11.855 Thread 0x00007f8770016000 Exception <a 'java/lang/ClassNotFoundException'{0x00000000c754c088}: java/util/concurrent/ThreadPoolExecutorCustomizer> (0x00000000c754c088) thrown at [./src/hotspot/share/classfile/systemDictionary.cpp, line 230]
Event: 11.950 Thread 0x00007f8770016000 Exception <a 'java/lang/ClassNotFoundException'{0x00000000c74236a0}: java/util/concurrent/FutureTaskBeanInfo> (0x00000000c74236a0) thrown at [./src/hotspot/share/classfile/systemDictionary.cpp, line 230]
Event: 11.952 Thread 0x00007f8770016000 Exception <a 'java/lang/ClassNotFoundException'{0x00000000c7434088}: java/util/concurrent/FutureTaskCustomizer> (0x00000000c7434088) thrown at [./src/hotspot/share/classfile/systemDictionary.cpp, line 230]
Event: 12.216 Thread 0x00007f8770fee000 Exception <a 'java/lang/ClassNotFoundException'{0x00000000c704f5a8}: org/codehaus/groovy/runtime/NullObjectBeanInfo> (0x00000000c704f5a8) thrown at [./src/hotspot/share/classfile/systemDictionary.cpp, line 230]
Event: 12.222 Thread 0x00007f8770fee000 Exception <a 'java/lang/ClassNotFoundException'{0x00000000c6fdb558}: org/codehaus/groovy/runtime/NullObjectCustomizer> (0x00000000c6fdb558) thrown at [./src/hotspot/share/classfile/systemDictionary.cpp, line 230]
Event: 12.284 Thread 0x00007f8770fee000 Exception <a 'java/lang/ClassNotFoundException'{0x00000000c6d11dc0}: grails/io/support/SystemOutErrCapturerBeanInfo> (0x00000000c6d11dc0) thrown at [./src/hotspot/share/classfile/systemDictionary.cpp, line 230]
Event: 12.285 Thread 0x00007f8770fee000 Exception <a 'java/lang/ClassNotFoundException'{0x00000000c6d2ed88}: grails/io/support/SystemOutErrCapturerCustomizer> (0x00000000c6d2ed88) thrown at [./src/hotspot/share/classfile/systemDictionary.cpp, line 230]
Event: 12.288 Thread 0x00007f8770fee000 Exception <a 'java/lang/ClassNotFoundException'{0x00000000c6d756e8}: grails/io/support/SystemOutErrCapturer$NullOutputStreamBeanInfo> (0x00000000c6d756e8) thrown at [./src/hotspot/share/classfile/systemDictionary.cpp, line 230]
Event: 12.288 Thread 0x00007f8770fee000 Exception <a 'java/lang/ClassNotFoundException'{0x00000000c6d847b0}: java/io/OutputStreamBeanInfo> (0x00000000c6d847b0) thrown at [./src/hotspot/share/classfile/systemDictionary.cpp, line 230]
Event: 12.289 Thread 0x00007f8770fee000 Exception <a 'java/lang/ClassNotFoundException'{0x00000000c6d93530}: java/io/OutputStreamCustomizer> (0x00000000c6d93530) thrown at [./src/hotspot/share/classfile/systemDictionary.cpp, line 230]
Event: 12.290 Thread 0x00007f8770fee000 Exception <a 'java/lang/ClassNotFoundException'{0x00000000c6db7458}: grails/io/support/SystemOutErrCapturer$NullOutputStreamCustomizer> (0x00000000c6db7458) thrown at [./src/hotspot/share/classfile/systemDictionary.cpp, line 230]
Event: 13.471 Thread 0x00007f86fc06c800 Exception <a 'java/lang/NoSuchMethodError'{0x00000000cd432438}: 'java.lang.Object java.lang.invoke.DirectMethodHandle$Holder.invokeVirtual(java.lang.Object, java.lang.Object, java.lang.Object, java.lang.Object, java.lang.Object)'> (0x00000000cd432438) thrown at [./src/hotspot/share/interpreter/linkResolver.cpp, line 772]

Events (20 events):
Event: 13.861 loading class groovy/lang/MetaClassRegistry
Event: 13.861 loading class groovy/lang/MetaClassRegistry done
Event: 13.862 loading class groovy/lang/GroovySystem
Event: 13.862 loading class groovy/lang/GroovySystem done
Event: 13.863 loading class groovy/lang/MetaClass
Event: 13.863 loading class groovy/lang/MetaClass done
Event: 13.864 loading class groovy/lang/MetaObjectProtocol
Event: 13.864 loading class groovy/lang/MetaObjectProtocol done
Event: 13.866 Executing VM operation: RevokeBias
Event: 13.867 Executing VM operation: RevokeBias done
Event: 13.867 loading class org/gradle/util/GUtil
Event: 13.867 loading class org/gradle/util/GUtil done
Event: 13.869 loading class org/gradle/internal/io/TextStream
Event: 13.869 loading class org/gradle/internal/io/TextStream done
Event: 13.870 loading class org/gradle/internal/io/LineBufferingOutputStream
Event: 13.870 loading class org/gradle/internal/io/LineBufferingOutputStream done
Event: 13.871 loading class org/gradle/api/Transformer
Event: 13.871 loading class org/gradle/api/Transformer done
Event: 13.872 loading class org/gradle/api/internal/classpath/DefaultModuleRegistry$DefaultModule
Event: 13.872 loading class org/gradle/api/internal/classpath/DefaultModuleRegistry$DefaultModule done


Dynamic libraries:
c1400000-cda00000 rw-p 00000000 00:00 0
cda00000-ffe00000 ---p 00000000 00:00 0
ffe00000-ffe48000 rw-p 00b13000 00:00 395948                     /usr/lib/jvm/java-11-openjdk-amd64/lib/server/classes.jsa
ffe48000-fff00000 rw-p 00000000 00:00 0
fff00000-fff6c000 rw-p 00aa7000 00:00 395948                     /usr/lib/jvm/java-11-openjdk-amd64/lib/server/classes.jsa
fff6c000-100000000 rw-p 00000000 00:00 0
800000000-800002000 rwxp 00001000 00:00 395948                   /usr/lib/jvm/java-11-openjdk-amd64/lib/server/classes.jsa
800002000-8003ce000 rw-p 00003000 00:00 395948                   /usr/lib/jvm/java-11-openjdk-amd64/lib/server/classes.jsa
8003ce000-800aa5000 r--p 003cf000 00:00 395948                   /usr/lib/jvm/java-11-openjdk-amd64/lib/server/classes.jsa
800aa5000-800aa6000 rw-p 00aa6000 00:00 395948                   /usr/lib/jvm/java-11-openjdk-amd64/lib/server/classes.jsa
840000000-840340000 rw-p 00000000 00:00 0
840340000-880000000 ---p 00000000 00:00 0
7f86f4000000-7f86f4021000 rw-p 00000000 00:00 0
7f86f4021000-7f86f8000000 ---p 00000000 00:00 0
7f86fc000000-7f86fc06f000 rw-p 00000000 00:00 0
7f86fc06f000-7f8700000000 ---p 00000000 00:00 0
7f8700000000-7f87004a5000 rw-p 00000000 00:00 0
7f87004a5000-7f8704000000 ---p 00000000 00:00 0
7f8704000000-7f8704021000 rw-p 00000000 00:00 0
7f8704021000-7f8708000000 ---p 00000000 00:00 0
7f8708000000-7f8708021000 rw-p 00000000 00:00 0
7f8708021000-7f870c000000 ---p 00000000 00:00 0
7f870c000000-7f870c021000 rw-p 00000000 00:00 0
7f870c021000-7f8710000000 ---p 00000000 00:00 0
7f8712e00000-7f8712e05000 r-xp 00000000 00:00 398495             /home/anastasia/.gradle/native/25/linux-amd64/libnative-platform.so
7f8712e05000-7f8712e08000 ---p 00005000 00:00 398495             /home/anastasia/.gradle/native/25/linux-amd64/libnative-platform.so
7f8712e08000-7f8713004000 ---p 00008000 00:00 398495             /home/anastasia/.gradle/native/25/linux-amd64/libnative-platform.so
7f8713004000-7f8713005000 rw-p 00004000 00:00 398495             /home/anastasia/.gradle/native/25/linux-amd64/libnative-platform.so
7f87131f0000-7f8713330000 rw-p 00000000 00:00 0
7f8713330000-7f87133f1000 ---p 00000000 00:00 0
7f87133f1000-7f87134f1000 rw-p 00000000 00:00 0
7f8713500000-7f8713504000 ---p 00000000 00:00 0
7f8713504000-7f8713c00000 rw-p 00000000 00:00 0
7f8713c00000-7f8713c01000 r-xp 00000000 00:00 417947             /tmp/libjansi-64-1192674118670617251.so
7f8713c01000-7f8713c0c000 ---p 00001000 00:00 417947             /tmp/libjansi-64-1192674118670617251.so
7f8713c0c000-7f8713e00000 ---p 0000c000 00:00 417947             /tmp/libjansi-64-1192674118670617251.so
7f8713e00000-7f8713e01000 rw-p 00000000 00:00 417947             /tmp/libjansi-64-1192674118670617251.so
7f8713f00000-7f8713f04000 ---p 00000000 00:00 0
7f8713f04000-7f8714021000 rw-p 00000000 00:00 0
7f8714021000-7f8718000000 ---p 00000000 00:00 0
7f8718000000-7f8718021000 rw-p 00000000 00:00 0
7f8718021000-7f871c000000 ---p 00000000 00:00 0
7f871c000000-7f871c021000 rw-p 00000000 00:00 0
7f871c021000-7f8720000000 ---p 00000000 00:00 0
7f8720000000-7f8720021000 rw-p 00000000 00:00 0
7f8720021000-7f8724000000 ---p 00000000 00:00 0
7f8724000000-7f8724a20000 rw-p 00000000 00:00 0
7f8724a20000-7f8728000000 ---p 00000000 00:00 0
7f8728000000-7f8728021000 rw-p 00000000 00:00 0
7f8728021000-7f872c000000 ---p 00000000 00:00 0
7f872c000000-7f872c021000 rw-p 00000000 00:00 0
7f872c021000-7f8730000000 ---p 00000000 00:00 0
7f8730000000-7f8730021000 rw-p 00000000 00:00 0
7f8730021000-7f8734000000 ---p 00000000 00:00 0
7f8734000000-7f8734021000 rw-p 00000000 00:00 0
7f8734021000-7f8738000000 ---p 00000000 00:00 0
7f8738000000-7f8738021000 rw-p 00000000 00:00 0
7f8738021000-7f873c000000 ---p 00000000 00:00 0
7f873c000000-7f873c021000 rw-p 00000000 00:00 0
7f873c021000-7f8740000000 ---p 00000000 00:00 0
7f8740000000-7f8740077000 rw-p 00000000 00:00 0
7f8740077000-7f8744000000 ---p 00000000 00:00 0
7f8744000000-7f874402f000 rw-p 00000000 00:00 0
7f874402f000-7f8748000000 ---p 00000000 00:00 0
7f8748000000-7f8748021000 rw-p 00000000 00:00 0
7f8748021000-7f874c000000 ---p 00000000 00:00 0
7f874c000000-7f874c021000 rw-p 00000000 00:00 0
7f874c021000-7f8750000000 ---p 00000000 00:00 0
7f8750030000-7f8750031000 ---p 00000000 00:00 0
7f8750031000-7f8750131000 rw-p 00000000 00:00 0
7f8750140000-7f8750144000 ---p 00000000 00:00 0
7f8750144000-7f8750640000 rw-p 00000000 00:00 0
7f8750640000-7f8750641000 ---p 00000000 00:00 0
7f8750641000-7f8750741000 rw-p 00000000 00:00 0
7f8750750000-7f8750754000 ---p 00000000 00:00 0
7f8750754000-7f8753368000 rw-p 00000000 00:00 0
7f8753368000-7f8753ff8000 ---p 00000000 00:00 0
7f8753ff8000-7f8754021000 rw-p 00000000 00:00 0
7f8754021000-7f8758000000 ---p 00000000 00:00 0
7f87580c0000-7f87580c1000 ---p 00000000 00:00 0
7f87580c1000-7f87581c1000 rw-p 00000000 00:00 0
7f87581d0000-7f87581d4000 ---p 00000000 00:00 0
7f87581d4000-7f87582d0000 rw-p 00000000 00:00 0
7f87582d0000-7f87582d4000 ---p 00000000 00:00 0
7f87582d4000-7f87583d0000 rw-p 00000000 00:00 0
7f87583d0000-7f87583d4000 ---p 00000000 00:00 0
7f87583d4000-7f87584d0000 rw-p 00000000 00:00 0
7f87584d0000-7f87584d4000 ---p 00000000 00:00 0
7f87584d4000-7f87585d0000 rw-p 00000000 00:00 0
7f87585d0000-7f87585d4000 ---p 00000000 00:00 0
7f87585d4000-7f87586d0000 rw-p 00000000 00:00 0
7f87586d0000-7f87586d4000 ---p 00000000 00:00 0
7f87586d4000-7f87587d0000 rw-p 00000000 00:00 0
7f87587d0000-7f8758a40000 rwxp 00000000 00:00 0
7f8758a40000-7f8758e77000 ---p 00000000 00:00 0
7f8758e77000-7f8759627000 rwxp 00000000 00:00 0
7f8759627000-7f87677d0000 ---p 00000000 00:00 0
7f87677de000-7f8770000000 r--s 00000000 00:00 394082             /usr/lib/jvm/java-11-openjdk-amd64/lib/modules
7f8770000000-7f87713c7000 rw-p 00000000 00:00 0
7f87713c7000-7f8774004000 ---p 00000000 00:00 0
7f8774004000-7f8774022000 rw-p 00000000 00:00 0
7f8774030000-7f8774034000 ---p 00000000 00:00 0
7f8774034000-7f8774052000 rw-p 00000000 00:00 0
7f877405d000-7f8774061000 r--p 00000000 00:00 394070             /usr/lib/jvm/java-11-openjdk-amd64/lib/libnet.so
7f8774061000-7f877406f000 r-xp 00004000 00:00 394070             /usr/lib/jvm/java-11-openjdk-amd64/lib/libnet.so
7f877406f000-7f8774073000 r--p 00012000 00:00 394070             /usr/lib/jvm/java-11-openjdk-amd64/lib/libnet.so
7f8774073000-7f8774074000 r--p 00015000 00:00 394070             /usr/lib/jvm/java-11-openjdk-amd64/lib/libnet.so
7f8774074000-7f8774075000 rw-p 00016000 00:00 394070             /usr/lib/jvm/java-11-openjdk-amd64/lib/libnet.so
7f8774075000-7f877407c000 r--p 00000000 00:00 394071             /usr/lib/jvm/java-11-openjdk-amd64/lib/libnio.so
7f877407c000-7f8774084000 r-xp 00007000 00:00 394071             /usr/lib/jvm/java-11-openjdk-amd64/lib/libnio.so
7f8774084000-7f8774087000 r--p 0000f000 00:00 394071             /usr/lib/jvm/java-11-openjdk-amd64/lib/libnio.so
7f8774087000-7f8774088000 r--p 00011000 00:00 394071             /usr/lib/jvm/java-11-openjdk-amd64/lib/libnio.so
7f8774088000-7f8774089000 rw-p 00012000 00:00 394071             /usr/lib/jvm/java-11-openjdk-amd64/lib/libnio.so
7f8774089000-7f87740e0000 r--p 00000000 00:00 94316              /usr/lib/locale/C.utf8/LC_CTYPE
7f87740e0000-7f87740e1000 ---p 00000000 00:00 0
7f87740e1000-7f87741e1000 rw-p 00000000 00:00 0
7f87741f0000-7f8774271000 rw-p 00000000 00:00 0
7f8774280000-7f87742db000 rw-p 00000000 00:00 0
7f87742e0000-7f87742e1000 ---p 00000000 00:00 0
7f87742e1000-7f87743e1000 rw-p 00000000 00:00 0
7f87743f0000-7f87743f1000 ---p 00000000 00:00 0
7f87743f1000-7f87744f1000 rw-p 00000000 00:00 0
7f8774500000-7f8774601000 rw-p 00000000 00:00 0
7f8774610000-7f8774711000 rw-p 00000000 00:00 0
7f8774720000-7f8774821000 rw-p 00000000 00:00 0
7f8774830000-7f8774931000 rw-p 00000000 00:00 0
7f8774940000-7f8774941000 ---p 00000000 00:00 0
7f8774941000-7f8774a41000 rw-p 00000000 00:00 0
7f8774a50000-7f8774a51000 ---p 00000000 00:00 0
7f8774a51000-7f8774b51000 rw-p 00000000 00:00 0
7f8774b60000-7f8774b82000 rw-p 00000000 00:00 0
7f8774b90000-7f8774ea8000 rw-p 00000000 00:00 0
7f8774ea8000-7f8775b38000 ---p 00000000 00:00 0
7f8775b38000-7f8775ba3000 rw-p 00000000 00:00 0
7f8775ba3000-7f8775d35000 ---p 00000000 00:00 0
7f8775d35000-7f8775d36000 rw-p 00000000 00:00 0
7f8775d40000-7f8775da3000 rw-p 00000000 00:00 0
7f8775da3000-7f8775f35000 ---p 00000000 00:00 0
7f8775f35000-7f8775f36000 rw-p 00000000 00:00 0
7f8775f40000-7f8775fa3000 rw-p 00000000 00:00 0
7f8775fa3000-7f8776135000 ---p 00000000 00:00 0
7f8776135000-7f8776136000 rw-p 00000000 00:00 0
7f8776140000-7f8776241000 rw-p 00000000 00:00 0
7f8776250000-7f8776351000 rw-p 00000000 00:00 0
7f8776360000-7f8776461000 rw-p 00000000 00:00 0
7f8776470000-7f8776571000 rw-p 00000000 00:00 0
7f8776580000-7f8776581000 ---p 00000000 00:00 0
7f8776581000-7f8776681000 rw-p 00000000 00:00 0
7f8776690000-7f87766a0000 rw-p 00000000 00:00 0
7f87766a0000-7f8776863000 ---p 00000000 00:00 0
7f8776870000-7f8776875000 rw-p 00000000 00:00 0
7f8776875000-7f877687e000 ---p 00000000 00:00 0
7f8776880000-7f8776881000 ---p 00000000 00:00 0
7f8776881000-7f8776882000 r--p 00000000 00:00 0
7f8776891000-7f877689f000 r--p 00000000 00:00 394059             /usr/lib/jvm/java-11-openjdk-amd64/lib/libjava.so
7f877689f000-7f87768b5000 r-xp 0000e000 00:00 394059             /usr/lib/jvm/java-11-openjdk-amd64/lib/libjava.so
7f87768b5000-7f87768bc000 r--p 00024000 00:00 394059             /usr/lib/jvm/java-11-openjdk-amd64/lib/libjava.so
7f87768bc000-7f87768bd000 r--p 0002a000 00:00 394059             /usr/lib/jvm/java-11-openjdk-amd64/lib/libjava.so
7f87768bd000-7f87768be000 rw-p 0002b000 00:00 394059             /usr/lib/jvm/java-11-openjdk-amd64/lib/libjava.so
7f87768be000-7f87768bf000 rw-p 00000000 00:00 0
7f87768bf000-7f87768c4000 r--p 00000000 00:00 394080             /usr/lib/jvm/java-11-openjdk-amd64/lib/libverify.so
7f87768c4000-7f87768cb000 r-xp 00005000 00:00 394080             /usr/lib/jvm/java-11-openjdk-amd64/lib/libverify.so
7f87768cb000-7f87768cd000 r--p 0000c000 00:00 394080             /usr/lib/jvm/java-11-openjdk-amd64/lib/libverify.so
7f87768cd000-7f87768cf000 r--p 0000d000 00:00 394080             /usr/lib/jvm/java-11-openjdk-amd64/lib/libverify.so
7f87768cf000-7f87768d0000 rw-p 0000f000 00:00 394080             /usr/lib/jvm/java-11-openjdk-amd64/lib/libverify.so
7f87768d0000-7f87768d1000 r--p 00000000 00:00 138345             /usr/lib/x86_64-linux-gnu/librt.so.1
7f87768d1000-7f87768d2000 r-xp 00001000 00:00 138345             /usr/lib/x86_64-linux-gnu/librt.so.1
7f87768d2000-7f87768d3000 r--p 00002000 00:00 138345             /usr/lib/x86_64-linux-gnu/librt.so.1
7f87768d3000-7f87768d4000 r--p 00002000 00:00 138345             /usr/lib/x86_64-linux-gnu/librt.so.1
7f87768d4000-7f87768d5000 rw-p 00003000 00:00 138345             /usr/lib/x86_64-linux-gnu/librt.so.1
7f87768d5000-7f87768d7000 r--p 00000000 00:00 394081             /usr/lib/jvm/java-11-openjdk-amd64/lib/libzip.so
7f87768d7000-7f87768dc000 r-xp 00002000 00:00 394081             /usr/lib/jvm/java-11-openjdk-amd64/lib/libzip.so
7f87768dc000-7f87768de000 r--p 00007000 00:00 394081             /usr/lib/jvm/java-11-openjdk-amd64/lib/libzip.so
7f87768de000-7f87768df000 r--p 00008000 00:00 394081             /usr/lib/jvm/java-11-openjdk-amd64/lib/libzip.so
7f87768df000-7f87768e0000 rw-p 00009000 00:00 394081             /usr/lib/jvm/java-11-openjdk-amd64/lib/libzip.so
7f87768e0000-7f87768e4000 ---p 00000000 00:00 0
7f87768e4000-7f87769e0000 rw-p 00000000 00:00 0
7f87769e0000-7f87769e3000 r--p 00000000 00:00 133871             /usr/lib/x86_64-linux-gnu/libgcc_s.so.1
7f87769e3000-7f87769fa000 r-xp 00003000 00:00 133871             /usr/lib/x86_64-linux-gnu/libgcc_s.so.1
7f87769fa000-7f87769fe000 r--p 0001a000 00:00 133871             /usr/lib/x86_64-linux-gnu/libgcc_s.so.1
7f87769fe000-7f87769ff000 r--p 0001d000 00:00 133871             /usr/lib/x86_64-linux-gnu/libgcc_s.so.1
7f87769ff000-7f8776a00000 rw-p 0001e000 00:00 133871             /usr/lib/x86_64-linux-gnu/libgcc_s.so.1
7f8776a00000-7f8776a0e000 r--p 00000000 00:00 135479             /usr/lib/x86_64-linux-gnu/libm.so.6
7f8776a0e000-7f8776a8a000 r-xp 0000e000 00:00 135479             /usr/lib/x86_64-linux-gnu/libm.so.6
7f8776a8a000-7f8776ae5000 r--p 0008a000 00:00 135479             /usr/lib/x86_64-linux-gnu/libm.so.6
7f8776ae5000-7f8776ae6000 r--p 000e4000 00:00 135479             /usr/lib/x86_64-linux-gnu/libm.so.6
7f8776ae6000-7f8776ae7000 rw-p 000e5000 00:00 135479             /usr/lib/x86_64-linux-gnu/libm.so.6
7f8776ae9000-7f8776af0000 r--s 00000000 00:00 126853             /usr/lib/x86_64-linux-gnu/gconv/gconv-modules.cache
7f8776af0000-7f8776b8a000 r--p 00000000 00:00 138841             /usr/lib/x86_64-linux-gnu/libstdc++.so.6.0.30
7f8776b8a000-7f8776c9b000 r-xp 0009a000 00:00 138841             /usr/lib/x86_64-linux-gnu/libstdc++.so.6.0.30
7f8776c9b000-7f8776d0a000 r--p 001ab000 00:00 138841             /usr/lib/x86_64-linux-gnu/libstdc++.so.6.0.30
7f8776d0a000-7f8776d0b000 ---p 0021a000 00:00 138841             /usr/lib/x86_64-linux-gnu/libstdc++.so.6.0.30
7f8776d0b000-7f8776d16000 r--p 0021a000 00:00 138841             /usr/lib/x86_64-linux-gnu/libstdc++.so.6.0.30
7f8776d16000-7f8776d19000 rw-p 00225000 00:00 138841             /usr/lib/x86_64-linux-gnu/libstdc++.so.6.0.30
7f8776d19000-7f8776d1c000 rw-p 00000000 00:00 0
7f8776d1f000-7f8776fa1000 r--p 00000000 00:00 394089             /usr/lib/jvm/java-11-openjdk-amd64/lib/server/libjvm.so
7f8776fa1000-7f8777c3e000 r-xp 00282000 00:00 394089             /usr/lib/jvm/java-11-openjdk-amd64/lib/server/libjvm.so
7f8777c3e000-7f8777e99000 r--p 00f1f000 00:00 394089             /usr/lib/jvm/java-11-openjdk-amd64/lib/server/libjvm.so
7f8777e99000-7f8777e9a000 ---p 0117a000 00:00 394089             /usr/lib/jvm/java-11-openjdk-amd64/lib/server/libjvm.so
7f8777e9a000-7f8777f5e000 r--p 0117a000 00:00 394089             /usr/lib/jvm/java-11-openjdk-amd64/lib/server/libjvm.so
7f8777f5e000-7f8777f99000 rw-p 0123e000 00:00 394089             /usr/lib/jvm/java-11-openjdk-amd64/lib/server/libjvm.so
7f8777f99000-7f8777ff3000 rw-p 00000000 00:00 0
7f8777ff8000-7f8778000000 rw-s 00000000 00:00 417946             /tmp/hsperfdata_anastasia/5453
7f8778000000-7f8778028000 r--p 00000000 00:00 132771             /usr/lib/x86_64-linux-gnu/libc.so.6
7f8778028000-7f87781bd000 r-xp 00028000 00:00 132771             /usr/lib/x86_64-linux-gnu/libc.so.6
7f87781bd000-7f8778215000 r--p 001bd000 00:00 132771             /usr/lib/x86_64-linux-gnu/libc.so.6
7f8778215000-7f8778219000 r--p 00214000 00:00 132771             /usr/lib/x86_64-linux-gnu/libc.so.6
7f8778219000-7f877821b000 rw-p 00218000 00:00 132771             /usr/lib/x86_64-linux-gnu/libc.so.6
7f877821b000-7f8778228000 rw-p 00000000 00:00 0
7f8778228000-7f8778229000 r--p 00000000 00:00 394051             /usr/lib/jvm/java-11-openjdk-amd64/lib/libextnet.so
7f8778229000-7f877822a000 r-xp 00001000 00:00 394051             /usr/lib/jvm/java-11-openjdk-amd64/lib/libextnet.so
7f877822a000-7f877822b000 r--p 00002000 00:00 394051             /usr/lib/jvm/java-11-openjdk-amd64/lib/libextnet.so
7f877822b000-7f877822c000 r--p 00002000 00:00 394051             /usr/lib/jvm/java-11-openjdk-amd64/lib/libextnet.so
7f877822c000-7f877822d000 rw-p 00003000 00:00 394051             /usr/lib/jvm/java-11-openjdk-amd64/lib/libextnet.so
7f877822d000-7f8778230000 r--p 00000000 00:00 394043             /usr/lib/jvm/java-11-openjdk-amd64/lib/jli/libjli.so
7f8778230000-7f877823a000 r-xp 00003000 00:00 394043             /usr/lib/jvm/java-11-openjdk-amd64/lib/jli/libjli.so
7f877823a000-7f877823d000 r--p 0000d000 00:00 394043             /usr/lib/jvm/java-11-openjdk-amd64/lib/jli/libjli.so
7f877823d000-7f877823e000 ---p 00010000 00:00 394043             /usr/lib/jvm/java-11-openjdk-amd64/lib/jli/libjli.so
7f877823e000-7f877823f000 r--p 00010000 00:00 394043             /usr/lib/jvm/java-11-openjdk-amd64/lib/jli/libjli.so
7f877823f000-7f8778240000 rw-p 00011000 00:00 394043             /usr/lib/jvm/java-11-openjdk-amd64/lib/jli/libjli.so
7f8778240000-7f8778242000 r--p 00000000 00:00 139566             /usr/lib/x86_64-linux-gnu/libz.so.1.2.11
7f8778242000-7f8778253000 r-xp 00002000 00:00 139566             /usr/lib/x86_64-linux-gnu/libz.so.1.2.11
7f8778253000-7f8778259000 r--p 00013000 00:00 139566             /usr/lib/x86_64-linux-gnu/libz.so.1.2.11
7f8778259000-7f877825a000 ---p 00019000 00:00 139566             /usr/lib/x86_64-linux-gnu/libz.so.1.2.11
7f877825a000-7f877825b000 r--p 00019000 00:00 139566             /usr/lib/x86_64-linux-gnu/libz.so.1.2.11
7f877825b000-7f877825c000 rw-p 0001a000 00:00 139566             /usr/lib/x86_64-linux-gnu/libz.so.1.2.11
7f877825d000-7f877825e000 r--p 00000000 00:00 94346              /usr/lib/locale/C.utf8/LC_NUMERIC
7f877825e000-7f877825f000 r--p 00000000 00:00 94362              /usr/lib/locale/C.utf8/LC_TIME
7f877825f000-7f8778260000 r--p 00000000 00:00 94313              /usr/lib/locale/C.utf8/LC_COLLATE
7f8778260000-7f8778262000 rw-p 00000000 00:00 0
7f8778262000-7f8778263000 r--p 00000000 00:00 94328              /usr/lib/locale/C.utf8/LC_MONETARY
7f8778263000-7f8778264000 r--p 00000000 00:00 94326              /usr/lib/locale/C.utf8/LC_MESSAGES/SYS_LC_MESSAGES
7f8778264000-7f8778265000 r--p 00000000 00:00 94353              /usr/lib/locale/C.utf8/LC_PAPER
7f8778265000-7f8778266000 r--p 00000000 00:00 94334              /usr/lib/locale/C.utf8/LC_NAME
7f8778266000-7f8778267000 r--p 00000000 00:00 94312              /usr/lib/locale/C.utf8/LC_ADDRESS
7f8778267000-7f8778269000 r--p 00000000 00:00 394062             /usr/lib/jvm/java-11-openjdk-amd64/lib/libjimage.so
7f8778269000-7f877826c000 r-xp 00002000 00:00 394062             /usr/lib/jvm/java-11-openjdk-amd64/lib/libjimage.so
7f877826c000-7f877826d000 r--p 00005000 00:00 394062             /usr/lib/jvm/java-11-openjdk-amd64/lib/libjimage.so
7f877826d000-7f877826e000 ---p 00006000 00:00 394062             /usr/lib/jvm/java-11-openjdk-amd64/lib/libjimage.so
7f877826e000-7f877826f000 r--p 00006000 00:00 394062             /usr/lib/jvm/java-11-openjdk-amd64/lib/libjimage.so
7f877826f000-7f8778270000 rw-p 00007000 00:00 394062             /usr/lib/jvm/java-11-openjdk-amd64/lib/libjimage.so
7f8778270000-7f8778271000 r--p 00000000 00:00 129661             /usr/lib/x86_64-linux-gnu/ld-linux-x86-64.so.2
7f8778271000-7f8778272000 r--p 00001000 00:00 129661             /usr/lib/x86_64-linux-gnu/ld-linux-x86-64.so.2
7f8778272000-7f877829b000 r-xp 00002000 00:00 129661             /usr/lib/x86_64-linux-gnu/ld-linux-x86-64.so.2
7f877829b000-7f877829c000 r-xp 0002b000 00:00 129661             /usr/lib/x86_64-linux-gnu/ld-linux-x86-64.so.2
7f877829c000-7f87782a6000 r--p 0002c000 00:00 129661             /usr/lib/x86_64-linux-gnu/ld-linux-x86-64.so.2
7f87782a6000-7f87782a7000 r--p 00036000 00:00 129661             /usr/lib/x86_64-linux-gnu/ld-linux-x86-64.so.2
7f87782a7000-7f87782a8000 r--p 00000000 00:00 94359              /usr/lib/locale/C.utf8/LC_TELEPHONE
7f87782a8000-7f87782aa000 r--p 00037000 00:00 129661             /usr/lib/x86_64-linux-gnu/ld-linux-x86-64.so.2
7f87782aa000-7f87782ac000 rw-p 00039000 00:00 129661             /usr/lib/x86_64-linux-gnu/ld-linux-x86-64.so.2
7f87782ac000-7f87782ad000 r--p 00000000 00:00 94320              /usr/lib/locale/C.utf8/LC_MEASUREMENT
7f87782ad000-7f87782ae000 r--p 00000000 00:00 94318              /usr/lib/locale/C.utf8/LC_IDENTIFICATION
7f87782ae000-7f87782af000 r--p 00000000 00:00 393910             /usr/lib/jvm/java-11-openjdk-amd64/bin/java
7f87782af000-7f87782b0000 r-xp 00001000 00:00 393910             /usr/lib/jvm/java-11-openjdk-amd64/bin/java
7f87782b0000-7f87782b1000 r--p 00002000 00:00 393910             /usr/lib/jvm/java-11-openjdk-amd64/bin/java
7f87782b1000-7f87782b2000 r--p 00002000 00:00 393910             /usr/lib/jvm/java-11-openjdk-amd64/bin/java
7f87782b2000-7f87782b3000 rw-p 00003000 00:00 393910             /usr/lib/jvm/java-11-openjdk-amd64/bin/java
7fffd0edf000-7fffd0f00000 rw-p 00000000 00:00 0                  [heap]
7fffd8e6e000-7fffd966e000 rw-p 00000000 00:00 0                  [stack]
7fffd9856000-7fffd9857000 r-xp 00000000 00:00 0                  [vdso]


VM Arguments:
jvm_args: -XX:+TieredCompilation -XX:TieredStopAtLevel=1 -XX:CICompilerCount=3 
java_command: /mnt/d/myApp/grails-wrapper.jar run-app
java_class_path (initial): /mnt/d/myApp/grails-wrapper.jar
Launcher Type: SUN_STANDARD

[Global flags]
     intx CICompilerCount                          = 3                                         {product} {command line}
     uint ConcGCThreads                            = 1                                         {product} {ergonomic}
     uint G1ConcRefinementThreads                  = 4                                         {product} {ergonomic}
   size_t G1HeapRegionSize                         = 1048576                                   {product} {ergonomic}
    uintx GCDrainStackTargetSize                   = 64                                        {product} {ergonomic}
   size_t InitialHeapSize                          = 67108864                                  {product} {ergonomic}
   size_t MarkStackSize                            = 4194304                                   {product} {ergonomic}
   size_t MaxHeapSize                              = 1052770304                                {product} {ergonomic}
   size_t MaxNewSize                               = 631242752                                 {product} {ergonomic}
   size_t MinHeapDeltaBytes                        = 1048576                                   {product} {ergonomic}
    uintx NonNMethodCodeHeapSize                   = 6973028                                {pd product} {ergonomic}
    uintx NonProfiledCodeHeapSize                  = 244685212                              {pd product} {ergonomic}
    uintx ProfiledCodeHeapSize                     = 0                                      {pd product} {ergonomic}
    uintx ReservedCodeCacheSize                    = 251658240                              {pd product} {ergonomic}
     bool SegmentedCodeCache                       = true                                      {product} {ergonomic}
     bool TieredCompilation                        = true                                   {pd product} {command line}
     intx TieredStopAtLevel                        = 1                                         {product} {command line}
     bool UseCompressedClassPointers               = true                                 {lp64_product} {ergonomic}
     bool UseCompressedOops                        = true                                 {lp64_product} {ergonomic}
     bool UseG1GC                                  = true                                      {product} {ergonomic}

Logging:
Log output configuration:
 #0: stdout all=warning uptime,level,tags
 #1: stderr all=off uptime,level,tags

Environment Variables:
JAVA_HOME=/usr/lib/jvm/java-1.11.0-openjdk-amd64
PATH=/home/anastasia/.sdkman/candidates/grails/current/bin:/usr/lib/jvm/java-1.11.0-openjdk-amd64/bin:/usr/local/sbin:/usr/local/bin:/usr/sbin:/usr/bin:/sbin:/bin:/usr/games:/usr/local/games:/mnt/c/Program Files/WindowsApps/CanonicalGroupLimited.Ubuntu_2204.3.49.0_x64__79rhkp1fndgsc:/mnt/c/Program Files/Common Files/Oracle/Java/javapath:/mnt/c/Program Files (x86)/Common Files/Oracle/Java/javapath:/mnt/c/Program Files/Java/jre1.8.0_281/bin:/mnt/c/Program Files/Java/jdk-16.0.1/bin:/mnt/c/Program Files/Git/cmd:/mnt/c/Users//AppData/Local/Microsoft/WindowsApps:/snap/bin
SHELL=/bin/bash
HOSTTYPE=x86_64
LANG=C.UTF-8
TERM=xterm-256color

Signal Handlers:
SIGSEGV: [libjvm.so+0xead350], sa_mask[0]=11111111111111111111111111111110, sa_flags=SA_RESTART|SA_SIGINFO
SIGBUS: [libjvm.so+0xead350], sa_mask[0]=11111111111111111111111111111110, sa_flags=SA_RESTART|SA_SIGINFO
SIGFPE: [libjvm.so+0xead350], sa_mask[0]=11111111111111111111111111111110, sa_flags=SA_RESTART|SA_SIGINFO
SIGPIPE: [libjvm.so+0xbef750], sa_mask[0]=11111111111111111111111111111110, sa_flags=SA_RESTART|SA_SIGINFO
SIGXFSZ: [libjvm.so+0xbef750], sa_mask[0]=11111111111111111111111111111110, sa_flags=SA_RESTART|SA_SIGINFO
SIGILL: [libjvm.so+0xead350], sa_mask[0]=11111111111111111111111111111110, sa_flags=SA_RESTART|SA_SIGINFO
SIGUSR2: [libjvm.so+0xbef5f0], sa_mask[0]=00000000000000000000000000000000, sa_flags=SA_RESTART|SA_SIGINFO
SIGHUP: [libjvm.so+0xbefdb0], sa_mask[0]=11111111111111111111111111111110, sa_flags=SA_RESTART|SA_SIGINFO
SIGINT: [libjvm.so+0xbefdb0], sa_mask[0]=11111111111111111111111111111110, sa_flags=SA_RESTART|SA_SIGINFO
SIGTERM: [libjvm.so+0xbefdb0], sa_mask[0]=11111111111111111111111111111110, sa_flags=SA_RESTART|SA_SIGINFO
SIGQUIT: [libjvm.so+0xbefdb0], sa_mask[0]=11111111111111111111111111111110, sa_flags=SA_RESTART|SA_SIGINFO


---------------  S Y S T E M  ---------------

OS:DISTRIB_ID=Ubuntu
DISTRIB_RELEASE=22.04
DISTRIB_CODENAME=jammy
DISTRIB_DESCRIPTION="Ubuntu 22.04.3 LTS"
uname:Linux 4.4.0-19041-Microsoft #3636-Microsoft Thu Oct 19 17:41:00 PST 2023 x86_64
OS uptime: 0 days 1:41 hours
libc:glibc 2.35 NPTL 2.35 
rlimit (soft/hard): STACK 8192k/8192k , CORE 0k/infinity , NPROC 7823/7823 , NOFILE 65536/65536 , AS infinity/infinity , CPU infinity/infinity , DATA infinity/infinity , FSIZE infinity/infinity , MEMLOCK 64k/64k
load average:0.52 0.58 0.59

/proc/meminfo:
MemTotal:        4104876 kB
MemFree:           99128 kB
Buffers:           34032 kB
Cached:           188576 kB
SwapCached:            0 kB
Active:           167556 kB
Inactive:         157876 kB
Active(anon):     103104 kB
Inactive(anon):    17440 kB
Active(file):      64452 kB
Inactive(file):   140436 kB
Unevictable:           0 kB
Mlocked:               0 kB
SwapTotal:      12582912 kB
SwapFree:        6279908 kB
Dirty:                 0 kB
Writeback:             0 kB
AnonPages:        102824 kB
Mapped:            71404 kB
Shmem:             17720 kB
Slab:              13868 kB
SReclaimable:       6744 kB
SUnreclaim:         7124 kB
KernelStack:        2848 kB
PageTables:         2524 kB
NFS_Unstable:          0 kB
Bounce:                0 kB
WritebackTmp:          0 kB
CommitLimit:      515524 kB
Committed_AS:    3450064 kB
VmallocTotal:     122880 kB
VmallocUsed:       21296 kB
VmallocChunk:      66044 kB
HardwareCorrupted:     0 kB
AnonHugePages:      2048 kB
HugePages_Total:       0
HugePages_Free:        0
HugePages_Rsvd:        0
HugePages_Surp:        0
Hugepagesize:       2048 kB
DirectMap4k:       12280 kB
DirectMap4M:      897024 kB

/sys/kernel/mm/transparent_hugepage/enabled:
<Not Available>
/sys/kernel/mm/transparent_hugepage/defrag (defrag/compaction efforts parameter):
<Not Available>

Process Memory:
Virtual Size: 4139084K (peak: 0K)
Resident Set Size: 204440K (peak: 0K)
C-Heap outstanding allocations: 43142K, retained: 4821K
glibc malloc tunables: (default)

/proc/sys/kernel/threads-max (system-wide limit on the number of threads):
32768
/proc/sys/vm/max_map_count (maximum number of memory map areas a process may have):
<Not Available>
/proc/sys/kernel/pid_max (system-wide limit on number of process identifiers):
32768

container information not found.
Steal ticks since vm start: 0
Steal ticks percentage since vm start:  0.000

CPU:total 4 (initial active 4) (2 cores per cpu, 2 threads per core) family 6 model 42 stepping 7 microcode 0xffffffff, cmov, cx8, fxsr, mmx, sse, sse2, sse3, ssse3, sse4.1, sse4.2, popcnt, avx, clmul, ht, tsc, tscinvbit
CPU Model and flags from /proc/cpuinfo:
model name	:        Intel(R) Core(TM) i3-2350M CPU @ 2.30GHz
flags		: fpu vme de pse tsc msr pae mce cx8 apic sep mtrr pge mca cmov pat pse36 clflush dts acpi mmx fxsr sse sse2 ss ht tm pbe syscall nx rdtscp lm pni pclmulqdq dtes64 monitor ds_cpl vmx est tm2 ssse3 cx16 xtpr pdcm pcid sse4_1 sse4_2 x2apic popcnt tsc_deadline_timer xsave osxsave avx lahf_lm ibrs ibpb stibp ssbd
Online cpus:
0-3
Offline cpus:
<Not Available>
BIOS frequency limitation:
<Not Available>
Frequency switch latency (ns):
<Not Available>
Available cpu frequencies:
<Not Available>
Current governor:
<Not Available>
Core performance/turbo boost:
<Not Available>

Memory: 4k page, physical 4104876k(99632k free), swap 12582912k(6279976k free)

vm_info: OpenJDK 64-Bit Server VM (11.0.21+9-post-Ubuntu-0ubuntu122.04) for linux-amd64 JRE (11.0.21+9-post-Ubuntu-0ubuntu122.04), built on Oct 19 2023 08:41:03 by "unknown" with gcc 11.4.0

END.
